[0.076s] DEBUG:colcon:Command line arguments: ['/usr/bin/colcon', 'build', '--symlink-install']
[0.076s] DEBUG:colcon:Parsed command line arguments: Namespace(log_base=None, log_level=None, verb_name='build', build_base='build', install_base='install', merge_install=False, symlink_install=True, test_result_base=None, continue_on_error=False, executor='parallel', parallel_workers=16, event_handlers=None, ignore_user_meta=False, metas=['./colcon.meta'], base_paths=['.'], packages_ignore=None, packages_ignore_regex=None, paths=None, packages_up_to=None, packages_up_to_regex=None, packages_above=None, packages_above_and_dependencies=None, packages_above_depth=None, packages_select_by_dep=None, packages_skip_by_dep=None, packages_skip_up_to=None, packages_select_build_failed=False, packages_skip_build_finished=False, packages_select_test_failures=False, packages_skip_test_passed=False, packages_select=None, packages_skip=None, packages_select_regex=None, packages_skip_regex=None, packages_start=None, packages_end=None, allow_overriding=[], cmake_args=None, cmake_target=None, cmake_target_skip_unavailable=False, cmake_clean_cache=False, cmake_clean_first=False, cmake_force_configure=False, ament_cmake_args=None, catkin_cmake_args=None, catkin_skip_building_tests=False, mixin_files=None, mixin=None, verb_parser=<colcon_mixin.mixin.mixin_argument.MixinArgumentDecorator object at 0x75428d2a8430>, verb_extension=<colcon_core.verb.build.BuildVerb object at 0x75428d26feb0>, main=<bound method BuildVerb.main of <colcon_core.verb.build.BuildVerb object at 0x75428d26feb0>>, mixin_verb=('build',))
[0.182s] Level 1:colcon.colcon_core.package_discovery:discover_packages(colcon_meta) check parameters
[0.183s] Level 1:colcon.colcon_core.package_discovery:discover_packages(recursive) check parameters
[0.183s] Level 1:colcon.colcon_core.package_discovery:discover_packages(ignore) check parameters
[0.183s] Level 1:colcon.colcon_core.package_discovery:discover_packages(path) check parameters
[0.183s] Level 1:colcon.colcon_core.package_discovery:discover_packages(colcon_meta) discover
[0.183s] Level 1:colcon.colcon_core.package_discovery:discover_packages(recursive) discover
[0.183s] INFO:colcon.colcon_core.package_discovery:Crawling recursively for packages in '/home/gerardo/Projects/Robotics/RescueRobot2025/jaguar_odom'
[0.183s] Level 1:colcon.colcon_core.package_identification:_identify(.) by extensions ['ignore', 'ignore_ament_install']
[0.183s] Level 1:colcon.colcon_core.package_identification:_identify(.) by extension 'ignore'
[0.183s] Level 1:colcon.colcon_core.package_identification:_identify(.) by extension 'ignore_ament_install'
[0.183s] Level 1:colcon.colcon_core.package_identification:_identify(.) by extensions ['colcon_pkg']
[0.183s] Level 1:colcon.colcon_core.package_identification:_identify(.) by extension 'colcon_pkg'
[0.183s] Level 1:colcon.colcon_core.package_identification:_identify(.) by extensions ['colcon_meta']
[0.183s] Level 1:colcon.colcon_core.package_identification:_identify(.) by extension 'colcon_meta'
[0.183s] Level 1:colcon.colcon_core.package_identification:_identify(.) by extensions ['ros']
[0.183s] Level 1:colcon.colcon_core.package_identification:_identify(.) by extension 'ros'
[0.194s] Level 1:colcon.colcon_core.package_identification:_identify(.) by extensions ['cmake', 'python']
[0.194s] Level 1:colcon.colcon_core.package_identification:_identify(.) by extension 'cmake'
[0.194s] Level 1:colcon.colcon_core.package_identification:_identify(.) by extension 'python'
[0.195s] Level 1:colcon.colcon_core.package_identification:_identify(.) by extensions ['python_setup_py']
[0.195s] Level 1:colcon.colcon_core.package_identification:_identify(.) by extension 'python_setup_py'
[0.195s] Level 1:colcon.colcon_core.package_identification:_identify(build) by extensions ['ignore', 'ignore_ament_install']
[0.195s] Level 1:colcon.colcon_core.package_identification:_identify(build) by extension 'ignore'
[0.195s] Level 1:colcon.colcon_core.package_identification:_identify(build) ignored
[0.195s] Level 1:colcon.colcon_core.package_identification:_identify(install) by extensions ['ignore', 'ignore_ament_install']
[0.195s] Level 1:colcon.colcon_core.package_identification:_identify(install) by extension 'ignore'
[0.195s] Level 1:colcon.colcon_core.package_identification:_identify(install) ignored
[0.195s] Level 1:colcon.colcon_core.package_identification:_identify(log) by extensions ['ignore', 'ignore_ament_install']
[0.195s] Level 1:colcon.colcon_core.package_identification:_identify(log) by extension 'ignore'
[0.195s] Level 1:colcon.colcon_core.package_identification:_identify(log) ignored
[0.195s] Level 1:colcon.colcon_core.package_identification:_identify(src) by extensions ['ignore', 'ignore_ament_install']
[0.195s] Level 1:colcon.colcon_core.package_identification:_identify(src) by extension 'ignore'
[0.195s] Level 1:colcon.colcon_core.package_identification:_identify(src) by extension 'ignore_ament_install'
[0.195s] Level 1:colcon.colcon_core.package_identification:_identify(src) by extensions ['colcon_pkg']
[0.195s] Level 1:colcon.colcon_core.package_identification:_identify(src) by extension 'colcon_pkg'
[0.195s] Level 1:colcon.colcon_core.package_identification:_identify(src) by extensions ['colcon_meta']
[0.195s] Level 1:colcon.colcon_core.package_identification:_identify(src) by extension 'colcon_meta'
[0.195s] Level 1:colcon.colcon_core.package_identification:_identify(src) by extensions ['ros']
[0.195s] Level 1:colcon.colcon_core.package_identification:_identify(src) by extension 'ros'
[0.195s] Level 1:colcon.colcon_core.package_identification:_identify(src) by extensions ['cmake', 'python']
[0.195s] Level 1:colcon.colcon_core.package_identification:_identify(src) by extension 'cmake'
[0.195s] Level 1:colcon.colcon_core.package_identification:_identify(src) by extension 'python'
[0.195s] Level 1:colcon.colcon_core.package_identification:_identify(src) by extensions ['python_setup_py']
[0.195s] Level 1:colcon.colcon_core.package_identification:_identify(src) by extension 'python_setup_py'
[0.195s] Level 1:colcon.colcon_core.package_identification:_identify(src/jaguar_odom) by extensions ['ignore', 'ignore_ament_install']
[0.195s] Level 1:colcon.colcon_core.package_identification:_identify(src/jaguar_odom) by extension 'ignore'
[0.195s] Level 1:colcon.colcon_core.package_identification:_identify(src/jaguar_odom) by extension 'ignore_ament_install'
[0.195s] Level 1:colcon.colcon_core.package_identification:_identify(src/jaguar_odom) by extensions ['colcon_pkg']
[0.195s] Level 1:colcon.colcon_core.package_identification:_identify(src/jaguar_odom) by extension 'colcon_pkg'
[0.195s] Level 1:colcon.colcon_core.package_identification:_identify(src/jaguar_odom) by extensions ['colcon_meta']
[0.195s] Level 1:colcon.colcon_core.package_identification:_identify(src/jaguar_odom) by extension 'colcon_meta'
[0.195s] Level 1:colcon.colcon_core.package_identification:_identify(src/jaguar_odom) by extensions ['ros']
[0.195s] Level 1:colcon.colcon_core.package_identification:_identify(src/jaguar_odom) by extension 'ros'
[0.197s] DEBUG:colcon.colcon_core.package_identification:Package 'src/jaguar_odom' with type 'ros.ament_python' and name 'jaguar_odom'
[0.197s] Level 1:colcon.colcon_core.package_identification:_identify(src/libuvc) by extensions ['ignore', 'ignore_ament_install']
[0.197s] Level 1:colcon.colcon_core.package_identification:_identify(src/libuvc) by extension 'ignore'
[0.197s] Level 1:colcon.colcon_core.package_identification:_identify(src/libuvc) by extension 'ignore_ament_install'
[0.197s] Level 1:colcon.colcon_core.package_identification:_identify(src/libuvc) by extensions ['colcon_pkg']
[0.197s] Level 1:colcon.colcon_core.package_identification:_identify(src/libuvc) by extension 'colcon_pkg'
[0.197s] Level 1:colcon.colcon_core.package_identification:_identify(src/libuvc) by extensions ['colcon_meta']
[0.197s] Level 1:colcon.colcon_core.package_identification:_identify(src/libuvc) by extension 'colcon_meta'
[0.197s] Level 1:colcon.colcon_core.package_identification:_identify(src/libuvc) by extensions ['ros']
[0.197s] Level 1:colcon.colcon_core.package_identification:_identify(src/libuvc) by extension 'ros'
[0.197s] Level 1:colcon.colcon_core.package_identification:_identify(src/libuvc) by extensions ['cmake', 'python']
[0.197s] Level 1:colcon.colcon_core.package_identification:_identify(src/libuvc) by extension 'cmake'
[0.201s] Level 1:colcon.colcon_core.package_identification:_identify(src/libuvc) by extension 'python'
[0.201s] DEBUG:colcon.colcon_core.package_identification:Package 'src/libuvc' with type 'cmake' and name 'libuvc'
[0.201s] Level 1:colcon.colcon_core.package_identification:_identify(src/sllidar_ros2) by extensions ['ignore', 'ignore_ament_install']
[0.201s] Level 1:colcon.colcon_core.package_identification:_identify(src/sllidar_ros2) by extension 'ignore'
[0.201s] Level 1:colcon.colcon_core.package_identification:_identify(src/sllidar_ros2) by extension 'ignore_ament_install'
[0.201s] Level 1:colcon.colcon_core.package_identification:_identify(src/sllidar_ros2) by extensions ['colcon_pkg']
[0.201s] Level 1:colcon.colcon_core.package_identification:_identify(src/sllidar_ros2) by extension 'colcon_pkg'
[0.201s] Level 1:colcon.colcon_core.package_identification:_identify(src/sllidar_ros2) by extensions ['colcon_meta']
[0.201s] Level 1:colcon.colcon_core.package_identification:_identify(src/sllidar_ros2) by extension 'colcon_meta'
[0.201s] Level 1:colcon.colcon_core.package_identification:_identify(src/sllidar_ros2) by extensions ['ros']
[0.201s] Level 1:colcon.colcon_core.package_identification:_identify(src/sllidar_ros2) by extension 'ros'
[0.202s] DEBUG:colcon.colcon_core.package_identification:Package 'src/sllidar_ros2' with type 'ros.ament_cmake' and name 'sllidar_ros2'
[0.202s] Level 1:colcon.colcon_core.package_discovery:discover_packages(recursive) using defaults
[0.202s] Level 1:colcon.colcon_core.package_discovery:discover_packages(ignore) discover
[0.202s] Level 1:colcon.colcon_core.package_discovery:discover_packages(ignore) using defaults
[0.202s] Level 1:colcon.colcon_core.package_discovery:discover_packages(path) discover
[0.202s] Level 1:colcon.colcon_core.package_discovery:discover_packages(path) using defaults
[0.215s] Level 1:colcon.colcon_core.package_discovery:discover_packages(prefix_path) check parameters
[0.215s] Level 1:colcon.colcon_core.package_discovery:discover_packages(prefix_path) discover
[0.217s] DEBUG:colcon.colcon_installed_package_information.package_discovery:Found 55 installed packages in /home/gerardo/Projects/ROS/ws_moveit/install
[0.218s] DEBUG:colcon.colcon_installed_package_information.package_discovery:Found 449 installed packages in /opt/ros/humble
[0.219s] Level 1:colcon.colcon_core.package_discovery:discover_packages(prefix_path) using defaults
[0.259s] Level 5:colcon.colcon_core.verb:set package 'jaguar_odom' build argument 'cmake_args' from command line to 'None'
[0.260s] Level 5:colcon.colcon_core.verb:set package 'jaguar_odom' build argument 'cmake_target' from command line to 'None'
[0.260s] Level 5:colcon.colcon_core.verb:set package 'jaguar_odom' build argument 'cmake_target_skip_unavailable' from command line to 'False'
[0.260s] Level 5:colcon.colcon_core.verb:set package 'jaguar_odom' build argument 'cmake_clean_cache' from command line to 'False'
[0.260s] Level 5:colcon.colcon_core.verb:set package 'jaguar_odom' build argument 'cmake_clean_first' from command line to 'False'
[0.260s] Level 5:colcon.colcon_core.verb:set package 'jaguar_odom' build argument 'cmake_force_configure' from command line to 'False'
[0.260s] Level 5:colcon.colcon_core.verb:set package 'jaguar_odom' build argument 'ament_cmake_args' from command line to 'None'
[0.260s] Level 5:colcon.colcon_core.verb:set package 'jaguar_odom' build argument 'catkin_cmake_args' from command line to 'None'
[0.260s] Level 5:colcon.colcon_core.verb:set package 'jaguar_odom' build argument 'catkin_skip_building_tests' from command line to 'False'
[0.260s] DEBUG:colcon.colcon_core.verb:Building package 'jaguar_odom' with the following arguments: {'ament_cmake_args': None, 'build_base': '/home/gerardo/Projects/Robotics/RescueRobot2025/jaguar_odom/build/jaguar_odom', 'catkin_cmake_args': None, 'catkin_skip_building_tests': False, 'cmake_args': None, 'cmake_clean_cache': False, 'cmake_clean_first': False, 'cmake_force_configure': False, 'cmake_target': None, 'cmake_target_skip_unavailable': False, 'install_base': '/home/gerardo/Projects/Robotics/RescueRobot2025/jaguar_odom/install/jaguar_odom', 'merge_install': False, 'path': '/home/gerardo/Projects/Robotics/RescueRobot2025/jaguar_odom/src/jaguar_odom', 'symlink_install': True, 'test_result_base': None}
[0.260s] Level 5:colcon.colcon_core.verb:set package 'libuvc' build argument 'cmake_args' from command line to 'None'
[0.260s] Level 5:colcon.colcon_core.verb:set package 'libuvc' build argument 'cmake_target' from command line to 'None'
[0.260s] Level 5:colcon.colcon_core.verb:set package 'libuvc' build argument 'cmake_target_skip_unavailable' from command line to 'False'
[0.260s] Level 5:colcon.colcon_core.verb:set package 'libuvc' build argument 'cmake_clean_cache' from command line to 'False'
[0.260s] Level 5:colcon.colcon_core.verb:set package 'libuvc' build argument 'cmake_clean_first' from command line to 'False'
[0.260s] Level 5:colcon.colcon_core.verb:set package 'libuvc' build argument 'cmake_force_configure' from command line to 'False'
[0.260s] Level 5:colcon.colcon_core.verb:set package 'libuvc' build argument 'ament_cmake_args' from command line to 'None'
[0.260s] Level 5:colcon.colcon_core.verb:set package 'libuvc' build argument 'catkin_cmake_args' from command line to 'None'
[0.260s] Level 5:colcon.colcon_core.verb:set package 'libuvc' build argument 'catkin_skip_building_tests' from command line to 'False'
[0.260s] DEBUG:colcon.colcon_core.verb:Building package 'libuvc' with the following arguments: {'ament_cmake_args': None, 'build_base': '/home/gerardo/Projects/Robotics/RescueRobot2025/jaguar_odom/build/libuvc', 'catkin_cmake_args': None, 'catkin_skip_building_tests': False, 'cmake_args': None, 'cmake_clean_cache': False, 'cmake_clean_first': False, 'cmake_force_configure': False, 'cmake_target': None, 'cmake_target_skip_unavailable': False, 'install_base': '/home/gerardo/Projects/Robotics/RescueRobot2025/jaguar_odom/install/libuvc', 'merge_install': False, 'path': '/home/gerardo/Projects/Robotics/RescueRobot2025/jaguar_odom/src/libuvc', 'symlink_install': True, 'test_result_base': None}
[0.260s] Level 5:colcon.colcon_core.verb:set package 'sllidar_ros2' build argument 'cmake_args' from command line to 'None'
[0.260s] Level 5:colcon.colcon_core.verb:set package 'sllidar_ros2' build argument 'cmake_target' from command line to 'None'
[0.260s] Level 5:colcon.colcon_core.verb:set package 'sllidar_ros2' build argument 'cmake_target_skip_unavailable' from command line to 'False'
[0.260s] Level 5:colcon.colcon_core.verb:set package 'sllidar_ros2' build argument 'cmake_clean_cache' from command line to 'False'
[0.260s] Level 5:colcon.colcon_core.verb:set package 'sllidar_ros2' build argument 'cmake_clean_first' from command line to 'False'
[0.260s] Level 5:colcon.colcon_core.verb:set package 'sllidar_ros2' build argument 'cmake_force_configure' from command line to 'False'
[0.260s] Level 5:colcon.colcon_core.verb:set package 'sllidar_ros2' build argument 'ament_cmake_args' from command line to 'None'
[0.260s] Level 5:colcon.colcon_core.verb:set package 'sllidar_ros2' build argument 'catkin_cmake_args' from command line to 'None'
[0.260s] Level 5:colcon.colcon_core.verb:set package 'sllidar_ros2' build argument 'catkin_skip_building_tests' from command line to 'False'
[0.260s] DEBUG:colcon.colcon_core.verb:Building package 'sllidar_ros2' with the following arguments: {'ament_cmake_args': None, 'build_base': '/home/gerardo/Projects/Robotics/RescueRobot2025/jaguar_odom/build/sllidar_ros2', 'catkin_cmake_args': None, 'catkin_skip_building_tests': False, 'cmake_args': None, 'cmake_clean_cache': False, 'cmake_clean_first': False, 'cmake_force_configure': False, 'cmake_target': None, 'cmake_target_skip_unavailable': False, 'install_base': '/home/gerardo/Projects/Robotics/RescueRobot2025/jaguar_odom/install/sllidar_ros2', 'merge_install': False, 'path': '/home/gerardo/Projects/Robotics/RescueRobot2025/jaguar_odom/src/sllidar_ros2', 'symlink_install': True, 'test_result_base': None}
[0.261s] INFO:colcon.colcon_core.executor:Executing jobs using 'parallel' executor
[0.262s] DEBUG:colcon.colcon_parallel_executor.executor.parallel:run_until_complete
[0.262s] INFO:colcon.colcon_ros.task.ament_python.build:Building ROS package in '/home/gerardo/Projects/Robotics/RescueRobot2025/jaguar_odom/src/jaguar_odom' with build type 'ament_python'
[0.262s] Level 1:colcon.colcon_core.shell:create_environment_hook('jaguar_odom', 'ament_prefix_path')
[0.265s] INFO:colcon.colcon_core.plugin_system:Skipping extension 'colcon_core.shell.bat': Not used on non-Windows systems
[0.265s] INFO:colcon.colcon_core.shell:Creating environment hook '/home/gerardo/Projects/Robotics/RescueRobot2025/jaguar_odom/install/jaguar_odom/share/jaguar_odom/hook/ament_prefix_path.ps1'
[0.266s] INFO:colcon.colcon_core.shell:Creating environment descriptor '/home/gerardo/Projects/Robotics/RescueRobot2025/jaguar_odom/install/jaguar_odom/share/jaguar_odom/hook/ament_prefix_path.dsv'
[0.266s] INFO:colcon.colcon_core.shell:Creating environment hook '/home/gerardo/Projects/Robotics/RescueRobot2025/jaguar_odom/install/jaguar_odom/share/jaguar_odom/hook/ament_prefix_path.sh'
[0.266s] INFO:colcon.colcon_core.shell:Skip shell extension 'powershell' for command environment: Not usable outside of PowerShell
[0.266s] DEBUG:colcon.colcon_core.shell:Skip shell extension 'dsv' for command environment
[0.272s] INFO:colcon.colcon_cmake.task.cmake.build:Building CMake package in '/home/gerardo/Projects/Robotics/RescueRobot2025/jaguar_odom/src/libuvc'
[0.272s] INFO:colcon.colcon_core.shell:Skip shell extension 'powershell' for command environment: Not usable outside of PowerShell
[0.272s] DEBUG:colcon.colcon_core.shell:Skip shell extension 'dsv' for command environment
[0.278s] INFO:colcon.colcon_ros.task.ament_cmake.build:Building ROS package in '/home/gerardo/Projects/Robotics/RescueRobot2025/jaguar_odom/src/sllidar_ros2' with build type 'ament_cmake'
[0.278s] INFO:colcon.colcon_cmake.task.cmake.build:Building CMake package in '/home/gerardo/Projects/Robotics/RescueRobot2025/jaguar_odom/src/sllidar_ros2'
[0.278s] INFO:colcon.colcon_core.shell:Skip shell extension 'powershell' for command environment: Not usable outside of PowerShell
[0.278s] DEBUG:colcon.colcon_core.shell:Skip shell extension 'dsv' for command environment
[0.520s] INFO:colcon.colcon_core.task.python.build:Building Python package in '/home/gerardo/Projects/Robotics/RescueRobot2025/jaguar_odom/src/jaguar_odom'
[0.520s] INFO:colcon.colcon_core.shell:Skip shell extension 'powershell' for command environment: Not usable outside of PowerShell
[0.520s] DEBUG:colcon.colcon_core.shell:Skip shell extension 'dsv' for command environment
[0.532s] DEBUG:colcon.colcon_core.event_handler.log_command:Invoking command in '/home/gerardo/Projects/Robotics/RescueRobot2025/jaguar_odom/build/libuvc': /usr/bin/cmake /home/gerardo/Projects/Robotics/RescueRobot2025/jaguar_odom/src/libuvc -DCMAKE_INSTALL_PREFIX=/home/gerardo/Projects/Robotics/RescueRobot2025/jaguar_odom/install/libuvc
[0.536s] DEBUG:colcon.colcon_core.event_handler.log_command:Invoking command in '/home/gerardo/Projects/Robotics/RescueRobot2025/jaguar_odom/build/sllidar_ros2': CMAKE_PREFIX_PATH=${CMAKE_PREFIX_PATH}:/home/gerardo/Projects/ROS/ws_moveit/install/moveit_configs_utils:/home/gerardo/Projects/ROS/ws_moveit/install/launch_param_builder:/opt/ros/humble /usr/bin/cmake /home/gerardo/Projects/Robotics/RescueRobot2025/jaguar_odom/src/sllidar_ros2 -DAMENT_CMAKE_SYMLINK_INSTALL=1 -DCMAKE_INSTALL_PREFIX=/home/gerardo/Projects/Robotics/RescueRobot2025/jaguar_odom/install/sllidar_ros2
[0.928s] DEBUG:colcon.colcon_core.event_handler.log_command:Invoking command in '/home/gerardo/Projects/Robotics/RescueRobot2025/jaguar_odom/build/jaguar_odom': PYTHONPATH=/home/gerardo/Projects/Robotics/RescueRobot2025/jaguar_odom/build/jaguar_odom/prefix_override:/usr/lib/python3/dist-packages/colcon_core/task/python/colcon_distutils_commands:/home/gerardo/Projects/Robotics/RescueRobot2025/jaguar_odom/install/jaguar_odom/lib/python3.10/site-packages:${PYTHONPATH} /usr/bin/python3 -W ignore:setup.py install is deprecated -W ignore:easy_install command is deprecated setup.py develop --editable --build-directory /home/gerardo/Projects/Robotics/RescueRobot2025/jaguar_odom/build/jaguar_odom/build --no-deps symlink_data
[0.986s] DEBUG:colcon.colcon_core.event_handler.log_command:Invoked command in '/home/gerardo/Projects/Robotics/RescueRobot2025/jaguar_odom/build/libuvc' returned '0': /usr/bin/cmake /home/gerardo/Projects/Robotics/RescueRobot2025/jaguar_odom/src/libuvc -DCMAKE_INSTALL_PREFIX=/home/gerardo/Projects/Robotics/RescueRobot2025/jaguar_odom/install/libuvc
[0.987s] DEBUG:colcon.colcon_core.event_handler.log_command:Invoking command in '/home/gerardo/Projects/Robotics/RescueRobot2025/jaguar_odom/build/libuvc': /usr/bin/cmake --build /home/gerardo/Projects/Robotics/RescueRobot2025/jaguar_odom/build/libuvc -- -j16 -l16
[1.679s] Level 1:colcon.colcon_core.shell:create_environment_hook('jaguar_odom', 'pythonpath_develop')
[1.680s] INFO:colcon.colcon_core.shell:Creating environment hook '/home/gerardo/Projects/Robotics/RescueRobot2025/jaguar_odom/build/jaguar_odom/share/jaguar_odom/hook/pythonpath_develop.ps1'
[1.681s] DEBUG:colcon.colcon_core.event_handler.log_command:Invoked command in '/home/gerardo/Projects/Robotics/RescueRobot2025/jaguar_odom/build/jaguar_odom' returned '0': PYTHONPATH=/home/gerardo/Projects/Robotics/RescueRobot2025/jaguar_odom/build/jaguar_odom/prefix_override:/usr/lib/python3/dist-packages/colcon_core/task/python/colcon_distutils_commands:/home/gerardo/Projects/Robotics/RescueRobot2025/jaguar_odom/install/jaguar_odom/lib/python3.10/site-packages:${PYTHONPATH} /usr/bin/python3 -W ignore:setup.py install is deprecated -W ignore:easy_install command is deprecated setup.py develop --editable --build-directory /home/gerardo/Projects/Robotics/RescueRobot2025/jaguar_odom/build/jaguar_odom/build --no-deps symlink_data
[1.682s] INFO:colcon.colcon_core.shell:Creating environment descriptor '/home/gerardo/Projects/Robotics/RescueRobot2025/jaguar_odom/build/jaguar_odom/share/jaguar_odom/hook/pythonpath_develop.dsv'
[1.683s] INFO:colcon.colcon_core.shell:Creating environment hook '/home/gerardo/Projects/Robotics/RescueRobot2025/jaguar_odom/build/jaguar_odom/share/jaguar_odom/hook/pythonpath_develop.sh'
[1.686s] Level 1:colcon.colcon_core.environment:checking '/home/gerardo/Projects/Robotics/RescueRobot2025/jaguar_odom/install/jaguar_odom' for CMake module files
[1.686s] Level 1:colcon.colcon_core.environment:checking '/home/gerardo/Projects/Robotics/RescueRobot2025/jaguar_odom/install/jaguar_odom' for CMake config files
[1.687s] Level 1:colcon.colcon_core.environment:checking '/home/gerardo/Projects/Robotics/RescueRobot2025/jaguar_odom/install/jaguar_odom/lib'
[1.687s] Level 1:colcon.colcon_core.environment:checking '/home/gerardo/Projects/Robotics/RescueRobot2025/jaguar_odom/install/jaguar_odom/bin'
[1.687s] Level 1:colcon.colcon_core.environment:checking '/home/gerardo/Projects/Robotics/RescueRobot2025/jaguar_odom/install/jaguar_odom/lib/pkgconfig/jaguar_odom.pc'
[1.687s] Level 1:colcon.colcon_core.environment:checking '/home/gerardo/Projects/Robotics/RescueRobot2025/jaguar_odom/install/jaguar_odom/lib/python3.10/site-packages'
[1.688s] Level 1:colcon.colcon_core.shell:create_environment_hook('jaguar_odom', 'pythonpath')
[1.688s] INFO:colcon.colcon_core.shell:Creating environment hook '/home/gerardo/Projects/Robotics/RescueRobot2025/jaguar_odom/install/jaguar_odom/share/jaguar_odom/hook/pythonpath.ps1'
[1.688s] INFO:colcon.colcon_core.shell:Creating environment descriptor '/home/gerardo/Projects/Robotics/RescueRobot2025/jaguar_odom/install/jaguar_odom/share/jaguar_odom/hook/pythonpath.dsv'
[1.689s] INFO:colcon.colcon_core.shell:Creating environment hook '/home/gerardo/Projects/Robotics/RescueRobot2025/jaguar_odom/install/jaguar_odom/share/jaguar_odom/hook/pythonpath.sh'
[1.689s] Level 1:colcon.colcon_core.environment:checking '/home/gerardo/Projects/Robotics/RescueRobot2025/jaguar_odom/install/jaguar_odom/bin'
[1.689s] Level 1:colcon.colcon_core.environment:create_environment_scripts_only(jaguar_odom)
[1.690s] INFO:colcon.colcon_core.shell:Creating package script '/home/gerardo/Projects/Robotics/RescueRobot2025/jaguar_odom/install/jaguar_odom/share/jaguar_odom/package.ps1'
[1.691s] INFO:colcon.colcon_core.shell:Creating package descriptor '/home/gerardo/Projects/Robotics/RescueRobot2025/jaguar_odom/install/jaguar_odom/share/jaguar_odom/package.dsv'
[1.691s] INFO:colcon.colcon_core.shell:Creating package script '/home/gerardo/Projects/Robotics/RescueRobot2025/jaguar_odom/install/jaguar_odom/share/jaguar_odom/package.sh'
[1.692s] INFO:colcon.colcon_core.shell:Creating package script '/home/gerardo/Projects/Robotics/RescueRobot2025/jaguar_odom/install/jaguar_odom/share/jaguar_odom/package.bash'
[1.693s] INFO:colcon.colcon_core.shell:Creating package script '/home/gerardo/Projects/Robotics/RescueRobot2025/jaguar_odom/install/jaguar_odom/share/jaguar_odom/package.zsh'
[1.693s] Level 1:colcon.colcon_core.environment:create_file_with_runtime_dependencies(/home/gerardo/Projects/Robotics/RescueRobot2025/jaguar_odom/install/jaguar_odom/share/colcon-core/packages/jaguar_odom)
[1.842s] DEBUG:colcon.colcon_core.event_handler.log_command:Invoked command in '/home/gerardo/Projects/Robotics/RescueRobot2025/jaguar_odom/build/libuvc' returned '0': /usr/bin/cmake --build /home/gerardo/Projects/Robotics/RescueRobot2025/jaguar_odom/build/libuvc -- -j16 -l16
[1.860s] DEBUG:colcon.colcon_core.event_handler.log_command:Invoking command in '/home/gerardo/Projects/Robotics/RescueRobot2025/jaguar_odom/build/libuvc': /usr/bin/cmake --install /home/gerardo/Projects/Robotics/RescueRobot2025/jaguar_odom/build/libuvc
[1.873s] Level 1:colcon.colcon_core.environment:create_environment_scripts_only(libuvc)
[1.873s] Level 1:colcon.colcon_core.environment:checking '/home/gerardo/Projects/Robotics/RescueRobot2025/jaguar_odom/install/libuvc' for CMake module files
[1.874s] DEBUG:colcon.colcon_core.event_handler.log_command:Invoked command in '/home/gerardo/Projects/Robotics/RescueRobot2025/jaguar_odom/build/libuvc' returned '0': /usr/bin/cmake --install /home/gerardo/Projects/Robotics/RescueRobot2025/jaguar_odom/build/libuvc
[1.875s] Level 1:colcon.colcon_core.shell:create_environment_hook('libuvc', 'cmake_module_path')
[1.875s] INFO:colcon.colcon_core.shell:Creating environment hook '/home/gerardo/Projects/Robotics/RescueRobot2025/jaguar_odom/install/libuvc/share/libuvc/hook/cmake_module_path.ps1'
[1.877s] INFO:colcon.colcon_core.shell:Creating environment descriptor '/home/gerardo/Projects/Robotics/RescueRobot2025/jaguar_odom/install/libuvc/share/libuvc/hook/cmake_module_path.dsv'
[1.878s] INFO:colcon.colcon_core.shell:Creating environment hook '/home/gerardo/Projects/Robotics/RescueRobot2025/jaguar_odom/install/libuvc/share/libuvc/hook/cmake_module_path.sh'
[1.878s] Level 1:colcon.colcon_core.shell:create_environment_hook('libuvc', 'cmake_module_path1')
[1.879s] INFO:colcon.colcon_core.shell:Creating environment hook '/home/gerardo/Projects/Robotics/RescueRobot2025/jaguar_odom/install/libuvc/share/libuvc/hook/cmake_module_path1.ps1'
[1.879s] INFO:colcon.colcon_core.shell:Creating environment descriptor '/home/gerardo/Projects/Robotics/RescueRobot2025/jaguar_odom/install/libuvc/share/libuvc/hook/cmake_module_path1.dsv'
[1.879s] INFO:colcon.colcon_core.shell:Creating environment hook '/home/gerardo/Projects/Robotics/RescueRobot2025/jaguar_odom/install/libuvc/share/libuvc/hook/cmake_module_path1.sh'
[1.880s] Level 1:colcon.colcon_core.environment:checking '/home/gerardo/Projects/Robotics/RescueRobot2025/jaguar_odom/install/libuvc' for CMake config files
[1.880s] Level 1:colcon.colcon_core.shell:create_environment_hook('libuvc', 'cmake_prefix_path')
[1.880s] INFO:colcon.colcon_core.shell:Creating environment hook '/home/gerardo/Projects/Robotics/RescueRobot2025/jaguar_odom/install/libuvc/share/libuvc/hook/cmake_prefix_path.ps1'
[1.881s] INFO:colcon.colcon_core.shell:Creating environment descriptor '/home/gerardo/Projects/Robotics/RescueRobot2025/jaguar_odom/install/libuvc/share/libuvc/hook/cmake_prefix_path.dsv'
[1.881s] INFO:colcon.colcon_core.shell:Creating environment hook '/home/gerardo/Projects/Robotics/RescueRobot2025/jaguar_odom/install/libuvc/share/libuvc/hook/cmake_prefix_path.sh'
[1.881s] Level 1:colcon.colcon_core.environment:checking '/home/gerardo/Projects/Robotics/RescueRobot2025/jaguar_odom/install/libuvc/lib'
[1.881s] Level 1:colcon.colcon_core.shell:create_environment_hook('libuvc', 'ld_library_path_lib')
[1.882s] INFO:colcon.colcon_core.shell:Creating environment hook '/home/gerardo/Projects/Robotics/RescueRobot2025/jaguar_odom/install/libuvc/share/libuvc/hook/ld_library_path_lib.ps1'
[1.882s] INFO:colcon.colcon_core.shell:Creating environment descriptor '/home/gerardo/Projects/Robotics/RescueRobot2025/jaguar_odom/install/libuvc/share/libuvc/hook/ld_library_path_lib.dsv'
[1.882s] INFO:colcon.colcon_core.shell:Creating environment hook '/home/gerardo/Projects/Robotics/RescueRobot2025/jaguar_odom/install/libuvc/share/libuvc/hook/ld_library_path_lib.sh'
[1.883s] Level 1:colcon.colcon_core.environment:checking '/home/gerardo/Projects/Robotics/RescueRobot2025/jaguar_odom/install/libuvc/bin'
[1.883s] Level 1:colcon.colcon_core.environment:checking '/home/gerardo/Projects/Robotics/RescueRobot2025/jaguar_odom/install/libuvc/lib/pkgconfig/libuvc.pc'
[1.883s] Level 1:colcon.colcon_core.shell:create_environment_hook('libuvc', 'pkg_config')
[1.883s] INFO:colcon.colcon_core.shell:Creating environment hook '/home/gerardo/Projects/Robotics/RescueRobot2025/jaguar_odom/install/libuvc/share/libuvc/hook/pkg_config.ps1'
[1.883s] INFO:colcon.colcon_core.shell:Creating environment descriptor '/home/gerardo/Projects/Robotics/RescueRobot2025/jaguar_odom/install/libuvc/share/libuvc/hook/pkg_config.dsv'
[1.884s] INFO:colcon.colcon_core.shell:Creating environment hook '/home/gerardo/Projects/Robotics/RescueRobot2025/jaguar_odom/install/libuvc/share/libuvc/hook/pkg_config.sh'
[1.884s] Level 1:colcon.colcon_core.environment:checking '/home/gerardo/Projects/Robotics/RescueRobot2025/jaguar_odom/install/libuvc/lib/python3.10/site-packages'
[1.884s] Level 1:colcon.colcon_core.environment:checking '/home/gerardo/Projects/Robotics/RescueRobot2025/jaguar_odom/install/libuvc/bin'
[1.885s] INFO:colcon.colcon_core.shell:Creating package script '/home/gerardo/Projects/Robotics/RescueRobot2025/jaguar_odom/install/libuvc/share/libuvc/package.ps1'
[1.885s] INFO:colcon.colcon_core.shell:Creating package descriptor '/home/gerardo/Projects/Robotics/RescueRobot2025/jaguar_odom/install/libuvc/share/libuvc/package.dsv'
[1.886s] INFO:colcon.colcon_core.shell:Creating package script '/home/gerardo/Projects/Robotics/RescueRobot2025/jaguar_odom/install/libuvc/share/libuvc/package.sh'
[1.886s] INFO:colcon.colcon_core.shell:Creating package script '/home/gerardo/Projects/Robotics/RescueRobot2025/jaguar_odom/install/libuvc/share/libuvc/package.bash'
[1.886s] INFO:colcon.colcon_core.shell:Creating package script '/home/gerardo/Projects/Robotics/RescueRobot2025/jaguar_odom/install/libuvc/share/libuvc/package.zsh'
[1.886s] Level 1:colcon.colcon_core.environment:create_file_with_runtime_dependencies(/home/gerardo/Projects/Robotics/RescueRobot2025/jaguar_odom/install/libuvc/share/colcon-core/packages/libuvc)
[2.670s] DEBUG:colcon.colcon_core.event_handler.log_command:Invoked command in '/home/gerardo/Projects/Robotics/RescueRobot2025/jaguar_odom/build/sllidar_ros2' returned '0': CMAKE_PREFIX_PATH=${CMAKE_PREFIX_PATH}:/home/gerardo/Projects/ROS/ws_moveit/install/moveit_configs_utils:/home/gerardo/Projects/ROS/ws_moveit/install/launch_param_builder:/opt/ros/humble /usr/bin/cmake /home/gerardo/Projects/Robotics/RescueRobot2025/jaguar_odom/src/sllidar_ros2 -DAMENT_CMAKE_SYMLINK_INSTALL=1 -DCMAKE_INSTALL_PREFIX=/home/gerardo/Projects/Robotics/RescueRobot2025/jaguar_odom/install/sllidar_ros2
[2.671s] DEBUG:colcon.colcon_core.event_handler.log_command:Invoking command in '/home/gerardo/Projects/Robotics/RescueRobot2025/jaguar_odom/build/sllidar_ros2': CMAKE_PREFIX_PATH=${CMAKE_PREFIX_PATH}:/home/gerardo/Projects/ROS/ws_moveit/install/moveit_configs_utils:/home/gerardo/Projects/ROS/ws_moveit/install/launch_param_builder:/opt/ros/humble /usr/bin/cmake --build /home/gerardo/Projects/Robotics/RescueRobot2025/jaguar_odom/build/sllidar_ros2 -- -j16 -l16
[8.909s] DEBUG:colcon.colcon_core.event_handler.log_command:Invoked command in '/home/gerardo/Projects/Robotics/RescueRobot2025/jaguar_odom/build/sllidar_ros2' returned '0': CMAKE_PREFIX_PATH=${CMAKE_PREFIX_PATH}:/home/gerardo/Projects/ROS/ws_moveit/install/moveit_configs_utils:/home/gerardo/Projects/ROS/ws_moveit/install/launch_param_builder:/opt/ros/humble /usr/bin/cmake --build /home/gerardo/Projects/Robotics/RescueRobot2025/jaguar_odom/build/sllidar_ros2 -- -j16 -l16
[8.910s] DEBUG:colcon.colcon_core.event_handler.log_command:Invoking command in '/home/gerardo/Projects/Robotics/RescueRobot2025/jaguar_odom/build/sllidar_ros2': CMAKE_PREFIX_PATH=${CMAKE_PREFIX_PATH}:/home/gerardo/Projects/ROS/ws_moveit/install/moveit_configs_utils:/home/gerardo/Projects/ROS/ws_moveit/install/launch_param_builder:/opt/ros/humble /usr/bin/cmake --install /home/gerardo/Projects/Robotics/RescueRobot2025/jaguar_odom/build/sllidar_ros2
[9.421s] Level 1:colcon.colcon_core.environment:create_environment_scripts_only(sllidar_ros2)
[9.422s] Level 1:colcon.colcon_core.environment:checking '/home/gerardo/Projects/Robotics/RescueRobot2025/jaguar_odom/install/sllidar_ros2' for CMake module files
[9.422s] DEBUG:colcon.colcon_core.event_handler.log_command:Invoked command in '/home/gerardo/Projects/Robotics/RescueRobot2025/jaguar_odom/build/sllidar_ros2' returned '0': CMAKE_PREFIX_PATH=${CMAKE_PREFIX_PATH}:/home/gerardo/Projects/ROS/ws_moveit/install/moveit_configs_utils:/home/gerardo/Projects/ROS/ws_moveit/install/launch_param_builder:/opt/ros/humble /usr/bin/cmake --install /home/gerardo/Projects/Robotics/RescueRobot2025/jaguar_odom/build/sllidar_ros2
[9.423s] Level 1:colcon.colcon_core.environment:checking '/home/gerardo/Projects/Robotics/RescueRobot2025/jaguar_odom/install/sllidar_ros2' for CMake config files
[9.423s] Level 1:colcon.colcon_core.shell:create_environment_hook('sllidar_ros2', 'cmake_prefix_path')
[9.423s] INFO:colcon.colcon_core.shell:Creating environment hook '/home/gerardo/Projects/Robotics/RescueRobot2025/jaguar_odom/install/sllidar_ros2/share/sllidar_ros2/hook/cmake_prefix_path.ps1'
[9.424s] INFO:colcon.colcon_core.shell:Creating environment descriptor '/home/gerardo/Projects/Robotics/RescueRobot2025/jaguar_odom/install/sllidar_ros2/share/sllidar_ros2/hook/cmake_prefix_path.dsv'
[9.424s] INFO:colcon.colcon_core.shell:Creating environment hook '/home/gerardo/Projects/Robotics/RescueRobot2025/jaguar_odom/install/sllidar_ros2/share/sllidar_ros2/hook/cmake_prefix_path.sh'
[9.424s] Level 1:colcon.colcon_core.environment:checking '/home/gerardo/Projects/Robotics/RescueRobot2025/jaguar_odom/install/sllidar_ros2/lib'
[9.424s] Level 1:colcon.colcon_core.environment:checking '/home/gerardo/Projects/Robotics/RescueRobot2025/jaguar_odom/install/sllidar_ros2/bin'
[9.425s] Level 1:colcon.colcon_core.environment:checking '/home/gerardo/Projects/Robotics/RescueRobot2025/jaguar_odom/install/sllidar_ros2/lib/pkgconfig/sllidar_ros2.pc'
[9.425s] Level 1:colcon.colcon_core.environment:checking '/home/gerardo/Projects/Robotics/RescueRobot2025/jaguar_odom/install/sllidar_ros2/lib/python3.10/site-packages'
[9.425s] Level 1:colcon.colcon_core.environment:checking '/home/gerardo/Projects/Robotics/RescueRobot2025/jaguar_odom/install/sllidar_ros2/bin'
[9.425s] INFO:colcon.colcon_core.shell:Creating package script '/home/gerardo/Projects/Robotics/RescueRobot2025/jaguar_odom/install/sllidar_ros2/share/sllidar_ros2/package.ps1'
[9.425s] INFO:colcon.colcon_core.shell:Creating package descriptor '/home/gerardo/Projects/Robotics/RescueRobot2025/jaguar_odom/install/sllidar_ros2/share/sllidar_ros2/package.dsv'
[9.426s] INFO:colcon.colcon_core.shell:Creating package script '/home/gerardo/Projects/Robotics/RescueRobot2025/jaguar_odom/install/sllidar_ros2/share/sllidar_ros2/package.sh'
[9.426s] INFO:colcon.colcon_core.shell:Creating package script '/home/gerardo/Projects/Robotics/RescueRobot2025/jaguar_odom/install/sllidar_ros2/share/sllidar_ros2/package.bash'
[9.426s] INFO:colcon.colcon_core.shell:Creating package script '/home/gerardo/Projects/Robotics/RescueRobot2025/jaguar_odom/install/sllidar_ros2/share/sllidar_ros2/package.zsh'
[9.426s] Level 1:colcon.colcon_core.environment:create_file_with_runtime_dependencies(/home/gerardo/Projects/Robotics/RescueRobot2025/jaguar_odom/install/sllidar_ros2/share/colcon-core/packages/sllidar_ros2)
[9.427s] Level 1:colcon.colcon_core.environment:create_environment_scripts_only(sllidar_ros2)
[9.427s] Level 1:colcon.colcon_core.environment:checking '/home/gerardo/Projects/Robotics/RescueRobot2025/jaguar_odom/install/sllidar_ros2' for CMake module files
[9.427s] Level 1:colcon.colcon_core.environment:checking '/home/gerardo/Projects/Robotics/RescueRobot2025/jaguar_odom/install/sllidar_ros2' for CMake config files
[9.427s] Level 1:colcon.colcon_core.shell:create_environment_hook('sllidar_ros2', 'cmake_prefix_path')
[9.428s] INFO:colcon.colcon_core.shell:Creating environment hook '/home/gerardo/Projects/Robotics/RescueRobot2025/jaguar_odom/install/sllidar_ros2/share/sllidar_ros2/hook/cmake_prefix_path.ps1'
[9.428s] INFO:colcon.colcon_core.shell:Creating environment descriptor '/home/gerardo/Projects/Robotics/RescueRobot2025/jaguar_odom/install/sllidar_ros2/share/sllidar_ros2/hook/cmake_prefix_path.dsv'
[9.428s] INFO:colcon.colcon_core.shell:Creating environment hook '/home/gerardo/Projects/Robotics/RescueRobot2025/jaguar_odom/install/sllidar_ros2/share/sllidar_ros2/hook/cmake_prefix_path.sh'
[9.428s] Level 1:colcon.colcon_core.environment:checking '/home/gerardo/Projects/Robotics/RescueRobot2025/jaguar_odom/install/sllidar_ros2/lib'
[9.428s] Level 1:colcon.colcon_core.environment:checking '/home/gerardo/Projects/Robotics/RescueRobot2025/jaguar_odom/install/sllidar_ros2/bin'
[9.428s] Level 1:colcon.colcon_core.environment:checking '/home/gerardo/Projects/Robotics/RescueRobot2025/jaguar_odom/install/sllidar_ros2/lib/pkgconfig/sllidar_ros2.pc'
[9.429s] Level 1:colcon.colcon_core.environment:checking '/home/gerardo/Projects/Robotics/RescueRobot2025/jaguar_odom/install/sllidar_ros2/lib/python3.10/site-packages'
[9.429s] Level 1:colcon.colcon_core.environment:checking '/home/gerardo/Projects/Robotics/RescueRobot2025/jaguar_odom/install/sllidar_ros2/bin'
[9.429s] INFO:colcon.colcon_core.shell:Creating package script '/home/gerardo/Projects/Robotics/RescueRobot2025/jaguar_odom/install/sllidar_ros2/share/sllidar_ros2/package.ps1'
[9.429s] INFO:colcon.colcon_core.shell:Creating package descriptor '/home/gerardo/Projects/Robotics/RescueRobot2025/jaguar_odom/install/sllidar_ros2/share/sllidar_ros2/package.dsv'
[9.429s] INFO:colcon.colcon_core.shell:Creating package script '/home/gerardo/Projects/Robotics/RescueRobot2025/jaguar_odom/install/sllidar_ros2/share/sllidar_ros2/package.sh'
[9.430s] INFO:colcon.colcon_core.shell:Creating package script '/home/gerardo/Projects/Robotics/RescueRobot2025/jaguar_odom/install/sllidar_ros2/share/sllidar_ros2/package.bash'
[9.430s] INFO:colcon.colcon_core.shell:Creating package script '/home/gerardo/Projects/Robotics/RescueRobot2025/jaguar_odom/install/sllidar_ros2/share/sllidar_ros2/package.zsh'
[9.430s] Level 1:colcon.colcon_core.environment:create_file_with_runtime_dependencies(/home/gerardo/Projects/Robotics/RescueRobot2025/jaguar_odom/install/sllidar_ros2/share/colcon-core/packages/sllidar_ros2)
[9.430s] DEBUG:colcon.colcon_parallel_executor.executor.parallel:closing loop
[9.431s] DEBUG:colcon.colcon_parallel_executor.executor.parallel:loop closed
[9.431s] DEBUG:colcon.colcon_parallel_executor.executor.parallel:run_until_complete finished with '0'
[9.431s] DEBUG:colcon.colcon_core.event_reactor:joining thread
[9.434s] INFO:colcon.colcon_core.plugin_system:Skipping extension 'colcon_notification.desktop_notification.terminal_notifier': Not used on non-Darwin systems
[9.434s] INFO:colcon.colcon_core.plugin_system:Skipping extension 'colcon_notification.desktop_notification.win32': Not used on non-Windows systems
[9.434s] INFO:colcon.colcon_notification.desktop_notification:Sending desktop notification using 'notify2'
[9.444s] DEBUG:colcon.colcon_core.event_reactor:joined thread
[9.444s] INFO:colcon.colcon_core.shell:Creating prefix script '/home/gerardo/Projects/Robotics/RescueRobot2025/jaguar_odom/install/local_setup.ps1'
[9.445s] INFO:colcon.colcon_core.shell:Creating prefix util module '/home/gerardo/Projects/Robotics/RescueRobot2025/jaguar_odom/install/_local_setup_util_ps1.py'
[9.446s] INFO:colcon.colcon_core.shell:Creating prefix chain script '/home/gerardo/Projects/Robotics/RescueRobot2025/jaguar_odom/install/setup.ps1'
[9.448s] INFO:colcon.colcon_core.shell:Creating prefix script '/home/gerardo/Projects/Robotics/RescueRobot2025/jaguar_odom/install/local_setup.sh'
[9.449s] INFO:colcon.colcon_core.shell:Creating prefix util module '/home/gerardo/Projects/Robotics/RescueRobot2025/jaguar_odom/install/_local_setup_util_sh.py'
[9.449s] INFO:colcon.colcon_core.shell:Creating prefix chain script '/home/gerardo/Projects/Robotics/RescueRobot2025/jaguar_odom/install/setup.sh'
[9.451s] INFO:colcon.colcon_core.shell:Creating prefix script '/home/gerardo/Projects/Robotics/RescueRobot2025/jaguar_odom/install/local_setup.bash'
[9.451s] INFO:colcon.colcon_core.shell:Creating prefix chain script '/home/gerardo/Projects/Robotics/RescueRobot2025/jaguar_odom/install/setup.bash'
[9.453s] INFO:colcon.colcon_core.shell:Creating prefix script '/home/gerardo/Projects/Robotics/RescueRobot2025/jaguar_odom/install/local_setup.zsh'
[9.454s] INFO:colcon.colcon_core.shell:Creating prefix chain script '/home/gerardo/Projects/Robotics/RescueRobot2025/jaguar_odom/install/setup.zsh'
