[0.072s] DEBUG:colcon:Command line arguments: ['/usr/bin/colcon', 'build']
[0.072s] DEBUG:colcon:Parsed command line arguments: Namespace(log_base=None, log_level=None, verb_name='build', build_base='build', install_base='install', merge_install=False, symlink_install=False, test_result_base=None, continue_on_error=False, executor='parallel', parallel_workers=16, event_handlers=None, ignore_user_meta=False, metas=['./colcon.meta'], base_paths=['.'], packages_ignore=None, packages_ignore_regex=None, paths=None, packages_up_to=None, packages_up_to_regex=None, packages_above=None, packages_above_and_dependencies=None, packages_above_depth=None, packages_select_by_dep=None, packages_skip_by_dep=None, packages_skip_up_to=None, packages_select_build_failed=False, packages_skip_build_finished=False, packages_select_test_failures=False, packages_skip_test_passed=False, packages_select=None, packages_skip=None, packages_select_regex=None, packages_skip_regex=None, packages_start=None, packages_end=None, allow_overriding=[], cmake_args=None, cmake_target=None, cmake_target_skip_unavailable=False, cmake_clean_cache=False, cmake_clean_first=False, cmake_force_configure=False, ament_cmake_args=None, catkin_cmake_args=None, catkin_skip_building_tests=False, mixin_files=None, mixin=None, verb_parser=<colcon_mixin.mixin.mixin_argument.MixinArgumentDecorator object at 0x7fd73819c9a0>, verb_extension=<colcon_core.verb.build.BuildVerb object at 0x7fd73819c460>, main=<bound method BuildVerb.main of <colcon_core.verb.build.BuildVerb object at 0x7fd73819c460>>, mixin_verb=('build',))
[0.179s] Level 1:colcon.colcon_core.package_discovery:discover_packages(colcon_meta) check parameters
[0.179s] Level 1:colcon.colcon_core.package_discovery:discover_packages(recursive) check parameters
[0.179s] Level 1:colcon.colcon_core.package_discovery:discover_packages(ignore) check parameters
[0.179s] Level 1:colcon.colcon_core.package_discovery:discover_packages(path) check parameters
[0.179s] Level 1:colcon.colcon_core.package_discovery:discover_packages(colcon_meta) discover
[0.179s] Level 1:colcon.colcon_core.package_discovery:discover_packages(recursive) discover
[0.179s] INFO:colcon.colcon_core.package_discovery:Crawling recursively for packages in '/home/gerardo/Projects/Robotics/RescueRobot2025/RescueRobotTMR25/jaguar_odom'
[0.179s] Level 1:colcon.colcon_core.package_identification:_identify(.) by extensions ['ignore', 'ignore_ament_install']
[0.179s] Level 1:colcon.colcon_core.package_identification:_identify(.) by extension 'ignore'
[0.179s] Level 1:colcon.colcon_core.package_identification:_identify(.) by extension 'ignore_ament_install'
[0.179s] Level 1:colcon.colcon_core.package_identification:_identify(.) by extensions ['colcon_pkg']
[0.179s] Level 1:colcon.colcon_core.package_identification:_identify(.) by extension 'colcon_pkg'
[0.179s] Level 1:colcon.colcon_core.package_identification:_identify(.) by extensions ['colcon_meta']
[0.179s] Level 1:colcon.colcon_core.package_identification:_identify(.) by extension 'colcon_meta'
[0.179s] Level 1:colcon.colcon_core.package_identification:_identify(.) by extensions ['ros']
[0.179s] Level 1:colcon.colcon_core.package_identification:_identify(.) by extension 'ros'
[0.191s] Level 1:colcon.colcon_core.package_identification:_identify(.) by extensions ['cmake', 'python']
[0.191s] Level 1:colcon.colcon_core.package_identification:_identify(.) by extension 'cmake'
[0.191s] Level 1:colcon.colcon_core.package_identification:_identify(.) by extension 'python'
[0.191s] Level 1:colcon.colcon_core.package_identification:_identify(.) by extensions ['python_setup_py']
[0.191s] Level 1:colcon.colcon_core.package_identification:_identify(.) by extension 'python_setup_py'
[0.191s] Level 1:colcon.colcon_core.package_identification:_identify(build) by extensions ['ignore', 'ignore_ament_install']
[0.191s] Level 1:colcon.colcon_core.package_identification:_identify(build) by extension 'ignore'
[0.191s] Level 1:colcon.colcon_core.package_identification:_identify(build) ignored
[0.191s] Level 1:colcon.colcon_core.package_identification:_identify(install) by extensions ['ignore', 'ignore_ament_install']
[0.192s] Level 1:colcon.colcon_core.package_identification:_identify(install) by extension 'ignore'
[0.192s] Level 1:colcon.colcon_core.package_identification:_identify(install) ignored
[0.192s] Level 1:colcon.colcon_core.package_identification:_identify(log) by extensions ['ignore', 'ignore_ament_install']
[0.192s] Level 1:colcon.colcon_core.package_identification:_identify(log) by extension 'ignore'
[0.192s] Level 1:colcon.colcon_core.package_identification:_identify(log) ignored
[0.192s] Level 1:colcon.colcon_core.package_identification:_identify(src) by extensions ['ignore', 'ignore_ament_install']
[0.192s] Level 1:colcon.colcon_core.package_identification:_identify(src) by extension 'ignore'
[0.192s] Level 1:colcon.colcon_core.package_identification:_identify(src) by extension 'ignore_ament_install'
[0.192s] Level 1:colcon.colcon_core.package_identification:_identify(src) by extensions ['colcon_pkg']
[0.192s] Level 1:colcon.colcon_core.package_identification:_identify(src) by extension 'colcon_pkg'
[0.192s] Level 1:colcon.colcon_core.package_identification:_identify(src) by extensions ['colcon_meta']
[0.192s] Level 1:colcon.colcon_core.package_identification:_identify(src) by extension 'colcon_meta'
[0.192s] Level 1:colcon.colcon_core.package_identification:_identify(src) by extensions ['ros']
[0.192s] Level 1:colcon.colcon_core.package_identification:_identify(src) by extension 'ros'
[0.192s] Level 1:colcon.colcon_core.package_identification:_identify(src) by extensions ['cmake', 'python']
[0.192s] Level 1:colcon.colcon_core.package_identification:_identify(src) by extension 'cmake'
[0.192s] Level 1:colcon.colcon_core.package_identification:_identify(src) by extension 'python'
[0.192s] Level 1:colcon.colcon_core.package_identification:_identify(src) by extensions ['python_setup_py']
[0.192s] Level 1:colcon.colcon_core.package_identification:_identify(src) by extension 'python_setup_py'
[0.192s] Level 1:colcon.colcon_core.package_identification:_identify(src/combinedSensors) by extensions ['ignore', 'ignore_ament_install']
[0.192s] Level 1:colcon.colcon_core.package_identification:_identify(src/combinedSensors) by extension 'ignore'
[0.192s] Level 1:colcon.colcon_core.package_identification:_identify(src/combinedSensors) by extension 'ignore_ament_install'
[0.192s] Level 1:colcon.colcon_core.package_identification:_identify(src/combinedSensors) by extensions ['colcon_pkg']
[0.192s] Level 1:colcon.colcon_core.package_identification:_identify(src/combinedSensors) by extension 'colcon_pkg'
[0.192s] Level 1:colcon.colcon_core.package_identification:_identify(src/combinedSensors) by extensions ['colcon_meta']
[0.192s] Level 1:colcon.colcon_core.package_identification:_identify(src/combinedSensors) by extension 'colcon_meta'
[0.192s] Level 1:colcon.colcon_core.package_identification:_identify(src/combinedSensors) by extensions ['ros']
[0.192s] Level 1:colcon.colcon_core.package_identification:_identify(src/combinedSensors) by extension 'ros'
[0.192s] Level 1:colcon.colcon_core.package_identification:_identify(src/combinedSensors) by extensions ['cmake', 'python']
[0.192s] Level 1:colcon.colcon_core.package_identification:_identify(src/combinedSensors) by extension 'cmake'
[0.192s] Level 1:colcon.colcon_core.package_identification:_identify(src/combinedSensors) by extension 'python'
[0.192s] Level 1:colcon.colcon_core.package_identification:_identify(src/combinedSensors) by extensions ['python_setup_py']
[0.192s] Level 1:colcon.colcon_core.package_identification:_identify(src/combinedSensors) by extension 'python_setup_py'
[0.192s] Level 1:colcon.colcon_core.package_identification:_identify(src/jaguar_odom) by extensions ['ignore', 'ignore_ament_install']
[0.192s] Level 1:colcon.colcon_core.package_identification:_identify(src/jaguar_odom) by extension 'ignore'
[0.192s] Level 1:colcon.colcon_core.package_identification:_identify(src/jaguar_odom) by extension 'ignore_ament_install'
[0.192s] Level 1:colcon.colcon_core.package_identification:_identify(src/jaguar_odom) by extensions ['colcon_pkg']
[0.192s] Level 1:colcon.colcon_core.package_identification:_identify(src/jaguar_odom) by extension 'colcon_pkg'
[0.192s] Level 1:colcon.colcon_core.package_identification:_identify(src/jaguar_odom) by extensions ['colcon_meta']
[0.192s] Level 1:colcon.colcon_core.package_identification:_identify(src/jaguar_odom) by extension 'colcon_meta'
[0.192s] Level 1:colcon.colcon_core.package_identification:_identify(src/jaguar_odom) by extensions ['ros']
[0.192s] Level 1:colcon.colcon_core.package_identification:_identify(src/jaguar_odom) by extension 'ros'
[0.194s] DEBUG:colcon.colcon_core.package_identification:Package 'src/jaguar_odom' with type 'ros.ament_python' and name 'jaguar_odom'
[0.194s] Level 1:colcon.colcon_core.package_identification:_identify(src/ros2_astra_camera) by extensions ['ignore', 'ignore_ament_install']
[0.194s] Level 1:colcon.colcon_core.package_identification:_identify(src/ros2_astra_camera) by extension 'ignore'
[0.194s] Level 1:colcon.colcon_core.package_identification:_identify(src/ros2_astra_camera) by extension 'ignore_ament_install'
[0.194s] Level 1:colcon.colcon_core.package_identification:_identify(src/ros2_astra_camera) by extensions ['colcon_pkg']
[0.194s] Level 1:colcon.colcon_core.package_identification:_identify(src/ros2_astra_camera) by extension 'colcon_pkg'
[0.194s] Level 1:colcon.colcon_core.package_identification:_identify(src/ros2_astra_camera) by extensions ['colcon_meta']
[0.194s] Level 1:colcon.colcon_core.package_identification:_identify(src/ros2_astra_camera) by extension 'colcon_meta'
[0.194s] Level 1:colcon.colcon_core.package_identification:_identify(src/ros2_astra_camera) by extensions ['ros']
[0.194s] Level 1:colcon.colcon_core.package_identification:_identify(src/ros2_astra_camera) by extension 'ros'
[0.194s] Level 1:colcon.colcon_core.package_identification:_identify(src/ros2_astra_camera) by extensions ['cmake', 'python']
[0.194s] Level 1:colcon.colcon_core.package_identification:_identify(src/ros2_astra_camera) by extension 'cmake'
[0.194s] Level 1:colcon.colcon_core.package_identification:_identify(src/ros2_astra_camera) by extension 'python'
[0.194s] Level 1:colcon.colcon_core.package_identification:_identify(src/ros2_astra_camera) by extensions ['python_setup_py']
[0.194s] Level 1:colcon.colcon_core.package_identification:_identify(src/ros2_astra_camera) by extension 'python_setup_py'
[0.194s] Level 1:colcon.colcon_core.package_identification:_identify(src/ros2_astra_camera/astra_camera) by extensions ['ignore', 'ignore_ament_install']
[0.194s] Level 1:colcon.colcon_core.package_identification:_identify(src/ros2_astra_camera/astra_camera) by extension 'ignore'
[0.194s] Level 1:colcon.colcon_core.package_identification:_identify(src/ros2_astra_camera/astra_camera) by extension 'ignore_ament_install'
[0.194s] Level 1:colcon.colcon_core.package_identification:_identify(src/ros2_astra_camera/astra_camera) by extensions ['colcon_pkg']
[0.194s] Level 1:colcon.colcon_core.package_identification:_identify(src/ros2_astra_camera/astra_camera) by extension 'colcon_pkg'
[0.194s] Level 1:colcon.colcon_core.package_identification:_identify(src/ros2_astra_camera/astra_camera) by extensions ['colcon_meta']
[0.194s] Level 1:colcon.colcon_core.package_identification:_identify(src/ros2_astra_camera/astra_camera) by extension 'colcon_meta'
[0.194s] Level 1:colcon.colcon_core.package_identification:_identify(src/ros2_astra_camera/astra_camera) by extensions ['ros']
[0.194s] Level 1:colcon.colcon_core.package_identification:_identify(src/ros2_astra_camera/astra_camera) by extension 'ros'
[0.196s] DEBUG:colcon.colcon_core.package_identification:Package 'src/ros2_astra_camera/astra_camera' with type 'ros.ament_cmake' and name 'astra_camera'
[0.196s] Level 1:colcon.colcon_core.package_identification:_identify(src/ros2_astra_camera/astra_camera_msgs) by extensions ['ignore', 'ignore_ament_install']
[0.196s] Level 1:colcon.colcon_core.package_identification:_identify(src/ros2_astra_camera/astra_camera_msgs) by extension 'ignore'
[0.196s] Level 1:colcon.colcon_core.package_identification:_identify(src/ros2_astra_camera/astra_camera_msgs) by extension 'ignore_ament_install'
[0.196s] Level 1:colcon.colcon_core.package_identification:_identify(src/ros2_astra_camera/astra_camera_msgs) by extensions ['colcon_pkg']
[0.196s] Level 1:colcon.colcon_core.package_identification:_identify(src/ros2_astra_camera/astra_camera_msgs) by extension 'colcon_pkg'
[0.196s] Level 1:colcon.colcon_core.package_identification:_identify(src/ros2_astra_camera/astra_camera_msgs) by extensions ['colcon_meta']
[0.196s] Level 1:colcon.colcon_core.package_identification:_identify(src/ros2_astra_camera/astra_camera_msgs) by extension 'colcon_meta'
[0.196s] Level 1:colcon.colcon_core.package_identification:_identify(src/ros2_astra_camera/astra_camera_msgs) by extensions ['ros']
[0.196s] Level 1:colcon.colcon_core.package_identification:_identify(src/ros2_astra_camera/astra_camera_msgs) by extension 'ros'
[0.196s] DEBUG:colcon.colcon_core.package_identification:Package 'src/ros2_astra_camera/astra_camera_msgs' with type 'ros.ament_cmake' and name 'astra_camera_msgs'
[0.196s] Level 1:colcon.colcon_core.package_identification:_identify(src/sllidar_ros2) by extensions ['ignore', 'ignore_ament_install']
[0.196s] Level 1:colcon.colcon_core.package_identification:_identify(src/sllidar_ros2) by extension 'ignore'
[0.196s] Level 1:colcon.colcon_core.package_identification:_identify(src/sllidar_ros2) by extension 'ignore_ament_install'
[0.196s] Level 1:colcon.colcon_core.package_identification:_identify(src/sllidar_ros2) by extensions ['colcon_pkg']
[0.196s] Level 1:colcon.colcon_core.package_identification:_identify(src/sllidar_ros2) by extension 'colcon_pkg'
[0.196s] Level 1:colcon.colcon_core.package_identification:_identify(src/sllidar_ros2) by extensions ['colcon_meta']
[0.196s] Level 1:colcon.colcon_core.package_identification:_identify(src/sllidar_ros2) by extension 'colcon_meta'
[0.196s] Level 1:colcon.colcon_core.package_identification:_identify(src/sllidar_ros2) by extensions ['ros']
[0.196s] Level 1:colcon.colcon_core.package_identification:_identify(src/sllidar_ros2) by extension 'ros'
[0.197s] DEBUG:colcon.colcon_core.package_identification:Package 'src/sllidar_ros2' with type 'ros.ament_cmake' and name 'sllidar_ros2'
[0.197s] Level 1:colcon.colcon_core.package_discovery:discover_packages(recursive) using defaults
[0.197s] Level 1:colcon.colcon_core.package_discovery:discover_packages(ignore) discover
[0.197s] Level 1:colcon.colcon_core.package_discovery:discover_packages(ignore) using defaults
[0.197s] Level 1:colcon.colcon_core.package_discovery:discover_packages(path) discover
[0.197s] Level 1:colcon.colcon_core.package_discovery:discover_packages(path) using defaults
[0.209s] Level 1:colcon.colcon_core.package_discovery:discover_packages(prefix_path) check parameters
[0.209s] Level 1:colcon.colcon_core.package_discovery:discover_packages(prefix_path) discover
[0.211s] DEBUG:colcon.colcon_installed_package_information.package_discovery:Found 4 installed packages in /home/gerardo/Projects/Robotics/RescueRobot2025/RescueRobotTMR25/jaguar_odom/install
[0.212s] DEBUG:colcon.colcon_installed_package_information.package_discovery:Found 55 installed packages in /home/gerardo/Projects/ROS/ws_moveit/install
[0.213s] DEBUG:colcon.colcon_installed_package_information.package_discovery:Found 449 installed packages in /opt/ros/humble
[0.214s] Level 1:colcon.colcon_core.package_discovery:discover_packages(prefix_path) using defaults
[0.243s] Level 5:colcon.colcon_core.verb:set package 'astra_camera_msgs' build argument 'cmake_args' from command line to 'None'
[0.243s] Level 5:colcon.colcon_core.verb:set package 'astra_camera_msgs' build argument 'cmake_target' from command line to 'None'
[0.243s] Level 5:colcon.colcon_core.verb:set package 'astra_camera_msgs' build argument 'cmake_target_skip_unavailable' from command line to 'False'
[0.243s] Level 5:colcon.colcon_core.verb:set package 'astra_camera_msgs' build argument 'cmake_clean_cache' from command line to 'False'
[0.243s] Level 5:colcon.colcon_core.verb:set package 'astra_camera_msgs' build argument 'cmake_clean_first' from command line to 'False'
[0.243s] Level 5:colcon.colcon_core.verb:set package 'astra_camera_msgs' build argument 'cmake_force_configure' from command line to 'False'
[0.243s] Level 5:colcon.colcon_core.verb:set package 'astra_camera_msgs' build argument 'ament_cmake_args' from command line to 'None'
[0.243s] Level 5:colcon.colcon_core.verb:set package 'astra_camera_msgs' build argument 'catkin_cmake_args' from command line to 'None'
[0.243s] Level 5:colcon.colcon_core.verb:set package 'astra_camera_msgs' build argument 'catkin_skip_building_tests' from command line to 'False'
[0.243s] DEBUG:colcon.colcon_core.verb:Building package 'astra_camera_msgs' with the following arguments: {'ament_cmake_args': None, 'build_base': '/home/gerardo/Projects/Robotics/RescueRobot2025/RescueRobotTMR25/jaguar_odom/build/astra_camera_msgs', 'catkin_cmake_args': None, 'catkin_skip_building_tests': False, 'cmake_args': None, 'cmake_clean_cache': False, 'cmake_clean_first': False, 'cmake_force_configure': False, 'cmake_target': None, 'cmake_target_skip_unavailable': False, 'install_base': '/home/gerardo/Projects/Robotics/RescueRobot2025/RescueRobotTMR25/jaguar_odom/install/astra_camera_msgs', 'merge_install': False, 'path': '/home/gerardo/Projects/Robotics/RescueRobot2025/RescueRobotTMR25/jaguar_odom/src/ros2_astra_camera/astra_camera_msgs', 'symlink_install': False, 'test_result_base': None}
[0.243s] Level 5:colcon.colcon_core.verb:set package 'jaguar_odom' build argument 'cmake_args' from command line to 'None'
[0.244s] Level 5:colcon.colcon_core.verb:set package 'jaguar_odom' build argument 'cmake_target' from command line to 'None'
[0.244s] Level 5:colcon.colcon_core.verb:set package 'jaguar_odom' build argument 'cmake_target_skip_unavailable' from command line to 'False'
[0.244s] Level 5:colcon.colcon_core.verb:set package 'jaguar_odom' build argument 'cmake_clean_cache' from command line to 'False'
[0.244s] Level 5:colcon.colcon_core.verb:set package 'jaguar_odom' build argument 'cmake_clean_first' from command line to 'False'
[0.244s] Level 5:colcon.colcon_core.verb:set package 'jaguar_odom' build argument 'cmake_force_configure' from command line to 'False'
[0.244s] Level 5:colcon.colcon_core.verb:set package 'jaguar_odom' build argument 'ament_cmake_args' from command line to 'None'
[0.244s] Level 5:colcon.colcon_core.verb:set package 'jaguar_odom' build argument 'catkin_cmake_args' from command line to 'None'
[0.244s] Level 5:colcon.colcon_core.verb:set package 'jaguar_odom' build argument 'catkin_skip_building_tests' from command line to 'False'
[0.244s] DEBUG:colcon.colcon_core.verb:Building package 'jaguar_odom' with the following arguments: {'ament_cmake_args': None, 'build_base': '/home/gerardo/Projects/Robotics/RescueRobot2025/RescueRobotTMR25/jaguar_odom/build/jaguar_odom', 'catkin_cmake_args': None, 'catkin_skip_building_tests': False, 'cmake_args': None, 'cmake_clean_cache': False, 'cmake_clean_first': False, 'cmake_force_configure': False, 'cmake_target': None, 'cmake_target_skip_unavailable': False, 'install_base': '/home/gerardo/Projects/Robotics/RescueRobot2025/RescueRobotTMR25/jaguar_odom/install/jaguar_odom', 'merge_install': False, 'path': '/home/gerardo/Projects/Robotics/RescueRobot2025/RescueRobotTMR25/jaguar_odom/src/jaguar_odom', 'symlink_install': False, 'test_result_base': None}
[0.244s] Level 5:colcon.colcon_core.verb:set package 'sllidar_ros2' build argument 'cmake_args' from command line to 'None'
[0.244s] Level 5:colcon.colcon_core.verb:set package 'sllidar_ros2' build argument 'cmake_target' from command line to 'None'
[0.244s] Level 5:colcon.colcon_core.verb:set package 'sllidar_ros2' build argument 'cmake_target_skip_unavailable' from command line to 'False'
[0.244s] Level 5:colcon.colcon_core.verb:set package 'sllidar_ros2' build argument 'cmake_clean_cache' from command line to 'False'
[0.244s] Level 5:colcon.colcon_core.verb:set package 'sllidar_ros2' build argument 'cmake_clean_first' from command line to 'False'
[0.244s] Level 5:colcon.colcon_core.verb:set package 'sllidar_ros2' build argument 'cmake_force_configure' from command line to 'False'
[0.244s] Level 5:colcon.colcon_core.verb:set package 'sllidar_ros2' build argument 'ament_cmake_args' from command line to 'None'
[0.244s] Level 5:colcon.colcon_core.verb:set package 'sllidar_ros2' build argument 'catkin_cmake_args' from command line to 'None'
[0.244s] Level 5:colcon.colcon_core.verb:set package 'sllidar_ros2' build argument 'catkin_skip_building_tests' from command line to 'False'
[0.244s] DEBUG:colcon.colcon_core.verb:Building package 'sllidar_ros2' with the following arguments: {'ament_cmake_args': None, 'build_base': '/home/gerardo/Projects/Robotics/RescueRobot2025/RescueRobotTMR25/jaguar_odom/build/sllidar_ros2', 'catkin_cmake_args': None, 'catkin_skip_building_tests': False, 'cmake_args': None, 'cmake_clean_cache': False, 'cmake_clean_first': False, 'cmake_force_configure': False, 'cmake_target': None, 'cmake_target_skip_unavailable': False, 'install_base': '/home/gerardo/Projects/Robotics/RescueRobot2025/RescueRobotTMR25/jaguar_odom/install/sllidar_ros2', 'merge_install': False, 'path': '/home/gerardo/Projects/Robotics/RescueRobot2025/RescueRobotTMR25/jaguar_odom/src/sllidar_ros2', 'symlink_install': False, 'test_result_base': None}
[0.244s] Level 5:colcon.colcon_core.verb:set package 'astra_camera' build argument 'cmake_args' from command line to 'None'
[0.244s] Level 5:colcon.colcon_core.verb:set package 'astra_camera' build argument 'cmake_target' from command line to 'None'
[0.244s] Level 5:colcon.colcon_core.verb:set package 'astra_camera' build argument 'cmake_target_skip_unavailable' from command line to 'False'
[0.244s] Level 5:colcon.colcon_core.verb:set package 'astra_camera' build argument 'cmake_clean_cache' from command line to 'False'
[0.244s] Level 5:colcon.colcon_core.verb:set package 'astra_camera' build argument 'cmake_clean_first' from command line to 'False'
[0.244s] Level 5:colcon.colcon_core.verb:set package 'astra_camera' build argument 'cmake_force_configure' from command line to 'False'
[0.244s] Level 5:colcon.colcon_core.verb:set package 'astra_camera' build argument 'ament_cmake_args' from command line to 'None'
[0.244s] Level 5:colcon.colcon_core.verb:set package 'astra_camera' build argument 'catkin_cmake_args' from command line to 'None'
[0.244s] Level 5:colcon.colcon_core.verb:set package 'astra_camera' build argument 'catkin_skip_building_tests' from command line to 'False'
[0.244s] DEBUG:colcon.colcon_core.verb:Building package 'astra_camera' with the following arguments: {'ament_cmake_args': None, 'build_base': '/home/gerardo/Projects/Robotics/RescueRobot2025/RescueRobotTMR25/jaguar_odom/build/astra_camera', 'catkin_cmake_args': None, 'catkin_skip_building_tests': False, 'cmake_args': None, 'cmake_clean_cache': False, 'cmake_clean_first': False, 'cmake_force_configure': False, 'cmake_target': None, 'cmake_target_skip_unavailable': False, 'install_base': '/home/gerardo/Projects/Robotics/RescueRobot2025/RescueRobotTMR25/jaguar_odom/install/astra_camera', 'merge_install': False, 'path': '/home/gerardo/Projects/Robotics/RescueRobot2025/RescueRobotTMR25/jaguar_odom/src/ros2_astra_camera/astra_camera', 'symlink_install': False, 'test_result_base': None}
[0.244s] INFO:colcon.colcon_core.executor:Executing jobs using 'parallel' executor
[0.245s] DEBUG:colcon.colcon_parallel_executor.executor.parallel:run_until_complete
[0.245s] INFO:colcon.colcon_ros.task.ament_cmake.build:Building ROS package in '/home/gerardo/Projects/Robotics/RescueRobot2025/RescueRobotTMR25/jaguar_odom/src/ros2_astra_camera/astra_camera_msgs' with build type 'ament_cmake'
[0.245s] INFO:colcon.colcon_cmake.task.cmake.build:Building CMake package in '/home/gerardo/Projects/Robotics/RescueRobot2025/RescueRobotTMR25/jaguar_odom/src/ros2_astra_camera/astra_camera_msgs'
[0.246s] INFO:colcon.colcon_core.plugin_system:Skipping extension 'colcon_core.shell.bat': Not used on non-Windows systems
[0.247s] INFO:colcon.colcon_core.shell:Skip shell extension 'powershell' for command environment: Not usable outside of PowerShell
[0.247s] DEBUG:colcon.colcon_core.shell:Skip shell extension 'dsv' for command environment
[0.251s] INFO:colcon.colcon_ros.task.ament_python.build:Building ROS package in '/home/gerardo/Projects/Robotics/RescueRobot2025/RescueRobotTMR25/jaguar_odom/src/jaguar_odom' with build type 'ament_python'
[0.251s] Level 1:colcon.colcon_core.shell:create_environment_hook('jaguar_odom', 'ament_prefix_path')
[0.251s] INFO:colcon.colcon_core.shell:Creating environment hook '/home/gerardo/Projects/Robotics/RescueRobot2025/RescueRobotTMR25/jaguar_odom/install/jaguar_odom/share/jaguar_odom/hook/ament_prefix_path.ps1'
[0.251s] INFO:colcon.colcon_core.shell:Creating environment descriptor '/home/gerardo/Projects/Robotics/RescueRobot2025/RescueRobotTMR25/jaguar_odom/install/jaguar_odom/share/jaguar_odom/hook/ament_prefix_path.dsv'
[0.251s] INFO:colcon.colcon_core.shell:Creating environment hook '/home/gerardo/Projects/Robotics/RescueRobot2025/RescueRobotTMR25/jaguar_odom/install/jaguar_odom/share/jaguar_odom/hook/ament_prefix_path.sh'
[0.252s] INFO:colcon.colcon_core.shell:Skip shell extension 'powershell' for command environment: Not usable outside of PowerShell
[0.252s] DEBUG:colcon.colcon_core.shell:Skip shell extension 'dsv' for command environment
[0.256s] INFO:colcon.colcon_ros.task.ament_cmake.build:Building ROS package in '/home/gerardo/Projects/Robotics/RescueRobot2025/RescueRobotTMR25/jaguar_odom/src/sllidar_ros2' with build type 'ament_cmake'
[0.256s] INFO:colcon.colcon_cmake.task.cmake.build:Building CMake package in '/home/gerardo/Projects/Robotics/RescueRobot2025/RescueRobotTMR25/jaguar_odom/src/sllidar_ros2'
[0.256s] INFO:colcon.colcon_core.shell:Skip shell extension 'powershell' for command environment: Not usable outside of PowerShell
[0.256s] DEBUG:colcon.colcon_core.shell:Skip shell extension 'dsv' for command environment
[0.267s] DEBUG:colcon.colcon_core.event_handler.log_command:Invoking command in '/home/gerardo/Projects/Robotics/RescueRobot2025/RescueRobotTMR25/jaguar_odom/build/astra_camera_msgs': CMAKE_PREFIX_PATH=${CMAKE_PREFIX_PATH}:/home/gerardo/Projects/Robotics/RescueRobot2025/RescueRobotTMR25/jaguar_odom/install/jaguar_odom:/home/gerardo/Projects/ROS/ws_moveit/install/moveit_configs_utils:/home/gerardo/Projects/ROS/ws_moveit/install/launch_param_builder:/opt/ros/humble /usr/bin/cmake --build /home/gerardo/Projects/Robotics/RescueRobot2025/RescueRobotTMR25/jaguar_odom/build/astra_camera_msgs -- -j16 -l16
[0.471s] INFO:colcon.colcon_core.task.python.build:Building Python package in '/home/gerardo/Projects/Robotics/RescueRobot2025/RescueRobotTMR25/jaguar_odom/src/jaguar_odom'
[0.472s] INFO:colcon.colcon_core.shell:Skip shell extension 'powershell' for command environment: Not usable outside of PowerShell
[0.472s] DEBUG:colcon.colcon_core.shell:Skip shell extension 'dsv' for command environment
[0.485s] DEBUG:colcon.colcon_core.event_handler.log_command:Invoking command in '/home/gerardo/Projects/Robotics/RescueRobot2025/RescueRobotTMR25/jaguar_odom/build/sllidar_ros2': CMAKE_PREFIX_PATH=${CMAKE_PREFIX_PATH}:/home/gerardo/Projects/Robotics/RescueRobot2025/RescueRobotTMR25/jaguar_odom/install/jaguar_odom:/home/gerardo/Projects/ROS/ws_moveit/install/moveit_configs_utils:/home/gerardo/Projects/ROS/ws_moveit/install/launch_param_builder:/opt/ros/humble /usr/bin/cmake --build /home/gerardo/Projects/Robotics/RescueRobot2025/RescueRobotTMR25/jaguar_odom/build/sllidar_ros2 -- -j16 -l16
[0.565s] DEBUG:colcon.colcon_core.event_handler.log_command:Invoked command in '/home/gerardo/Projects/Robotics/RescueRobot2025/RescueRobotTMR25/jaguar_odom/build/sllidar_ros2' returned '0': CMAKE_PREFIX_PATH=${CMAKE_PREFIX_PATH}:/home/gerardo/Projects/Robotics/RescueRobot2025/RescueRobotTMR25/jaguar_odom/install/jaguar_odom:/home/gerardo/Projects/ROS/ws_moveit/install/moveit_configs_utils:/home/gerardo/Projects/ROS/ws_moveit/install/launch_param_builder:/opt/ros/humble /usr/bin/cmake --build /home/gerardo/Projects/Robotics/RescueRobot2025/RescueRobotTMR25/jaguar_odom/build/sllidar_ros2 -- -j16 -l16
[0.575s] DEBUG:colcon.colcon_core.event_handler.log_command:Invoking command in '/home/gerardo/Projects/Robotics/RescueRobot2025/RescueRobotTMR25/jaguar_odom/build/sllidar_ros2': CMAKE_PREFIX_PATH=${CMAKE_PREFIX_PATH}:/home/gerardo/Projects/Robotics/RescueRobot2025/RescueRobotTMR25/jaguar_odom/install/jaguar_odom:/home/gerardo/Projects/ROS/ws_moveit/install/moveit_configs_utils:/home/gerardo/Projects/ROS/ws_moveit/install/launch_param_builder:/opt/ros/humble /usr/bin/cmake --install /home/gerardo/Projects/Robotics/RescueRobot2025/RescueRobotTMR25/jaguar_odom/build/sllidar_ros2
[0.582s] DEBUG:colcon.colcon_core.event_handler.log_command:Invoked command in '/home/gerardo/Projects/Robotics/RescueRobot2025/RescueRobotTMR25/jaguar_odom/build/astra_camera_msgs' returned '0': CMAKE_PREFIX_PATH=${CMAKE_PREFIX_PATH}:/home/gerardo/Projects/Robotics/RescueRobot2025/RescueRobotTMR25/jaguar_odom/install/jaguar_odom:/home/gerardo/Projects/ROS/ws_moveit/install/moveit_configs_utils:/home/gerardo/Projects/ROS/ws_moveit/install/launch_param_builder:/opt/ros/humble /usr/bin/cmake --build /home/gerardo/Projects/Robotics/RescueRobot2025/RescueRobotTMR25/jaguar_odom/build/astra_camera_msgs -- -j16 -l16
[0.583s] DEBUG:colcon.colcon_core.event_handler.log_command:Invoking command in '/home/gerardo/Projects/Robotics/RescueRobot2025/RescueRobotTMR25/jaguar_odom/build/astra_camera_msgs': CMAKE_PREFIX_PATH=${CMAKE_PREFIX_PATH}:/home/gerardo/Projects/Robotics/RescueRobot2025/RescueRobotTMR25/jaguar_odom/install/jaguar_odom:/home/gerardo/Projects/ROS/ws_moveit/install/moveit_configs_utils:/home/gerardo/Projects/ROS/ws_moveit/install/launch_param_builder:/opt/ros/humble /usr/bin/cmake --install /home/gerardo/Projects/Robotics/RescueRobot2025/RescueRobotTMR25/jaguar_odom/build/astra_camera_msgs
[0.588s] Level 1:colcon.colcon_core.environment:create_environment_scripts_only(sllidar_ros2)
[0.589s] DEBUG:colcon.colcon_core.event_handler.log_command:Invoked command in '/home/gerardo/Projects/Robotics/RescueRobot2025/RescueRobotTMR25/jaguar_odom/build/sllidar_ros2' returned '0': CMAKE_PREFIX_PATH=${CMAKE_PREFIX_PATH}:/home/gerardo/Projects/Robotics/RescueRobot2025/RescueRobotTMR25/jaguar_odom/install/jaguar_odom:/home/gerardo/Projects/ROS/ws_moveit/install/moveit_configs_utils:/home/gerardo/Projects/ROS/ws_moveit/install/launch_param_builder:/opt/ros/humble /usr/bin/cmake --install /home/gerardo/Projects/Robotics/RescueRobot2025/RescueRobotTMR25/jaguar_odom/build/sllidar_ros2
[0.592s] Level 1:colcon.colcon_core.environment:checking '/home/gerardo/Projects/Robotics/RescueRobot2025/RescueRobotTMR25/jaguar_odom/install/sllidar_ros2' for CMake module files
[0.595s] Level 1:colcon.colcon_core.environment:checking '/home/gerardo/Projects/Robotics/RescueRobot2025/RescueRobotTMR25/jaguar_odom/install/sllidar_ros2' for CMake config files
[0.602s] Level 1:colcon.colcon_core.shell:create_environment_hook('sllidar_ros2', 'cmake_prefix_path')
[0.602s] INFO:colcon.colcon_core.shell:Creating environment hook '/home/gerardo/Projects/Robotics/RescueRobot2025/RescueRobotTMR25/jaguar_odom/install/sllidar_ros2/share/sllidar_ros2/hook/cmake_prefix_path.ps1'
[0.604s] INFO:colcon.colcon_core.shell:Creating environment descriptor '/home/gerardo/Projects/Robotics/RescueRobot2025/RescueRobotTMR25/jaguar_odom/install/sllidar_ros2/share/sllidar_ros2/hook/cmake_prefix_path.dsv'
[0.604s] INFO:colcon.colcon_core.shell:Creating environment hook '/home/gerardo/Projects/Robotics/RescueRobot2025/RescueRobotTMR25/jaguar_odom/install/sllidar_ros2/share/sllidar_ros2/hook/cmake_prefix_path.sh'
[0.605s] Level 1:colcon.colcon_core.environment:checking '/home/gerardo/Projects/Robotics/RescueRobot2025/RescueRobotTMR25/jaguar_odom/install/sllidar_ros2/lib'
[0.605s] Level 1:colcon.colcon_core.environment:checking '/home/gerardo/Projects/Robotics/RescueRobot2025/RescueRobotTMR25/jaguar_odom/install/sllidar_ros2/bin'
[0.605s] Level 1:colcon.colcon_core.environment:checking '/home/gerardo/Projects/Robotics/RescueRobot2025/RescueRobotTMR25/jaguar_odom/install/sllidar_ros2/lib/pkgconfig/sllidar_ros2.pc'
[0.605s] Level 1:colcon.colcon_core.environment:checking '/home/gerardo/Projects/Robotics/RescueRobot2025/RescueRobotTMR25/jaguar_odom/install/sllidar_ros2/lib/python3.10/site-packages'
[0.605s] Level 1:colcon.colcon_core.environment:checking '/home/gerardo/Projects/Robotics/RescueRobot2025/RescueRobotTMR25/jaguar_odom/install/sllidar_ros2/bin'
[0.606s] INFO:colcon.colcon_core.shell:Creating package script '/home/gerardo/Projects/Robotics/RescueRobot2025/RescueRobotTMR25/jaguar_odom/install/sllidar_ros2/share/sllidar_ros2/package.ps1'
[0.606s] INFO:colcon.colcon_core.shell:Creating package descriptor '/home/gerardo/Projects/Robotics/RescueRobot2025/RescueRobotTMR25/jaguar_odom/install/sllidar_ros2/share/sllidar_ros2/package.dsv'
[0.606s] INFO:colcon.colcon_core.shell:Creating package script '/home/gerardo/Projects/Robotics/RescueRobot2025/RescueRobotTMR25/jaguar_odom/install/sllidar_ros2/share/sllidar_ros2/package.sh'
[0.607s] INFO:colcon.colcon_core.shell:Creating package script '/home/gerardo/Projects/Robotics/RescueRobot2025/RescueRobotTMR25/jaguar_odom/install/sllidar_ros2/share/sllidar_ros2/package.bash'
[0.607s] INFO:colcon.colcon_core.shell:Creating package script '/home/gerardo/Projects/Robotics/RescueRobot2025/RescueRobotTMR25/jaguar_odom/install/sllidar_ros2/share/sllidar_ros2/package.zsh'
[0.608s] Level 1:colcon.colcon_core.environment:create_file_with_runtime_dependencies(/home/gerardo/Projects/Robotics/RescueRobot2025/RescueRobotTMR25/jaguar_odom/install/sllidar_ros2/share/colcon-core/packages/sllidar_ros2)
[0.608s] Level 1:colcon.colcon_core.environment:create_environment_scripts_only(sllidar_ros2)
[0.608s] Level 1:colcon.colcon_core.environment:checking '/home/gerardo/Projects/Robotics/RescueRobot2025/RescueRobotTMR25/jaguar_odom/install/sllidar_ros2' for CMake module files
[0.609s] Level 1:colcon.colcon_core.environment:checking '/home/gerardo/Projects/Robotics/RescueRobot2025/RescueRobotTMR25/jaguar_odom/install/sllidar_ros2' for CMake config files
[0.609s] Level 1:colcon.colcon_core.shell:create_environment_hook('sllidar_ros2', 'cmake_prefix_path')
[0.609s] INFO:colcon.colcon_core.shell:Creating environment hook '/home/gerardo/Projects/Robotics/RescueRobot2025/RescueRobotTMR25/jaguar_odom/install/sllidar_ros2/share/sllidar_ros2/hook/cmake_prefix_path.ps1'
[0.609s] INFO:colcon.colcon_core.shell:Creating environment descriptor '/home/gerardo/Projects/Robotics/RescueRobot2025/RescueRobotTMR25/jaguar_odom/install/sllidar_ros2/share/sllidar_ros2/hook/cmake_prefix_path.dsv'
[0.610s] INFO:colcon.colcon_core.shell:Creating environment hook '/home/gerardo/Projects/Robotics/RescueRobot2025/RescueRobotTMR25/jaguar_odom/install/sllidar_ros2/share/sllidar_ros2/hook/cmake_prefix_path.sh'
[0.610s] Level 1:colcon.colcon_core.environment:checking '/home/gerardo/Projects/Robotics/RescueRobot2025/RescueRobotTMR25/jaguar_odom/install/sllidar_ros2/lib'
[0.610s] Level 1:colcon.colcon_core.environment:checking '/home/gerardo/Projects/Robotics/RescueRobot2025/RescueRobotTMR25/jaguar_odom/install/sllidar_ros2/bin'
[0.610s] Level 1:colcon.colcon_core.environment:checking '/home/gerardo/Projects/Robotics/RescueRobot2025/RescueRobotTMR25/jaguar_odom/install/sllidar_ros2/lib/pkgconfig/sllidar_ros2.pc'
[0.610s] Level 1:colcon.colcon_core.environment:checking '/home/gerardo/Projects/Robotics/RescueRobot2025/RescueRobotTMR25/jaguar_odom/install/sllidar_ros2/lib/python3.10/site-packages'
[0.610s] Level 1:colcon.colcon_core.environment:checking '/home/gerardo/Projects/Robotics/RescueRobot2025/RescueRobotTMR25/jaguar_odom/install/sllidar_ros2/bin'
[0.611s] INFO:colcon.colcon_core.shell:Creating package script '/home/gerardo/Projects/Robotics/RescueRobot2025/RescueRobotTMR25/jaguar_odom/install/sllidar_ros2/share/sllidar_ros2/package.ps1'
[0.611s] INFO:colcon.colcon_core.shell:Creating package descriptor '/home/gerardo/Projects/Robotics/RescueRobot2025/RescueRobotTMR25/jaguar_odom/install/sllidar_ros2/share/sllidar_ros2/package.dsv'
[0.611s] INFO:colcon.colcon_core.shell:Creating package script '/home/gerardo/Projects/Robotics/RescueRobot2025/RescueRobotTMR25/jaguar_odom/install/sllidar_ros2/share/sllidar_ros2/package.sh'
[0.612s] INFO:colcon.colcon_core.shell:Creating package script '/home/gerardo/Projects/Robotics/RescueRobot2025/RescueRobotTMR25/jaguar_odom/install/sllidar_ros2/share/sllidar_ros2/package.bash'
[0.612s] INFO:colcon.colcon_core.shell:Creating package script '/home/gerardo/Projects/Robotics/RescueRobot2025/RescueRobotTMR25/jaguar_odom/install/sllidar_ros2/share/sllidar_ros2/package.zsh'
[0.612s] Level 1:colcon.colcon_core.environment:create_file_with_runtime_dependencies(/home/gerardo/Projects/Robotics/RescueRobot2025/RescueRobotTMR25/jaguar_odom/install/sllidar_ros2/share/colcon-core/packages/sllidar_ros2)
[0.634s] Level 1:colcon.colcon_core.environment:create_environment_scripts_only(astra_camera_msgs)
[0.634s] Level 1:colcon.colcon_core.environment:checking '/home/gerardo/Projects/Robotics/RescueRobot2025/RescueRobotTMR25/jaguar_odom/install/astra_camera_msgs' for CMake module files
[0.634s] DEBUG:colcon.colcon_core.event_handler.log_command:Invoked command in '/home/gerardo/Projects/Robotics/RescueRobot2025/RescueRobotTMR25/jaguar_odom/build/astra_camera_msgs' returned '0': CMAKE_PREFIX_PATH=${CMAKE_PREFIX_PATH}:/home/gerardo/Projects/Robotics/RescueRobot2025/RescueRobotTMR25/jaguar_odom/install/jaguar_odom:/home/gerardo/Projects/ROS/ws_moveit/install/moveit_configs_utils:/home/gerardo/Projects/ROS/ws_moveit/install/launch_param_builder:/opt/ros/humble /usr/bin/cmake --install /home/gerardo/Projects/Robotics/RescueRobot2025/RescueRobotTMR25/jaguar_odom/build/astra_camera_msgs
[0.635s] Level 1:colcon.colcon_core.environment:checking '/home/gerardo/Projects/Robotics/RescueRobot2025/RescueRobotTMR25/jaguar_odom/install/astra_camera_msgs' for CMake config files
[0.635s] Level 1:colcon.colcon_core.shell:create_environment_hook('astra_camera_msgs', 'cmake_prefix_path')
[0.635s] INFO:colcon.colcon_core.shell:Creating environment hook '/home/gerardo/Projects/Robotics/RescueRobot2025/RescueRobotTMR25/jaguar_odom/install/astra_camera_msgs/share/astra_camera_msgs/hook/cmake_prefix_path.ps1'
[0.635s] INFO:colcon.colcon_core.shell:Creating environment descriptor '/home/gerardo/Projects/Robotics/RescueRobot2025/RescueRobotTMR25/jaguar_odom/install/astra_camera_msgs/share/astra_camera_msgs/hook/cmake_prefix_path.dsv'
[0.636s] INFO:colcon.colcon_core.shell:Creating environment hook '/home/gerardo/Projects/Robotics/RescueRobot2025/RescueRobotTMR25/jaguar_odom/install/astra_camera_msgs/share/astra_camera_msgs/hook/cmake_prefix_path.sh'
[0.636s] Level 1:colcon.colcon_core.environment:checking '/home/gerardo/Projects/Robotics/RescueRobot2025/RescueRobotTMR25/jaguar_odom/install/astra_camera_msgs/lib'
[0.636s] Level 1:colcon.colcon_core.shell:create_environment_hook('astra_camera_msgs', 'ld_library_path_lib')
[0.636s] INFO:colcon.colcon_core.shell:Creating environment hook '/home/gerardo/Projects/Robotics/RescueRobot2025/RescueRobotTMR25/jaguar_odom/install/astra_camera_msgs/share/astra_camera_msgs/hook/ld_library_path_lib.ps1'
[0.636s] INFO:colcon.colcon_core.shell:Creating environment descriptor '/home/gerardo/Projects/Robotics/RescueRobot2025/RescueRobotTMR25/jaguar_odom/install/astra_camera_msgs/share/astra_camera_msgs/hook/ld_library_path_lib.dsv'
[0.637s] INFO:colcon.colcon_core.shell:Creating environment hook '/home/gerardo/Projects/Robotics/RescueRobot2025/RescueRobotTMR25/jaguar_odom/install/astra_camera_msgs/share/astra_camera_msgs/hook/ld_library_path_lib.sh'
[0.637s] Level 1:colcon.colcon_core.environment:checking '/home/gerardo/Projects/Robotics/RescueRobot2025/RescueRobotTMR25/jaguar_odom/install/astra_camera_msgs/bin'
[0.637s] Level 1:colcon.colcon_core.environment:checking '/home/gerardo/Projects/Robotics/RescueRobot2025/RescueRobotTMR25/jaguar_odom/install/astra_camera_msgs/lib/pkgconfig/astra_camera_msgs.pc'
[0.637s] Level 1:colcon.colcon_core.environment:checking '/home/gerardo/Projects/Robotics/RescueRobot2025/RescueRobotTMR25/jaguar_odom/install/astra_camera_msgs/lib/python3.10/site-packages'
[0.637s] Level 1:colcon.colcon_core.environment:checking '/home/gerardo/Projects/Robotics/RescueRobot2025/RescueRobotTMR25/jaguar_odom/install/astra_camera_msgs/bin'
[0.637s] INFO:colcon.colcon_core.shell:Creating package script '/home/gerardo/Projects/Robotics/RescueRobot2025/RescueRobotTMR25/jaguar_odom/install/astra_camera_msgs/share/astra_camera_msgs/package.ps1'
[0.638s] INFO:colcon.colcon_core.shell:Creating package descriptor '/home/gerardo/Projects/Robotics/RescueRobot2025/RescueRobotTMR25/jaguar_odom/install/astra_camera_msgs/share/astra_camera_msgs/package.dsv'
[0.638s] INFO:colcon.colcon_core.shell:Creating package script '/home/gerardo/Projects/Robotics/RescueRobot2025/RescueRobotTMR25/jaguar_odom/install/astra_camera_msgs/share/astra_camera_msgs/package.sh'
[0.638s] INFO:colcon.colcon_core.shell:Creating package script '/home/gerardo/Projects/Robotics/RescueRobot2025/RescueRobotTMR25/jaguar_odom/install/astra_camera_msgs/share/astra_camera_msgs/package.bash'
[0.639s] INFO:colcon.colcon_core.shell:Creating package script '/home/gerardo/Projects/Robotics/RescueRobot2025/RescueRobotTMR25/jaguar_odom/install/astra_camera_msgs/share/astra_camera_msgs/package.zsh'
[0.639s] Level 1:colcon.colcon_core.environment:create_file_with_runtime_dependencies(/home/gerardo/Projects/Robotics/RescueRobot2025/RescueRobotTMR25/jaguar_odom/install/astra_camera_msgs/share/colcon-core/packages/astra_camera_msgs)
[0.639s] Level 1:colcon.colcon_core.environment:create_environment_scripts_only(astra_camera_msgs)
[0.639s] Level 1:colcon.colcon_core.environment:checking '/home/gerardo/Projects/Robotics/RescueRobot2025/RescueRobotTMR25/jaguar_odom/install/astra_camera_msgs' for CMake module files
[0.640s] Level 1:colcon.colcon_core.environment:checking '/home/gerardo/Projects/Robotics/RescueRobot2025/RescueRobotTMR25/jaguar_odom/install/astra_camera_msgs' for CMake config files
[0.640s] Level 1:colcon.colcon_core.shell:create_environment_hook('astra_camera_msgs', 'cmake_prefix_path')
[0.640s] INFO:colcon.colcon_core.shell:Creating environment hook '/home/gerardo/Projects/Robotics/RescueRobot2025/RescueRobotTMR25/jaguar_odom/install/astra_camera_msgs/share/astra_camera_msgs/hook/cmake_prefix_path.ps1'
[0.640s] INFO:colcon.colcon_core.shell:Creating environment descriptor '/home/gerardo/Projects/Robotics/RescueRobot2025/RescueRobotTMR25/jaguar_odom/install/astra_camera_msgs/share/astra_camera_msgs/hook/cmake_prefix_path.dsv'
[0.641s] INFO:colcon.colcon_core.shell:Creating environment hook '/home/gerardo/Projects/Robotics/RescueRobot2025/RescueRobotTMR25/jaguar_odom/install/astra_camera_msgs/share/astra_camera_msgs/hook/cmake_prefix_path.sh'
[0.641s] Level 1:colcon.colcon_core.environment:checking '/home/gerardo/Projects/Robotics/RescueRobot2025/RescueRobotTMR25/jaguar_odom/install/astra_camera_msgs/lib'
[0.641s] Level 1:colcon.colcon_core.shell:create_environment_hook('astra_camera_msgs', 'ld_library_path_lib')
[0.641s] INFO:colcon.colcon_core.shell:Creating environment hook '/home/gerardo/Projects/Robotics/RescueRobot2025/RescueRobotTMR25/jaguar_odom/install/astra_camera_msgs/share/astra_camera_msgs/hook/ld_library_path_lib.ps1'
[0.641s] INFO:colcon.colcon_core.shell:Creating environment descriptor '/home/gerardo/Projects/Robotics/RescueRobot2025/RescueRobotTMR25/jaguar_odom/install/astra_camera_msgs/share/astra_camera_msgs/hook/ld_library_path_lib.dsv'
[0.642s] INFO:colcon.colcon_core.shell:Creating environment hook '/home/gerardo/Projects/Robotics/RescueRobot2025/RescueRobotTMR25/jaguar_odom/install/astra_camera_msgs/share/astra_camera_msgs/hook/ld_library_path_lib.sh'
[0.642s] Level 1:colcon.colcon_core.environment:checking '/home/gerardo/Projects/Robotics/RescueRobot2025/RescueRobotTMR25/jaguar_odom/install/astra_camera_msgs/bin'
[0.642s] Level 1:colcon.colcon_core.environment:checking '/home/gerardo/Projects/Robotics/RescueRobot2025/RescueRobotTMR25/jaguar_odom/install/astra_camera_msgs/lib/pkgconfig/astra_camera_msgs.pc'
[0.642s] Level 1:colcon.colcon_core.environment:checking '/home/gerardo/Projects/Robotics/RescueRobot2025/RescueRobotTMR25/jaguar_odom/install/astra_camera_msgs/lib/python3.10/site-packages'
[0.642s] Level 1:colcon.colcon_core.environment:checking '/home/gerardo/Projects/Robotics/RescueRobot2025/RescueRobotTMR25/jaguar_odom/install/astra_camera_msgs/bin'
[0.642s] INFO:colcon.colcon_core.shell:Creating package script '/home/gerardo/Projects/Robotics/RescueRobot2025/RescueRobotTMR25/jaguar_odom/install/astra_camera_msgs/share/astra_camera_msgs/package.ps1'
[0.643s] INFO:colcon.colcon_core.shell:Creating package descriptor '/home/gerardo/Projects/Robotics/RescueRobot2025/RescueRobotTMR25/jaguar_odom/install/astra_camera_msgs/share/astra_camera_msgs/package.dsv'
[0.643s] INFO:colcon.colcon_core.shell:Creating package script '/home/gerardo/Projects/Robotics/RescueRobot2025/RescueRobotTMR25/jaguar_odom/install/astra_camera_msgs/share/astra_camera_msgs/package.sh'
[0.643s] INFO:colcon.colcon_core.shell:Creating package script '/home/gerardo/Projects/Robotics/RescueRobot2025/RescueRobotTMR25/jaguar_odom/install/astra_camera_msgs/share/astra_camera_msgs/package.bash'
[0.644s] INFO:colcon.colcon_core.shell:Creating package script '/home/gerardo/Projects/Robotics/RescueRobot2025/RescueRobotTMR25/jaguar_odom/install/astra_camera_msgs/share/astra_camera_msgs/package.zsh'
[0.644s] Level 1:colcon.colcon_core.environment:create_file_with_runtime_dependencies(/home/gerardo/Projects/Robotics/RescueRobot2025/RescueRobotTMR25/jaguar_odom/install/astra_camera_msgs/share/colcon-core/packages/astra_camera_msgs)
[0.644s] INFO:colcon.colcon_ros.task.ament_cmake.build:Building ROS package in '/home/gerardo/Projects/Robotics/RescueRobot2025/RescueRobotTMR25/jaguar_odom/src/ros2_astra_camera/astra_camera' with build type 'ament_cmake'
[0.644s] INFO:colcon.colcon_cmake.task.cmake.build:Building CMake package in '/home/gerardo/Projects/Robotics/RescueRobot2025/RescueRobotTMR25/jaguar_odom/src/ros2_astra_camera/astra_camera'
[0.644s] INFO:colcon.colcon_core.shell:Skip shell extension 'powershell' for command environment: Not usable outside of PowerShell
[0.644s] DEBUG:colcon.colcon_core.shell:Skip shell extension 'dsv' for command environment
[0.660s] DEBUG:colcon.colcon_core.event_handler.log_command:Invoking command in '/home/gerardo/Projects/Robotics/RescueRobot2025/RescueRobotTMR25/jaguar_odom/build/astra_camera': CMAKE_PREFIX_PATH=/home/gerardo/Projects/Robotics/RescueRobot2025/RescueRobotTMR25/jaguar_odom/install/astra_camera_msgs:/home/gerardo/Projects/Robotics/RescueRobot2025/RescueRobotTMR25/jaguar_odom/install/sllidar_ros2:/home/gerardo/Projects/Robotics/RescueRobot2025/RescueRobotTMR25/jaguar_odom/install/astra_camera:/home/gerardo/Projects/ROS/ws_moveit/install/pilz_industrial_motion_planner_testutils:/home/gerardo/Projects/ROS/ws_moveit/install/moveit_runtime:/home/gerardo/Projects/ROS/ws_moveit/install/moveit2_tutorials:/home/gerardo/Projects/ROS/ws_moveit/install/moveit:/home/gerardo/Projects/ROS/ws_moveit/install/moveit_planners:/home/gerardo/Projects/ROS/ws_moveit/install/pilz_industrial_motion_planner:/home/gerardo/Projects/ROS/ws_moveit/install/moveit_visual_tools:/home/gerardo/Projects/ROS/ws_moveit/install/moveit_task_constructor_visualization:/home/gerardo/Projects/ROS/ws_moveit/install/moveit_task_constructor_demo:/home/gerardo/Projects/ROS/ws_moveit/install/moveit_task_constructor_capabilities:/home/gerardo/Projects/ROS/ws_moveit/install/moveit_task_constructor_core:/home/gerardo/Projects/ROS/ws_moveit/install/moveit_ros_control_interface:/home/gerardo/Projects/ROS/ws_moveit/install/moveit_plugins:/home/gerardo/Projects/ROS/ws_moveit/install/moveit_simple_controller_manager:/home/gerardo/Projects/ROS/ws_moveit/install/moveit_setup_assistant:/home/gerardo/Projects/ROS/ws_moveit/install/moveit_setup_srdf_plugins:/home/gerardo/Projects/ROS/ws_moveit/install/moveit_setup_core_plugins:/home/gerardo/Projects/ROS/ws_moveit/install/moveit_setup_controllers:/home/gerardo/Projects/ROS/ws_moveit/install/moveit_setup_app_plugins:/home/gerardo/Projects/ROS/ws_moveit/install/moveit_setup_framework:/home/gerardo/Projects/ROS/ws_moveit/install/moveit_servo:/home/gerardo/Projects/ROS/ws_moveit/install/moveit_ros:/home/gerardo/Projects/ROS/ws_moveit/install/moveit_ros_visualization:/home/gerardo/Projects/ROS/ws_moveit/install/moveit_hybrid_planning:/home/gerardo/Projects/ROS/ws_moveit/install/moveit_ros_planning_interface:/home/gerardo/Projects/ROS/ws_moveit/install/moveit_ros_benchmarks:/home/gerardo/Projects/ROS/ws_moveit/install/moveit_ros_warehouse:/home/gerardo/Projects/ROS/ws_moveit/install/moveit_ros_robot_interaction:/home/gerardo/Projects/ROS/ws_moveit/install/moveit_ros_perception:/home/gerardo/Projects/ROS/ws_moveit/install/moveit_resources_prbt_pg70_support:/home/gerardo/Projects/ROS/ws_moveit/install/moveit_resources_prbt_moveit_config:/home/gerardo/Projects/ROS/ws_moveit/install/moveit_ros_move_group:/home/gerardo/Projects/ROS/ws_moveit/install/moveit_planners_ompl:/home/gerardo/Projects/ROS/ws_moveit/install/moveit_ros_planning:/home/gerardo/Projects/ROS/ws_moveit/install/moveit_ros_occupancy_map_monitor:/home/gerardo/Projects/ROS/ws_moveit/install/moveit_resources_prbt_ikfast_manipulator_plugin:/home/gerardo/Projects/ROS/ws_moveit/install/moveit_planners_chomp:/home/gerardo/Projects/ROS/ws_moveit/install/moveit_kinematics:/home/gerardo/Projects/ROS/ws_moveit/install/moveit_chomp_optimizer_adapter:/home/gerardo/Projects/ROS/ws_moveit/install/chomp_motion_planner:/home/gerardo/Projects/ROS/ws_moveit/install/moveit_core:/home/gerardo/Projects/ROS/ws_moveit/install/srdfdom:/home/gerardo/Projects/ROS/ws_moveit/install/rviz_marker_tools:/home/gerardo/Projects/ROS/ws_moveit/install/rosparam_shortcuts:/home/gerardo/Projects/ROS/ws_moveit/install/moveit_task_constructor_msgs:/home/gerardo/Projects/ROS/ws_moveit/install/moveit_resources_prbt_support:/home/gerardo/Projects/ROS/ws_moveit/install/moveit_resources:/home/gerardo/Projects/ROS/ws_moveit/install/moveit_resources_pr2_description:/home/gerardo/Projects/ROS/ws_moveit/install/moveit_resources_panda_moveit_config:/home/gerardo/Projects/ROS/ws_moveit/install/moveit_resources_panda_description:/home/gerardo/Projects/ROS/ws_moveit/install/moveit_resources_fanuc_moveit_config:/home/gerardo/Projects/ROS/ws_moveit/install/moveit_resources_fanuc_description:/home/gerardo/Projects/ROS/ws_moveit/install/moveit_common:/home/gerardo/Projects/Robotics/RescueRobot2025/RescueRobotTMR25/jaguar_odom/install/jaguar_odom:/home/gerardo/Projects/ROS/ws_moveit/install/moveit_configs_utils:/home/gerardo/Projects/ROS/ws_moveit/install/launch_param_builder:/opt/ros/humble LD_LIBRARY_PATH=/home/gerardo/Projects/Robotics/RescueRobot2025/RescueRobotTMR25/jaguar_odom/install/astra_camera_msgs/lib:/home/gerardo/Projects/Robotics/RescueRobot2025/RescueRobotTMR25/jaguar_odom/install/astra_camera/lib:/home/gerardo/Projects/ROS/ws_moveit/install/pilz_industrial_motion_planner_testutils/lib:/home/gerardo/Projects/ROS/ws_moveit/install/pilz_industrial_motion_planner/lib:/home/gerardo/Projects/ROS/ws_moveit/install/moveit_visual_tools/lib:/home/gerardo/Projects/ROS/ws_moveit/install/moveit_task_constructor_visualization/lib:/home/gerardo/Projects/ROS/ws_moveit/install/moveit_task_constructor_demo/lib:/home/gerardo/Projects/ROS/ws_moveit/install/moveit_task_constructor_capabilities/lib:/home/gerardo/Projects/ROS/ws_moveit/install/moveit_task_constructor_core/lib:/home/gerardo/Projects/ROS/ws_moveit/install/moveit_ros_control_interface/lib:/home/gerardo/Projects/ROS/ws_moveit/install/moveit_simple_controller_manager/lib:/home/gerardo/Projects/ROS/ws_moveit/install/moveit_setup_assistant/lib:/home/gerardo/Projects/ROS/ws_moveit/install/moveit_setup_srdf_plugins/lib:/home/gerardo/Projects/ROS/ws_moveit/install/moveit_setup_core_plugins/lib:/home/gerardo/Projects/ROS/ws_moveit/install/moveit_setup_controllers/lib:/home/gerardo/Projects/ROS/ws_moveit/install/moveit_setup_app_plugins/lib:/home/gerardo/Projects/ROS/ws_moveit/install/moveit_setup_framework/lib:/home/gerardo/Projects/ROS/ws_moveit/install/moveit_servo/lib:/home/gerardo/Projects/ROS/ws_moveit/install/moveit_ros_visualization/lib:/home/gerardo/Projects/ROS/ws_moveit/install/moveit_hybrid_planning/lib:/home/gerardo/Projects/ROS/ws_moveit/install/moveit_ros_planning_interface/lib:/home/gerardo/Projects/ROS/ws_moveit/install/moveit_ros_benchmarks/lib:/home/gerardo/Projects/ROS/ws_moveit/install/moveit_ros_warehouse/lib:/home/gerardo/Projects/ROS/ws_moveit/install/moveit_ros_robot_interaction/lib:/home/gerardo/Projects/ROS/ws_moveit/install/moveit_ros_perception/lib:/home/gerardo/Projects/ROS/ws_moveit/install/moveit_ros_move_group/lib:/home/gerardo/Projects/ROS/ws_moveit/install/moveit_planners_ompl/lib:/home/gerardo/Projects/ROS/ws_moveit/install/moveit_ros_planning/lib:/home/gerardo/Projects/ROS/ws_moveit/install/moveit_ros_occupancy_map_monitor/lib:/home/gerardo/Projects/ROS/ws_moveit/install/moveit_resources_prbt_ikfast_manipulator_plugin/lib:/home/gerardo/Projects/ROS/ws_moveit/install/moveit_planners_chomp/lib:/home/gerardo/Projects/ROS/ws_moveit/install/moveit_kinematics/lib:/home/gerardo/Projects/ROS/ws_moveit/install/moveit_chomp_optimizer_adapter/lib:/home/gerardo/Projects/ROS/ws_moveit/install/chomp_motion_planner/lib:/home/gerardo/Projects/ROS/ws_moveit/install/moveit_core/lib:/home/gerardo/Projects/ROS/ws_moveit/install/srdfdom/lib:/home/gerardo/Projects/ROS/ws_moveit/install/rviz_marker_tools/lib:/home/gerardo/Projects/ROS/ws_moveit/install/rosparam_shortcuts/lib:/home/gerardo/Projects/ROS/ws_moveit/install/moveit_task_constructor_msgs/lib:/usr/local/cuda-12.8/lib64:/usr/lib/x86_64-linux-gnu/gazebo-11/plugins:/opt/ros/humble/opt/rviz_ogre_vendor/lib:/opt/ros/humble/lib/x86_64-linux-gnu:/opt/ros/humble/lib /usr/bin/cmake --build /home/gerardo/Projects/Robotics/RescueRobot2025/RescueRobotTMR25/jaguar_odom/build/astra_camera -- -j16 -l16
[0.804s] DEBUG:colcon.colcon_core.event_handler.log_command:Invoked command in '/home/gerardo/Projects/Robotics/RescueRobot2025/RescueRobotTMR25/jaguar_odom/build/astra_camera' returned '0': CMAKE_PREFIX_PATH=/home/gerardo/Projects/Robotics/RescueRobot2025/RescueRobotTMR25/jaguar_odom/install/astra_camera_msgs:/home/gerardo/Projects/Robotics/RescueRobot2025/RescueRobotTMR25/jaguar_odom/install/sllidar_ros2:/home/gerardo/Projects/Robotics/RescueRobot2025/RescueRobotTMR25/jaguar_odom/install/astra_camera:/home/gerardo/Projects/ROS/ws_moveit/install/pilz_industrial_motion_planner_testutils:/home/gerardo/Projects/ROS/ws_moveit/install/moveit_runtime:/home/gerardo/Projects/ROS/ws_moveit/install/moveit2_tutorials:/home/gerardo/Projects/ROS/ws_moveit/install/moveit:/home/gerardo/Projects/ROS/ws_moveit/install/moveit_planners:/home/gerardo/Projects/ROS/ws_moveit/install/pilz_industrial_motion_planner:/home/gerardo/Projects/ROS/ws_moveit/install/moveit_visual_tools:/home/gerardo/Projects/ROS/ws_moveit/install/moveit_task_constructor_visualization:/home/gerardo/Projects/ROS/ws_moveit/install/moveit_task_constructor_demo:/home/gerardo/Projects/ROS/ws_moveit/install/moveit_task_constructor_capabilities:/home/gerardo/Projects/ROS/ws_moveit/install/moveit_task_constructor_core:/home/gerardo/Projects/ROS/ws_moveit/install/moveit_ros_control_interface:/home/gerardo/Projects/ROS/ws_moveit/install/moveit_plugins:/home/gerardo/Projects/ROS/ws_moveit/install/moveit_simple_controller_manager:/home/gerardo/Projects/ROS/ws_moveit/install/moveit_setup_assistant:/home/gerardo/Projects/ROS/ws_moveit/install/moveit_setup_srdf_plugins:/home/gerardo/Projects/ROS/ws_moveit/install/moveit_setup_core_plugins:/home/gerardo/Projects/ROS/ws_moveit/install/moveit_setup_controllers:/home/gerardo/Projects/ROS/ws_moveit/install/moveit_setup_app_plugins:/home/gerardo/Projects/ROS/ws_moveit/install/moveit_setup_framework:/home/gerardo/Projects/ROS/ws_moveit/install/moveit_servo:/home/gerardo/Projects/ROS/ws_moveit/install/moveit_ros:/home/gerardo/Projects/ROS/ws_moveit/install/moveit_ros_visualization:/home/gerardo/Projects/ROS/ws_moveit/install/moveit_hybrid_planning:/home/gerardo/Projects/ROS/ws_moveit/install/moveit_ros_planning_interface:/home/gerardo/Projects/ROS/ws_moveit/install/moveit_ros_benchmarks:/home/gerardo/Projects/ROS/ws_moveit/install/moveit_ros_warehouse:/home/gerardo/Projects/ROS/ws_moveit/install/moveit_ros_robot_interaction:/home/gerardo/Projects/ROS/ws_moveit/install/moveit_ros_perception:/home/gerardo/Projects/ROS/ws_moveit/install/moveit_resources_prbt_pg70_support:/home/gerardo/Projects/ROS/ws_moveit/install/moveit_resources_prbt_moveit_config:/home/gerardo/Projects/ROS/ws_moveit/install/moveit_ros_move_group:/home/gerardo/Projects/ROS/ws_moveit/install/moveit_planners_ompl:/home/gerardo/Projects/ROS/ws_moveit/install/moveit_ros_planning:/home/gerardo/Projects/ROS/ws_moveit/install/moveit_ros_occupancy_map_monitor:/home/gerardo/Projects/ROS/ws_moveit/install/moveit_resources_prbt_ikfast_manipulator_plugin:/home/gerardo/Projects/ROS/ws_moveit/install/moveit_planners_chomp:/home/gerardo/Projects/ROS/ws_moveit/install/moveit_kinematics:/home/gerardo/Projects/ROS/ws_moveit/install/moveit_chomp_optimizer_adapter:/home/gerardo/Projects/ROS/ws_moveit/install/chomp_motion_planner:/home/gerardo/Projects/ROS/ws_moveit/install/moveit_core:/home/gerardo/Projects/ROS/ws_moveit/install/srdfdom:/home/gerardo/Projects/ROS/ws_moveit/install/rviz_marker_tools:/home/gerardo/Projects/ROS/ws_moveit/install/rosparam_shortcuts:/home/gerardo/Projects/ROS/ws_moveit/install/moveit_task_constructor_msgs:/home/gerardo/Projects/ROS/ws_moveit/install/moveit_resources_prbt_support:/home/gerardo/Projects/ROS/ws_moveit/install/moveit_resources:/home/gerardo/Projects/ROS/ws_moveit/install/moveit_resources_pr2_description:/home/gerardo/Projects/ROS/ws_moveit/install/moveit_resources_panda_moveit_config:/home/gerardo/Projects/ROS/ws_moveit/install/moveit_resources_panda_description:/home/gerardo/Projects/ROS/ws_moveit/install/moveit_resources_fanuc_moveit_config:/home/gerardo/Projects/ROS/ws_moveit/install/moveit_resources_fanuc_description:/home/gerardo/Projects/ROS/ws_moveit/install/moveit_common:/home/gerardo/Projects/Robotics/RescueRobot2025/RescueRobotTMR25/jaguar_odom/install/jaguar_odom:/home/gerardo/Projects/ROS/ws_moveit/install/moveit_configs_utils:/home/gerardo/Projects/ROS/ws_moveit/install/launch_param_builder:/opt/ros/humble LD_LIBRARY_PATH=/home/gerardo/Projects/Robotics/RescueRobot2025/RescueRobotTMR25/jaguar_odom/install/astra_camera_msgs/lib:/home/gerardo/Projects/Robotics/RescueRobot2025/RescueRobotTMR25/jaguar_odom/install/astra_camera/lib:/home/gerardo/Projects/ROS/ws_moveit/install/pilz_industrial_motion_planner_testutils/lib:/home/gerardo/Projects/ROS/ws_moveit/install/pilz_industrial_motion_planner/lib:/home/gerardo/Projects/ROS/ws_moveit/install/moveit_visual_tools/lib:/home/gerardo/Projects/ROS/ws_moveit/install/moveit_task_constructor_visualization/lib:/home/gerardo/Projects/ROS/ws_moveit/install/moveit_task_constructor_demo/lib:/home/gerardo/Projects/ROS/ws_moveit/install/moveit_task_constructor_capabilities/lib:/home/gerardo/Projects/ROS/ws_moveit/install/moveit_task_constructor_core/lib:/home/gerardo/Projects/ROS/ws_moveit/install/moveit_ros_control_interface/lib:/home/gerardo/Projects/ROS/ws_moveit/install/moveit_simple_controller_manager/lib:/home/gerardo/Projects/ROS/ws_moveit/install/moveit_setup_assistant/lib:/home/gerardo/Projects/ROS/ws_moveit/install/moveit_setup_srdf_plugins/lib:/home/gerardo/Projects/ROS/ws_moveit/install/moveit_setup_core_plugins/lib:/home/gerardo/Projects/ROS/ws_moveit/install/moveit_setup_controllers/lib:/home/gerardo/Projects/ROS/ws_moveit/install/moveit_setup_app_plugins/lib:/home/gerardo/Projects/ROS/ws_moveit/install/moveit_setup_framework/lib:/home/gerardo/Projects/ROS/ws_moveit/install/moveit_servo/lib:/home/gerardo/Projects/ROS/ws_moveit/install/moveit_ros_visualization/lib:/home/gerardo/Projects/ROS/ws_moveit/install/moveit_hybrid_planning/lib:/home/gerardo/Projects/ROS/ws_moveit/install/moveit_ros_planning_interface/lib:/home/gerardo/Projects/ROS/ws_moveit/install/moveit_ros_benchmarks/lib:/home/gerardo/Projects/ROS/ws_moveit/install/moveit_ros_warehouse/lib:/home/gerardo/Projects/ROS/ws_moveit/install/moveit_ros_robot_interaction/lib:/home/gerardo/Projects/ROS/ws_moveit/install/moveit_ros_perception/lib:/home/gerardo/Projects/ROS/ws_moveit/install/moveit_ros_move_group/lib:/home/gerardo/Projects/ROS/ws_moveit/install/moveit_planners_ompl/lib:/home/gerardo/Projects/ROS/ws_moveit/install/moveit_ros_planning/lib:/home/gerardo/Projects/ROS/ws_moveit/install/moveit_ros_occupancy_map_monitor/lib:/home/gerardo/Projects/ROS/ws_moveit/install/moveit_resources_prbt_ikfast_manipulator_plugin/lib:/home/gerardo/Projects/ROS/ws_moveit/install/moveit_planners_chomp/lib:/home/gerardo/Projects/ROS/ws_moveit/install/moveit_kinematics/lib:/home/gerardo/Projects/ROS/ws_moveit/install/moveit_chomp_optimizer_adapter/lib:/home/gerardo/Projects/ROS/ws_moveit/install/chomp_motion_planner/lib:/home/gerardo/Projects/ROS/ws_moveit/install/moveit_core/lib:/home/gerardo/Projects/ROS/ws_moveit/install/srdfdom/lib:/home/gerardo/Projects/ROS/ws_moveit/install/rviz_marker_tools/lib:/home/gerardo/Projects/ROS/ws_moveit/install/rosparam_shortcuts/lib:/home/gerardo/Projects/ROS/ws_moveit/install/moveit_task_constructor_msgs/lib:/usr/local/cuda-12.8/lib64:/usr/lib/x86_64-linux-gnu/gazebo-11/plugins:/opt/ros/humble/opt/rviz_ogre_vendor/lib:/opt/ros/humble/lib/x86_64-linux-gnu:/opt/ros/humble/lib /usr/bin/cmake --build /home/gerardo/Projects/Robotics/RescueRobot2025/RescueRobotTMR25/jaguar_odom/build/astra_camera -- -j16 -l16
[0.805s] DEBUG:colcon.colcon_core.event_handler.log_command:Invoking command in '/home/gerardo/Projects/Robotics/RescueRobot2025/RescueRobotTMR25/jaguar_odom/build/astra_camera': CMAKE_PREFIX_PATH=/home/gerardo/Projects/Robotics/RescueRobot2025/RescueRobotTMR25/jaguar_odom/install/astra_camera_msgs:/home/gerardo/Projects/Robotics/RescueRobot2025/RescueRobotTMR25/jaguar_odom/install/sllidar_ros2:/home/gerardo/Projects/Robotics/RescueRobot2025/RescueRobotTMR25/jaguar_odom/install/astra_camera:/home/gerardo/Projects/ROS/ws_moveit/install/pilz_industrial_motion_planner_testutils:/home/gerardo/Projects/ROS/ws_moveit/install/moveit_runtime:/home/gerardo/Projects/ROS/ws_moveit/install/moveit2_tutorials:/home/gerardo/Projects/ROS/ws_moveit/install/moveit:/home/gerardo/Projects/ROS/ws_moveit/install/moveit_planners:/home/gerardo/Projects/ROS/ws_moveit/install/pilz_industrial_motion_planner:/home/gerardo/Projects/ROS/ws_moveit/install/moveit_visual_tools:/home/gerardo/Projects/ROS/ws_moveit/install/moveit_task_constructor_visualization:/home/gerardo/Projects/ROS/ws_moveit/install/moveit_task_constructor_demo:/home/gerardo/Projects/ROS/ws_moveit/install/moveit_task_constructor_capabilities:/home/gerardo/Projects/ROS/ws_moveit/install/moveit_task_constructor_core:/home/gerardo/Projects/ROS/ws_moveit/install/moveit_ros_control_interface:/home/gerardo/Projects/ROS/ws_moveit/install/moveit_plugins:/home/gerardo/Projects/ROS/ws_moveit/install/moveit_simple_controller_manager:/home/gerardo/Projects/ROS/ws_moveit/install/moveit_setup_assistant:/home/gerardo/Projects/ROS/ws_moveit/install/moveit_setup_srdf_plugins:/home/gerardo/Projects/ROS/ws_moveit/install/moveit_setup_core_plugins:/home/gerardo/Projects/ROS/ws_moveit/install/moveit_setup_controllers:/home/gerardo/Projects/ROS/ws_moveit/install/moveit_setup_app_plugins:/home/gerardo/Projects/ROS/ws_moveit/install/moveit_setup_framework:/home/gerardo/Projects/ROS/ws_moveit/install/moveit_servo:/home/gerardo/Projects/ROS/ws_moveit/install/moveit_ros:/home/gerardo/Projects/ROS/ws_moveit/install/moveit_ros_visualization:/home/gerardo/Projects/ROS/ws_moveit/install/moveit_hybrid_planning:/home/gerardo/Projects/ROS/ws_moveit/install/moveit_ros_planning_interface:/home/gerardo/Projects/ROS/ws_moveit/install/moveit_ros_benchmarks:/home/gerardo/Projects/ROS/ws_moveit/install/moveit_ros_warehouse:/home/gerardo/Projects/ROS/ws_moveit/install/moveit_ros_robot_interaction:/home/gerardo/Projects/ROS/ws_moveit/install/moveit_ros_perception:/home/gerardo/Projects/ROS/ws_moveit/install/moveit_resources_prbt_pg70_support:/home/gerardo/Projects/ROS/ws_moveit/install/moveit_resources_prbt_moveit_config:/home/gerardo/Projects/ROS/ws_moveit/install/moveit_ros_move_group:/home/gerardo/Projects/ROS/ws_moveit/install/moveit_planners_ompl:/home/gerardo/Projects/ROS/ws_moveit/install/moveit_ros_planning:/home/gerardo/Projects/ROS/ws_moveit/install/moveit_ros_occupancy_map_monitor:/home/gerardo/Projects/ROS/ws_moveit/install/moveit_resources_prbt_ikfast_manipulator_plugin:/home/gerardo/Projects/ROS/ws_moveit/install/moveit_planners_chomp:/home/gerardo/Projects/ROS/ws_moveit/install/moveit_kinematics:/home/gerardo/Projects/ROS/ws_moveit/install/moveit_chomp_optimizer_adapter:/home/gerardo/Projects/ROS/ws_moveit/install/chomp_motion_planner:/home/gerardo/Projects/ROS/ws_moveit/install/moveit_core:/home/gerardo/Projects/ROS/ws_moveit/install/srdfdom:/home/gerardo/Projects/ROS/ws_moveit/install/rviz_marker_tools:/home/gerardo/Projects/ROS/ws_moveit/install/rosparam_shortcuts:/home/gerardo/Projects/ROS/ws_moveit/install/moveit_task_constructor_msgs:/home/gerardo/Projects/ROS/ws_moveit/install/moveit_resources_prbt_support:/home/gerardo/Projects/ROS/ws_moveit/install/moveit_resources:/home/gerardo/Projects/ROS/ws_moveit/install/moveit_resources_pr2_description:/home/gerardo/Projects/ROS/ws_moveit/install/moveit_resources_panda_moveit_config:/home/gerardo/Projects/ROS/ws_moveit/install/moveit_resources_panda_description:/home/gerardo/Projects/ROS/ws_moveit/install/moveit_resources_fanuc_moveit_config:/home/gerardo/Projects/ROS/ws_moveit/install/moveit_resources_fanuc_description:/home/gerardo/Projects/ROS/ws_moveit/install/moveit_common:/home/gerardo/Projects/Robotics/RescueRobot2025/RescueRobotTMR25/jaguar_odom/install/jaguar_odom:/home/gerardo/Projects/ROS/ws_moveit/install/moveit_configs_utils:/home/gerardo/Projects/ROS/ws_moveit/install/launch_param_builder:/opt/ros/humble LD_LIBRARY_PATH=/home/gerardo/Projects/Robotics/RescueRobot2025/RescueRobotTMR25/jaguar_odom/install/astra_camera_msgs/lib:/home/gerardo/Projects/Robotics/RescueRobot2025/RescueRobotTMR25/jaguar_odom/install/astra_camera/lib:/home/gerardo/Projects/ROS/ws_moveit/install/pilz_industrial_motion_planner_testutils/lib:/home/gerardo/Projects/ROS/ws_moveit/install/pilz_industrial_motion_planner/lib:/home/gerardo/Projects/ROS/ws_moveit/install/moveit_visual_tools/lib:/home/gerardo/Projects/ROS/ws_moveit/install/moveit_task_constructor_visualization/lib:/home/gerardo/Projects/ROS/ws_moveit/install/moveit_task_constructor_demo/lib:/home/gerardo/Projects/ROS/ws_moveit/install/moveit_task_constructor_capabilities/lib:/home/gerardo/Projects/ROS/ws_moveit/install/moveit_task_constructor_core/lib:/home/gerardo/Projects/ROS/ws_moveit/install/moveit_ros_control_interface/lib:/home/gerardo/Projects/ROS/ws_moveit/install/moveit_simple_controller_manager/lib:/home/gerardo/Projects/ROS/ws_moveit/install/moveit_setup_assistant/lib:/home/gerardo/Projects/ROS/ws_moveit/install/moveit_setup_srdf_plugins/lib:/home/gerardo/Projects/ROS/ws_moveit/install/moveit_setup_core_plugins/lib:/home/gerardo/Projects/ROS/ws_moveit/install/moveit_setup_controllers/lib:/home/gerardo/Projects/ROS/ws_moveit/install/moveit_setup_app_plugins/lib:/home/gerardo/Projects/ROS/ws_moveit/install/moveit_setup_framework/lib:/home/gerardo/Projects/ROS/ws_moveit/install/moveit_servo/lib:/home/gerardo/Projects/ROS/ws_moveit/install/moveit_ros_visualization/lib:/home/gerardo/Projects/ROS/ws_moveit/install/moveit_hybrid_planning/lib:/home/gerardo/Projects/ROS/ws_moveit/install/moveit_ros_planning_interface/lib:/home/gerardo/Projects/ROS/ws_moveit/install/moveit_ros_benchmarks/lib:/home/gerardo/Projects/ROS/ws_moveit/install/moveit_ros_warehouse/lib:/home/gerardo/Projects/ROS/ws_moveit/install/moveit_ros_robot_interaction/lib:/home/gerardo/Projects/ROS/ws_moveit/install/moveit_ros_perception/lib:/home/gerardo/Projects/ROS/ws_moveit/install/moveit_ros_move_group/lib:/home/gerardo/Projects/ROS/ws_moveit/install/moveit_planners_ompl/lib:/home/gerardo/Projects/ROS/ws_moveit/install/moveit_ros_planning/lib:/home/gerardo/Projects/ROS/ws_moveit/install/moveit_ros_occupancy_map_monitor/lib:/home/gerardo/Projects/ROS/ws_moveit/install/moveit_resources_prbt_ikfast_manipulator_plugin/lib:/home/gerardo/Projects/ROS/ws_moveit/install/moveit_planners_chomp/lib:/home/gerardo/Projects/ROS/ws_moveit/install/moveit_kinematics/lib:/home/gerardo/Projects/ROS/ws_moveit/install/moveit_chomp_optimizer_adapter/lib:/home/gerardo/Projects/ROS/ws_moveit/install/chomp_motion_planner/lib:/home/gerardo/Projects/ROS/ws_moveit/install/moveit_core/lib:/home/gerardo/Projects/ROS/ws_moveit/install/srdfdom/lib:/home/gerardo/Projects/ROS/ws_moveit/install/rviz_marker_tools/lib:/home/gerardo/Projects/ROS/ws_moveit/install/rosparam_shortcuts/lib:/home/gerardo/Projects/ROS/ws_moveit/install/moveit_task_constructor_msgs/lib:/usr/local/cuda-12.8/lib64:/usr/lib/x86_64-linux-gnu/gazebo-11/plugins:/opt/ros/humble/opt/rviz_ogre_vendor/lib:/opt/ros/humble/lib/x86_64-linux-gnu:/opt/ros/humble/lib /usr/bin/cmake --install /home/gerardo/Projects/Robotics/RescueRobot2025/RescueRobotTMR25/jaguar_odom/build/astra_camera
[0.818s] Level 1:colcon.colcon_core.environment:create_environment_scripts_only(astra_camera)
[0.819s] Level 1:colcon.colcon_core.environment:checking '/home/gerardo/Projects/Robotics/RescueRobot2025/RescueRobotTMR25/jaguar_odom/install/astra_camera' for CMake module files
[0.820s] DEBUG:colcon.colcon_core.event_handler.log_command:Invoked command in '/home/gerardo/Projects/Robotics/RescueRobot2025/RescueRobotTMR25/jaguar_odom/build/astra_camera' returned '0': CMAKE_PREFIX_PATH=/home/gerardo/Projects/Robotics/RescueRobot2025/RescueRobotTMR25/jaguar_odom/install/astra_camera_msgs:/home/gerardo/Projects/Robotics/RescueRobot2025/RescueRobotTMR25/jaguar_odom/install/sllidar_ros2:/home/gerardo/Projects/Robotics/RescueRobot2025/RescueRobotTMR25/jaguar_odom/install/astra_camera:/home/gerardo/Projects/ROS/ws_moveit/install/pilz_industrial_motion_planner_testutils:/home/gerardo/Projects/ROS/ws_moveit/install/moveit_runtime:/home/gerardo/Projects/ROS/ws_moveit/install/moveit2_tutorials:/home/gerardo/Projects/ROS/ws_moveit/install/moveit:/home/gerardo/Projects/ROS/ws_moveit/install/moveit_planners:/home/gerardo/Projects/ROS/ws_moveit/install/pilz_industrial_motion_planner:/home/gerardo/Projects/ROS/ws_moveit/install/moveit_visual_tools:/home/gerardo/Projects/ROS/ws_moveit/install/moveit_task_constructor_visualization:/home/gerardo/Projects/ROS/ws_moveit/install/moveit_task_constructor_demo:/home/gerardo/Projects/ROS/ws_moveit/install/moveit_task_constructor_capabilities:/home/gerardo/Projects/ROS/ws_moveit/install/moveit_task_constructor_core:/home/gerardo/Projects/ROS/ws_moveit/install/moveit_ros_control_interface:/home/gerardo/Projects/ROS/ws_moveit/install/moveit_plugins:/home/gerardo/Projects/ROS/ws_moveit/install/moveit_simple_controller_manager:/home/gerardo/Projects/ROS/ws_moveit/install/moveit_setup_assistant:/home/gerardo/Projects/ROS/ws_moveit/install/moveit_setup_srdf_plugins:/home/gerardo/Projects/ROS/ws_moveit/install/moveit_setup_core_plugins:/home/gerardo/Projects/ROS/ws_moveit/install/moveit_setup_controllers:/home/gerardo/Projects/ROS/ws_moveit/install/moveit_setup_app_plugins:/home/gerardo/Projects/ROS/ws_moveit/install/moveit_setup_framework:/home/gerardo/Projects/ROS/ws_moveit/install/moveit_servo:/home/gerardo/Projects/ROS/ws_moveit/install/moveit_ros:/home/gerardo/Projects/ROS/ws_moveit/install/moveit_ros_visualization:/home/gerardo/Projects/ROS/ws_moveit/install/moveit_hybrid_planning:/home/gerardo/Projects/ROS/ws_moveit/install/moveit_ros_planning_interface:/home/gerardo/Projects/ROS/ws_moveit/install/moveit_ros_benchmarks:/home/gerardo/Projects/ROS/ws_moveit/install/moveit_ros_warehouse:/home/gerardo/Projects/ROS/ws_moveit/install/moveit_ros_robot_interaction:/home/gerardo/Projects/ROS/ws_moveit/install/moveit_ros_perception:/home/gerardo/Projects/ROS/ws_moveit/install/moveit_resources_prbt_pg70_support:/home/gerardo/Projects/ROS/ws_moveit/install/moveit_resources_prbt_moveit_config:/home/gerardo/Projects/ROS/ws_moveit/install/moveit_ros_move_group:/home/gerardo/Projects/ROS/ws_moveit/install/moveit_planners_ompl:/home/gerardo/Projects/ROS/ws_moveit/install/moveit_ros_planning:/home/gerardo/Projects/ROS/ws_moveit/install/moveit_ros_occupancy_map_monitor:/home/gerardo/Projects/ROS/ws_moveit/install/moveit_resources_prbt_ikfast_manipulator_plugin:/home/gerardo/Projects/ROS/ws_moveit/install/moveit_planners_chomp:/home/gerardo/Projects/ROS/ws_moveit/install/moveit_kinematics:/home/gerardo/Projects/ROS/ws_moveit/install/moveit_chomp_optimizer_adapter:/home/gerardo/Projects/ROS/ws_moveit/install/chomp_motion_planner:/home/gerardo/Projects/ROS/ws_moveit/install/moveit_core:/home/gerardo/Projects/ROS/ws_moveit/install/srdfdom:/home/gerardo/Projects/ROS/ws_moveit/install/rviz_marker_tools:/home/gerardo/Projects/ROS/ws_moveit/install/rosparam_shortcuts:/home/gerardo/Projects/ROS/ws_moveit/install/moveit_task_constructor_msgs:/home/gerardo/Projects/ROS/ws_moveit/install/moveit_resources_prbt_support:/home/gerardo/Projects/ROS/ws_moveit/install/moveit_resources:/home/gerardo/Projects/ROS/ws_moveit/install/moveit_resources_pr2_description:/home/gerardo/Projects/ROS/ws_moveit/install/moveit_resources_panda_moveit_config:/home/gerardo/Projects/ROS/ws_moveit/install/moveit_resources_panda_description:/home/gerardo/Projects/ROS/ws_moveit/install/moveit_resources_fanuc_moveit_config:/home/gerardo/Projects/ROS/ws_moveit/install/moveit_resources_fanuc_description:/home/gerardo/Projects/ROS/ws_moveit/install/moveit_common:/home/gerardo/Projects/Robotics/RescueRobot2025/RescueRobotTMR25/jaguar_odom/install/jaguar_odom:/home/gerardo/Projects/ROS/ws_moveit/install/moveit_configs_utils:/home/gerardo/Projects/ROS/ws_moveit/install/launch_param_builder:/opt/ros/humble LD_LIBRARY_PATH=/home/gerardo/Projects/Robotics/RescueRobot2025/RescueRobotTMR25/jaguar_odom/install/astra_camera_msgs/lib:/home/gerardo/Projects/Robotics/RescueRobot2025/RescueRobotTMR25/jaguar_odom/install/astra_camera/lib:/home/gerardo/Projects/ROS/ws_moveit/install/pilz_industrial_motion_planner_testutils/lib:/home/gerardo/Projects/ROS/ws_moveit/install/pilz_industrial_motion_planner/lib:/home/gerardo/Projects/ROS/ws_moveit/install/moveit_visual_tools/lib:/home/gerardo/Projects/ROS/ws_moveit/install/moveit_task_constructor_visualization/lib:/home/gerardo/Projects/ROS/ws_moveit/install/moveit_task_constructor_demo/lib:/home/gerardo/Projects/ROS/ws_moveit/install/moveit_task_constructor_capabilities/lib:/home/gerardo/Projects/ROS/ws_moveit/install/moveit_task_constructor_core/lib:/home/gerardo/Projects/ROS/ws_moveit/install/moveit_ros_control_interface/lib:/home/gerardo/Projects/ROS/ws_moveit/install/moveit_simple_controller_manager/lib:/home/gerardo/Projects/ROS/ws_moveit/install/moveit_setup_assistant/lib:/home/gerardo/Projects/ROS/ws_moveit/install/moveit_setup_srdf_plugins/lib:/home/gerardo/Projects/ROS/ws_moveit/install/moveit_setup_core_plugins/lib:/home/gerardo/Projects/ROS/ws_moveit/install/moveit_setup_controllers/lib:/home/gerardo/Projects/ROS/ws_moveit/install/moveit_setup_app_plugins/lib:/home/gerardo/Projects/ROS/ws_moveit/install/moveit_setup_framework/lib:/home/gerardo/Projects/ROS/ws_moveit/install/moveit_servo/lib:/home/gerardo/Projects/ROS/ws_moveit/install/moveit_ros_visualization/lib:/home/gerardo/Projects/ROS/ws_moveit/install/moveit_hybrid_planning/lib:/home/gerardo/Projects/ROS/ws_moveit/install/moveit_ros_planning_interface/lib:/home/gerardo/Projects/ROS/ws_moveit/install/moveit_ros_benchmarks/lib:/home/gerardo/Projects/ROS/ws_moveit/install/moveit_ros_warehouse/lib:/home/gerardo/Projects/ROS/ws_moveit/install/moveit_ros_robot_interaction/lib:/home/gerardo/Projects/ROS/ws_moveit/install/moveit_ros_perception/lib:/home/gerardo/Projects/ROS/ws_moveit/install/moveit_ros_move_group/lib:/home/gerardo/Projects/ROS/ws_moveit/install/moveit_planners_ompl/lib:/home/gerardo/Projects/ROS/ws_moveit/install/moveit_ros_planning/lib:/home/gerardo/Projects/ROS/ws_moveit/install/moveit_ros_occupancy_map_monitor/lib:/home/gerardo/Projects/ROS/ws_moveit/install/moveit_resources_prbt_ikfast_manipulator_plugin/lib:/home/gerardo/Projects/ROS/ws_moveit/install/moveit_planners_chomp/lib:/home/gerardo/Projects/ROS/ws_moveit/install/moveit_kinematics/lib:/home/gerardo/Projects/ROS/ws_moveit/install/moveit_chomp_optimizer_adapter/lib:/home/gerardo/Projects/ROS/ws_moveit/install/chomp_motion_planner/lib:/home/gerardo/Projects/ROS/ws_moveit/install/moveit_core/lib:/home/gerardo/Projects/ROS/ws_moveit/install/srdfdom/lib:/home/gerardo/Projects/ROS/ws_moveit/install/rviz_marker_tools/lib:/home/gerardo/Projects/ROS/ws_moveit/install/rosparam_shortcuts/lib:/home/gerardo/Projects/ROS/ws_moveit/install/moveit_task_constructor_msgs/lib:/usr/local/cuda-12.8/lib64:/usr/lib/x86_64-linux-gnu/gazebo-11/plugins:/opt/ros/humble/opt/rviz_ogre_vendor/lib:/opt/ros/humble/lib/x86_64-linux-gnu:/opt/ros/humble/lib /usr/bin/cmake --install /home/gerardo/Projects/Robotics/RescueRobot2025/RescueRobotTMR25/jaguar_odom/build/astra_camera
[0.820s] Level 1:colcon.colcon_core.environment:checking '/home/gerardo/Projects/Robotics/RescueRobot2025/RescueRobotTMR25/jaguar_odom/install/astra_camera' for CMake config files
[0.821s] Level 1:colcon.colcon_core.shell:create_environment_hook('astra_camera', 'cmake_prefix_path')
[0.821s] INFO:colcon.colcon_core.shell:Creating environment hook '/home/gerardo/Projects/Robotics/RescueRobot2025/RescueRobotTMR25/jaguar_odom/install/astra_camera/share/astra_camera/hook/cmake_prefix_path.ps1'
[0.821s] INFO:colcon.colcon_core.shell:Creating environment descriptor '/home/gerardo/Projects/Robotics/RescueRobot2025/RescueRobotTMR25/jaguar_odom/install/astra_camera/share/astra_camera/hook/cmake_prefix_path.dsv'
[0.821s] INFO:colcon.colcon_core.shell:Creating environment hook '/home/gerardo/Projects/Robotics/RescueRobot2025/RescueRobotTMR25/jaguar_odom/install/astra_camera/share/astra_camera/hook/cmake_prefix_path.sh'
[0.822s] Level 1:colcon.colcon_core.environment:checking '/home/gerardo/Projects/Robotics/RescueRobot2025/RescueRobotTMR25/jaguar_odom/install/astra_camera/lib'
[0.822s] Level 1:colcon.colcon_core.shell:create_environment_hook('astra_camera', 'ld_library_path_lib')
[0.822s] INFO:colcon.colcon_core.shell:Creating environment hook '/home/gerardo/Projects/Robotics/RescueRobot2025/RescueRobotTMR25/jaguar_odom/install/astra_camera/share/astra_camera/hook/ld_library_path_lib.ps1'
[0.822s] INFO:colcon.colcon_core.shell:Creating environment descriptor '/home/gerardo/Projects/Robotics/RescueRobot2025/RescueRobotTMR25/jaguar_odom/install/astra_camera/share/astra_camera/hook/ld_library_path_lib.dsv'
[0.823s] INFO:colcon.colcon_core.shell:Creating environment hook '/home/gerardo/Projects/Robotics/RescueRobot2025/RescueRobotTMR25/jaguar_odom/install/astra_camera/share/astra_camera/hook/ld_library_path_lib.sh'
[0.823s] Level 1:colcon.colcon_core.environment:checking '/home/gerardo/Projects/Robotics/RescueRobot2025/RescueRobotTMR25/jaguar_odom/install/astra_camera/bin'
[0.823s] Level 1:colcon.colcon_core.environment:checking '/home/gerardo/Projects/Robotics/RescueRobot2025/RescueRobotTMR25/jaguar_odom/install/astra_camera/lib/pkgconfig/astra_camera.pc'
[0.823s] Level 1:colcon.colcon_core.environment:checking '/home/gerardo/Projects/Robotics/RescueRobot2025/RescueRobotTMR25/jaguar_odom/install/astra_camera/lib/python3.10/site-packages'
[0.823s] Level 1:colcon.colcon_core.environment:checking '/home/gerardo/Projects/Robotics/RescueRobot2025/RescueRobotTMR25/jaguar_odom/install/astra_camera/bin'
[0.823s] INFO:colcon.colcon_core.shell:Creating package script '/home/gerardo/Projects/Robotics/RescueRobot2025/RescueRobotTMR25/jaguar_odom/install/astra_camera/share/astra_camera/package.ps1'
[0.824s] INFO:colcon.colcon_core.shell:Creating package descriptor '/home/gerardo/Projects/Robotics/RescueRobot2025/RescueRobotTMR25/jaguar_odom/install/astra_camera/share/astra_camera/package.dsv'
[0.824s] INFO:colcon.colcon_core.shell:Creating package script '/home/gerardo/Projects/Robotics/RescueRobot2025/RescueRobotTMR25/jaguar_odom/install/astra_camera/share/astra_camera/package.sh'
[0.824s] INFO:colcon.colcon_core.shell:Creating package script '/home/gerardo/Projects/Robotics/RescueRobot2025/RescueRobotTMR25/jaguar_odom/install/astra_camera/share/astra_camera/package.bash'
[0.825s] INFO:colcon.colcon_core.shell:Creating package script '/home/gerardo/Projects/Robotics/RescueRobot2025/RescueRobotTMR25/jaguar_odom/install/astra_camera/share/astra_camera/package.zsh'
[0.825s] Level 1:colcon.colcon_core.environment:create_file_with_runtime_dependencies(/home/gerardo/Projects/Robotics/RescueRobot2025/RescueRobotTMR25/jaguar_odom/install/astra_camera/share/colcon-core/packages/astra_camera)
[0.825s] Level 1:colcon.colcon_core.environment:create_environment_scripts_only(astra_camera)
[0.825s] Level 1:colcon.colcon_core.environment:checking '/home/gerardo/Projects/Robotics/RescueRobot2025/RescueRobotTMR25/jaguar_odom/install/astra_camera' for CMake module files
[0.826s] Level 1:colcon.colcon_core.environment:checking '/home/gerardo/Projects/Robotics/RescueRobot2025/RescueRobotTMR25/jaguar_odom/install/astra_camera' for CMake config files
[0.826s] Level 1:colcon.colcon_core.shell:create_environment_hook('astra_camera', 'cmake_prefix_path')
[0.826s] INFO:colcon.colcon_core.shell:Creating environment hook '/home/gerardo/Projects/Robotics/RescueRobot2025/RescueRobotTMR25/jaguar_odom/install/astra_camera/share/astra_camera/hook/cmake_prefix_path.ps1'
[0.826s] INFO:colcon.colcon_core.shell:Creating environment descriptor '/home/gerardo/Projects/Robotics/RescueRobot2025/RescueRobotTMR25/jaguar_odom/install/astra_camera/share/astra_camera/hook/cmake_prefix_path.dsv'
[0.827s] INFO:colcon.colcon_core.shell:Creating environment hook '/home/gerardo/Projects/Robotics/RescueRobot2025/RescueRobotTMR25/jaguar_odom/install/astra_camera/share/astra_camera/hook/cmake_prefix_path.sh'
[0.827s] Level 1:colcon.colcon_core.environment:checking '/home/gerardo/Projects/Robotics/RescueRobot2025/RescueRobotTMR25/jaguar_odom/install/astra_camera/lib'
[0.827s] Level 1:colcon.colcon_core.shell:create_environment_hook('astra_camera', 'ld_library_path_lib')
[0.827s] INFO:colcon.colcon_core.shell:Creating environment hook '/home/gerardo/Projects/Robotics/RescueRobot2025/RescueRobotTMR25/jaguar_odom/install/astra_camera/share/astra_camera/hook/ld_library_path_lib.ps1'
[0.827s] INFO:colcon.colcon_core.shell:Creating environment descriptor '/home/gerardo/Projects/Robotics/RescueRobot2025/RescueRobotTMR25/jaguar_odom/install/astra_camera/share/astra_camera/hook/ld_library_path_lib.dsv'
[0.827s] INFO:colcon.colcon_core.shell:Creating environment hook '/home/gerardo/Projects/Robotics/RescueRobot2025/RescueRobotTMR25/jaguar_odom/install/astra_camera/share/astra_camera/hook/ld_library_path_lib.sh'
[0.828s] Level 1:colcon.colcon_core.environment:checking '/home/gerardo/Projects/Robotics/RescueRobot2025/RescueRobotTMR25/jaguar_odom/install/astra_camera/bin'
[0.828s] Level 1:colcon.colcon_core.environment:checking '/home/gerardo/Projects/Robotics/RescueRobot2025/RescueRobotTMR25/jaguar_odom/install/astra_camera/lib/pkgconfig/astra_camera.pc'
[0.828s] Level 1:colcon.colcon_core.environment:checking '/home/gerardo/Projects/Robotics/RescueRobot2025/RescueRobotTMR25/jaguar_odom/install/astra_camera/lib/python3.10/site-packages'
[0.828s] Level 1:colcon.colcon_core.environment:checking '/home/gerardo/Projects/Robotics/RescueRobot2025/RescueRobotTMR25/jaguar_odom/install/astra_camera/bin'
[0.828s] INFO:colcon.colcon_core.shell:Creating package script '/home/gerardo/Projects/Robotics/RescueRobot2025/RescueRobotTMR25/jaguar_odom/install/astra_camera/share/astra_camera/package.ps1'
[0.829s] INFO:colcon.colcon_core.shell:Creating package descriptor '/home/gerardo/Projects/Robotics/RescueRobot2025/RescueRobotTMR25/jaguar_odom/install/astra_camera/share/astra_camera/package.dsv'
[0.829s] INFO:colcon.colcon_core.shell:Creating package script '/home/gerardo/Projects/Robotics/RescueRobot2025/RescueRobotTMR25/jaguar_odom/install/astra_camera/share/astra_camera/package.sh'
[0.829s] INFO:colcon.colcon_core.shell:Creating package script '/home/gerardo/Projects/Robotics/RescueRobot2025/RescueRobotTMR25/jaguar_odom/install/astra_camera/share/astra_camera/package.bash'
[0.829s] INFO:colcon.colcon_core.shell:Creating package script '/home/gerardo/Projects/Robotics/RescueRobot2025/RescueRobotTMR25/jaguar_odom/install/astra_camera/share/astra_camera/package.zsh'
[0.830s] Level 1:colcon.colcon_core.environment:create_file_with_runtime_dependencies(/home/gerardo/Projects/Robotics/RescueRobot2025/RescueRobotTMR25/jaguar_odom/install/astra_camera/share/colcon-core/packages/astra_camera)
[0.832s] DEBUG:colcon.colcon_core.event_handler.log_command:Invoking command in '/home/gerardo/Projects/Robotics/RescueRobot2025/RescueRobotTMR25/jaguar_odom/src/jaguar_odom': PYTHONPATH=/home/gerardo/Projects/Robotics/RescueRobot2025/RescueRobotTMR25/jaguar_odom/build/jaguar_odom/prefix_override:/usr/lib/python3/dist-packages/colcon_core/task/python/colcon_distutils_commands:/home/gerardo/Projects/Robotics/RescueRobot2025/RescueRobotTMR25/jaguar_odom/install/jaguar_odom/lib/python3.10/site-packages:${PYTHONPATH} /usr/bin/python3 -W ignore:setup.py install is deprecated -W ignore:easy_install command is deprecated setup.py egg_info --egg-base ../../build/jaguar_odom build --build-base /home/gerardo/Projects/Robotics/RescueRobot2025/RescueRobotTMR25/jaguar_odom/build/jaguar_odom/build install --record /home/gerardo/Projects/Robotics/RescueRobot2025/RescueRobotTMR25/jaguar_odom/build/jaguar_odom/install.log --single-version-externally-managed install_data
[1.033s] Level 1:colcon.colcon_core.environment:checking '/home/gerardo/Projects/Robotics/RescueRobot2025/RescueRobotTMR25/jaguar_odom/install/jaguar_odom' for CMake module files
[1.033s] DEBUG:colcon.colcon_core.event_handler.log_command:Invoked command in '/home/gerardo/Projects/Robotics/RescueRobot2025/RescueRobotTMR25/jaguar_odom/src/jaguar_odom' returned '0': PYTHONPATH=/home/gerardo/Projects/Robotics/RescueRobot2025/RescueRobotTMR25/jaguar_odom/build/jaguar_odom/prefix_override:/usr/lib/python3/dist-packages/colcon_core/task/python/colcon_distutils_commands:/home/gerardo/Projects/Robotics/RescueRobot2025/RescueRobotTMR25/jaguar_odom/install/jaguar_odom/lib/python3.10/site-packages:${PYTHONPATH} /usr/bin/python3 -W ignore:setup.py install is deprecated -W ignore:easy_install command is deprecated setup.py egg_info --egg-base ../../build/jaguar_odom build --build-base /home/gerardo/Projects/Robotics/RescueRobot2025/RescueRobotTMR25/jaguar_odom/build/jaguar_odom/build install --record /home/gerardo/Projects/Robotics/RescueRobot2025/RescueRobotTMR25/jaguar_odom/build/jaguar_odom/install.log --single-version-externally-managed install_data
[1.034s] Level 1:colcon.colcon_core.environment:checking '/home/gerardo/Projects/Robotics/RescueRobot2025/RescueRobotTMR25/jaguar_odom/install/jaguar_odom' for CMake config files
[1.034s] Level 1:colcon.colcon_core.environment:checking '/home/gerardo/Projects/Robotics/RescueRobot2025/RescueRobotTMR25/jaguar_odom/install/jaguar_odom/lib'
[1.034s] Level 1:colcon.colcon_core.environment:checking '/home/gerardo/Projects/Robotics/RescueRobot2025/RescueRobotTMR25/jaguar_odom/install/jaguar_odom/bin'
[1.034s] Level 1:colcon.colcon_core.environment:checking '/home/gerardo/Projects/Robotics/RescueRobot2025/RescueRobotTMR25/jaguar_odom/install/jaguar_odom/lib/pkgconfig/jaguar_odom.pc'
[1.034s] Level 1:colcon.colcon_core.environment:checking '/home/gerardo/Projects/Robotics/RescueRobot2025/RescueRobotTMR25/jaguar_odom/install/jaguar_odom/lib/python3.10/site-packages'
[1.034s] Level 1:colcon.colcon_core.shell:create_environment_hook('jaguar_odom', 'pythonpath')
[1.035s] INFO:colcon.colcon_core.shell:Creating environment hook '/home/gerardo/Projects/Robotics/RescueRobot2025/RescueRobotTMR25/jaguar_odom/install/jaguar_odom/share/jaguar_odom/hook/pythonpath.ps1'
[1.035s] INFO:colcon.colcon_core.shell:Creating environment descriptor '/home/gerardo/Projects/Robotics/RescueRobot2025/RescueRobotTMR25/jaguar_odom/install/jaguar_odom/share/jaguar_odom/hook/pythonpath.dsv'
[1.035s] INFO:colcon.colcon_core.shell:Creating environment hook '/home/gerardo/Projects/Robotics/RescueRobot2025/RescueRobotTMR25/jaguar_odom/install/jaguar_odom/share/jaguar_odom/hook/pythonpath.sh'
[1.035s] Level 1:colcon.colcon_core.environment:checking '/home/gerardo/Projects/Robotics/RescueRobot2025/RescueRobotTMR25/jaguar_odom/install/jaguar_odom/bin'
[1.035s] Level 1:colcon.colcon_core.environment:create_environment_scripts_only(jaguar_odom)
[1.036s] INFO:colcon.colcon_core.shell:Creating package script '/home/gerardo/Projects/Robotics/RescueRobot2025/RescueRobotTMR25/jaguar_odom/install/jaguar_odom/share/jaguar_odom/package.ps1'
[1.036s] INFO:colcon.colcon_core.shell:Creating package descriptor '/home/gerardo/Projects/Robotics/RescueRobot2025/RescueRobotTMR25/jaguar_odom/install/jaguar_odom/share/jaguar_odom/package.dsv'
[1.036s] INFO:colcon.colcon_core.shell:Creating package script '/home/gerardo/Projects/Robotics/RescueRobot2025/RescueRobotTMR25/jaguar_odom/install/jaguar_odom/share/jaguar_odom/package.sh'
[1.036s] INFO:colcon.colcon_core.shell:Creating package script '/home/gerardo/Projects/Robotics/RescueRobot2025/RescueRobotTMR25/jaguar_odom/install/jaguar_odom/share/jaguar_odom/package.bash'
[1.037s] INFO:colcon.colcon_core.shell:Creating package script '/home/gerardo/Projects/Robotics/RescueRobot2025/RescueRobotTMR25/jaguar_odom/install/jaguar_odom/share/jaguar_odom/package.zsh'
[1.037s] Level 1:colcon.colcon_core.environment:create_file_with_runtime_dependencies(/home/gerardo/Projects/Robotics/RescueRobot2025/RescueRobotTMR25/jaguar_odom/install/jaguar_odom/share/colcon-core/packages/jaguar_odom)
[1.037s] DEBUG:colcon.colcon_parallel_executor.executor.parallel:closing loop
[1.037s] DEBUG:colcon.colcon_parallel_executor.executor.parallel:loop closed
[1.037s] DEBUG:colcon.colcon_parallel_executor.executor.parallel:run_until_complete finished with '0'
[1.037s] DEBUG:colcon.colcon_core.event_reactor:joining thread
[1.041s] INFO:colcon.colcon_core.plugin_system:Skipping extension 'colcon_notification.desktop_notification.terminal_notifier': Not used on non-Darwin systems
[1.041s] INFO:colcon.colcon_core.plugin_system:Skipping extension 'colcon_notification.desktop_notification.win32': Not used on non-Windows systems
[1.041s] INFO:colcon.colcon_notification.desktop_notification:Sending desktop notification using 'notify2'
[1.049s] DEBUG:colcon.colcon_core.event_reactor:joined thread
[1.049s] INFO:colcon.colcon_core.shell:Creating prefix script '/home/gerardo/Projects/Robotics/RescueRobot2025/RescueRobotTMR25/jaguar_odom/install/local_setup.ps1'
[1.050s] INFO:colcon.colcon_core.shell:Creating prefix util module '/home/gerardo/Projects/Robotics/RescueRobot2025/RescueRobotTMR25/jaguar_odom/install/_local_setup_util_ps1.py'
[1.051s] INFO:colcon.colcon_core.shell:Creating prefix chain script '/home/gerardo/Projects/Robotics/RescueRobot2025/RescueRobotTMR25/jaguar_odom/install/setup.ps1'
[1.053s] INFO:colcon.colcon_core.shell:Creating prefix script '/home/gerardo/Projects/Robotics/RescueRobot2025/RescueRobotTMR25/jaguar_odom/install/local_setup.sh'
[1.053s] INFO:colcon.colcon_core.shell:Creating prefix util module '/home/gerardo/Projects/Robotics/RescueRobot2025/RescueRobotTMR25/jaguar_odom/install/_local_setup_util_sh.py'
[1.054s] INFO:colcon.colcon_core.shell:Creating prefix chain script '/home/gerardo/Projects/Robotics/RescueRobot2025/RescueRobotTMR25/jaguar_odom/install/setup.sh'
[1.055s] INFO:colcon.colcon_core.shell:Creating prefix script '/home/gerardo/Projects/Robotics/RescueRobot2025/RescueRobotTMR25/jaguar_odom/install/local_setup.bash'
[1.056s] INFO:colcon.colcon_core.shell:Creating prefix chain script '/home/gerardo/Projects/Robotics/RescueRobot2025/RescueRobotTMR25/jaguar_odom/install/setup.bash'
[1.057s] INFO:colcon.colcon_core.shell:Creating prefix script '/home/gerardo/Projects/Robotics/RescueRobot2025/RescueRobotTMR25/jaguar_odom/install/local_setup.zsh'
[1.058s] INFO:colcon.colcon_core.shell:Creating prefix chain script '/home/gerardo/Projects/Robotics/RescueRobot2025/RescueRobotTMR25/jaguar_odom/install/setup.zsh'
