[0.078s] DEBUG:colcon:Command line arguments: ['/usr/bin/colcon', 'build']
[0.078s] DEBUG:colcon:Parsed command line arguments: Namespace(log_base=None, log_level=None, verb_name='build', build_base='build', install_base='install', merge_install=False, symlink_install=False, test_result_base=None, continue_on_error=False, executor='parallel', parallel_workers=16, event_handlers=None, ignore_user_meta=False, metas=['./colcon.meta'], base_paths=['.'], packages_ignore=None, packages_ignore_regex=None, paths=None, packages_up_to=None, packages_up_to_regex=None, packages_above=None, packages_above_and_dependencies=None, packages_above_depth=None, packages_select_by_dep=None, packages_skip_by_dep=None, packages_skip_up_to=None, packages_select_build_failed=False, packages_skip_build_finished=False, packages_select_test_failures=False, packages_skip_test_passed=False, packages_select=None, packages_skip=None, packages_select_regex=None, packages_skip_regex=None, packages_start=None, packages_end=None, allow_overriding=[], cmake_args=None, cmake_target=None, cmake_target_skip_unavailable=False, cmake_clean_cache=False, cmake_clean_first=False, cmake_force_configure=False, ament_cmake_args=None, catkin_cmake_args=None, catkin_skip_building_tests=False, mixin_files=None, mixin=None, verb_parser=<colcon_mixin.mixin.mixin_argument.MixinArgumentDecorator object at 0x7bac420aca00>, verb_extension=<colcon_core.verb.build.BuildVerb object at 0x7bac420ac4c0>, main=<bound method BuildVerb.main of <colcon_core.verb.build.BuildVerb object at 0x7bac420ac4c0>>, mixin_verb=('build',))
[0.201s] Level 1:colcon.colcon_core.package_discovery:discover_packages(colcon_meta) check parameters
[0.201s] Level 1:colcon.colcon_core.package_discovery:discover_packages(recursive) check parameters
[0.201s] Level 1:colcon.colcon_core.package_discovery:discover_packages(ignore) check parameters
[0.201s] Level 1:colcon.colcon_core.package_discovery:discover_packages(path) check parameters
[0.201s] Level 1:colcon.colcon_core.package_discovery:discover_packages(colcon_meta) discover
[0.201s] Level 1:colcon.colcon_core.package_discovery:discover_packages(recursive) discover
[0.201s] INFO:colcon.colcon_core.package_discovery:Crawling recursively for packages in '/home/gerardo/Projects/Robotics/RescueRobot2025/jaguar_odom'
[0.201s] Level 1:colcon.colcon_core.package_identification:_identify(.) by extensions ['ignore', 'ignore_ament_install']
[0.201s] Level 1:colcon.colcon_core.package_identification:_identify(.) by extension 'ignore'
[0.201s] Level 1:colcon.colcon_core.package_identification:_identify(.) by extension 'ignore_ament_install'
[0.201s] Level 1:colcon.colcon_core.package_identification:_identify(.) by extensions ['colcon_pkg']
[0.201s] Level 1:colcon.colcon_core.package_identification:_identify(.) by extension 'colcon_pkg'
[0.201s] Level 1:colcon.colcon_core.package_identification:_identify(.) by extensions ['colcon_meta']
[0.201s] Level 1:colcon.colcon_core.package_identification:_identify(.) by extension 'colcon_meta'
[0.201s] Level 1:colcon.colcon_core.package_identification:_identify(.) by extensions ['ros']
[0.202s] Level 1:colcon.colcon_core.package_identification:_identify(.) by extension 'ros'
[0.215s] Level 1:colcon.colcon_core.package_identification:_identify(.) by extensions ['cmake', 'python']
[0.215s] Level 1:colcon.colcon_core.package_identification:_identify(.) by extension 'cmake'
[0.215s] Level 1:colcon.colcon_core.package_identification:_identify(.) by extension 'python'
[0.215s] Level 1:colcon.colcon_core.package_identification:_identify(.) by extensions ['python_setup_py']
[0.215s] Level 1:colcon.colcon_core.package_identification:_identify(.) by extension 'python_setup_py'
[0.215s] Level 1:colcon.colcon_core.package_identification:_identify(build) by extensions ['ignore', 'ignore_ament_install']
[0.216s] Level 1:colcon.colcon_core.package_identification:_identify(build) by extension 'ignore'
[0.216s] Level 1:colcon.colcon_core.package_identification:_identify(build) ignored
[0.216s] Level 1:colcon.colcon_core.package_identification:_identify(install) by extensions ['ignore', 'ignore_ament_install']
[0.216s] Level 1:colcon.colcon_core.package_identification:_identify(install) by extension 'ignore'
[0.216s] Level 1:colcon.colcon_core.package_identification:_identify(install) ignored
[0.216s] Level 1:colcon.colcon_core.package_identification:_identify(log) by extensions ['ignore', 'ignore_ament_install']
[0.216s] Level 1:colcon.colcon_core.package_identification:_identify(log) by extension 'ignore'
[0.216s] Level 1:colcon.colcon_core.package_identification:_identify(log) ignored
[0.216s] Level 1:colcon.colcon_core.package_identification:_identify(src) by extensions ['ignore', 'ignore_ament_install']
[0.216s] Level 1:colcon.colcon_core.package_identification:_identify(src) by extension 'ignore'
[0.216s] Level 1:colcon.colcon_core.package_identification:_identify(src) by extension 'ignore_ament_install'
[0.216s] Level 1:colcon.colcon_core.package_identification:_identify(src) by extensions ['colcon_pkg']
[0.216s] Level 1:colcon.colcon_core.package_identification:_identify(src) by extension 'colcon_pkg'
[0.216s] Level 1:colcon.colcon_core.package_identification:_identify(src) by extensions ['colcon_meta']
[0.216s] Level 1:colcon.colcon_core.package_identification:_identify(src) by extension 'colcon_meta'
[0.216s] Level 1:colcon.colcon_core.package_identification:_identify(src) by extensions ['ros']
[0.216s] Level 1:colcon.colcon_core.package_identification:_identify(src) by extension 'ros'
[0.216s] Level 1:colcon.colcon_core.package_identification:_identify(src) by extensions ['cmake', 'python']
[0.216s] Level 1:colcon.colcon_core.package_identification:_identify(src) by extension 'cmake'
[0.216s] Level 1:colcon.colcon_core.package_identification:_identify(src) by extension 'python'
[0.216s] Level 1:colcon.colcon_core.package_identification:_identify(src) by extensions ['python_setup_py']
[0.216s] Level 1:colcon.colcon_core.package_identification:_identify(src) by extension 'python_setup_py'
[0.216s] Level 1:colcon.colcon_core.package_identification:_identify(src/jaguar_odom) by extensions ['ignore', 'ignore_ament_install']
[0.216s] Level 1:colcon.colcon_core.package_identification:_identify(src/jaguar_odom) by extension 'ignore'
[0.216s] Level 1:colcon.colcon_core.package_identification:_identify(src/jaguar_odom) by extension 'ignore_ament_install'
[0.216s] Level 1:colcon.colcon_core.package_identification:_identify(src/jaguar_odom) by extensions ['colcon_pkg']
[0.216s] Level 1:colcon.colcon_core.package_identification:_identify(src/jaguar_odom) by extension 'colcon_pkg'
[0.216s] Level 1:colcon.colcon_core.package_identification:_identify(src/jaguar_odom) by extensions ['colcon_meta']
[0.216s] Level 1:colcon.colcon_core.package_identification:_identify(src/jaguar_odom) by extension 'colcon_meta'
[0.216s] Level 1:colcon.colcon_core.package_identification:_identify(src/jaguar_odom) by extensions ['ros']
[0.216s] Level 1:colcon.colcon_core.package_identification:_identify(src/jaguar_odom) by extension 'ros'
[0.218s] DEBUG:colcon.colcon_core.package_identification:Package 'src/jaguar_odom' with type 'ros.ament_python' and name 'jaguar_odom'
[0.218s] Level 1:colcon.colcon_core.package_identification:_identify(src/libuvc) by extensions ['ignore', 'ignore_ament_install']
[0.218s] Level 1:colcon.colcon_core.package_identification:_identify(src/libuvc) by extension 'ignore'
[0.218s] Level 1:colcon.colcon_core.package_identification:_identify(src/libuvc) by extension 'ignore_ament_install'
[0.218s] Level 1:colcon.colcon_core.package_identification:_identify(src/libuvc) by extensions ['colcon_pkg']
[0.218s] Level 1:colcon.colcon_core.package_identification:_identify(src/libuvc) by extension 'colcon_pkg'
[0.218s] Level 1:colcon.colcon_core.package_identification:_identify(src/libuvc) by extensions ['colcon_meta']
[0.218s] Level 1:colcon.colcon_core.package_identification:_identify(src/libuvc) by extension 'colcon_meta'
[0.218s] Level 1:colcon.colcon_core.package_identification:_identify(src/libuvc) by extensions ['ros']
[0.218s] Level 1:colcon.colcon_core.package_identification:_identify(src/libuvc) by extension 'ros'
[0.218s] Level 1:colcon.colcon_core.package_identification:_identify(src/libuvc) by extensions ['cmake', 'python']
[0.218s] Level 1:colcon.colcon_core.package_identification:_identify(src/libuvc) by extension 'cmake'
[0.221s] Level 1:colcon.colcon_core.package_identification:_identify(src/libuvc) by extension 'python'
[0.222s] DEBUG:colcon.colcon_core.package_identification:Package 'src/libuvc' with type 'cmake' and name 'libuvc'
[0.222s] Level 1:colcon.colcon_core.package_identification:_identify(src/sllidar_ros2) by extensions ['ignore', 'ignore_ament_install']
[0.222s] Level 1:colcon.colcon_core.package_identification:_identify(src/sllidar_ros2) by extension 'ignore'
[0.222s] Level 1:colcon.colcon_core.package_identification:_identify(src/sllidar_ros2) by extension 'ignore_ament_install'
[0.222s] Level 1:colcon.colcon_core.package_identification:_identify(src/sllidar_ros2) by extensions ['colcon_pkg']
[0.222s] Level 1:colcon.colcon_core.package_identification:_identify(src/sllidar_ros2) by extension 'colcon_pkg'
[0.222s] Level 1:colcon.colcon_core.package_identification:_identify(src/sllidar_ros2) by extensions ['colcon_meta']
[0.222s] Level 1:colcon.colcon_core.package_identification:_identify(src/sllidar_ros2) by extension 'colcon_meta'
[0.222s] Level 1:colcon.colcon_core.package_identification:_identify(src/sllidar_ros2) by extensions ['ros']
[0.222s] Level 1:colcon.colcon_core.package_identification:_identify(src/sllidar_ros2) by extension 'ros'
[0.222s] DEBUG:colcon.colcon_core.package_identification:Package 'src/sllidar_ros2' with type 'ros.ament_cmake' and name 'sllidar_ros2'
[0.222s] Level 1:colcon.colcon_core.package_discovery:discover_packages(recursive) using defaults
[0.222s] Level 1:colcon.colcon_core.package_discovery:discover_packages(ignore) discover
[0.222s] Level 1:colcon.colcon_core.package_discovery:discover_packages(ignore) using defaults
[0.222s] Level 1:colcon.colcon_core.package_discovery:discover_packages(path) discover
[0.222s] Level 1:colcon.colcon_core.package_discovery:discover_packages(path) using defaults
[0.237s] Level 1:colcon.colcon_core.package_discovery:discover_packages(prefix_path) check parameters
[0.237s] Level 1:colcon.colcon_core.package_discovery:discover_packages(prefix_path) discover
[0.239s] DEBUG:colcon.colcon_installed_package_information.package_discovery:Found 3 installed packages in /home/gerardo/Projects/Robotics/RescueRobot2025/jaguar_odom/install
[0.239s] DEBUG:colcon.colcon_installed_package_information.package_discovery:Found 55 installed packages in /home/gerardo/Projects/ROS/ws_moveit/install
[0.241s] DEBUG:colcon.colcon_installed_package_information.package_discovery:Found 449 installed packages in /opt/ros/humble
[0.242s] Level 1:colcon.colcon_core.package_discovery:discover_packages(prefix_path) using defaults
[0.274s] Level 5:colcon.colcon_core.verb:set package 'jaguar_odom' build argument 'cmake_args' from command line to 'None'
[0.274s] Level 5:colcon.colcon_core.verb:set package 'jaguar_odom' build argument 'cmake_target' from command line to 'None'
[0.274s] Level 5:colcon.colcon_core.verb:set package 'jaguar_odom' build argument 'cmake_target_skip_unavailable' from command line to 'False'
[0.274s] Level 5:colcon.colcon_core.verb:set package 'jaguar_odom' build argument 'cmake_clean_cache' from command line to 'False'
[0.274s] Level 5:colcon.colcon_core.verb:set package 'jaguar_odom' build argument 'cmake_clean_first' from command line to 'False'
[0.274s] Level 5:colcon.colcon_core.verb:set package 'jaguar_odom' build argument 'cmake_force_configure' from command line to 'False'
[0.274s] Level 5:colcon.colcon_core.verb:set package 'jaguar_odom' build argument 'ament_cmake_args' from command line to 'None'
[0.274s] Level 5:colcon.colcon_core.verb:set package 'jaguar_odom' build argument 'catkin_cmake_args' from command line to 'None'
[0.274s] Level 5:colcon.colcon_core.verb:set package 'jaguar_odom' build argument 'catkin_skip_building_tests' from command line to 'False'
[0.274s] DEBUG:colcon.colcon_core.verb:Building package 'jaguar_odom' with the following arguments: {'ament_cmake_args': None, 'build_base': '/home/gerardo/Projects/Robotics/RescueRobot2025/jaguar_odom/build/jaguar_odom', 'catkin_cmake_args': None, 'catkin_skip_building_tests': False, 'cmake_args': None, 'cmake_clean_cache': False, 'cmake_clean_first': False, 'cmake_force_configure': False, 'cmake_target': None, 'cmake_target_skip_unavailable': False, 'install_base': '/home/gerardo/Projects/Robotics/RescueRobot2025/jaguar_odom/install/jaguar_odom', 'merge_install': False, 'path': '/home/gerardo/Projects/Robotics/RescueRobot2025/jaguar_odom/src/jaguar_odom', 'symlink_install': False, 'test_result_base': None}
[0.275s] Level 5:colcon.colcon_core.verb:set package 'libuvc' build argument 'cmake_args' from command line to 'None'
[0.275s] Level 5:colcon.colcon_core.verb:set package 'libuvc' build argument 'cmake_target' from command line to 'None'
[0.275s] Level 5:colcon.colcon_core.verb:set package 'libuvc' build argument 'cmake_target_skip_unavailable' from command line to 'False'
[0.275s] Level 5:colcon.colcon_core.verb:set package 'libuvc' build argument 'cmake_clean_cache' from command line to 'False'
[0.275s] Level 5:colcon.colcon_core.verb:set package 'libuvc' build argument 'cmake_clean_first' from command line to 'False'
[0.275s] Level 5:colcon.colcon_core.verb:set package 'libuvc' build argument 'cmake_force_configure' from command line to 'False'
[0.275s] Level 5:colcon.colcon_core.verb:set package 'libuvc' build argument 'ament_cmake_args' from command line to 'None'
[0.275s] Level 5:colcon.colcon_core.verb:set package 'libuvc' build argument 'catkin_cmake_args' from command line to 'None'
[0.275s] Level 5:colcon.colcon_core.verb:set package 'libuvc' build argument 'catkin_skip_building_tests' from command line to 'False'
[0.275s] DEBUG:colcon.colcon_core.verb:Building package 'libuvc' with the following arguments: {'ament_cmake_args': None, 'build_base': '/home/gerardo/Projects/Robotics/RescueRobot2025/jaguar_odom/build/libuvc', 'catkin_cmake_args': None, 'catkin_skip_building_tests': False, 'cmake_args': None, 'cmake_clean_cache': False, 'cmake_clean_first': False, 'cmake_force_configure': False, 'cmake_target': None, 'cmake_target_skip_unavailable': False, 'install_base': '/home/gerardo/Projects/Robotics/RescueRobot2025/jaguar_odom/install/libuvc', 'merge_install': False, 'path': '/home/gerardo/Projects/Robotics/RescueRobot2025/jaguar_odom/src/libuvc', 'symlink_install': False, 'test_result_base': None}
[0.275s] Level 5:colcon.colcon_core.verb:set package 'sllidar_ros2' build argument 'cmake_args' from command line to 'None'
[0.275s] Level 5:colcon.colcon_core.verb:set package 'sllidar_ros2' build argument 'cmake_target' from command line to 'None'
[0.275s] Level 5:colcon.colcon_core.verb:set package 'sllidar_ros2' build argument 'cmake_target_skip_unavailable' from command line to 'False'
[0.275s] Level 5:colcon.colcon_core.verb:set package 'sllidar_ros2' build argument 'cmake_clean_cache' from command line to 'False'
[0.275s] Level 5:colcon.colcon_core.verb:set package 'sllidar_ros2' build argument 'cmake_clean_first' from command line to 'False'
[0.275s] Level 5:colcon.colcon_core.verb:set package 'sllidar_ros2' build argument 'cmake_force_configure' from command line to 'False'
[0.275s] Level 5:colcon.colcon_core.verb:set package 'sllidar_ros2' build argument 'ament_cmake_args' from command line to 'None'
[0.275s] Level 5:colcon.colcon_core.verb:set package 'sllidar_ros2' build argument 'catkin_cmake_args' from command line to 'None'
[0.275s] Level 5:colcon.colcon_core.verb:set package 'sllidar_ros2' build argument 'catkin_skip_building_tests' from command line to 'False'
[0.275s] DEBUG:colcon.colcon_core.verb:Building package 'sllidar_ros2' with the following arguments: {'ament_cmake_args': None, 'build_base': '/home/gerardo/Projects/Robotics/RescueRobot2025/jaguar_odom/build/sllidar_ros2', 'catkin_cmake_args': None, 'catkin_skip_building_tests': False, 'cmake_args': None, 'cmake_clean_cache': False, 'cmake_clean_first': False, 'cmake_force_configure': False, 'cmake_target': None, 'cmake_target_skip_unavailable': False, 'install_base': '/home/gerardo/Projects/Robotics/RescueRobot2025/jaguar_odom/install/sllidar_ros2', 'merge_install': False, 'path': '/home/gerardo/Projects/Robotics/RescueRobot2025/jaguar_odom/src/sllidar_ros2', 'symlink_install': False, 'test_result_base': None}
[0.275s] INFO:colcon.colcon_core.executor:Executing jobs using 'parallel' executor
[0.276s] DEBUG:colcon.colcon_parallel_executor.executor.parallel:run_until_complete
[0.276s] INFO:colcon.colcon_ros.task.ament_python.build:Building ROS package in '/home/gerardo/Projects/Robotics/RescueRobot2025/jaguar_odom/src/jaguar_odom' with build type 'ament_python'
[0.276s] Level 1:colcon.colcon_core.shell:create_environment_hook('jaguar_odom', 'ament_prefix_path')
[0.277s] INFO:colcon.colcon_core.plugin_system:Skipping extension 'colcon_core.shell.bat': Not used on non-Windows systems
[0.278s] INFO:colcon.colcon_core.shell:Creating environment hook '/home/gerardo/Projects/Robotics/RescueRobot2025/jaguar_odom/install/jaguar_odom/share/jaguar_odom/hook/ament_prefix_path.ps1'
[0.278s] INFO:colcon.colcon_core.shell:Creating environment descriptor '/home/gerardo/Projects/Robotics/RescueRobot2025/jaguar_odom/install/jaguar_odom/share/jaguar_odom/hook/ament_prefix_path.dsv'
[0.278s] INFO:colcon.colcon_core.shell:Creating environment hook '/home/gerardo/Projects/Robotics/RescueRobot2025/jaguar_odom/install/jaguar_odom/share/jaguar_odom/hook/ament_prefix_path.sh'
[0.279s] INFO:colcon.colcon_core.shell:Skip shell extension 'powershell' for command environment: Not usable outside of PowerShell
[0.279s] DEBUG:colcon.colcon_core.shell:Skip shell extension 'dsv' for command environment
[0.283s] INFO:colcon.colcon_cmake.task.cmake.build:Building CMake package in '/home/gerardo/Projects/Robotics/RescueRobot2025/jaguar_odom/src/libuvc'
[0.283s] INFO:colcon.colcon_core.shell:Skip shell extension 'powershell' for command environment: Not usable outside of PowerShell
[0.283s] DEBUG:colcon.colcon_core.shell:Skip shell extension 'dsv' for command environment
[0.287s] INFO:colcon.colcon_ros.task.ament_cmake.build:Building ROS package in '/home/gerardo/Projects/Robotics/RescueRobot2025/jaguar_odom/src/sllidar_ros2' with build type 'ament_cmake'
[0.288s] INFO:colcon.colcon_cmake.task.cmake.build:Building CMake package in '/home/gerardo/Projects/Robotics/RescueRobot2025/jaguar_odom/src/sllidar_ros2'
[0.288s] INFO:colcon.colcon_core.shell:Skip shell extension 'powershell' for command environment: Not usable outside of PowerShell
[0.288s] DEBUG:colcon.colcon_core.shell:Skip shell extension 'dsv' for command environment
[0.475s] INFO:colcon.colcon_core.task.python.build:Building Python package in '/home/gerardo/Projects/Robotics/RescueRobot2025/jaguar_odom/src/jaguar_odom'
[0.475s] INFO:colcon.colcon_core.shell:Skip shell extension 'powershell' for command environment: Not usable outside of PowerShell
[0.475s] DEBUG:colcon.colcon_core.shell:Skip shell extension 'dsv' for command environment
[0.482s] DEBUG:colcon.colcon_core.event_handler.log_command:Invoking command in '/home/gerardo/Projects/Robotics/RescueRobot2025/jaguar_odom/build/libuvc': /usr/bin/cmake --build /home/gerardo/Projects/Robotics/RescueRobot2025/jaguar_odom/build/libuvc -- -j16 -l16
[0.486s] DEBUG:colcon.colcon_core.event_handler.log_command:Invoking command in '/home/gerardo/Projects/Robotics/RescueRobot2025/jaguar_odom/build/sllidar_ros2': CMAKE_PREFIX_PATH=${CMAKE_PREFIX_PATH}:/home/gerardo/Projects/Robotics/RescueRobot2025/jaguar_odom/install/jaguar_odom:/home/gerardo/Projects/ROS/ws_moveit/install/moveit_configs_utils:/home/gerardo/Projects/ROS/ws_moveit/install/launch_param_builder:/opt/ros/humble /usr/bin/cmake --build /home/gerardo/Projects/Robotics/RescueRobot2025/jaguar_odom/build/sllidar_ros2 -- -j16 -l16
[0.570s] DEBUG:colcon.colcon_core.event_handler.log_command:Invoked command in '/home/gerardo/Projects/Robotics/RescueRobot2025/jaguar_odom/build/sllidar_ros2' returned '0': CMAKE_PREFIX_PATH=${CMAKE_PREFIX_PATH}:/home/gerardo/Projects/Robotics/RescueRobot2025/jaguar_odom/install/jaguar_odom:/home/gerardo/Projects/ROS/ws_moveit/install/moveit_configs_utils:/home/gerardo/Projects/ROS/ws_moveit/install/launch_param_builder:/opt/ros/humble /usr/bin/cmake --build /home/gerardo/Projects/Robotics/RescueRobot2025/jaguar_odom/build/sllidar_ros2 -- -j16 -l16
[0.582s] DEBUG:colcon.colcon_core.event_handler.log_command:Invoking command in '/home/gerardo/Projects/Robotics/RescueRobot2025/jaguar_odom/build/sllidar_ros2': CMAKE_PREFIX_PATH=${CMAKE_PREFIX_PATH}:/home/gerardo/Projects/Robotics/RescueRobot2025/jaguar_odom/install/jaguar_odom:/home/gerardo/Projects/ROS/ws_moveit/install/moveit_configs_utils:/home/gerardo/Projects/ROS/ws_moveit/install/launch_param_builder:/opt/ros/humble /usr/bin/cmake --install /home/gerardo/Projects/Robotics/RescueRobot2025/jaguar_odom/build/sllidar_ros2
[0.583s] DEBUG:colcon.colcon_core.event_handler.log_command:Invoked command in '/home/gerardo/Projects/Robotics/RescueRobot2025/jaguar_odom/build/libuvc' returned '0': /usr/bin/cmake --build /home/gerardo/Projects/Robotics/RescueRobot2025/jaguar_odom/build/libuvc -- -j16 -l16
[0.584s] DEBUG:colcon.colcon_core.event_handler.log_command:Invoking command in '/home/gerardo/Projects/Robotics/RescueRobot2025/jaguar_odom/build/libuvc': /usr/bin/cmake --install /home/gerardo/Projects/Robotics/RescueRobot2025/jaguar_odom/build/libuvc
[0.592s] Level 1:colcon.colcon_core.environment:create_environment_scripts_only(libuvc)
[0.593s] DEBUG:colcon.colcon_core.event_handler.log_command:Invoked command in '/home/gerardo/Projects/Robotics/RescueRobot2025/jaguar_odom/build/libuvc' returned '0': /usr/bin/cmake --install /home/gerardo/Projects/Robotics/RescueRobot2025/jaguar_odom/build/libuvc
[0.596s] Level 1:colcon.colcon_core.environment:checking '/home/gerardo/Projects/Robotics/RescueRobot2025/jaguar_odom/install/libuvc' for CMake module files
[0.596s] Level 1:colcon.colcon_core.shell:create_environment_hook('libuvc', 'cmake_module_path')
[0.596s] INFO:colcon.colcon_core.shell:Creating environment hook '/home/gerardo/Projects/Robotics/RescueRobot2025/jaguar_odom/install/libuvc/share/libuvc/hook/cmake_module_path.ps1'
[0.596s] INFO:colcon.colcon_core.shell:Creating environment descriptor '/home/gerardo/Projects/Robotics/RescueRobot2025/jaguar_odom/install/libuvc/share/libuvc/hook/cmake_module_path.dsv'
[0.597s] INFO:colcon.colcon_core.shell:Creating environment hook '/home/gerardo/Projects/Robotics/RescueRobot2025/jaguar_odom/install/libuvc/share/libuvc/hook/cmake_module_path.sh'
[0.597s] Level 1:colcon.colcon_core.shell:create_environment_hook('libuvc', 'cmake_module_path1')
[0.597s] INFO:colcon.colcon_core.shell:Creating environment hook '/home/gerardo/Projects/Robotics/RescueRobot2025/jaguar_odom/install/libuvc/share/libuvc/hook/cmake_module_path1.ps1'
[0.597s] INFO:colcon.colcon_core.shell:Creating environment descriptor '/home/gerardo/Projects/Robotics/RescueRobot2025/jaguar_odom/install/libuvc/share/libuvc/hook/cmake_module_path1.dsv'
[0.597s] INFO:colcon.colcon_core.shell:Creating environment hook '/home/gerardo/Projects/Robotics/RescueRobot2025/jaguar_odom/install/libuvc/share/libuvc/hook/cmake_module_path1.sh'
[0.598s] Level 1:colcon.colcon_core.environment:checking '/home/gerardo/Projects/Robotics/RescueRobot2025/jaguar_odom/install/libuvc' for CMake config files
[0.598s] Level 1:colcon.colcon_core.shell:create_environment_hook('libuvc', 'cmake_prefix_path')
[0.598s] INFO:colcon.colcon_core.shell:Creating environment hook '/home/gerardo/Projects/Robotics/RescueRobot2025/jaguar_odom/install/libuvc/share/libuvc/hook/cmake_prefix_path.ps1'
[0.598s] INFO:colcon.colcon_core.shell:Creating environment descriptor '/home/gerardo/Projects/Robotics/RescueRobot2025/jaguar_odom/install/libuvc/share/libuvc/hook/cmake_prefix_path.dsv'
[0.599s] INFO:colcon.colcon_core.shell:Creating environment hook '/home/gerardo/Projects/Robotics/RescueRobot2025/jaguar_odom/install/libuvc/share/libuvc/hook/cmake_prefix_path.sh'
[0.599s] Level 1:colcon.colcon_core.environment:checking '/home/gerardo/Projects/Robotics/RescueRobot2025/jaguar_odom/install/libuvc/lib'
[0.599s] Level 1:colcon.colcon_core.shell:create_environment_hook('libuvc', 'ld_library_path_lib')
[0.599s] INFO:colcon.colcon_core.shell:Creating environment hook '/home/gerardo/Projects/Robotics/RescueRobot2025/jaguar_odom/install/libuvc/share/libuvc/hook/ld_library_path_lib.ps1'
[0.600s] INFO:colcon.colcon_core.shell:Creating environment descriptor '/home/gerardo/Projects/Robotics/RescueRobot2025/jaguar_odom/install/libuvc/share/libuvc/hook/ld_library_path_lib.dsv'
[0.600s] INFO:colcon.colcon_core.shell:Creating environment hook '/home/gerardo/Projects/Robotics/RescueRobot2025/jaguar_odom/install/libuvc/share/libuvc/hook/ld_library_path_lib.sh'
[0.600s] Level 1:colcon.colcon_core.environment:checking '/home/gerardo/Projects/Robotics/RescueRobot2025/jaguar_odom/install/libuvc/bin'
[0.600s] Level 1:colcon.colcon_core.environment:checking '/home/gerardo/Projects/Robotics/RescueRobot2025/jaguar_odom/install/libuvc/lib/pkgconfig/libuvc.pc'
[0.600s] Level 1:colcon.colcon_core.shell:create_environment_hook('libuvc', 'pkg_config')
[0.600s] INFO:colcon.colcon_core.shell:Creating environment hook '/home/gerardo/Projects/Robotics/RescueRobot2025/jaguar_odom/install/libuvc/share/libuvc/hook/pkg_config.ps1'
[0.600s] INFO:colcon.colcon_core.shell:Creating environment descriptor '/home/gerardo/Projects/Robotics/RescueRobot2025/jaguar_odom/install/libuvc/share/libuvc/hook/pkg_config.dsv'
[0.601s] INFO:colcon.colcon_core.shell:Creating environment hook '/home/gerardo/Projects/Robotics/RescueRobot2025/jaguar_odom/install/libuvc/share/libuvc/hook/pkg_config.sh'
[0.601s] Level 1:colcon.colcon_core.environment:checking '/home/gerardo/Projects/Robotics/RescueRobot2025/jaguar_odom/install/libuvc/lib/python3.10/site-packages'
[0.601s] Level 1:colcon.colcon_core.environment:checking '/home/gerardo/Projects/Robotics/RescueRobot2025/jaguar_odom/install/libuvc/bin'
[0.601s] INFO:colcon.colcon_core.shell:Creating package script '/home/gerardo/Projects/Robotics/RescueRobot2025/jaguar_odom/install/libuvc/share/libuvc/package.ps1'
[0.602s] INFO:colcon.colcon_core.shell:Creating package descriptor '/home/gerardo/Projects/Robotics/RescueRobot2025/jaguar_odom/install/libuvc/share/libuvc/package.dsv'
[0.603s] INFO:colcon.colcon_core.shell:Creating package script '/home/gerardo/Projects/Robotics/RescueRobot2025/jaguar_odom/install/libuvc/share/libuvc/package.sh'
[0.604s] INFO:colcon.colcon_core.shell:Creating package script '/home/gerardo/Projects/Robotics/RescueRobot2025/jaguar_odom/install/libuvc/share/libuvc/package.bash'
[0.605s] INFO:colcon.colcon_core.shell:Creating package script '/home/gerardo/Projects/Robotics/RescueRobot2025/jaguar_odom/install/libuvc/share/libuvc/package.zsh'
[0.605s] Level 1:colcon.colcon_core.environment:create_file_with_runtime_dependencies(/home/gerardo/Projects/Robotics/RescueRobot2025/jaguar_odom/install/libuvc/share/colcon-core/packages/libuvc)
[0.606s] Level 1:colcon.colcon_core.environment:create_environment_scripts_only(sllidar_ros2)
[0.606s] Level 1:colcon.colcon_core.environment:checking '/home/gerardo/Projects/Robotics/RescueRobot2025/jaguar_odom/install/sllidar_ros2' for CMake module files
[0.607s] DEBUG:colcon.colcon_core.event_handler.log_command:Invoked command in '/home/gerardo/Projects/Robotics/RescueRobot2025/jaguar_odom/build/sllidar_ros2' returned '0': CMAKE_PREFIX_PATH=${CMAKE_PREFIX_PATH}:/home/gerardo/Projects/Robotics/RescueRobot2025/jaguar_odom/install/jaguar_odom:/home/gerardo/Projects/ROS/ws_moveit/install/moveit_configs_utils:/home/gerardo/Projects/ROS/ws_moveit/install/launch_param_builder:/opt/ros/humble /usr/bin/cmake --install /home/gerardo/Projects/Robotics/RescueRobot2025/jaguar_odom/build/sllidar_ros2
[0.607s] Level 1:colcon.colcon_core.environment:checking '/home/gerardo/Projects/Robotics/RescueRobot2025/jaguar_odom/install/sllidar_ros2' for CMake config files
[0.607s] Level 1:colcon.colcon_core.shell:create_environment_hook('sllidar_ros2', 'cmake_prefix_path')
[0.607s] INFO:colcon.colcon_core.shell:Creating environment hook '/home/gerardo/Projects/Robotics/RescueRobot2025/jaguar_odom/install/sllidar_ros2/share/sllidar_ros2/hook/cmake_prefix_path.ps1'
[0.608s] INFO:colcon.colcon_core.shell:Creating environment descriptor '/home/gerardo/Projects/Robotics/RescueRobot2025/jaguar_odom/install/sllidar_ros2/share/sllidar_ros2/hook/cmake_prefix_path.dsv'
[0.608s] INFO:colcon.colcon_core.shell:Creating environment hook '/home/gerardo/Projects/Robotics/RescueRobot2025/jaguar_odom/install/sllidar_ros2/share/sllidar_ros2/hook/cmake_prefix_path.sh'
[0.608s] Level 1:colcon.colcon_core.environment:checking '/home/gerardo/Projects/Robotics/RescueRobot2025/jaguar_odom/install/sllidar_ros2/lib'
[0.608s] Level 1:colcon.colcon_core.environment:checking '/home/gerardo/Projects/Robotics/RescueRobot2025/jaguar_odom/install/sllidar_ros2/bin'
[0.608s] Level 1:colcon.colcon_core.environment:checking '/home/gerardo/Projects/Robotics/RescueRobot2025/jaguar_odom/install/sllidar_ros2/lib/pkgconfig/sllidar_ros2.pc'
[0.609s] Level 1:colcon.colcon_core.environment:checking '/home/gerardo/Projects/Robotics/RescueRobot2025/jaguar_odom/install/sllidar_ros2/lib/python3.10/site-packages'
[0.609s] Level 1:colcon.colcon_core.environment:checking '/home/gerardo/Projects/Robotics/RescueRobot2025/jaguar_odom/install/sllidar_ros2/bin'
[0.609s] INFO:colcon.colcon_core.shell:Creating package script '/home/gerardo/Projects/Robotics/RescueRobot2025/jaguar_odom/install/sllidar_ros2/share/sllidar_ros2/package.ps1'
[0.609s] INFO:colcon.colcon_core.shell:Creating package descriptor '/home/gerardo/Projects/Robotics/RescueRobot2025/jaguar_odom/install/sllidar_ros2/share/sllidar_ros2/package.dsv'
[0.610s] INFO:colcon.colcon_core.shell:Creating package script '/home/gerardo/Projects/Robotics/RescueRobot2025/jaguar_odom/install/sllidar_ros2/share/sllidar_ros2/package.sh'
[0.610s] INFO:colcon.colcon_core.shell:Creating package script '/home/gerardo/Projects/Robotics/RescueRobot2025/jaguar_odom/install/sllidar_ros2/share/sllidar_ros2/package.bash'
[0.610s] INFO:colcon.colcon_core.shell:Creating package script '/home/gerardo/Projects/Robotics/RescueRobot2025/jaguar_odom/install/sllidar_ros2/share/sllidar_ros2/package.zsh'
[0.610s] Level 1:colcon.colcon_core.environment:create_file_with_runtime_dependencies(/home/gerardo/Projects/Robotics/RescueRobot2025/jaguar_odom/install/sllidar_ros2/share/colcon-core/packages/sllidar_ros2)
[0.611s] Level 1:colcon.colcon_core.environment:create_environment_scripts_only(sllidar_ros2)
[0.611s] Level 1:colcon.colcon_core.environment:checking '/home/gerardo/Projects/Robotics/RescueRobot2025/jaguar_odom/install/sllidar_ros2' for CMake module files
[0.611s] Level 1:colcon.colcon_core.environment:checking '/home/gerardo/Projects/Robotics/RescueRobot2025/jaguar_odom/install/sllidar_ros2' for CMake config files
[0.611s] Level 1:colcon.colcon_core.shell:create_environment_hook('sllidar_ros2', 'cmake_prefix_path')
[0.612s] INFO:colcon.colcon_core.shell:Creating environment hook '/home/gerardo/Projects/Robotics/RescueRobot2025/jaguar_odom/install/sllidar_ros2/share/sllidar_ros2/hook/cmake_prefix_path.ps1'
[0.612s] INFO:colcon.colcon_core.shell:Creating environment descriptor '/home/gerardo/Projects/Robotics/RescueRobot2025/jaguar_odom/install/sllidar_ros2/share/sllidar_ros2/hook/cmake_prefix_path.dsv'
[0.612s] INFO:colcon.colcon_core.shell:Creating environment hook '/home/gerardo/Projects/Robotics/RescueRobot2025/jaguar_odom/install/sllidar_ros2/share/sllidar_ros2/hook/cmake_prefix_path.sh'
[0.612s] Level 1:colcon.colcon_core.environment:checking '/home/gerardo/Projects/Robotics/RescueRobot2025/jaguar_odom/install/sllidar_ros2/lib'
[0.613s] Level 1:colcon.colcon_core.environment:checking '/home/gerardo/Projects/Robotics/RescueRobot2025/jaguar_odom/install/sllidar_ros2/bin'
[0.613s] Level 1:colcon.colcon_core.environment:checking '/home/gerardo/Projects/Robotics/RescueRobot2025/jaguar_odom/install/sllidar_ros2/lib/pkgconfig/sllidar_ros2.pc'
[0.613s] Level 1:colcon.colcon_core.environment:checking '/home/gerardo/Projects/Robotics/RescueRobot2025/jaguar_odom/install/sllidar_ros2/lib/python3.10/site-packages'
[0.613s] Level 1:colcon.colcon_core.environment:checking '/home/gerardo/Projects/Robotics/RescueRobot2025/jaguar_odom/install/sllidar_ros2/bin'
[0.613s] INFO:colcon.colcon_core.shell:Creating package script '/home/gerardo/Projects/Robotics/RescueRobot2025/jaguar_odom/install/sllidar_ros2/share/sllidar_ros2/package.ps1'
[0.614s] INFO:colcon.colcon_core.shell:Creating package descriptor '/home/gerardo/Projects/Robotics/RescueRobot2025/jaguar_odom/install/sllidar_ros2/share/sllidar_ros2/package.dsv'
[0.614s] INFO:colcon.colcon_core.shell:Creating package script '/home/gerardo/Projects/Robotics/RescueRobot2025/jaguar_odom/install/sllidar_ros2/share/sllidar_ros2/package.sh'
[0.614s] INFO:colcon.colcon_core.shell:Creating package script '/home/gerardo/Projects/Robotics/RescueRobot2025/jaguar_odom/install/sllidar_ros2/share/sllidar_ros2/package.bash'
[0.614s] INFO:colcon.colcon_core.shell:Creating package script '/home/gerardo/Projects/Robotics/RescueRobot2025/jaguar_odom/install/sllidar_ros2/share/sllidar_ros2/package.zsh'
[0.615s] Level 1:colcon.colcon_core.environment:create_file_with_runtime_dependencies(/home/gerardo/Projects/Robotics/RescueRobot2025/jaguar_odom/install/sllidar_ros2/share/colcon-core/packages/sllidar_ros2)
[0.813s] DEBUG:colcon.colcon_core.event_handler.log_command:Invoking command in '/home/gerardo/Projects/Robotics/RescueRobot2025/jaguar_odom/src/jaguar_odom': PYTHONPATH=/home/gerardo/Projects/Robotics/RescueRobot2025/jaguar_odom/build/jaguar_odom/prefix_override:/usr/lib/python3/dist-packages/colcon_core/task/python/colcon_distutils_commands:/home/gerardo/Projects/Robotics/RescueRobot2025/jaguar_odom/install/jaguar_odom/lib/python3.10/site-packages:${PYTHONPATH} /usr/bin/python3 -W ignore:setup.py install is deprecated -W ignore:easy_install command is deprecated setup.py egg_info --egg-base ../../build/jaguar_odom build --build-base /home/gerardo/Projects/Robotics/RescueRobot2025/jaguar_odom/build/jaguar_odom/build install --record /home/gerardo/Projects/Robotics/RescueRobot2025/jaguar_odom/build/jaguar_odom/install.log --single-version-externally-managed install_data
[1.021s] Level 1:colcon.colcon_core.environment:checking '/home/gerardo/Projects/Robotics/RescueRobot2025/jaguar_odom/install/jaguar_odom' for CMake module files
[1.022s] DEBUG:colcon.colcon_core.event_handler.log_command:Invoked command in '/home/gerardo/Projects/Robotics/RescueRobot2025/jaguar_odom/src/jaguar_odom' returned '0': PYTHONPATH=/home/gerardo/Projects/Robotics/RescueRobot2025/jaguar_odom/build/jaguar_odom/prefix_override:/usr/lib/python3/dist-packages/colcon_core/task/python/colcon_distutils_commands:/home/gerardo/Projects/Robotics/RescueRobot2025/jaguar_odom/install/jaguar_odom/lib/python3.10/site-packages:${PYTHONPATH} /usr/bin/python3 -W ignore:setup.py install is deprecated -W ignore:easy_install command is deprecated setup.py egg_info --egg-base ../../build/jaguar_odom build --build-base /home/gerardo/Projects/Robotics/RescueRobot2025/jaguar_odom/build/jaguar_odom/build install --record /home/gerardo/Projects/Robotics/RescueRobot2025/jaguar_odom/build/jaguar_odom/install.log --single-version-externally-managed install_data
[1.022s] Level 1:colcon.colcon_core.environment:checking '/home/gerardo/Projects/Robotics/RescueRobot2025/jaguar_odom/install/jaguar_odom' for CMake config files
[1.022s] Level 1:colcon.colcon_core.environment:checking '/home/gerardo/Projects/Robotics/RescueRobot2025/jaguar_odom/install/jaguar_odom/lib'
[1.022s] Level 1:colcon.colcon_core.environment:checking '/home/gerardo/Projects/Robotics/RescueRobot2025/jaguar_odom/install/jaguar_odom/bin'
[1.022s] Level 1:colcon.colcon_core.environment:checking '/home/gerardo/Projects/Robotics/RescueRobot2025/jaguar_odom/install/jaguar_odom/lib/pkgconfig/jaguar_odom.pc'
[1.023s] Level 1:colcon.colcon_core.environment:checking '/home/gerardo/Projects/Robotics/RescueRobot2025/jaguar_odom/install/jaguar_odom/lib/python3.10/site-packages'
[1.023s] Level 1:colcon.colcon_core.shell:create_environment_hook('jaguar_odom', 'pythonpath')
[1.023s] INFO:colcon.colcon_core.shell:Creating environment hook '/home/gerardo/Projects/Robotics/RescueRobot2025/jaguar_odom/install/jaguar_odom/share/jaguar_odom/hook/pythonpath.ps1'
[1.023s] INFO:colcon.colcon_core.shell:Creating environment descriptor '/home/gerardo/Projects/Robotics/RescueRobot2025/jaguar_odom/install/jaguar_odom/share/jaguar_odom/hook/pythonpath.dsv'
[1.023s] INFO:colcon.colcon_core.shell:Creating environment hook '/home/gerardo/Projects/Robotics/RescueRobot2025/jaguar_odom/install/jaguar_odom/share/jaguar_odom/hook/pythonpath.sh'
[1.024s] Level 1:colcon.colcon_core.environment:checking '/home/gerardo/Projects/Robotics/RescueRobot2025/jaguar_odom/install/jaguar_odom/bin'
[1.024s] Level 1:colcon.colcon_core.environment:create_environment_scripts_only(jaguar_odom)
[1.024s] INFO:colcon.colcon_core.shell:Creating package script '/home/gerardo/Projects/Robotics/RescueRobot2025/jaguar_odom/install/jaguar_odom/share/jaguar_odom/package.ps1'
[1.024s] INFO:colcon.colcon_core.shell:Creating package descriptor '/home/gerardo/Projects/Robotics/RescueRobot2025/jaguar_odom/install/jaguar_odom/share/jaguar_odom/package.dsv'
[1.025s] INFO:colcon.colcon_core.shell:Creating package script '/home/gerardo/Projects/Robotics/RescueRobot2025/jaguar_odom/install/jaguar_odom/share/jaguar_odom/package.sh'
[1.025s] INFO:colcon.colcon_core.shell:Creating package script '/home/gerardo/Projects/Robotics/RescueRobot2025/jaguar_odom/install/jaguar_odom/share/jaguar_odom/package.bash'
[1.025s] INFO:colcon.colcon_core.shell:Creating package script '/home/gerardo/Projects/Robotics/RescueRobot2025/jaguar_odom/install/jaguar_odom/share/jaguar_odom/package.zsh'
[1.025s] Level 1:colcon.colcon_core.environment:create_file_with_runtime_dependencies(/home/gerardo/Projects/Robotics/RescueRobot2025/jaguar_odom/install/jaguar_odom/share/colcon-core/packages/jaguar_odom)
[1.026s] DEBUG:colcon.colcon_parallel_executor.executor.parallel:closing loop
[1.026s] DEBUG:colcon.colcon_parallel_executor.executor.parallel:loop closed
[1.026s] DEBUG:colcon.colcon_parallel_executor.executor.parallel:run_until_complete finished with '0'
[1.026s] DEBUG:colcon.colcon_core.event_reactor:joining thread
[1.033s] INFO:colcon.colcon_core.plugin_system:Skipping extension 'colcon_notification.desktop_notification.terminal_notifier': Not used on non-Darwin systems
[1.033s] INFO:colcon.colcon_core.plugin_system:Skipping extension 'colcon_notification.desktop_notification.win32': Not used on non-Windows systems
[1.033s] INFO:colcon.colcon_notification.desktop_notification:Sending desktop notification using 'notify2'
[1.043s] DEBUG:colcon.colcon_core.event_reactor:joined thread
[1.043s] INFO:colcon.colcon_core.shell:Creating prefix script '/home/gerardo/Projects/Robotics/RescueRobot2025/jaguar_odom/install/local_setup.ps1'
[1.044s] INFO:colcon.colcon_core.shell:Creating prefix util module '/home/gerardo/Projects/Robotics/RescueRobot2025/jaguar_odom/install/_local_setup_util_ps1.py'
[1.045s] INFO:colcon.colcon_core.shell:Creating prefix chain script '/home/gerardo/Projects/Robotics/RescueRobot2025/jaguar_odom/install/setup.ps1'
[1.047s] INFO:colcon.colcon_core.shell:Creating prefix script '/home/gerardo/Projects/Robotics/RescueRobot2025/jaguar_odom/install/local_setup.sh'
[1.048s] INFO:colcon.colcon_core.shell:Creating prefix util module '/home/gerardo/Projects/Robotics/RescueRobot2025/jaguar_odom/install/_local_setup_util_sh.py'
[1.048s] INFO:colcon.colcon_core.shell:Creating prefix chain script '/home/gerardo/Projects/Robotics/RescueRobot2025/jaguar_odom/install/setup.sh'
[1.050s] INFO:colcon.colcon_core.shell:Creating prefix script '/home/gerardo/Projects/Robotics/RescueRobot2025/jaguar_odom/install/local_setup.bash'
[1.050s] INFO:colcon.colcon_core.shell:Creating prefix chain script '/home/gerardo/Projects/Robotics/RescueRobot2025/jaguar_odom/install/setup.bash'
[1.052s] INFO:colcon.colcon_core.shell:Creating prefix script '/home/gerardo/Projects/Robotics/RescueRobot2025/jaguar_odom/install/local_setup.zsh'
[1.052s] INFO:colcon.colcon_core.shell:Creating prefix chain script '/home/gerardo/Projects/Robotics/RescueRobot2025/jaguar_odom/install/setup.zsh'
