[0.260s] Invoking command in '/home/gerardo/Projects/Robotics/RescueRobot2025/jaguar_odom/build/libuvc': /usr/bin/cmake /home/gerardo/Projects/Robotics/RescueRobot2025/jaguar_odom/src/libuvc -DCMAKE_INSTALL_PREFIX=/home/gerardo/Projects/Robotics/RescueRobot2025/jaguar_odom/install/libuvc
[0.325s] -- The C compiler identification is GNU 11.4.0
[0.334s] -- Detecting C compiler ABI info
[0.411s] -- Detecting C compiler ABI info - done
[0.417s] -- Check for working C compiler: /usr/bin/cc - skipped
[0.417s] -- Detecting C compile features
[0.418s] -- Detecting C compile features - done
[0.418s] -- No build type selected, default to Release
[0.418s] -- No target type selected, default to both shared and static library
[0.425s] -- Found PkgConfig: /usr/bin/pkg-config (found version "0.29.2") 
[0.426s] -- Checking for module 'libusb-1.0'
[0.445s] --   Found libusb-1.0, version 1.0.25
[0.488s] -- libusb-1.0 found using pkgconfig
[0.509s] -- Found JPEG: /usr/lib/x86_64-linux-gnu/libjpeg.so (found version "80") 
[0.509s] -- Found JPEG library using standard module
[0.509s] [33mCMake Warning (dev) at /usr/share/cmake-3.22/Modules/FindPackageHandleStandardArgs.cmake:438 (message):
[0.509s]   The package name passed to `find_package_handle_standard_args` (JPEG) does
[0.509s]   not match the name of the calling package (JpegPkg).  This can lead to
[0.509s]   problems in calling code that expects `find_package` result variables
[0.510s]   (e.g., `_FOUND`) to follow a certain pattern.
[0.510s] Call Stack (most recent call first):
[0.510s]   cmake/FindJpegPkg.cmake:58 (find_package_handle_standard_args)
[0.510s]   CMakeLists.txt:45 (find_package)
[0.510s] This warning is for project developers.  Use -Wno-dev to suppress it.
[0.510s] [0m
[0.510s] -- Found JPEG: /usr/lib/x86_64-linux-gnu/libjpeg.so  
[0.510s] -- Building libuvc with JPEG support.
[0.510s] -- Looking for pthread.h
[0.605s] -- Looking for pthread.h - found
[0.605s] -- Performing Test CMAKE_HAVE_LIBC_PTHREAD
[0.700s] -- Performing Test CMAKE_HAVE_LIBC_PTHREAD - Success
[0.701s] -- Found Threads: TRUE  
[0.704s] -- Configuring done
[0.709s] -- Generating done
[0.711s] -- Build files have been written to: /home/gerardo/Projects/Robotics/RescueRobot2025/jaguar_odom/build/libuvc
[0.713s] Invoked command in '/home/gerardo/Projects/Robotics/RescueRobot2025/jaguar_odom/build/libuvc' returned '0': /usr/bin/cmake /home/gerardo/Projects/Robotics/RescueRobot2025/jaguar_odom/src/libuvc -DCMAKE_INSTALL_PREFIX=/home/gerardo/Projects/Robotics/RescueRobot2025/jaguar_odom/install/libuvc
[0.715s] Invoking command in '/home/gerardo/Projects/Robotics/RescueRobot2025/jaguar_odom/build/libuvc': /usr/bin/cmake --build /home/gerardo/Projects/Robotics/RescueRobot2025/jaguar_odom/build/libuvc -- -j16 -l16
[0.782s] [  4%] [32mBuilding C object CMakeFiles/uvc.dir/src/ctrl.c.o[0m
[0.782s] [  9%] [32mBuilding C object CMakeFiles/uvc.dir/src/frame.c.o[0m
[0.782s] [ 18%] [32mBuilding C object CMakeFiles/uvc.dir/src/init.c.o[0m
[0.782s] [ 18%] [32mBuilding C object CMakeFiles/uvc.dir/src/stream.c.o[0m
[0.782s] [ 22%] [32mBuilding C object CMakeFiles/uvc_static.dir/src/diag.c.o[0m
[0.782s] [ 27%] [32mBuilding C object CMakeFiles/uvc_static.dir/src/device.c.o[0m
[0.782s] [ 31%] [32mBuilding C object CMakeFiles/uvc.dir/src/ctrl-gen.c.o[0m
[0.783s] [ 36%] [32mBuilding C object CMakeFiles/uvc.dir/src/diag.c.o[0m
[0.783s] [ 40%] [32mBuilding C object CMakeFiles/uvc_static.dir/src/ctrl-gen.c.o[0m
[0.783s] [ 45%] [32mBuilding C object CMakeFiles/uvc_static.dir/src/frame.c.o[0m
[0.783s] [ 50%] [32mBuilding C object CMakeFiles/uvc.dir/src/misc.c.o[0m
[0.784s] [ 54%] [32mBuilding C object CMakeFiles/uvc_static.dir/src/ctrl.c.o[0m
[0.785s] [ 59%] [32mBuilding C object CMakeFiles/uvc.dir/src/device.c.o[0m
[0.785s] [ 63%] [32mBuilding C object CMakeFiles/uvc_static.dir/src/init.c.o[0m
[0.788s] [ 68%] [32mBuilding C object CMakeFiles/uvc.dir/src/frame-mjpeg.c.o[0m
[0.797s] [ 72%] [32mBuilding C object CMakeFiles/uvc_static.dir/src/stream.c.o[0m
[0.829s] [ 77%] [32mBuilding C object CMakeFiles/uvc_static.dir/src/misc.c.o[0m
[0.890s] [ 81%] [32mBuilding C object CMakeFiles/uvc_static.dir/src/frame-mjpeg.c.o[0m
[1.275s] [ 86%] [32m[1mLinking C shared library libuvc.so[0m
[1.296s] [ 90%] [32m[1mLinking C static library libuvc.a[0m
[1.377s] [ 90%] Built target uvc
[1.423s] [ 90%] Built target uvc_static
[1.424s] [ 95%] [32mBuilding C object CMakeFiles/example.dir/src/example.c.o[0m
[1.494s] [100%] [32m[1mLinking C executable example[0m
[1.548s] [100%] Built target example
[1.570s] Invoked command in '/home/gerardo/Projects/Robotics/RescueRobot2025/jaguar_odom/build/libuvc' returned '0': /usr/bin/cmake --build /home/gerardo/Projects/Robotics/RescueRobot2025/jaguar_odom/build/libuvc -- -j16 -l16
[1.588s] Invoking command in '/home/gerardo/Projects/Robotics/RescueRobot2025/jaguar_odom/build/libuvc': /usr/bin/cmake --install /home/gerardo/Projects/Robotics/RescueRobot2025/jaguar_odom/build/libuvc
[1.597s] -- Install configuration: "Release"
[1.597s] -- Installing: /home/gerardo/Projects/Robotics/RescueRobot2025/jaguar_odom/install/libuvc/lib/libuvc.so.0.0.7
[1.598s] -- Installing: /home/gerardo/Projects/Robotics/RescueRobot2025/jaguar_odom/install/libuvc/lib/libuvc.so.0
[1.598s] -- Installing: /home/gerardo/Projects/Robotics/RescueRobot2025/jaguar_odom/install/libuvc/lib/libuvc.so
[1.598s] -- Installing: /home/gerardo/Projects/Robotics/RescueRobot2025/jaguar_odom/install/libuvc/include/libuvc/libuvc.h
[1.598s] -- Installing: /home/gerardo/Projects/Robotics/RescueRobot2025/jaguar_odom/install/libuvc/include/libuvc/libuvc_config.h
[1.598s] -- Installing: /home/gerardo/Projects/Robotics/RescueRobot2025/jaguar_odom/install/libuvc/lib/libuvc.a
[1.598s] -- Up-to-date: /home/gerardo/Projects/Robotics/RescueRobot2025/jaguar_odom/install/libuvc/include/libuvc/libuvc.h
[1.598s] -- Up-to-date: /home/gerardo/Projects/Robotics/RescueRobot2025/jaguar_odom/install/libuvc/include/libuvc/libuvc_config.h
[1.598s] -- Installing: /home/gerardo/Projects/Robotics/RescueRobot2025/jaguar_odom/install/libuvc/lib/cmake/libuvc/libuvcTargets.cmake
[1.598s] -- Installing: /home/gerardo/Projects/Robotics/RescueRobot2025/jaguar_odom/install/libuvc/lib/cmake/libuvc/libuvcTargets-release.cmake
[1.599s] -- Installing: /home/gerardo/Projects/Robotics/RescueRobot2025/jaguar_odom/install/libuvc/lib/cmake/libuvc/FindLibUSB.cmake
[1.599s] -- Installing: /home/gerardo/Projects/Robotics/RescueRobot2025/jaguar_odom/install/libuvc/lib/cmake/libuvc/FindJpegPkg.cmake
[1.599s] -- Installing: /home/gerardo/Projects/Robotics/RescueRobot2025/jaguar_odom/install/libuvc/lib/cmake/libuvc/libuvcConfigVersion.cmake
[1.599s] -- Installing: /home/gerardo/Projects/Robotics/RescueRobot2025/jaguar_odom/install/libuvc/lib/pkgconfig/libuvc.pc
[1.599s] -- Installing: /home/gerardo/Projects/Robotics/RescueRobot2025/jaguar_odom/install/libuvc/lib/cmake/libuvc/libuvcConfig.cmake
[1.602s] Invoked command in '/home/gerardo/Projects/Robotics/RescueRobot2025/jaguar_odom/build/libuvc' returned '0': /usr/bin/cmake --install /home/gerardo/Projects/Robotics/RescueRobot2025/jaguar_odom/build/libuvc
