running develop
running egg_info
creating jaguar_odom.egg-info
writing jaguar_odom.egg-info/PKG-INFO
writing dependency_links to jaguar_odom.egg-info/dependency_links.txt
writing entry points to jaguar_odom.egg-info/entry_points.txt
writing requirements to jaguar_odom.egg-info/requires.txt
writing top-level names to jaguar_odom.egg-info/top_level.txt
writing manifest file 'jaguar_odom.egg-info/SOURCES.txt'
reading manifest file 'jaguar_odom.egg-info/SOURCES.txt'
writing manifest file 'jaguar_odom.egg-info/SOURCES.txt'
running build_ext
Creating /home/gerardo/Projects/Robotics/RescueRobot2025/jaguar_odom/install/jaguar_odom/lib/python3.10/site-packages/jaguar-odom.egg-link (link to .)
Installing encoder_odom_node script to /home/gerardo/Projects/Robotics/RescueRobot2025/jaguar_odom/install/jaguar_odom/lib/jaguar_odom

Installed /home/gerardo/Projects/Robotics/RescueRobot2025/jaguar_odom/build/jaguar_odom
running symlink_data
creating /home/gerardo/Projects/Robotics/RescueRobot2025/jaguar_odom/install/jaguar_odom/share/ament_index
creating /home/gerardo/Projects/Robotics/RescueRobot2025/jaguar_odom/install/jaguar_odom/share/ament_index/resource_index
creating /home/gerardo/Projects/Robotics/RescueRobot2025/jaguar_odom/install/jaguar_odom/share/ament_index/resource_index/packages
symbolically linking /home/gerardo/Projects/Robotics/RescueRobot2025/jaguar_odom/build/jaguar_odom/resource/jaguar_odom -> /home/gerardo/Projects/Robotics/RescueRobot2025/jaguar_odom/install/jaguar_odom/share/ament_index/resource_index/packages
symbolically linking /home/gerardo/Projects/Robotics/RescueRobot2025/jaguar_odom/build/jaguar_odom/package.xml -> /home/gerardo/Projects/Robotics/RescueRobot2025/jaguar_odom/install/jaguar_odom/share/jaguar_odom
creating /home/gerardo/Projects/Robotics/RescueRobot2025/jaguar_odom/install/jaguar_odom/share/jaguar_odom/launch
symbolically linking /home/gerardo/Projects/Robotics/RescueRobot2025/jaguar_odom/build/jaguar_odom/launch/slam.launch.py -> /home/gerardo/Projects/Robotics/RescueRobot2025/jaguar_odom/install/jaguar_odom/share/jaguar_odom/launch
