[0.664s] Invoking command in '/home/gerardo/Projects/Robotics/RescueRobot2025/jaguar_odom/build/jaguar_odom': PYTHONPATH=/home/gerardo/Projects/Robotics/RescueRobot2025/jaguar_odom/build/jaguar_odom/prefix_override:/usr/lib/python3/dist-packages/colcon_core/task/python/colcon_distutils_commands:/home/gerardo/Projects/Robotics/RescueRobot2025/jaguar_odom/install/jaguar_odom/lib/python3.10/site-packages:${PYTHONPATH} /usr/bin/python3 -W ignore:setup.py install is deprecated -W ignore:easy_install command is deprecated setup.py develop --editable --build-directory /home/gerardo/Projects/Robotics/RescueRobot2025/jaguar_odom/build/jaguar_odom/build --no-deps symlink_data
[1.012s] running develop
[1.265s] running egg_info
[1.265s] creating jaguar_odom.egg-info
[1.265s] writing jaguar_odom.egg-info/PKG-INFO
[1.266s] writing dependency_links to jaguar_odom.egg-info/dependency_links.txt
[1.266s] writing entry points to jaguar_odom.egg-info/entry_points.txt
[1.266s] writing requirements to jaguar_odom.egg-info/requires.txt
[1.266s] writing top-level names to jaguar_odom.egg-info/top_level.txt
[1.266s] writing manifest file 'jaguar_odom.egg-info/SOURCES.txt'
[1.269s] reading manifest file 'jaguar_odom.egg-info/SOURCES.txt'
[1.269s] writing manifest file 'jaguar_odom.egg-info/SOURCES.txt'
[1.344s] running build_ext
[1.344s] Creating /home/gerardo/Projects/Robotics/RescueRobot2025/jaguar_odom/install/jaguar_odom/lib/python3.10/site-packages/jaguar-odom.egg-link (link to .)
[1.345s] Installing encoder_odom_node script to /home/gerardo/Projects/Robotics/RescueRobot2025/jaguar_odom/install/jaguar_odom/lib/jaguar_odom
[1.345s] 
[1.345s] Installed /home/gerardo/Projects/Robotics/RescueRobot2025/jaguar_odom/build/jaguar_odom
[1.345s] running symlink_data
[1.346s] creating /home/gerardo/Projects/Robotics/RescueRobot2025/jaguar_odom/install/jaguar_odom/share/ament_index
[1.346s] creating /home/gerardo/Projects/Robotics/RescueRobot2025/jaguar_odom/install/jaguar_odom/share/ament_index/resource_index
[1.346s] creating /home/gerardo/Projects/Robotics/RescueRobot2025/jaguar_odom/install/jaguar_odom/share/ament_index/resource_index/packages
[1.346s] symbolically linking /home/gerardo/Projects/Robotics/RescueRobot2025/jaguar_odom/build/jaguar_odom/resource/jaguar_odom -> /home/gerardo/Projects/Robotics/RescueRobot2025/jaguar_odom/install/jaguar_odom/share/ament_index/resource_index/packages
[1.346s] symbolically linking /home/gerardo/Projects/Robotics/RescueRobot2025/jaguar_odom/build/jaguar_odom/package.xml -> /home/gerardo/Projects/Robotics/RescueRobot2025/jaguar_odom/install/jaguar_odom/share/jaguar_odom
[1.346s] creating /home/gerardo/Projects/Robotics/RescueRobot2025/jaguar_odom/install/jaguar_odom/share/jaguar_odom/launch
[1.346s] symbolically linking /home/gerardo/Projects/Robotics/RescueRobot2025/jaguar_odom/build/jaguar_odom/launch/slam.launch.py -> /home/gerardo/Projects/Robotics/RescueRobot2025/jaguar_odom/install/jaguar_odom/share/jaguar_odom/launch
[1.416s] Invoked command in '/home/gerardo/Projects/Robotics/RescueRobot2025/jaguar_odom/build/jaguar_odom' returned '0': PYTHONPATH=/home/gerardo/Projects/Robotics/RescueRobot2025/jaguar_odom/build/jaguar_odom/prefix_override:/usr/lib/python3/dist-packages/colcon_core/task/python/colcon_distutils_commands:/home/gerardo/Projects/Robotics/RescueRobot2025/jaguar_odom/install/jaguar_odom/lib/python3.10/site-packages:${PYTHONPATH} /usr/bin/python3 -W ignore:setup.py install is deprecated -W ignore:easy_install command is deprecated setup.py develop --editable --build-directory /home/gerardo/Projects/Robotics/RescueRobot2025/jaguar_odom/build/jaguar_odom/build --no-deps symlink_data
