[0.204s] Invoking command in '/home/gerardo/Projects/Robotics/RescueRobot2025/jaguar_odom/build/sllidar_ros2': CMAKE_PREFIX_PATH=${CMAKE_PREFIX_PATH}:/home/gerardo/Projects/Robotics/RescueRobot2025/jaguar_odom/install/jaguar_odom:/home/gerardo/Projects/ROS/ws_moveit/install/moveit_configs_utils:/home/gerardo/Projects/ROS/ws_moveit/install/launch_param_builder:/opt/ros/humble /usr/bin/cmake /home/gerardo/Projects/Robotics/RescueRobot2025/jaguar_odom/src/sllidar_ros2 -DCMAKE_INSTALL_PREFIX=/home/gerardo/Projects/Robotics/RescueRobot2025/jaguar_odom/install/sllidar_ros2
[0.218s] -- Found ament_cmake: 1.3.11 (/opt/ros/humble/share/ament_cmake/cmake)
[0.333s] -- Override CMake install command with custom implementation using symlinks instead of copying resources
[0.339s] -- Found rclcpp: 16.0.11 (/opt/ros/humble/share/rclcpp/cmake)
[0.361s] -- Found rosidl_generator_c: 3.1.6 (/opt/ros/humble/share/rosidl_generator_c/cmake)
[0.362s] -- Found rosidl_adapter: 3.1.6 (/opt/ros/humble/share/rosidl_adapter/cmake)
[0.367s] -- Found rosidl_generator_cpp: 3.1.6 (/opt/ros/humble/share/rosidl_generator_cpp/cmake)
[0.375s] -- Using all available rosidl_typesupport_c: rosidl_typesupport_fastrtps_c;rosidl_typesupport_introspection_c
[0.386s] -- Using all available rosidl_typesupport_cpp: rosidl_typesupport_fastrtps_cpp;rosidl_typesupport_introspection_cpp
[0.412s] -- Found rmw_implementation_cmake: 6.1.2 (/opt/ros/humble/share/rmw_implementation_cmake/cmake)
[0.415s] -- Found rmw_fastrtps_cpp: 6.2.7 (/opt/ros/humble/share/rmw_fastrtps_cpp/cmake)
[0.511s] -- Using RMW implementation 'rmw_fastrtps_cpp' as default
[0.545s] -- Found sensor_msgs: 4.2.4 (/opt/ros/humble/share/sensor_msgs/cmake)
[0.564s] -- Found std_srvs: 4.2.4 (/opt/ros/humble/share/std_srvs/cmake)
[0.623s] -- Configuring done
[0.635s] -- Generating done
[0.638s] -- Build files have been written to: /home/gerardo/Projects/Robotics/RescueRobot2025/jaguar_odom/build/sllidar_ros2
[0.645s] Invoked command in '/home/gerardo/Projects/Robotics/RescueRobot2025/jaguar_odom/build/sllidar_ros2' returned '0': CMAKE_PREFIX_PATH=${CMAKE_PREFIX_PATH}:/home/gerardo/Projects/Robotics/RescueRobot2025/jaguar_odom/install/jaguar_odom:/home/gerardo/Projects/ROS/ws_moveit/install/moveit_configs_utils:/home/gerardo/Projects/ROS/ws_moveit/install/launch_param_builder:/opt/ros/humble /usr/bin/cmake /home/gerardo/Projects/Robotics/RescueRobot2025/jaguar_odom/src/sllidar_ros2 -DCMAKE_INSTALL_PREFIX=/home/gerardo/Projects/Robotics/RescueRobot2025/jaguar_odom/install/sllidar_ros2
[0.646s] Invoking command in '/home/gerardo/Projects/Robotics/RescueRobot2025/jaguar_odom/build/sllidar_ros2': CMAKE_PREFIX_PATH=${CMAKE_PREFIX_PATH}:/home/gerardo/Projects/Robotics/RescueRobot2025/jaguar_odom/install/jaguar_odom:/home/gerardo/Projects/ROS/ws_moveit/install/moveit_configs_utils:/home/gerardo/Projects/ROS/ws_moveit/install/launch_param_builder:/opt/ros/humble /usr/bin/cmake --build /home/gerardo/Projects/Robotics/RescueRobot2025/jaguar_odom/build/sllidar_ros2 -- -j16 -l16
[0.689s] [35m[1mConsolidate compiler generated dependencies of target sllidar_client[0m
[0.695s] [35m[1mConsolidate compiler generated dependencies of target sllidar_node[0m
[0.706s] [ 10%] Built target sllidar_client
[0.722s] [100%] Built target sllidar_node
[0.734s] Invoked command in '/home/gerardo/Projects/Robotics/RescueRobot2025/jaguar_odom/build/sllidar_ros2' returned '0': CMAKE_PREFIX_PATH=${CMAKE_PREFIX_PATH}:/home/gerardo/Projects/Robotics/RescueRobot2025/jaguar_odom/install/jaguar_odom:/home/gerardo/Projects/ROS/ws_moveit/install/moveit_configs_utils:/home/gerardo/Projects/ROS/ws_moveit/install/launch_param_builder:/opt/ros/humble /usr/bin/cmake --build /home/gerardo/Projects/Robotics/RescueRobot2025/jaguar_odom/build/sllidar_ros2 -- -j16 -l16
[0.737s] Invoking command in '/home/gerardo/Projects/Robotics/RescueRobot2025/jaguar_odom/build/sllidar_ros2': CMAKE_PREFIX_PATH=${CMAKE_PREFIX_PATH}:/home/gerardo/Projects/Robotics/RescueRobot2025/jaguar_odom/install/jaguar_odom:/home/gerardo/Projects/ROS/ws_moveit/install/moveit_configs_utils:/home/gerardo/Projects/ROS/ws_moveit/install/launch_param_builder:/opt/ros/humble /usr/bin/cmake --install /home/gerardo/Projects/Robotics/RescueRobot2025/jaguar_odom/build/sllidar_ros2
[0.743s] -- Install configuration: ""
[0.743s] -- Execute custom install script
[0.744s] -- Up-to-date symlink: /home/gerardo/Projects/Robotics/RescueRobot2025/jaguar_odom/install/sllidar_ros2/share/sllidar_ros2/launch/__pycache__/view_sllidar_a2m12_launch.cpython-310.pyc
[0.744s] -- Up-to-date symlink: /home/gerardo/Projects/Robotics/RescueRobot2025/jaguar_odom/install/sllidar_ros2/share/sllidar_ros2/launch/sllidar_a1_launch.py
[0.744s] -- Up-to-date symlink: /home/gerardo/Projects/Robotics/RescueRobot2025/jaguar_odom/install/sllidar_ros2/share/sllidar_ros2/launch/sllidar_a2m12_launch .py
[0.744s] -- Up-to-date symlink: /home/gerardo/Projects/Robotics/RescueRobot2025/jaguar_odom/install/sllidar_ros2/share/sllidar_ros2/launch/sllidar_a2m7_launch.py
[0.744s] -- Up-to-date symlink: /home/gerardo/Projects/Robotics/RescueRobot2025/jaguar_odom/install/sllidar_ros2/share/sllidar_ros2/launch/sllidar_a2m8_launch.py
[0.744s] -- Up-to-date symlink: /home/gerardo/Projects/Robotics/RescueRobot2025/jaguar_odom/install/sllidar_ros2/share/sllidar_ros2/launch/sllidar_a3_launch.py
[0.744s] -- Up-to-date symlink: /home/gerardo/Projects/Robotics/RescueRobot2025/jaguar_odom/install/sllidar_ros2/share/sllidar_ros2/launch/sllidar_c1_launch.py
[0.744s] -- Up-to-date symlink: /home/gerardo/Projects/Robotics/RescueRobot2025/jaguar_odom/install/sllidar_ros2/share/sllidar_ros2/launch/sllidar_s1_launch.py
[0.744s] -- Up-to-date symlink: /home/gerardo/Projects/Robotics/RescueRobot2025/jaguar_odom/install/sllidar_ros2/share/sllidar_ros2/launch/sllidar_s1_tcp_launch.py
[0.745s] -- Up-to-date symlink: /home/gerardo/Projects/Robotics/RescueRobot2025/jaguar_odom/install/sllidar_ros2/share/sllidar_ros2/launch/sllidar_s2_launch.py
[0.745s] -- Up-to-date symlink: /home/gerardo/Projects/Robotics/RescueRobot2025/jaguar_odom/install/sllidar_ros2/share/sllidar_ros2/launch/sllidar_s2e_launch.py
[0.745s] -- Up-to-date symlink: /home/gerardo/Projects/Robotics/RescueRobot2025/jaguar_odom/install/sllidar_ros2/share/sllidar_ros2/launch/sllidar_s3_launch.py
[0.745s] -- Up-to-date symlink: /home/gerardo/Projects/Robotics/RescueRobot2025/jaguar_odom/install/sllidar_ros2/share/sllidar_ros2/launch/sllidar_t1_launch.py
[0.745s] -- Up-to-date symlink: /home/gerardo/Projects/Robotics/RescueRobot2025/jaguar_odom/install/sllidar_ros2/share/sllidar_ros2/launch/view_sllidar_a1_launch.py
[0.745s] -- Up-to-date symlink: /home/gerardo/Projects/Robotics/RescueRobot2025/jaguar_odom/install/sllidar_ros2/share/sllidar_ros2/launch/view_sllidar_a2m12_launch.py
[0.745s] -- Up-to-date symlink: /home/gerardo/Projects/Robotics/RescueRobot2025/jaguar_odom/install/sllidar_ros2/share/sllidar_ros2/launch/view_sllidar_a2m7_launch.py
[0.745s] -- Up-to-date symlink: /home/gerardo/Projects/Robotics/RescueRobot2025/jaguar_odom/install/sllidar_ros2/share/sllidar_ros2/launch/view_sllidar_a2m8_launch.py
[0.745s] -- Up-to-date symlink: /home/gerardo/Projects/Robotics/RescueRobot2025/jaguar_odom/install/sllidar_ros2/share/sllidar_ros2/launch/view_sllidar_a3_launch.py
[0.745s] -- Up-to-date symlink: /home/gerardo/Projects/Robotics/RescueRobot2025/jaguar_odom/install/sllidar_ros2/share/sllidar_ros2/launch/view_sllidar_c1_launch.py
[0.745s] -- Up-to-date symlink: /home/gerardo/Projects/Robotics/RescueRobot2025/jaguar_odom/install/sllidar_ros2/share/sllidar_ros2/launch/view_sllidar_s1_launch.py
[0.745s] -- Up-to-date symlink: /home/gerardo/Projects/Robotics/RescueRobot2025/jaguar_odom/install/sllidar_ros2/share/sllidar_ros2/launch/view_sllidar_s1_tcp_launch.py
[0.746s] -- Up-to-date symlink: /home/gerardo/Projects/Robotics/RescueRobot2025/jaguar_odom/install/sllidar_ros2/share/sllidar_ros2/launch/view_sllidar_s2_launch.py
[0.746s] -- Up-to-date symlink: /home/gerardo/Projects/Robotics/RescueRobot2025/jaguar_odom/install/sllidar_ros2/share/sllidar_ros2/launch/view_sllidar_s2e_launch.py
[0.746s] -- Up-to-date symlink: /home/gerardo/Projects/Robotics/RescueRobot2025/jaguar_odom/install/sllidar_ros2/share/sllidar_ros2/launch/view_sllidar_s3_launch.py
[0.746s] -- Up-to-date symlink: /home/gerardo/Projects/Robotics/RescueRobot2025/jaguar_odom/install/sllidar_ros2/share/sllidar_ros2/launch/view_sllidar_t1_launch.py
[0.746s] -- Up-to-date symlink: /home/gerardo/Projects/Robotics/RescueRobot2025/jaguar_odom/install/sllidar_ros2/share/sllidar_ros2/rviz/sllidar_ros2.rviz
[0.746s] -- Up-to-date symlink: /home/gerardo/Projects/Robotics/RescueRobot2025/jaguar_odom/install/sllidar_ros2/lib/sllidar_ros2/sllidar_node
[0.746s] -- Up-to-date symlink: /home/gerardo/Projects/Robotics/RescueRobot2025/jaguar_odom/install/sllidar_ros2/lib/sllidar_ros2/sllidar_client
[0.746s] -- Up-to-date symlink: /home/gerardo/Projects/Robotics/RescueRobot2025/jaguar_odom/install/sllidar_ros2/share/ament_index/resource_index/package_run_dependencies/sllidar_ros2
[0.746s] -- Up-to-date symlink: /home/gerardo/Projects/Robotics/RescueRobot2025/jaguar_odom/install/sllidar_ros2/share/ament_index/resource_index/parent_prefix_path/sllidar_ros2
[0.746s] -- Up-to-date symlink: /home/gerardo/Projects/Robotics/RescueRobot2025/jaguar_odom/install/sllidar_ros2/share/sllidar_ros2/environment/ament_prefix_path.sh
[0.747s] -- Up-to-date symlink: /home/gerardo/Projects/Robotics/RescueRobot2025/jaguar_odom/install/sllidar_ros2/share/sllidar_ros2/environment/ament_prefix_path.dsv
[0.747s] -- Up-to-date symlink: /home/gerardo/Projects/Robotics/RescueRobot2025/jaguar_odom/install/sllidar_ros2/share/sllidar_ros2/environment/path.sh
[0.747s] -- Up-to-date symlink: /home/gerardo/Projects/Robotics/RescueRobot2025/jaguar_odom/install/sllidar_ros2/share/sllidar_ros2/environment/path.dsv
[0.747s] -- Up-to-date symlink: /home/gerardo/Projects/Robotics/RescueRobot2025/jaguar_odom/install/sllidar_ros2/share/sllidar_ros2/local_setup.bash
[0.747s] -- Up-to-date symlink: /home/gerardo/Projects/Robotics/RescueRobot2025/jaguar_odom/install/sllidar_ros2/share/sllidar_ros2/local_setup.sh
[0.747s] -- Up-to-date symlink: /home/gerardo/Projects/Robotics/RescueRobot2025/jaguar_odom/install/sllidar_ros2/share/sllidar_ros2/local_setup.zsh
[0.747s] -- Up-to-date symlink: /home/gerardo/Projects/Robotics/RescueRobot2025/jaguar_odom/install/sllidar_ros2/share/sllidar_ros2/local_setup.dsv
[0.747s] -- Symlinking: /home/gerardo/Projects/Robotics/RescueRobot2025/jaguar_odom/install/sllidar_ros2/share/sllidar_ros2/package.dsv
[0.756s] -- Up-to-date symlink: /home/gerardo/Projects/Robotics/RescueRobot2025/jaguar_odom/install/sllidar_ros2/share/ament_index/resource_index/packages/sllidar_ros2
[0.756s] -- Up-to-date symlink: /home/gerardo/Projects/Robotics/RescueRobot2025/jaguar_odom/install/sllidar_ros2/share/sllidar_ros2/cmake/ament_cmake_export_dependencies-extras.cmake
[0.756s] -- Up-to-date symlink: /home/gerardo/Projects/Robotics/RescueRobot2025/jaguar_odom/install/sllidar_ros2/share/sllidar_ros2/cmake/ament_cmake_export_include_directories-extras.cmake
[0.757s] -- Up-to-date symlink: /home/gerardo/Projects/Robotics/RescueRobot2025/jaguar_odom/install/sllidar_ros2/share/sllidar_ros2/cmake/sllidar_ros2Config.cmake
[0.757s] -- Up-to-date symlink: /home/gerardo/Projects/Robotics/RescueRobot2025/jaguar_odom/install/sllidar_ros2/share/sllidar_ros2/cmake/sllidar_ros2Config-version.cmake
[0.757s] -- Up-to-date symlink: /home/gerardo/Projects/Robotics/RescueRobot2025/jaguar_odom/install/sllidar_ros2/share/sllidar_ros2/package.xml
[0.759s] Invoked command in '/home/gerardo/Projects/Robotics/RescueRobot2025/jaguar_odom/build/sllidar_ros2' returned '0': CMAKE_PREFIX_PATH=${CMAKE_PREFIX_PATH}:/home/gerardo/Projects/Robotics/RescueRobot2025/jaguar_odom/install/jaguar_odom:/home/gerardo/Projects/ROS/ws_moveit/install/moveit_configs_utils:/home/gerardo/Projects/ROS/ws_moveit/install/launch_param_builder:/opt/ros/humble /usr/bin/cmake --install /home/gerardo/Projects/Robotics/RescueRobot2025/jaguar_odom/build/sllidar_ros2
