[0.065s] DEBUG:colcon:Command line arguments: ['/usr/bin/colcon', 'build', '--event-handlers', 'console_direct+', '--cmake-args', '-DCMAKE_BUILD_TYPE=Release']
[0.065s] DEBUG:colcon:Parsed command line arguments: Namespace(log_base=None, log_level=None, verb_name='build', build_base='build', install_base='install', merge_install=False, symlink_install=False, test_result_base=None, continue_on_error=False, executor='parallel', parallel_workers=16, event_handlers=['console_direct+'], ignore_user_meta=False, metas=['./colcon.meta'], base_paths=['.'], packages_ignore=None, packages_ignore_regex=None, paths=None, packages_up_to=None, packages_up_to_regex=None, packages_above=None, packages_above_and_dependencies=None, packages_above_depth=None, packages_select_by_dep=None, packages_skip_by_dep=None, packages_skip_up_to=None, packages_select_build_failed=False, packages_skip_build_finished=False, packages_select_test_failures=False, packages_skip_test_passed=False, packages_select=None, packages_skip=None, packages_select_regex=None, packages_skip_regex=None, packages_start=None, packages_end=None, allow_overriding=[], cmake_args=['-DCMAKE_BUILD_TYPE=Release'], cmake_target=None, cmake_target_skip_unavailable=False, cmake_clean_cache=False, cmake_clean_first=False, cmake_force_configure=False, ament_cmake_args=None, catkin_cmake_args=None, catkin_skip_building_tests=False, mixin_files=None, mixin=None, verb_parser=<colcon_mixin.mixin.mixin_argument.MixinArgumentDecorator object at 0x7db50a9a0a30>, verb_extension=<colcon_core.verb.build.BuildVerb object at 0x7db50a9a0580>, main=<bound method BuildVerb.main of <colcon_core.verb.build.BuildVerb object at 0x7db50a9a0580>>, mixin_verb=('build',))
[0.161s] Level 1:colcon.colcon_core.package_discovery:discover_packages(colcon_meta) check parameters
[0.161s] Level 1:colcon.colcon_core.package_discovery:discover_packages(recursive) check parameters
[0.161s] Level 1:colcon.colcon_core.package_discovery:discover_packages(ignore) check parameters
[0.161s] Level 1:colcon.colcon_core.package_discovery:discover_packages(path) check parameters
[0.161s] Level 1:colcon.colcon_core.package_discovery:discover_packages(colcon_meta) discover
[0.161s] Level 1:colcon.colcon_core.package_discovery:discover_packages(recursive) discover
[0.161s] INFO:colcon.colcon_core.package_discovery:Crawling recursively for packages in '/home/gerardo/Projects/Robotics/RescueRobot2025/RescueRobotTMR25/jaguar_odom'
[0.161s] Level 1:colcon.colcon_core.package_identification:_identify(.) by extensions ['ignore', 'ignore_ament_install']
[0.162s] Level 1:colcon.colcon_core.package_identification:_identify(.) by extension 'ignore'
[0.162s] Level 1:colcon.colcon_core.package_identification:_identify(.) by extension 'ignore_ament_install'
[0.162s] Level 1:colcon.colcon_core.package_identification:_identify(.) by extensions ['colcon_pkg']
[0.162s] Level 1:colcon.colcon_core.package_identification:_identify(.) by extension 'colcon_pkg'
[0.162s] Level 1:colcon.colcon_core.package_identification:_identify(.) by extensions ['colcon_meta']
[0.162s] Level 1:colcon.colcon_core.package_identification:_identify(.) by extension 'colcon_meta'
[0.162s] Level 1:colcon.colcon_core.package_identification:_identify(.) by extensions ['ros']
[0.162s] Level 1:colcon.colcon_core.package_identification:_identify(.) by extension 'ros'
[0.172s] Level 1:colcon.colcon_core.package_identification:_identify(.) by extensions ['cmake', 'python']
[0.172s] Level 1:colcon.colcon_core.package_identification:_identify(.) by extension 'cmake'
[0.172s] Level 1:colcon.colcon_core.package_identification:_identify(.) by extension 'python'
[0.172s] Level 1:colcon.colcon_core.package_identification:_identify(.) by extensions ['python_setup_py']
[0.172s] Level 1:colcon.colcon_core.package_identification:_identify(.) by extension 'python_setup_py'
[0.173s] Level 1:colcon.colcon_core.package_identification:_identify(build) by extensions ['ignore', 'ignore_ament_install']
[0.173s] Level 1:colcon.colcon_core.package_identification:_identify(build) by extension 'ignore'
[0.173s] Level 1:colcon.colcon_core.package_identification:_identify(build) ignored
[0.173s] Level 1:colcon.colcon_core.package_identification:_identify(install) by extensions ['ignore', 'ignore_ament_install']
[0.173s] Level 1:colcon.colcon_core.package_identification:_identify(install) by extension 'ignore'
[0.173s] Level 1:colcon.colcon_core.package_identification:_identify(install) ignored
[0.173s] Level 1:colcon.colcon_core.package_identification:_identify(log) by extensions ['ignore', 'ignore_ament_install']
[0.173s] Level 1:colcon.colcon_core.package_identification:_identify(log) by extension 'ignore'
[0.173s] Level 1:colcon.colcon_core.package_identification:_identify(log) ignored
[0.173s] Level 1:colcon.colcon_core.package_identification:_identify(src) by extensions ['ignore', 'ignore_ament_install']
[0.173s] Level 1:colcon.colcon_core.package_identification:_identify(src) by extension 'ignore'
[0.173s] Level 1:colcon.colcon_core.package_identification:_identify(src) by extension 'ignore_ament_install'
[0.173s] Level 1:colcon.colcon_core.package_identification:_identify(src) by extensions ['colcon_pkg']
[0.173s] Level 1:colcon.colcon_core.package_identification:_identify(src) by extension 'colcon_pkg'
[0.173s] Level 1:colcon.colcon_core.package_identification:_identify(src) by extensions ['colcon_meta']
[0.173s] Level 1:colcon.colcon_core.package_identification:_identify(src) by extension 'colcon_meta'
[0.173s] Level 1:colcon.colcon_core.package_identification:_identify(src) by extensions ['ros']
[0.173s] Level 1:colcon.colcon_core.package_identification:_identify(src) by extension 'ros'
[0.173s] Level 1:colcon.colcon_core.package_identification:_identify(src) by extensions ['cmake', 'python']
[0.173s] Level 1:colcon.colcon_core.package_identification:_identify(src) by extension 'cmake'
[0.173s] Level 1:colcon.colcon_core.package_identification:_identify(src) by extension 'python'
[0.173s] Level 1:colcon.colcon_core.package_identification:_identify(src) by extensions ['python_setup_py']
[0.173s] Level 1:colcon.colcon_core.package_identification:_identify(src) by extension 'python_setup_py'
[0.173s] Level 1:colcon.colcon_core.package_identification:_identify(src/combinedSensors) by extensions ['ignore', 'ignore_ament_install']
[0.173s] Level 1:colcon.colcon_core.package_identification:_identify(src/combinedSensors) by extension 'ignore'
[0.173s] Level 1:colcon.colcon_core.package_identification:_identify(src/combinedSensors) by extension 'ignore_ament_install'
[0.173s] Level 1:colcon.colcon_core.package_identification:_identify(src/combinedSensors) by extensions ['colcon_pkg']
[0.173s] Level 1:colcon.colcon_core.package_identification:_identify(src/combinedSensors) by extension 'colcon_pkg'
[0.173s] Level 1:colcon.colcon_core.package_identification:_identify(src/combinedSensors) by extensions ['colcon_meta']
[0.173s] Level 1:colcon.colcon_core.package_identification:_identify(src/combinedSensors) by extension 'colcon_meta'
[0.173s] Level 1:colcon.colcon_core.package_identification:_identify(src/combinedSensors) by extensions ['ros']
[0.173s] Level 1:colcon.colcon_core.package_identification:_identify(src/combinedSensors) by extension 'ros'
[0.173s] Level 1:colcon.colcon_core.package_identification:_identify(src/combinedSensors) by extensions ['cmake', 'python']
[0.173s] Level 1:colcon.colcon_core.package_identification:_identify(src/combinedSensors) by extension 'cmake'
[0.173s] Level 1:colcon.colcon_core.package_identification:_identify(src/combinedSensors) by extension 'python'
[0.173s] Level 1:colcon.colcon_core.package_identification:_identify(src/combinedSensors) by extensions ['python_setup_py']
[0.173s] Level 1:colcon.colcon_core.package_identification:_identify(src/combinedSensors) by extension 'python_setup_py'
[0.173s] Level 1:colcon.colcon_core.package_identification:_identify(src/jaguar_odom) by extensions ['ignore', 'ignore_ament_install']
[0.173s] Level 1:colcon.colcon_core.package_identification:_identify(src/jaguar_odom) by extension 'ignore'
[0.173s] Level 1:colcon.colcon_core.package_identification:_identify(src/jaguar_odom) by extension 'ignore_ament_install'
[0.173s] Level 1:colcon.colcon_core.package_identification:_identify(src/jaguar_odom) by extensions ['colcon_pkg']
[0.173s] Level 1:colcon.colcon_core.package_identification:_identify(src/jaguar_odom) by extension 'colcon_pkg'
[0.174s] Level 1:colcon.colcon_core.package_identification:_identify(src/jaguar_odom) by extensions ['colcon_meta']
[0.174s] Level 1:colcon.colcon_core.package_identification:_identify(src/jaguar_odom) by extension 'colcon_meta'
[0.174s] Level 1:colcon.colcon_core.package_identification:_identify(src/jaguar_odom) by extensions ['ros']
[0.174s] Level 1:colcon.colcon_core.package_identification:_identify(src/jaguar_odom) by extension 'ros'
[0.175s] DEBUG:colcon.colcon_core.package_identification:Package 'src/jaguar_odom' with type 'ros.ament_python' and name 'jaguar_odom'
[0.175s] Level 1:colcon.colcon_core.package_identification:_identify(src/ros2_astra_camera) by extensions ['ignore', 'ignore_ament_install']
[0.175s] Level 1:colcon.colcon_core.package_identification:_identify(src/ros2_astra_camera) by extension 'ignore'
[0.175s] Level 1:colcon.colcon_core.package_identification:_identify(src/ros2_astra_camera) by extension 'ignore_ament_install'
[0.175s] Level 1:colcon.colcon_core.package_identification:_identify(src/ros2_astra_camera) by extensions ['colcon_pkg']
[0.175s] Level 1:colcon.colcon_core.package_identification:_identify(src/ros2_astra_camera) by extension 'colcon_pkg'
[0.175s] Level 1:colcon.colcon_core.package_identification:_identify(src/ros2_astra_camera) by extensions ['colcon_meta']
[0.175s] Level 1:colcon.colcon_core.package_identification:_identify(src/ros2_astra_camera) by extension 'colcon_meta'
[0.175s] Level 1:colcon.colcon_core.package_identification:_identify(src/ros2_astra_camera) by extensions ['ros']
[0.175s] Level 1:colcon.colcon_core.package_identification:_identify(src/ros2_astra_camera) by extension 'ros'
[0.175s] Level 1:colcon.colcon_core.package_identification:_identify(src/ros2_astra_camera) by extensions ['cmake', 'python']
[0.175s] Level 1:colcon.colcon_core.package_identification:_identify(src/ros2_astra_camera) by extension 'cmake'
[0.175s] Level 1:colcon.colcon_core.package_identification:_identify(src/ros2_astra_camera) by extension 'python'
[0.176s] Level 1:colcon.colcon_core.package_identification:_identify(src/ros2_astra_camera) by extensions ['python_setup_py']
[0.176s] Level 1:colcon.colcon_core.package_identification:_identify(src/ros2_astra_camera) by extension 'python_setup_py'
[0.176s] Level 1:colcon.colcon_core.package_identification:_identify(src/ros2_astra_camera/astra_camera) by extensions ['ignore', 'ignore_ament_install']
[0.176s] Level 1:colcon.colcon_core.package_identification:_identify(src/ros2_astra_camera/astra_camera) by extension 'ignore'
[0.176s] Level 1:colcon.colcon_core.package_identification:_identify(src/ros2_astra_camera/astra_camera) by extension 'ignore_ament_install'
[0.176s] Level 1:colcon.colcon_core.package_identification:_identify(src/ros2_astra_camera/astra_camera) by extensions ['colcon_pkg']
[0.176s] Level 1:colcon.colcon_core.package_identification:_identify(src/ros2_astra_camera/astra_camera) by extension 'colcon_pkg'
[0.176s] Level 1:colcon.colcon_core.package_identification:_identify(src/ros2_astra_camera/astra_camera) by extensions ['colcon_meta']
[0.176s] Level 1:colcon.colcon_core.package_identification:_identify(src/ros2_astra_camera/astra_camera) by extension 'colcon_meta'
[0.176s] Level 1:colcon.colcon_core.package_identification:_identify(src/ros2_astra_camera/astra_camera) by extensions ['ros']
[0.176s] Level 1:colcon.colcon_core.package_identification:_identify(src/ros2_astra_camera/astra_camera) by extension 'ros'
[0.177s] DEBUG:colcon.colcon_core.package_identification:Package 'src/ros2_astra_camera/astra_camera' with type 'ros.ament_cmake' and name 'astra_camera'
[0.178s] Level 1:colcon.colcon_core.package_identification:_identify(src/ros2_astra_camera/astra_camera_msgs) by extensions ['ignore', 'ignore_ament_install']
[0.178s] Level 1:colcon.colcon_core.package_identification:_identify(src/ros2_astra_camera/astra_camera_msgs) by extension 'ignore'
[0.178s] Level 1:colcon.colcon_core.package_identification:_identify(src/ros2_astra_camera/astra_camera_msgs) by extension 'ignore_ament_install'
[0.178s] Level 1:colcon.colcon_core.package_identification:_identify(src/ros2_astra_camera/astra_camera_msgs) by extensions ['colcon_pkg']
[0.178s] Level 1:colcon.colcon_core.package_identification:_identify(src/ros2_astra_camera/astra_camera_msgs) by extension 'colcon_pkg'
[0.178s] Level 1:colcon.colcon_core.package_identification:_identify(src/ros2_astra_camera/astra_camera_msgs) by extensions ['colcon_meta']
[0.178s] Level 1:colcon.colcon_core.package_identification:_identify(src/ros2_astra_camera/astra_camera_msgs) by extension 'colcon_meta'
[0.178s] Level 1:colcon.colcon_core.package_identification:_identify(src/ros2_astra_camera/astra_camera_msgs) by extensions ['ros']
[0.178s] Level 1:colcon.colcon_core.package_identification:_identify(src/ros2_astra_camera/astra_camera_msgs) by extension 'ros'
[0.178s] DEBUG:colcon.colcon_core.package_identification:Package 'src/ros2_astra_camera/astra_camera_msgs' with type 'ros.ament_cmake' and name 'astra_camera_msgs'
[0.178s] Level 1:colcon.colcon_core.package_identification:_identify(src/sllidar_ros2) by extensions ['ignore', 'ignore_ament_install']
[0.178s] Level 1:colcon.colcon_core.package_identification:_identify(src/sllidar_ros2) by extension 'ignore'
[0.178s] Level 1:colcon.colcon_core.package_identification:_identify(src/sllidar_ros2) by extension 'ignore_ament_install'
[0.179s] Level 1:colcon.colcon_core.package_identification:_identify(src/sllidar_ros2) by extensions ['colcon_pkg']
[0.179s] Level 1:colcon.colcon_core.package_identification:_identify(src/sllidar_ros2) by extension 'colcon_pkg'
[0.179s] Level 1:colcon.colcon_core.package_identification:_identify(src/sllidar_ros2) by extensions ['colcon_meta']
[0.179s] Level 1:colcon.colcon_core.package_identification:_identify(src/sllidar_ros2) by extension 'colcon_meta'
[0.179s] Level 1:colcon.colcon_core.package_identification:_identify(src/sllidar_ros2) by extensions ['ros']
[0.179s] Level 1:colcon.colcon_core.package_identification:_identify(src/sllidar_ros2) by extension 'ros'
[0.179s] DEBUG:colcon.colcon_core.package_identification:Package 'src/sllidar_ros2' with type 'ros.ament_cmake' and name 'sllidar_ros2'
[0.179s] Level 1:colcon.colcon_core.package_discovery:discover_packages(recursive) using defaults
[0.179s] Level 1:colcon.colcon_core.package_discovery:discover_packages(ignore) discover
[0.179s] Level 1:colcon.colcon_core.package_discovery:discover_packages(ignore) using defaults
[0.179s] Level 1:colcon.colcon_core.package_discovery:discover_packages(path) discover
[0.179s] Level 1:colcon.colcon_core.package_discovery:discover_packages(path) using defaults
[0.191s] Level 1:colcon.colcon_core.package_discovery:discover_packages(prefix_path) check parameters
[0.191s] Level 1:colcon.colcon_core.package_discovery:discover_packages(prefix_path) discover
[0.192s] WARNING:colcon.colcon_ros.prefix_path.ament:The path '/home/gerardo/Projects/Robotics/RescueRobot2025/RescueRobotTMR25/jaguar_odom/install/orbbec_description' in the environment variable AMENT_PREFIX_PATH doesn't exist
[0.192s] WARNING:colcon.colcon_ros.prefix_path.ament:The path '/home/gerardo/Projects/Robotics/RescueRobot2025/RescueRobotTMR25/jaguar_odom/install/orbbec_camera' in the environment variable AMENT_PREFIX_PATH doesn't exist
[0.192s] WARNING:colcon.colcon_ros.prefix_path.ament:The path '/home/gerardo/Projects/Robotics/RescueRobot2025/RescueRobotTMR25/jaguar_odom/install/orbbec_camera_msgs' in the environment variable AMENT_PREFIX_PATH doesn't exist
[0.192s] WARNING:colcon.colcon_ros.prefix_path.catkin:The path '/home/gerardo/Projects/Robotics/RescueRobot2025/RescueRobotTMR25/jaguar_odom/install/orbbec_description' in the environment variable CMAKE_PREFIX_PATH doesn't exist
[0.193s] WARNING:colcon.colcon_ros.prefix_path.catkin:The path '/home/gerardo/Projects/Robotics/RescueRobot2025/RescueRobotTMR25/jaguar_odom/install/orbbec_camera' in the environment variable CMAKE_PREFIX_PATH doesn't exist
[0.193s] WARNING:colcon.colcon_ros.prefix_path.catkin:The path '/home/gerardo/Projects/Robotics/RescueRobot2025/RescueRobotTMR25/jaguar_odom/install/orbbec_camera_msgs' in the environment variable CMAKE_PREFIX_PATH doesn't exist
[0.193s] DEBUG:colcon.colcon_installed_package_information.package_discovery:Found 2 installed packages in /home/gerardo/Projects/Robotics/RescueRobot2025/RescueRobotTMR25/jaguar_odom/install
[0.194s] DEBUG:colcon.colcon_installed_package_information.package_discovery:Found 55 installed packages in /home/gerardo/Projects/ROS/ws_moveit/install
[0.195s] DEBUG:colcon.colcon_installed_package_information.package_discovery:Found 449 installed packages in /opt/ros/humble
[0.196s] Level 1:colcon.colcon_core.package_discovery:discover_packages(prefix_path) using defaults
[0.226s] Level 5:colcon.colcon_core.verb:set package 'astra_camera_msgs' build argument 'cmake_args' from command line to '['-DCMAKE_BUILD_TYPE=Release']'
[0.226s] Level 5:colcon.colcon_core.verb:set package 'astra_camera_msgs' build argument 'cmake_target' from command line to 'None'
[0.226s] Level 5:colcon.colcon_core.verb:set package 'astra_camera_msgs' build argument 'cmake_target_skip_unavailable' from command line to 'False'
[0.226s] Level 5:colcon.colcon_core.verb:set package 'astra_camera_msgs' build argument 'cmake_clean_cache' from command line to 'False'
[0.226s] Level 5:colcon.colcon_core.verb:set package 'astra_camera_msgs' build argument 'cmake_clean_first' from command line to 'False'
[0.226s] Level 5:colcon.colcon_core.verb:set package 'astra_camera_msgs' build argument 'cmake_force_configure' from command line to 'False'
[0.226s] Level 5:colcon.colcon_core.verb:set package 'astra_camera_msgs' build argument 'ament_cmake_args' from command line to 'None'
[0.226s] Level 5:colcon.colcon_core.verb:set package 'astra_camera_msgs' build argument 'catkin_cmake_args' from command line to 'None'
[0.226s] Level 5:colcon.colcon_core.verb:set package 'astra_camera_msgs' build argument 'catkin_skip_building_tests' from command line to 'False'
[0.226s] DEBUG:colcon.colcon_core.verb:Building package 'astra_camera_msgs' with the following arguments: {'ament_cmake_args': None, 'build_base': '/home/gerardo/Projects/Robotics/RescueRobot2025/RescueRobotTMR25/jaguar_odom/build/astra_camera_msgs', 'catkin_cmake_args': None, 'catkin_skip_building_tests': False, 'cmake_args': ['-DCMAKE_BUILD_TYPE=Release'], 'cmake_clean_cache': False, 'cmake_clean_first': False, 'cmake_force_configure': False, 'cmake_target': None, 'cmake_target_skip_unavailable': False, 'install_base': '/home/gerardo/Projects/Robotics/RescueRobot2025/RescueRobotTMR25/jaguar_odom/install/astra_camera_msgs', 'merge_install': False, 'path': '/home/gerardo/Projects/Robotics/RescueRobot2025/RescueRobotTMR25/jaguar_odom/src/ros2_astra_camera/astra_camera_msgs', 'symlink_install': False, 'test_result_base': None}
[0.227s] Level 5:colcon.colcon_core.verb:set package 'jaguar_odom' build argument 'cmake_args' from command line to '['-DCMAKE_BUILD_TYPE=Release']'
[0.227s] Level 5:colcon.colcon_core.verb:set package 'jaguar_odom' build argument 'cmake_target' from command line to 'None'
[0.227s] Level 5:colcon.colcon_core.verb:set package 'jaguar_odom' build argument 'cmake_target_skip_unavailable' from command line to 'False'
[0.227s] Level 5:colcon.colcon_core.verb:set package 'jaguar_odom' build argument 'cmake_clean_cache' from command line to 'False'
[0.227s] Level 5:colcon.colcon_core.verb:set package 'jaguar_odom' build argument 'cmake_clean_first' from command line to 'False'
[0.227s] Level 5:colcon.colcon_core.verb:set package 'jaguar_odom' build argument 'cmake_force_configure' from command line to 'False'
[0.227s] Level 5:colcon.colcon_core.verb:set package 'jaguar_odom' build argument 'ament_cmake_args' from command line to 'None'
[0.227s] Level 5:colcon.colcon_core.verb:set package 'jaguar_odom' build argument 'catkin_cmake_args' from command line to 'None'
[0.227s] Level 5:colcon.colcon_core.verb:set package 'jaguar_odom' build argument 'catkin_skip_building_tests' from command line to 'False'
[0.227s] DEBUG:colcon.colcon_core.verb:Building package 'jaguar_odom' with the following arguments: {'ament_cmake_args': None, 'build_base': '/home/gerardo/Projects/Robotics/RescueRobot2025/RescueRobotTMR25/jaguar_odom/build/jaguar_odom', 'catkin_cmake_args': None, 'catkin_skip_building_tests': False, 'cmake_args': ['-DCMAKE_BUILD_TYPE=Release'], 'cmake_clean_cache': False, 'cmake_clean_first': False, 'cmake_force_configure': False, 'cmake_target': None, 'cmake_target_skip_unavailable': False, 'install_base': '/home/gerardo/Projects/Robotics/RescueRobot2025/RescueRobotTMR25/jaguar_odom/install/jaguar_odom', 'merge_install': False, 'path': '/home/gerardo/Projects/Robotics/RescueRobot2025/RescueRobotTMR25/jaguar_odom/src/jaguar_odom', 'symlink_install': False, 'test_result_base': None}
[0.227s] Level 5:colcon.colcon_core.verb:set package 'sllidar_ros2' build argument 'cmake_args' from command line to '['-DCMAKE_BUILD_TYPE=Release']'
[0.227s] Level 5:colcon.colcon_core.verb:set package 'sllidar_ros2' build argument 'cmake_target' from command line to 'None'
[0.227s] Level 5:colcon.colcon_core.verb:set package 'sllidar_ros2' build argument 'cmake_target_skip_unavailable' from command line to 'False'
[0.227s] Level 5:colcon.colcon_core.verb:set package 'sllidar_ros2' build argument 'cmake_clean_cache' from command line to 'False'
[0.227s] Level 5:colcon.colcon_core.verb:set package 'sllidar_ros2' build argument 'cmake_clean_first' from command line to 'False'
[0.227s] Level 5:colcon.colcon_core.verb:set package 'sllidar_ros2' build argument 'cmake_force_configure' from command line to 'False'
[0.227s] Level 5:colcon.colcon_core.verb:set package 'sllidar_ros2' build argument 'ament_cmake_args' from command line to 'None'
[0.227s] Level 5:colcon.colcon_core.verb:set package 'sllidar_ros2' build argument 'catkin_cmake_args' from command line to 'None'
[0.227s] Level 5:colcon.colcon_core.verb:set package 'sllidar_ros2' build argument 'catkin_skip_building_tests' from command line to 'False'
[0.227s] DEBUG:colcon.colcon_core.verb:Building package 'sllidar_ros2' with the following arguments: {'ament_cmake_args': None, 'build_base': '/home/gerardo/Projects/Robotics/RescueRobot2025/RescueRobotTMR25/jaguar_odom/build/sllidar_ros2', 'catkin_cmake_args': None, 'catkin_skip_building_tests': False, 'cmake_args': ['-DCMAKE_BUILD_TYPE=Release'], 'cmake_clean_cache': False, 'cmake_clean_first': False, 'cmake_force_configure': False, 'cmake_target': None, 'cmake_target_skip_unavailable': False, 'install_base': '/home/gerardo/Projects/Robotics/RescueRobot2025/RescueRobotTMR25/jaguar_odom/install/sllidar_ros2', 'merge_install': False, 'path': '/home/gerardo/Projects/Robotics/RescueRobot2025/RescueRobotTMR25/jaguar_odom/src/sllidar_ros2', 'symlink_install': False, 'test_result_base': None}
[0.227s] Level 5:colcon.colcon_core.verb:set package 'astra_camera' build argument 'cmake_args' from command line to '['-DCMAKE_BUILD_TYPE=Release']'
[0.227s] Level 5:colcon.colcon_core.verb:set package 'astra_camera' build argument 'cmake_target' from command line to 'None'
[0.227s] Level 5:colcon.colcon_core.verb:set package 'astra_camera' build argument 'cmake_target_skip_unavailable' from command line to 'False'
[0.227s] Level 5:colcon.colcon_core.verb:set package 'astra_camera' build argument 'cmake_clean_cache' from command line to 'False'
[0.227s] Level 5:colcon.colcon_core.verb:set package 'astra_camera' build argument 'cmake_clean_first' from command line to 'False'
[0.227s] Level 5:colcon.colcon_core.verb:set package 'astra_camera' build argument 'cmake_force_configure' from command line to 'False'
[0.227s] Level 5:colcon.colcon_core.verb:set package 'astra_camera' build argument 'ament_cmake_args' from command line to 'None'
[0.227s] Level 5:colcon.colcon_core.verb:set package 'astra_camera' build argument 'catkin_cmake_args' from command line to 'None'
[0.227s] Level 5:colcon.colcon_core.verb:set package 'astra_camera' build argument 'catkin_skip_building_tests' from command line to 'False'
[0.227s] DEBUG:colcon.colcon_core.verb:Building package 'astra_camera' with the following arguments: {'ament_cmake_args': None, 'build_base': '/home/gerardo/Projects/Robotics/RescueRobot2025/RescueRobotTMR25/jaguar_odom/build/astra_camera', 'catkin_cmake_args': None, 'catkin_skip_building_tests': False, 'cmake_args': ['-DCMAKE_BUILD_TYPE=Release'], 'cmake_clean_cache': False, 'cmake_clean_first': False, 'cmake_force_configure': False, 'cmake_target': None, 'cmake_target_skip_unavailable': False, 'install_base': '/home/gerardo/Projects/Robotics/RescueRobot2025/RescueRobotTMR25/jaguar_odom/install/astra_camera', 'merge_install': False, 'path': '/home/gerardo/Projects/Robotics/RescueRobot2025/RescueRobotTMR25/jaguar_odom/src/ros2_astra_camera/astra_camera', 'symlink_install': False, 'test_result_base': None}
[0.227s] INFO:colcon.colcon_core.executor:Executing jobs using 'parallel' executor
[0.228s] DEBUG:colcon.colcon_parallel_executor.executor.parallel:run_until_complete
[0.228s] INFO:colcon.colcon_ros.task.ament_cmake.build:Building ROS package in '/home/gerardo/Projects/Robotics/RescueRobot2025/RescueRobotTMR25/jaguar_odom/src/ros2_astra_camera/astra_camera_msgs' with build type 'ament_cmake'
[0.228s] INFO:colcon.colcon_cmake.task.cmake.build:Building CMake package in '/home/gerardo/Projects/Robotics/RescueRobot2025/RescueRobotTMR25/jaguar_odom/src/ros2_astra_camera/astra_camera_msgs'
[0.230s] INFO:colcon.colcon_core.plugin_system:Skipping extension 'colcon_core.shell.bat': Not used on non-Windows systems
[0.230s] INFO:colcon.colcon_core.shell:Skip shell extension 'powershell' for command environment: Not usable outside of PowerShell
[0.230s] DEBUG:colcon.colcon_core.shell:Skip shell extension 'dsv' for command environment
[0.234s] INFO:colcon.colcon_ros.task.ament_python.build:Building ROS package in '/home/gerardo/Projects/Robotics/RescueRobot2025/RescueRobotTMR25/jaguar_odom/src/jaguar_odom' with build type 'ament_python'
[0.234s] Level 1:colcon.colcon_core.shell:create_environment_hook('jaguar_odom', 'ament_prefix_path')
[0.234s] INFO:colcon.colcon_core.shell:Creating environment hook '/home/gerardo/Projects/Robotics/RescueRobot2025/RescueRobotTMR25/jaguar_odom/install/jaguar_odom/share/jaguar_odom/hook/ament_prefix_path.ps1'
[0.235s] INFO:colcon.colcon_core.shell:Creating environment descriptor '/home/gerardo/Projects/Robotics/RescueRobot2025/RescueRobotTMR25/jaguar_odom/install/jaguar_odom/share/jaguar_odom/hook/ament_prefix_path.dsv'
[0.235s] INFO:colcon.colcon_core.shell:Creating environment hook '/home/gerardo/Projects/Robotics/RescueRobot2025/RescueRobotTMR25/jaguar_odom/install/jaguar_odom/share/jaguar_odom/hook/ament_prefix_path.sh'
[0.235s] INFO:colcon.colcon_core.shell:Skip shell extension 'powershell' for command environment: Not usable outside of PowerShell
[0.235s] DEBUG:colcon.colcon_core.shell:Skip shell extension 'dsv' for command environment
[0.239s] INFO:colcon.colcon_ros.task.ament_cmake.build:Building ROS package in '/home/gerardo/Projects/Robotics/RescueRobot2025/RescueRobotTMR25/jaguar_odom/src/sllidar_ros2' with build type 'ament_cmake'
[0.239s] INFO:colcon.colcon_cmake.task.cmake.build:Building CMake package in '/home/gerardo/Projects/Robotics/RescueRobot2025/RescueRobotTMR25/jaguar_odom/src/sllidar_ros2'
[0.239s] INFO:colcon.colcon_core.shell:Skip shell extension 'powershell' for command environment: Not usable outside of PowerShell
[0.239s] DEBUG:colcon.colcon_core.shell:Skip shell extension 'dsv' for command environment
[0.245s] DEBUG:colcon.colcon_core.event_handler.log_command:Invoking command in '/home/gerardo/Projects/Robotics/RescueRobot2025/RescueRobotTMR25/jaguar_odom/build/astra_camera_msgs': CMAKE_PREFIX_PATH=${CMAKE_PREFIX_PATH}:/home/gerardo/Projects/Robotics/RescueRobot2025/RescueRobotTMR25/jaguar_odom/install/jaguar_odom:/home/gerardo/Projects/ROS/ws_moveit/install/moveit_configs_utils:/home/gerardo/Projects/ROS/ws_moveit/install/launch_param_builder:/opt/ros/humble /usr/bin/cmake /home/gerardo/Projects/Robotics/RescueRobot2025/RescueRobotTMR25/jaguar_odom/src/ros2_astra_camera/astra_camera_msgs -DCMAKE_BUILD_TYPE=Release -DCMAKE_INSTALL_PREFIX=/home/gerardo/Projects/Robotics/RescueRobot2025/RescueRobotTMR25/jaguar_odom/install/astra_camera_msgs
[0.426s] INFO:colcon.colcon_core.task.python.build:Building Python package in '/home/gerardo/Projects/Robotics/RescueRobot2025/RescueRobotTMR25/jaguar_odom/src/jaguar_odom'
[0.426s] INFO:colcon.colcon_core.shell:Skip shell extension 'powershell' for command environment: Not usable outside of PowerShell
[0.426s] DEBUG:colcon.colcon_core.shell:Skip shell extension 'dsv' for command environment
[0.434s] DEBUG:colcon.colcon_core.event_handler.log_command:Invoking command in '/home/gerardo/Projects/Robotics/RescueRobot2025/RescueRobotTMR25/jaguar_odom/build/sllidar_ros2': CMAKE_PREFIX_PATH=${CMAKE_PREFIX_PATH}:/home/gerardo/Projects/Robotics/RescueRobot2025/RescueRobotTMR25/jaguar_odom/install/jaguar_odom:/home/gerardo/Projects/ROS/ws_moveit/install/moveit_configs_utils:/home/gerardo/Projects/ROS/ws_moveit/install/launch_param_builder:/opt/ros/humble /usr/bin/cmake /home/gerardo/Projects/Robotics/RescueRobot2025/RescueRobotTMR25/jaguar_odom/src/sllidar_ros2 -DCMAKE_BUILD_TYPE=Release -DCMAKE_INSTALL_PREFIX=/home/gerardo/Projects/Robotics/RescueRobot2025/RescueRobotTMR25/jaguar_odom/install/sllidar_ros2
[0.732s] DEBUG:colcon.colcon_core.event_handler.log_command:Invoking command in '/home/gerardo/Projects/Robotics/RescueRobot2025/RescueRobotTMR25/jaguar_odom/src/jaguar_odom': PYTHONPATH=/home/gerardo/Projects/Robotics/RescueRobot2025/RescueRobotTMR25/jaguar_odom/build/jaguar_odom/prefix_override:/usr/lib/python3/dist-packages/colcon_core/task/python/colcon_distutils_commands:/home/gerardo/Projects/Robotics/RescueRobot2025/RescueRobotTMR25/jaguar_odom/install/jaguar_odom/lib/python3.10/site-packages:${PYTHONPATH} /usr/bin/python3 -W ignore:setup.py install is deprecated -W ignore:easy_install command is deprecated setup.py egg_info --egg-base ../../build/jaguar_odom build --build-base /home/gerardo/Projects/Robotics/RescueRobot2025/RescueRobotTMR25/jaguar_odom/build/jaguar_odom/build install --record /home/gerardo/Projects/Robotics/RescueRobot2025/RescueRobotTMR25/jaguar_odom/build/jaguar_odom/install.log --single-version-externally-managed install_data
[0.854s] DEBUG:colcon.colcon_core.event_handler.log_command:Invoked command in '/home/gerardo/Projects/Robotics/RescueRobot2025/RescueRobotTMR25/jaguar_odom/build/sllidar_ros2' returned '0': CMAKE_PREFIX_PATH=${CMAKE_PREFIX_PATH}:/home/gerardo/Projects/Robotics/RescueRobot2025/RescueRobotTMR25/jaguar_odom/install/jaguar_odom:/home/gerardo/Projects/ROS/ws_moveit/install/moveit_configs_utils:/home/gerardo/Projects/ROS/ws_moveit/install/launch_param_builder:/opt/ros/humble /usr/bin/cmake /home/gerardo/Projects/Robotics/RescueRobot2025/RescueRobotTMR25/jaguar_odom/src/sllidar_ros2 -DCMAKE_BUILD_TYPE=Release -DCMAKE_INSTALL_PREFIX=/home/gerardo/Projects/Robotics/RescueRobot2025/RescueRobotTMR25/jaguar_odom/install/sllidar_ros2
[0.857s] DEBUG:colcon.colcon_core.event_handler.log_command:Invoking command in '/home/gerardo/Projects/Robotics/RescueRobot2025/RescueRobotTMR25/jaguar_odom/build/sllidar_ros2': CMAKE_PREFIX_PATH=${CMAKE_PREFIX_PATH}:/home/gerardo/Projects/Robotics/RescueRobot2025/RescueRobotTMR25/jaguar_odom/install/jaguar_odom:/home/gerardo/Projects/ROS/ws_moveit/install/moveit_configs_utils:/home/gerardo/Projects/ROS/ws_moveit/install/launch_param_builder:/opt/ros/humble /usr/bin/cmake --build /home/gerardo/Projects/Robotics/RescueRobot2025/RescueRobotTMR25/jaguar_odom/build/sllidar_ros2 -- -j16 -l16
[0.983s] DEBUG:colcon.colcon_core.event_handler.log_command:Invoked command in '/home/gerardo/Projects/Robotics/RescueRobot2025/RescueRobotTMR25/jaguar_odom/src/jaguar_odom' returned '0': PYTHONPATH=/home/gerardo/Projects/Robotics/RescueRobot2025/RescueRobotTMR25/jaguar_odom/build/jaguar_odom/prefix_override:/usr/lib/python3/dist-packages/colcon_core/task/python/colcon_distutils_commands:/home/gerardo/Projects/Robotics/RescueRobot2025/RescueRobotTMR25/jaguar_odom/install/jaguar_odom/lib/python3.10/site-packages:${PYTHONPATH} /usr/bin/python3 -W ignore:setup.py install is deprecated -W ignore:easy_install command is deprecated setup.py egg_info --egg-base ../../build/jaguar_odom build --build-base /home/gerardo/Projects/Robotics/RescueRobot2025/RescueRobotTMR25/jaguar_odom/build/jaguar_odom/build install --record /home/gerardo/Projects/Robotics/RescueRobot2025/RescueRobotTMR25/jaguar_odom/build/jaguar_odom/install.log --single-version-externally-managed install_data
[0.986s] Level 1:colcon.colcon_core.environment:checking '/home/gerardo/Projects/Robotics/RescueRobot2025/RescueRobotTMR25/jaguar_odom/install/jaguar_odom' for CMake module files
[0.993s] Level 1:colcon.colcon_core.environment:checking '/home/gerardo/Projects/Robotics/RescueRobot2025/RescueRobotTMR25/jaguar_odom/install/jaguar_odom' for CMake config files
[0.994s] Level 1:colcon.colcon_core.environment:checking '/home/gerardo/Projects/Robotics/RescueRobot2025/RescueRobotTMR25/jaguar_odom/install/jaguar_odom/lib'
[0.994s] Level 1:colcon.colcon_core.environment:checking '/home/gerardo/Projects/Robotics/RescueRobot2025/RescueRobotTMR25/jaguar_odom/install/jaguar_odom/bin'
[0.994s] Level 1:colcon.colcon_core.environment:checking '/home/gerardo/Projects/Robotics/RescueRobot2025/RescueRobotTMR25/jaguar_odom/install/jaguar_odom/lib/pkgconfig/jaguar_odom.pc'
[0.994s] Level 1:colcon.colcon_core.environment:checking '/home/gerardo/Projects/Robotics/RescueRobot2025/RescueRobotTMR25/jaguar_odom/install/jaguar_odom/lib/python3.10/site-packages'
[0.994s] Level 1:colcon.colcon_core.shell:create_environment_hook('jaguar_odom', 'pythonpath')
[0.995s] INFO:colcon.colcon_core.shell:Creating environment hook '/home/gerardo/Projects/Robotics/RescueRobot2025/RescueRobotTMR25/jaguar_odom/install/jaguar_odom/share/jaguar_odom/hook/pythonpath.ps1'
[0.995s] INFO:colcon.colcon_core.shell:Creating environment descriptor '/home/gerardo/Projects/Robotics/RescueRobot2025/RescueRobotTMR25/jaguar_odom/install/jaguar_odom/share/jaguar_odom/hook/pythonpath.dsv'
[0.996s] INFO:colcon.colcon_core.shell:Creating environment hook '/home/gerardo/Projects/Robotics/RescueRobot2025/RescueRobotTMR25/jaguar_odom/install/jaguar_odom/share/jaguar_odom/hook/pythonpath.sh'
[1.001s] Level 1:colcon.colcon_core.environment:checking '/home/gerardo/Projects/Robotics/RescueRobot2025/RescueRobotTMR25/jaguar_odom/install/jaguar_odom/bin'
[1.001s] Level 1:colcon.colcon_core.environment:create_environment_scripts_only(jaguar_odom)
[1.001s] INFO:colcon.colcon_core.shell:Creating package script '/home/gerardo/Projects/Robotics/RescueRobot2025/RescueRobotTMR25/jaguar_odom/install/jaguar_odom/share/jaguar_odom/package.ps1'
[1.003s] INFO:colcon.colcon_core.shell:Creating package descriptor '/home/gerardo/Projects/Robotics/RescueRobot2025/RescueRobotTMR25/jaguar_odom/install/jaguar_odom/share/jaguar_odom/package.dsv'
[1.004s] INFO:colcon.colcon_core.shell:Creating package script '/home/gerardo/Projects/Robotics/RescueRobot2025/RescueRobotTMR25/jaguar_odom/install/jaguar_odom/share/jaguar_odom/package.sh'
[1.005s] INFO:colcon.colcon_core.shell:Creating package script '/home/gerardo/Projects/Robotics/RescueRobot2025/RescueRobotTMR25/jaguar_odom/install/jaguar_odom/share/jaguar_odom/package.bash'
[1.006s] INFO:colcon.colcon_core.shell:Creating package script '/home/gerardo/Projects/Robotics/RescueRobot2025/RescueRobotTMR25/jaguar_odom/install/jaguar_odom/share/jaguar_odom/package.zsh'
[1.010s] Level 1:colcon.colcon_core.environment:create_file_with_runtime_dependencies(/home/gerardo/Projects/Robotics/RescueRobot2025/RescueRobotTMR25/jaguar_odom/install/jaguar_odom/share/colcon-core/packages/jaguar_odom)
[3.078s] DEBUG:colcon.colcon_core.event_handler.log_command:Invoked command in '/home/gerardo/Projects/Robotics/RescueRobot2025/RescueRobotTMR25/jaguar_odom/build/astra_camera_msgs' returned '0': CMAKE_PREFIX_PATH=${CMAKE_PREFIX_PATH}:/home/gerardo/Projects/Robotics/RescueRobot2025/RescueRobotTMR25/jaguar_odom/install/jaguar_odom:/home/gerardo/Projects/ROS/ws_moveit/install/moveit_configs_utils:/home/gerardo/Projects/ROS/ws_moveit/install/launch_param_builder:/opt/ros/humble /usr/bin/cmake /home/gerardo/Projects/Robotics/RescueRobot2025/RescueRobotTMR25/jaguar_odom/src/ros2_astra_camera/astra_camera_msgs -DCMAKE_BUILD_TYPE=Release -DCMAKE_INSTALL_PREFIX=/home/gerardo/Projects/Robotics/RescueRobot2025/RescueRobotTMR25/jaguar_odom/install/astra_camera_msgs
[3.080s] DEBUG:colcon.colcon_core.event_handler.log_command:Invoking command in '/home/gerardo/Projects/Robotics/RescueRobot2025/RescueRobotTMR25/jaguar_odom/build/astra_camera_msgs': CMAKE_PREFIX_PATH=${CMAKE_PREFIX_PATH}:/home/gerardo/Projects/Robotics/RescueRobot2025/RescueRobotTMR25/jaguar_odom/install/jaguar_odom:/home/gerardo/Projects/ROS/ws_moveit/install/moveit_configs_utils:/home/gerardo/Projects/ROS/ws_moveit/install/launch_param_builder:/opt/ros/humble /usr/bin/cmake --build /home/gerardo/Projects/Robotics/RescueRobot2025/RescueRobotTMR25/jaguar_odom/build/astra_camera_msgs -- -j16 -l16
[7.728s] DEBUG:colcon.colcon_core.event_handler.log_command:Invoked command in '/home/gerardo/Projects/Robotics/RescueRobot2025/RescueRobotTMR25/jaguar_odom/build/astra_camera_msgs' returned '0': CMAKE_PREFIX_PATH=${CMAKE_PREFIX_PATH}:/home/gerardo/Projects/Robotics/RescueRobot2025/RescueRobotTMR25/jaguar_odom/install/jaguar_odom:/home/gerardo/Projects/ROS/ws_moveit/install/moveit_configs_utils:/home/gerardo/Projects/ROS/ws_moveit/install/launch_param_builder:/opt/ros/humble /usr/bin/cmake --build /home/gerardo/Projects/Robotics/RescueRobot2025/RescueRobotTMR25/jaguar_odom/build/astra_camera_msgs -- -j16 -l16
[7.740s] DEBUG:colcon.colcon_core.event_handler.log_command:Invoking command in '/home/gerardo/Projects/Robotics/RescueRobot2025/RescueRobotTMR25/jaguar_odom/build/astra_camera_msgs': CMAKE_PREFIX_PATH=${CMAKE_PREFIX_PATH}:/home/gerardo/Projects/Robotics/RescueRobot2025/RescueRobotTMR25/jaguar_odom/install/jaguar_odom:/home/gerardo/Projects/ROS/ws_moveit/install/moveit_configs_utils:/home/gerardo/Projects/ROS/ws_moveit/install/launch_param_builder:/opt/ros/humble /usr/bin/cmake --install /home/gerardo/Projects/Robotics/RescueRobot2025/RescueRobotTMR25/jaguar_odom/build/astra_camera_msgs
[7.811s] Level 1:colcon.colcon_core.environment:create_environment_scripts_only(astra_camera_msgs)
[7.811s] Level 1:colcon.colcon_core.environment:checking '/home/gerardo/Projects/Robotics/RescueRobot2025/RescueRobotTMR25/jaguar_odom/install/astra_camera_msgs' for CMake module files
[7.811s] DEBUG:colcon.colcon_core.event_handler.log_command:Invoked command in '/home/gerardo/Projects/Robotics/RescueRobot2025/RescueRobotTMR25/jaguar_odom/build/astra_camera_msgs' returned '0': CMAKE_PREFIX_PATH=${CMAKE_PREFIX_PATH}:/home/gerardo/Projects/Robotics/RescueRobot2025/RescueRobotTMR25/jaguar_odom/install/jaguar_odom:/home/gerardo/Projects/ROS/ws_moveit/install/moveit_configs_utils:/home/gerardo/Projects/ROS/ws_moveit/install/launch_param_builder:/opt/ros/humble /usr/bin/cmake --install /home/gerardo/Projects/Robotics/RescueRobot2025/RescueRobotTMR25/jaguar_odom/build/astra_camera_msgs
[7.812s] Level 1:colcon.colcon_core.environment:checking '/home/gerardo/Projects/Robotics/RescueRobot2025/RescueRobotTMR25/jaguar_odom/install/astra_camera_msgs' for CMake config files
[7.812s] Level 1:colcon.colcon_core.shell:create_environment_hook('astra_camera_msgs', 'cmake_prefix_path')
[7.812s] INFO:colcon.colcon_core.shell:Creating environment hook '/home/gerardo/Projects/Robotics/RescueRobot2025/RescueRobotTMR25/jaguar_odom/install/astra_camera_msgs/share/astra_camera_msgs/hook/cmake_prefix_path.ps1'
[7.812s] INFO:colcon.colcon_core.shell:Creating environment descriptor '/home/gerardo/Projects/Robotics/RescueRobot2025/RescueRobotTMR25/jaguar_odom/install/astra_camera_msgs/share/astra_camera_msgs/hook/cmake_prefix_path.dsv'
[7.812s] INFO:colcon.colcon_core.shell:Creating environment hook '/home/gerardo/Projects/Robotics/RescueRobot2025/RescueRobotTMR25/jaguar_odom/install/astra_camera_msgs/share/astra_camera_msgs/hook/cmake_prefix_path.sh'
[7.813s] Level 1:colcon.colcon_core.environment:checking '/home/gerardo/Projects/Robotics/RescueRobot2025/RescueRobotTMR25/jaguar_odom/install/astra_camera_msgs/lib'
[7.813s] Level 1:colcon.colcon_core.shell:create_environment_hook('astra_camera_msgs', 'ld_library_path_lib')
[7.813s] INFO:colcon.colcon_core.shell:Creating environment hook '/home/gerardo/Projects/Robotics/RescueRobot2025/RescueRobotTMR25/jaguar_odom/install/astra_camera_msgs/share/astra_camera_msgs/hook/ld_library_path_lib.ps1'
[7.813s] INFO:colcon.colcon_core.shell:Creating environment descriptor '/home/gerardo/Projects/Robotics/RescueRobot2025/RescueRobotTMR25/jaguar_odom/install/astra_camera_msgs/share/astra_camera_msgs/hook/ld_library_path_lib.dsv'
[7.813s] INFO:colcon.colcon_core.shell:Creating environment hook '/home/gerardo/Projects/Robotics/RescueRobot2025/RescueRobotTMR25/jaguar_odom/install/astra_camera_msgs/share/astra_camera_msgs/hook/ld_library_path_lib.sh'
[7.814s] Level 1:colcon.colcon_core.environment:checking '/home/gerardo/Projects/Robotics/RescueRobot2025/RescueRobotTMR25/jaguar_odom/install/astra_camera_msgs/bin'
[7.814s] Level 1:colcon.colcon_core.environment:checking '/home/gerardo/Projects/Robotics/RescueRobot2025/RescueRobotTMR25/jaguar_odom/install/astra_camera_msgs/lib/pkgconfig/astra_camera_msgs.pc'
[7.814s] Level 1:colcon.colcon_core.environment:checking '/home/gerardo/Projects/Robotics/RescueRobot2025/RescueRobotTMR25/jaguar_odom/install/astra_camera_msgs/lib/python3.10/site-packages'
[7.814s] Level 1:colcon.colcon_core.environment:checking '/home/gerardo/Projects/Robotics/RescueRobot2025/RescueRobotTMR25/jaguar_odom/install/astra_camera_msgs/bin'
[7.814s] INFO:colcon.colcon_core.shell:Creating package script '/home/gerardo/Projects/Robotics/RescueRobot2025/RescueRobotTMR25/jaguar_odom/install/astra_camera_msgs/share/astra_camera_msgs/package.ps1'
[7.815s] INFO:colcon.colcon_core.shell:Creating package descriptor '/home/gerardo/Projects/Robotics/RescueRobot2025/RescueRobotTMR25/jaguar_odom/install/astra_camera_msgs/share/astra_camera_msgs/package.dsv'
[7.815s] INFO:colcon.colcon_core.shell:Creating package script '/home/gerardo/Projects/Robotics/RescueRobot2025/RescueRobotTMR25/jaguar_odom/install/astra_camera_msgs/share/astra_camera_msgs/package.sh'
[7.815s] INFO:colcon.colcon_core.shell:Creating package script '/home/gerardo/Projects/Robotics/RescueRobot2025/RescueRobotTMR25/jaguar_odom/install/astra_camera_msgs/share/astra_camera_msgs/package.bash'
[7.815s] INFO:colcon.colcon_core.shell:Creating package script '/home/gerardo/Projects/Robotics/RescueRobot2025/RescueRobotTMR25/jaguar_odom/install/astra_camera_msgs/share/astra_camera_msgs/package.zsh'
[7.816s] Level 1:colcon.colcon_core.environment:create_file_with_runtime_dependencies(/home/gerardo/Projects/Robotics/RescueRobot2025/RescueRobotTMR25/jaguar_odom/install/astra_camera_msgs/share/colcon-core/packages/astra_camera_msgs)
[7.816s] Level 1:colcon.colcon_core.environment:create_environment_scripts_only(astra_camera_msgs)
[7.816s] Level 1:colcon.colcon_core.environment:checking '/home/gerardo/Projects/Robotics/RescueRobot2025/RescueRobotTMR25/jaguar_odom/install/astra_camera_msgs' for CMake module files
[7.817s] Level 1:colcon.colcon_core.environment:checking '/home/gerardo/Projects/Robotics/RescueRobot2025/RescueRobotTMR25/jaguar_odom/install/astra_camera_msgs' for CMake config files
[7.817s] Level 1:colcon.colcon_core.shell:create_environment_hook('astra_camera_msgs', 'cmake_prefix_path')
[7.817s] INFO:colcon.colcon_core.shell:Creating environment hook '/home/gerardo/Projects/Robotics/RescueRobot2025/RescueRobotTMR25/jaguar_odom/install/astra_camera_msgs/share/astra_camera_msgs/hook/cmake_prefix_path.ps1'
[7.817s] INFO:colcon.colcon_core.shell:Creating environment descriptor '/home/gerardo/Projects/Robotics/RescueRobot2025/RescueRobotTMR25/jaguar_odom/install/astra_camera_msgs/share/astra_camera_msgs/hook/cmake_prefix_path.dsv'
[7.817s] INFO:colcon.colcon_core.shell:Creating environment hook '/home/gerardo/Projects/Robotics/RescueRobot2025/RescueRobotTMR25/jaguar_odom/install/astra_camera_msgs/share/astra_camera_msgs/hook/cmake_prefix_path.sh'
[7.818s] Level 1:colcon.colcon_core.environment:checking '/home/gerardo/Projects/Robotics/RescueRobot2025/RescueRobotTMR25/jaguar_odom/install/astra_camera_msgs/lib'
[7.818s] Level 1:colcon.colcon_core.shell:create_environment_hook('astra_camera_msgs', 'ld_library_path_lib')
[7.818s] INFO:colcon.colcon_core.shell:Creating environment hook '/home/gerardo/Projects/Robotics/RescueRobot2025/RescueRobotTMR25/jaguar_odom/install/astra_camera_msgs/share/astra_camera_msgs/hook/ld_library_path_lib.ps1'
[7.818s] INFO:colcon.colcon_core.shell:Creating environment descriptor '/home/gerardo/Projects/Robotics/RescueRobot2025/RescueRobotTMR25/jaguar_odom/install/astra_camera_msgs/share/astra_camera_msgs/hook/ld_library_path_lib.dsv'
[7.818s] INFO:colcon.colcon_core.shell:Creating environment hook '/home/gerardo/Projects/Robotics/RescueRobot2025/RescueRobotTMR25/jaguar_odom/install/astra_camera_msgs/share/astra_camera_msgs/hook/ld_library_path_lib.sh'
[7.818s] Level 1:colcon.colcon_core.environment:checking '/home/gerardo/Projects/Robotics/RescueRobot2025/RescueRobotTMR25/jaguar_odom/install/astra_camera_msgs/bin'
[7.818s] Level 1:colcon.colcon_core.environment:checking '/home/gerardo/Projects/Robotics/RescueRobot2025/RescueRobotTMR25/jaguar_odom/install/astra_camera_msgs/lib/pkgconfig/astra_camera_msgs.pc'
[7.818s] Level 1:colcon.colcon_core.environment:checking '/home/gerardo/Projects/Robotics/RescueRobot2025/RescueRobotTMR25/jaguar_odom/install/astra_camera_msgs/lib/python3.10/site-packages'
[7.819s] Level 1:colcon.colcon_core.environment:checking '/home/gerardo/Projects/Robotics/RescueRobot2025/RescueRobotTMR25/jaguar_odom/install/astra_camera_msgs/bin'
[7.819s] INFO:colcon.colcon_core.shell:Creating package script '/home/gerardo/Projects/Robotics/RescueRobot2025/RescueRobotTMR25/jaguar_odom/install/astra_camera_msgs/share/astra_camera_msgs/package.ps1'
[7.819s] INFO:colcon.colcon_core.shell:Creating package descriptor '/home/gerardo/Projects/Robotics/RescueRobot2025/RescueRobotTMR25/jaguar_odom/install/astra_camera_msgs/share/astra_camera_msgs/package.dsv'
[7.819s] INFO:colcon.colcon_core.shell:Creating package script '/home/gerardo/Projects/Robotics/RescueRobot2025/RescueRobotTMR25/jaguar_odom/install/astra_camera_msgs/share/astra_camera_msgs/package.sh'
[7.820s] INFO:colcon.colcon_core.shell:Creating package script '/home/gerardo/Projects/Robotics/RescueRobot2025/RescueRobotTMR25/jaguar_odom/install/astra_camera_msgs/share/astra_camera_msgs/package.bash'
[7.820s] INFO:colcon.colcon_core.shell:Creating package script '/home/gerardo/Projects/Robotics/RescueRobot2025/RescueRobotTMR25/jaguar_odom/install/astra_camera_msgs/share/astra_camera_msgs/package.zsh'
[7.820s] Level 1:colcon.colcon_core.environment:create_file_with_runtime_dependencies(/home/gerardo/Projects/Robotics/RescueRobot2025/RescueRobotTMR25/jaguar_odom/install/astra_camera_msgs/share/colcon-core/packages/astra_camera_msgs)
[7.820s] INFO:colcon.colcon_ros.task.ament_cmake.build:Building ROS package in '/home/gerardo/Projects/Robotics/RescueRobot2025/RescueRobotTMR25/jaguar_odom/src/ros2_astra_camera/astra_camera' with build type 'ament_cmake'
[7.820s] INFO:colcon.colcon_cmake.task.cmake.build:Building CMake package in '/home/gerardo/Projects/Robotics/RescueRobot2025/RescueRobotTMR25/jaguar_odom/src/ros2_astra_camera/astra_camera'
[7.821s] INFO:colcon.colcon_core.shell:Skip shell extension 'powershell' for command environment: Not usable outside of PowerShell
[7.821s] DEBUG:colcon.colcon_core.shell:Skip shell extension 'dsv' for command environment
[7.837s] DEBUG:colcon.colcon_core.event_handler.log_command:Invoking command in '/home/gerardo/Projects/Robotics/RescueRobot2025/RescueRobotTMR25/jaguar_odom/build/astra_camera': AMENT_PREFIX_PATH=/home/gerardo/Projects/Robotics/RescueRobot2025/RescueRobotTMR25/jaguar_odom/install/astra_camera_msgs:${AMENT_PREFIX_PATH} CMAKE_PREFIX_PATH=/home/gerardo/Projects/Robotics/RescueRobot2025/RescueRobotTMR25/jaguar_odom/install/astra_camera_msgs:/home/gerardo/Projects/Robotics/RescueRobot2025/RescueRobotTMR25/jaguar_odom/install/sllidar_ros2:/home/gerardo/Projects/Robotics/RescueRobot2025/RescueRobotTMR25/jaguar_odom/install/orbbec_description:/home/gerardo/Projects/Robotics/RescueRobot2025/RescueRobotTMR25/jaguar_odom/install/orbbec_camera:/home/gerardo/Projects/Robotics/RescueRobot2025/RescueRobotTMR25/jaguar_odom/install/orbbec_camera_msgs:/home/gerardo/Projects/ROS/ws_moveit/install/pilz_industrial_motion_planner_testutils:/home/gerardo/Projects/ROS/ws_moveit/install/moveit_runtime:/home/gerardo/Projects/ROS/ws_moveit/install/moveit2_tutorials:/home/gerardo/Projects/ROS/ws_moveit/install/moveit:/home/gerardo/Projects/ROS/ws_moveit/install/moveit_planners:/home/gerardo/Projects/ROS/ws_moveit/install/pilz_industrial_motion_planner:/home/gerardo/Projects/ROS/ws_moveit/install/moveit_visual_tools:/home/gerardo/Projects/ROS/ws_moveit/install/moveit_task_constructor_visualization:/home/gerardo/Projects/ROS/ws_moveit/install/moveit_task_constructor_demo:/home/gerardo/Projects/ROS/ws_moveit/install/moveit_task_constructor_capabilities:/home/gerardo/Projects/ROS/ws_moveit/install/moveit_task_constructor_core:/home/gerardo/Projects/ROS/ws_moveit/install/moveit_ros_control_interface:/home/gerardo/Projects/ROS/ws_moveit/install/moveit_plugins:/home/gerardo/Projects/ROS/ws_moveit/install/moveit_simple_controller_manager:/home/gerardo/Projects/ROS/ws_moveit/install/moveit_setup_assistant:/home/gerardo/Projects/ROS/ws_moveit/install/moveit_setup_srdf_plugins:/home/gerardo/Projects/ROS/ws_moveit/install/moveit_setup_core_plugins:/home/gerardo/Projects/ROS/ws_moveit/install/moveit_setup_controllers:/home/gerardo/Projects/ROS/ws_moveit/install/moveit_setup_app_plugins:/home/gerardo/Projects/ROS/ws_moveit/install/moveit_setup_framework:/home/gerardo/Projects/ROS/ws_moveit/install/moveit_servo:/home/gerardo/Projects/ROS/ws_moveit/install/moveit_ros:/home/gerardo/Projects/ROS/ws_moveit/install/moveit_ros_visualization:/home/gerardo/Projects/ROS/ws_moveit/install/moveit_hybrid_planning:/home/gerardo/Projects/ROS/ws_moveit/install/moveit_ros_planning_interface:/home/gerardo/Projects/ROS/ws_moveit/install/moveit_ros_benchmarks:/home/gerardo/Projects/ROS/ws_moveit/install/moveit_ros_warehouse:/home/gerardo/Projects/ROS/ws_moveit/install/moveit_ros_robot_interaction:/home/gerardo/Projects/ROS/ws_moveit/install/moveit_ros_perception:/home/gerardo/Projects/ROS/ws_moveit/install/moveit_resources_prbt_pg70_support:/home/gerardo/Projects/ROS/ws_moveit/install/moveit_resources_prbt_moveit_config:/home/gerardo/Projects/ROS/ws_moveit/install/moveit_ros_move_group:/home/gerardo/Projects/ROS/ws_moveit/install/moveit_planners_ompl:/home/gerardo/Projects/ROS/ws_moveit/install/moveit_ros_planning:/home/gerardo/Projects/ROS/ws_moveit/install/moveit_ros_occupancy_map_monitor:/home/gerardo/Projects/ROS/ws_moveit/install/moveit_resources_prbt_ikfast_manipulator_plugin:/home/gerardo/Projects/ROS/ws_moveit/install/moveit_planners_chomp:/home/gerardo/Projects/ROS/ws_moveit/install/moveit_kinematics:/home/gerardo/Projects/ROS/ws_moveit/install/moveit_chomp_optimizer_adapter:/home/gerardo/Projects/ROS/ws_moveit/install/chomp_motion_planner:/home/gerardo/Projects/ROS/ws_moveit/install/moveit_core:/home/gerardo/Projects/ROS/ws_moveit/install/srdfdom:/home/gerardo/Projects/ROS/ws_moveit/install/rviz_marker_tools:/home/gerardo/Projects/ROS/ws_moveit/install/rosparam_shortcuts:/home/gerardo/Projects/ROS/ws_moveit/install/moveit_task_constructor_msgs:/home/gerardo/Projects/ROS/ws_moveit/install/moveit_resources_prbt_support:/home/gerardo/Projects/ROS/ws_moveit/install/moveit_resources:/home/gerardo/Projects/ROS/ws_moveit/install/moveit_resources_pr2_description:/home/gerardo/Projects/ROS/ws_moveit/install/moveit_resources_panda_moveit_config:/home/gerardo/Projects/ROS/ws_moveit/install/moveit_resources_panda_description:/home/gerardo/Projects/ROS/ws_moveit/install/moveit_resources_fanuc_moveit_config:/home/gerardo/Projects/ROS/ws_moveit/install/moveit_resources_fanuc_description:/home/gerardo/Projects/ROS/ws_moveit/install/moveit_common:/home/gerardo/Projects/Robotics/RescueRobot2025/RescueRobotTMR25/jaguar_odom/install/jaguar_odom:/home/gerardo/Projects/ROS/ws_moveit/install/moveit_configs_utils:/home/gerardo/Projects/ROS/ws_moveit/install/launch_param_builder:/opt/ros/humble LD_LIBRARY_PATH=/home/gerardo/Projects/Robotics/RescueRobot2025/RescueRobotTMR25/jaguar_odom/install/astra_camera_msgs/lib:${LD_LIBRARY_PATH} PYTHONPATH=/home/gerardo/Projects/Robotics/RescueRobot2025/RescueRobotTMR25/jaguar_odom/install/astra_camera_msgs/local/lib/python3.10/dist-packages:${PYTHONPATH} /usr/bin/cmake /home/gerardo/Projects/Robotics/RescueRobot2025/RescueRobotTMR25/jaguar_odom/src/ros2_astra_camera/astra_camera -DCMAKE_BUILD_TYPE=Release -DCMAKE_INSTALL_PREFIX=/home/gerardo/Projects/Robotics/RescueRobot2025/RescueRobotTMR25/jaguar_odom/install/astra_camera
[9.550s] DEBUG:colcon.colcon_core.event_handler.log_command:Invoked command in '/home/gerardo/Projects/Robotics/RescueRobot2025/RescueRobotTMR25/jaguar_odom/build/sllidar_ros2' returned '0': CMAKE_PREFIX_PATH=${CMAKE_PREFIX_PATH}:/home/gerardo/Projects/Robotics/RescueRobot2025/RescueRobotTMR25/jaguar_odom/install/jaguar_odom:/home/gerardo/Projects/ROS/ws_moveit/install/moveit_configs_utils:/home/gerardo/Projects/ROS/ws_moveit/install/launch_param_builder:/opt/ros/humble /usr/bin/cmake --build /home/gerardo/Projects/Robotics/RescueRobot2025/RescueRobotTMR25/jaguar_odom/build/sllidar_ros2 -- -j16 -l16
[9.552s] DEBUG:colcon.colcon_core.event_handler.log_command:Invoking command in '/home/gerardo/Projects/Robotics/RescueRobot2025/RescueRobotTMR25/jaguar_odom/build/sllidar_ros2': CMAKE_PREFIX_PATH=${CMAKE_PREFIX_PATH}:/home/gerardo/Projects/Robotics/RescueRobot2025/RescueRobotTMR25/jaguar_odom/install/jaguar_odom:/home/gerardo/Projects/ROS/ws_moveit/install/moveit_configs_utils:/home/gerardo/Projects/ROS/ws_moveit/install/launch_param_builder:/opt/ros/humble /usr/bin/cmake --install /home/gerardo/Projects/Robotics/RescueRobot2025/RescueRobotTMR25/jaguar_odom/build/sllidar_ros2
[9.562s] Level 1:colcon.colcon_core.environment:create_environment_scripts_only(sllidar_ros2)
[9.562s] Level 1:colcon.colcon_core.environment:checking '/home/gerardo/Projects/Robotics/RescueRobot2025/RescueRobotTMR25/jaguar_odom/install/sllidar_ros2' for CMake module files
[9.563s] DEBUG:colcon.colcon_core.event_handler.log_command:Invoked command in '/home/gerardo/Projects/Robotics/RescueRobot2025/RescueRobotTMR25/jaguar_odom/build/sllidar_ros2' returned '0': CMAKE_PREFIX_PATH=${CMAKE_PREFIX_PATH}:/home/gerardo/Projects/Robotics/RescueRobot2025/RescueRobotTMR25/jaguar_odom/install/jaguar_odom:/home/gerardo/Projects/ROS/ws_moveit/install/moveit_configs_utils:/home/gerardo/Projects/ROS/ws_moveit/install/launch_param_builder:/opt/ros/humble /usr/bin/cmake --install /home/gerardo/Projects/Robotics/RescueRobot2025/RescueRobotTMR25/jaguar_odom/build/sllidar_ros2
[9.563s] Level 1:colcon.colcon_core.environment:checking '/home/gerardo/Projects/Robotics/RescueRobot2025/RescueRobotTMR25/jaguar_odom/install/sllidar_ros2' for CMake config files
[9.563s] Level 1:colcon.colcon_core.shell:create_environment_hook('sllidar_ros2', 'cmake_prefix_path')
[9.563s] INFO:colcon.colcon_core.shell:Creating environment hook '/home/gerardo/Projects/Robotics/RescueRobot2025/RescueRobotTMR25/jaguar_odom/install/sllidar_ros2/share/sllidar_ros2/hook/cmake_prefix_path.ps1'
[9.564s] INFO:colcon.colcon_core.shell:Creating environment descriptor '/home/gerardo/Projects/Robotics/RescueRobot2025/RescueRobotTMR25/jaguar_odom/install/sllidar_ros2/share/sllidar_ros2/hook/cmake_prefix_path.dsv'
[9.564s] INFO:colcon.colcon_core.shell:Creating environment hook '/home/gerardo/Projects/Robotics/RescueRobot2025/RescueRobotTMR25/jaguar_odom/install/sllidar_ros2/share/sllidar_ros2/hook/cmake_prefix_path.sh'
[9.565s] Level 1:colcon.colcon_core.environment:checking '/home/gerardo/Projects/Robotics/RescueRobot2025/RescueRobotTMR25/jaguar_odom/install/sllidar_ros2/lib'
[9.565s] Level 1:colcon.colcon_core.environment:checking '/home/gerardo/Projects/Robotics/RescueRobot2025/RescueRobotTMR25/jaguar_odom/install/sllidar_ros2/bin'
[9.565s] Level 1:colcon.colcon_core.environment:checking '/home/gerardo/Projects/Robotics/RescueRobot2025/RescueRobotTMR25/jaguar_odom/install/sllidar_ros2/lib/pkgconfig/sllidar_ros2.pc'
[9.565s] Level 1:colcon.colcon_core.environment:checking '/home/gerardo/Projects/Robotics/RescueRobot2025/RescueRobotTMR25/jaguar_odom/install/sllidar_ros2/lib/python3.10/site-packages'
[9.565s] Level 1:colcon.colcon_core.environment:checking '/home/gerardo/Projects/Robotics/RescueRobot2025/RescueRobotTMR25/jaguar_odom/install/sllidar_ros2/bin'
[9.565s] INFO:colcon.colcon_core.shell:Creating package script '/home/gerardo/Projects/Robotics/RescueRobot2025/RescueRobotTMR25/jaguar_odom/install/sllidar_ros2/share/sllidar_ros2/package.ps1'
[9.565s] INFO:colcon.colcon_core.shell:Creating package descriptor '/home/gerardo/Projects/Robotics/RescueRobot2025/RescueRobotTMR25/jaguar_odom/install/sllidar_ros2/share/sllidar_ros2/package.dsv'
[9.566s] INFO:colcon.colcon_core.shell:Creating package script '/home/gerardo/Projects/Robotics/RescueRobot2025/RescueRobotTMR25/jaguar_odom/install/sllidar_ros2/share/sllidar_ros2/package.sh'
[9.566s] INFO:colcon.colcon_core.shell:Creating package script '/home/gerardo/Projects/Robotics/RescueRobot2025/RescueRobotTMR25/jaguar_odom/install/sllidar_ros2/share/sllidar_ros2/package.bash'
[9.566s] INFO:colcon.colcon_core.shell:Creating package script '/home/gerardo/Projects/Robotics/RescueRobot2025/RescueRobotTMR25/jaguar_odom/install/sllidar_ros2/share/sllidar_ros2/package.zsh'
[9.567s] Level 1:colcon.colcon_core.environment:create_file_with_runtime_dependencies(/home/gerardo/Projects/Robotics/RescueRobot2025/RescueRobotTMR25/jaguar_odom/install/sllidar_ros2/share/colcon-core/packages/sllidar_ros2)
[9.567s] Level 1:colcon.colcon_core.environment:create_environment_scripts_only(sllidar_ros2)
[9.567s] Level 1:colcon.colcon_core.environment:checking '/home/gerardo/Projects/Robotics/RescueRobot2025/RescueRobotTMR25/jaguar_odom/install/sllidar_ros2' for CMake module files
[9.567s] Level 1:colcon.colcon_core.environment:checking '/home/gerardo/Projects/Robotics/RescueRobot2025/RescueRobotTMR25/jaguar_odom/install/sllidar_ros2' for CMake config files
[9.568s] Level 1:colcon.colcon_core.shell:create_environment_hook('sllidar_ros2', 'cmake_prefix_path')
[9.568s] INFO:colcon.colcon_core.shell:Creating environment hook '/home/gerardo/Projects/Robotics/RescueRobot2025/RescueRobotTMR25/jaguar_odom/install/sllidar_ros2/share/sllidar_ros2/hook/cmake_prefix_path.ps1'
[9.568s] INFO:colcon.colcon_core.shell:Creating environment descriptor '/home/gerardo/Projects/Robotics/RescueRobot2025/RescueRobotTMR25/jaguar_odom/install/sllidar_ros2/share/sllidar_ros2/hook/cmake_prefix_path.dsv'
[9.568s] INFO:colcon.colcon_core.shell:Creating environment hook '/home/gerardo/Projects/Robotics/RescueRobot2025/RescueRobotTMR25/jaguar_odom/install/sllidar_ros2/share/sllidar_ros2/hook/cmake_prefix_path.sh'
[9.569s] Level 1:colcon.colcon_core.environment:checking '/home/gerardo/Projects/Robotics/RescueRobot2025/RescueRobotTMR25/jaguar_odom/install/sllidar_ros2/lib'
[9.569s] Level 1:colcon.colcon_core.environment:checking '/home/gerardo/Projects/Robotics/RescueRobot2025/RescueRobotTMR25/jaguar_odom/install/sllidar_ros2/bin'
[9.569s] Level 1:colcon.colcon_core.environment:checking '/home/gerardo/Projects/Robotics/RescueRobot2025/RescueRobotTMR25/jaguar_odom/install/sllidar_ros2/lib/pkgconfig/sllidar_ros2.pc'
[9.569s] Level 1:colcon.colcon_core.environment:checking '/home/gerardo/Projects/Robotics/RescueRobot2025/RescueRobotTMR25/jaguar_odom/install/sllidar_ros2/lib/python3.10/site-packages'
[9.569s] Level 1:colcon.colcon_core.environment:checking '/home/gerardo/Projects/Robotics/RescueRobot2025/RescueRobotTMR25/jaguar_odom/install/sllidar_ros2/bin'
[9.569s] INFO:colcon.colcon_core.shell:Creating package script '/home/gerardo/Projects/Robotics/RescueRobot2025/RescueRobotTMR25/jaguar_odom/install/sllidar_ros2/share/sllidar_ros2/package.ps1'
[9.569s] INFO:colcon.colcon_core.shell:Creating package descriptor '/home/gerardo/Projects/Robotics/RescueRobot2025/RescueRobotTMR25/jaguar_odom/install/sllidar_ros2/share/sllidar_ros2/package.dsv'
[9.570s] INFO:colcon.colcon_core.shell:Creating package script '/home/gerardo/Projects/Robotics/RescueRobot2025/RescueRobotTMR25/jaguar_odom/install/sllidar_ros2/share/sllidar_ros2/package.sh'
[9.570s] INFO:colcon.colcon_core.shell:Creating package script '/home/gerardo/Projects/Robotics/RescueRobot2025/RescueRobotTMR25/jaguar_odom/install/sllidar_ros2/share/sllidar_ros2/package.bash'
[9.570s] INFO:colcon.colcon_core.shell:Creating package script '/home/gerardo/Projects/Robotics/RescueRobot2025/RescueRobotTMR25/jaguar_odom/install/sllidar_ros2/share/sllidar_ros2/package.zsh'
[9.570s] Level 1:colcon.colcon_core.environment:create_file_with_runtime_dependencies(/home/gerardo/Projects/Robotics/RescueRobot2025/RescueRobotTMR25/jaguar_odom/install/sllidar_ros2/share/colcon-core/packages/sllidar_ros2)
[9.825s] DEBUG:colcon.colcon_core.event_handler.log_command:Invoked command in '/home/gerardo/Projects/Robotics/RescueRobot2025/RescueRobotTMR25/jaguar_odom/build/astra_camera' returned '0': AMENT_PREFIX_PATH=/home/gerardo/Projects/Robotics/RescueRobot2025/RescueRobotTMR25/jaguar_odom/install/astra_camera_msgs:${AMENT_PREFIX_PATH} CMAKE_PREFIX_PATH=/home/gerardo/Projects/Robotics/RescueRobot2025/RescueRobotTMR25/jaguar_odom/install/astra_camera_msgs:/home/gerardo/Projects/Robotics/RescueRobot2025/RescueRobotTMR25/jaguar_odom/install/sllidar_ros2:/home/gerardo/Projects/Robotics/RescueRobot2025/RescueRobotTMR25/jaguar_odom/install/orbbec_description:/home/gerardo/Projects/Robotics/RescueRobot2025/RescueRobotTMR25/jaguar_odom/install/orbbec_camera:/home/gerardo/Projects/Robotics/RescueRobot2025/RescueRobotTMR25/jaguar_odom/install/orbbec_camera_msgs:/home/gerardo/Projects/ROS/ws_moveit/install/pilz_industrial_motion_planner_testutils:/home/gerardo/Projects/ROS/ws_moveit/install/moveit_runtime:/home/gerardo/Projects/ROS/ws_moveit/install/moveit2_tutorials:/home/gerardo/Projects/ROS/ws_moveit/install/moveit:/home/gerardo/Projects/ROS/ws_moveit/install/moveit_planners:/home/gerardo/Projects/ROS/ws_moveit/install/pilz_industrial_motion_planner:/home/gerardo/Projects/ROS/ws_moveit/install/moveit_visual_tools:/home/gerardo/Projects/ROS/ws_moveit/install/moveit_task_constructor_visualization:/home/gerardo/Projects/ROS/ws_moveit/install/moveit_task_constructor_demo:/home/gerardo/Projects/ROS/ws_moveit/install/moveit_task_constructor_capabilities:/home/gerardo/Projects/ROS/ws_moveit/install/moveit_task_constructor_core:/home/gerardo/Projects/ROS/ws_moveit/install/moveit_ros_control_interface:/home/gerardo/Projects/ROS/ws_moveit/install/moveit_plugins:/home/gerardo/Projects/ROS/ws_moveit/install/moveit_simple_controller_manager:/home/gerardo/Projects/ROS/ws_moveit/install/moveit_setup_assistant:/home/gerardo/Projects/ROS/ws_moveit/install/moveit_setup_srdf_plugins:/home/gerardo/Projects/ROS/ws_moveit/install/moveit_setup_core_plugins:/home/gerardo/Projects/ROS/ws_moveit/install/moveit_setup_controllers:/home/gerardo/Projects/ROS/ws_moveit/install/moveit_setup_app_plugins:/home/gerardo/Projects/ROS/ws_moveit/install/moveit_setup_framework:/home/gerardo/Projects/ROS/ws_moveit/install/moveit_servo:/home/gerardo/Projects/ROS/ws_moveit/install/moveit_ros:/home/gerardo/Projects/ROS/ws_moveit/install/moveit_ros_visualization:/home/gerardo/Projects/ROS/ws_moveit/install/moveit_hybrid_planning:/home/gerardo/Projects/ROS/ws_moveit/install/moveit_ros_planning_interface:/home/gerardo/Projects/ROS/ws_moveit/install/moveit_ros_benchmarks:/home/gerardo/Projects/ROS/ws_moveit/install/moveit_ros_warehouse:/home/gerardo/Projects/ROS/ws_moveit/install/moveit_ros_robot_interaction:/home/gerardo/Projects/ROS/ws_moveit/install/moveit_ros_perception:/home/gerardo/Projects/ROS/ws_moveit/install/moveit_resources_prbt_pg70_support:/home/gerardo/Projects/ROS/ws_moveit/install/moveit_resources_prbt_moveit_config:/home/gerardo/Projects/ROS/ws_moveit/install/moveit_ros_move_group:/home/gerardo/Projects/ROS/ws_moveit/install/moveit_planners_ompl:/home/gerardo/Projects/ROS/ws_moveit/install/moveit_ros_planning:/home/gerardo/Projects/ROS/ws_moveit/install/moveit_ros_occupancy_map_monitor:/home/gerardo/Projects/ROS/ws_moveit/install/moveit_resources_prbt_ikfast_manipulator_plugin:/home/gerardo/Projects/ROS/ws_moveit/install/moveit_planners_chomp:/home/gerardo/Projects/ROS/ws_moveit/install/moveit_kinematics:/home/gerardo/Projects/ROS/ws_moveit/install/moveit_chomp_optimizer_adapter:/home/gerardo/Projects/ROS/ws_moveit/install/chomp_motion_planner:/home/gerardo/Projects/ROS/ws_moveit/install/moveit_core:/home/gerardo/Projects/ROS/ws_moveit/install/srdfdom:/home/gerardo/Projects/ROS/ws_moveit/install/rviz_marker_tools:/home/gerardo/Projects/ROS/ws_moveit/install/rosparam_shortcuts:/home/gerardo/Projects/ROS/ws_moveit/install/moveit_task_constructor_msgs:/home/gerardo/Projects/ROS/ws_moveit/install/moveit_resources_prbt_support:/home/gerardo/Projects/ROS/ws_moveit/install/moveit_resources:/home/gerardo/Projects/ROS/ws_moveit/install/moveit_resources_pr2_description:/home/gerardo/Projects/ROS/ws_moveit/install/moveit_resources_panda_moveit_config:/home/gerardo/Projects/ROS/ws_moveit/install/moveit_resources_panda_description:/home/gerardo/Projects/ROS/ws_moveit/install/moveit_resources_fanuc_moveit_config:/home/gerardo/Projects/ROS/ws_moveit/install/moveit_resources_fanuc_description:/home/gerardo/Projects/ROS/ws_moveit/install/moveit_common:/home/gerardo/Projects/Robotics/RescueRobot2025/RescueRobotTMR25/jaguar_odom/install/jaguar_odom:/home/gerardo/Projects/ROS/ws_moveit/install/moveit_configs_utils:/home/gerardo/Projects/ROS/ws_moveit/install/launch_param_builder:/opt/ros/humble LD_LIBRARY_PATH=/home/gerardo/Projects/Robotics/RescueRobot2025/RescueRobotTMR25/jaguar_odom/install/astra_camera_msgs/lib:${LD_LIBRARY_PATH} PYTHONPATH=/home/gerardo/Projects/Robotics/RescueRobot2025/RescueRobotTMR25/jaguar_odom/install/astra_camera_msgs/local/lib/python3.10/dist-packages:${PYTHONPATH} /usr/bin/cmake /home/gerardo/Projects/Robotics/RescueRobot2025/RescueRobotTMR25/jaguar_odom/src/ros2_astra_camera/astra_camera -DCMAKE_BUILD_TYPE=Release -DCMAKE_INSTALL_PREFIX=/home/gerardo/Projects/Robotics/RescueRobot2025/RescueRobotTMR25/jaguar_odom/install/astra_camera
[9.826s] DEBUG:colcon.colcon_core.event_handler.log_command:Invoking command in '/home/gerardo/Projects/Robotics/RescueRobot2025/RescueRobotTMR25/jaguar_odom/build/astra_camera': AMENT_PREFIX_PATH=/home/gerardo/Projects/Robotics/RescueRobot2025/RescueRobotTMR25/jaguar_odom/install/astra_camera_msgs:${AMENT_PREFIX_PATH} CMAKE_PREFIX_PATH=/home/gerardo/Projects/Robotics/RescueRobot2025/RescueRobotTMR25/jaguar_odom/install/astra_camera_msgs:/home/gerardo/Projects/Robotics/RescueRobot2025/RescueRobotTMR25/jaguar_odom/install/sllidar_ros2:/home/gerardo/Projects/Robotics/RescueRobot2025/RescueRobotTMR25/jaguar_odom/install/orbbec_description:/home/gerardo/Projects/Robotics/RescueRobot2025/RescueRobotTMR25/jaguar_odom/install/orbbec_camera:/home/gerardo/Projects/Robotics/RescueRobot2025/RescueRobotTMR25/jaguar_odom/install/orbbec_camera_msgs:/home/gerardo/Projects/ROS/ws_moveit/install/pilz_industrial_motion_planner_testutils:/home/gerardo/Projects/ROS/ws_moveit/install/moveit_runtime:/home/gerardo/Projects/ROS/ws_moveit/install/moveit2_tutorials:/home/gerardo/Projects/ROS/ws_moveit/install/moveit:/home/gerardo/Projects/ROS/ws_moveit/install/moveit_planners:/home/gerardo/Projects/ROS/ws_moveit/install/pilz_industrial_motion_planner:/home/gerardo/Projects/ROS/ws_moveit/install/moveit_visual_tools:/home/gerardo/Projects/ROS/ws_moveit/install/moveit_task_constructor_visualization:/home/gerardo/Projects/ROS/ws_moveit/install/moveit_task_constructor_demo:/home/gerardo/Projects/ROS/ws_moveit/install/moveit_task_constructor_capabilities:/home/gerardo/Projects/ROS/ws_moveit/install/moveit_task_constructor_core:/home/gerardo/Projects/ROS/ws_moveit/install/moveit_ros_control_interface:/home/gerardo/Projects/ROS/ws_moveit/install/moveit_plugins:/home/gerardo/Projects/ROS/ws_moveit/install/moveit_simple_controller_manager:/home/gerardo/Projects/ROS/ws_moveit/install/moveit_setup_assistant:/home/gerardo/Projects/ROS/ws_moveit/install/moveit_setup_srdf_plugins:/home/gerardo/Projects/ROS/ws_moveit/install/moveit_setup_core_plugins:/home/gerardo/Projects/ROS/ws_moveit/install/moveit_setup_controllers:/home/gerardo/Projects/ROS/ws_moveit/install/moveit_setup_app_plugins:/home/gerardo/Projects/ROS/ws_moveit/install/moveit_setup_framework:/home/gerardo/Projects/ROS/ws_moveit/install/moveit_servo:/home/gerardo/Projects/ROS/ws_moveit/install/moveit_ros:/home/gerardo/Projects/ROS/ws_moveit/install/moveit_ros_visualization:/home/gerardo/Projects/ROS/ws_moveit/install/moveit_hybrid_planning:/home/gerardo/Projects/ROS/ws_moveit/install/moveit_ros_planning_interface:/home/gerardo/Projects/ROS/ws_moveit/install/moveit_ros_benchmarks:/home/gerardo/Projects/ROS/ws_moveit/install/moveit_ros_warehouse:/home/gerardo/Projects/ROS/ws_moveit/install/moveit_ros_robot_interaction:/home/gerardo/Projects/ROS/ws_moveit/install/moveit_ros_perception:/home/gerardo/Projects/ROS/ws_moveit/install/moveit_resources_prbt_pg70_support:/home/gerardo/Projects/ROS/ws_moveit/install/moveit_resources_prbt_moveit_config:/home/gerardo/Projects/ROS/ws_moveit/install/moveit_ros_move_group:/home/gerardo/Projects/ROS/ws_moveit/install/moveit_planners_ompl:/home/gerardo/Projects/ROS/ws_moveit/install/moveit_ros_planning:/home/gerardo/Projects/ROS/ws_moveit/install/moveit_ros_occupancy_map_monitor:/home/gerardo/Projects/ROS/ws_moveit/install/moveit_resources_prbt_ikfast_manipulator_plugin:/home/gerardo/Projects/ROS/ws_moveit/install/moveit_planners_chomp:/home/gerardo/Projects/ROS/ws_moveit/install/moveit_kinematics:/home/gerardo/Projects/ROS/ws_moveit/install/moveit_chomp_optimizer_adapter:/home/gerardo/Projects/ROS/ws_moveit/install/chomp_motion_planner:/home/gerardo/Projects/ROS/ws_moveit/install/moveit_core:/home/gerardo/Projects/ROS/ws_moveit/install/srdfdom:/home/gerardo/Projects/ROS/ws_moveit/install/rviz_marker_tools:/home/gerardo/Projects/ROS/ws_moveit/install/rosparam_shortcuts:/home/gerardo/Projects/ROS/ws_moveit/install/moveit_task_constructor_msgs:/home/gerardo/Projects/ROS/ws_moveit/install/moveit_resources_prbt_support:/home/gerardo/Projects/ROS/ws_moveit/install/moveit_resources:/home/gerardo/Projects/ROS/ws_moveit/install/moveit_resources_pr2_description:/home/gerardo/Projects/ROS/ws_moveit/install/moveit_resources_panda_moveit_config:/home/gerardo/Projects/ROS/ws_moveit/install/moveit_resources_panda_description:/home/gerardo/Projects/ROS/ws_moveit/install/moveit_resources_fanuc_moveit_config:/home/gerardo/Projects/ROS/ws_moveit/install/moveit_resources_fanuc_description:/home/gerardo/Projects/ROS/ws_moveit/install/moveit_common:/home/gerardo/Projects/Robotics/RescueRobot2025/RescueRobotTMR25/jaguar_odom/install/jaguar_odom:/home/gerardo/Projects/ROS/ws_moveit/install/moveit_configs_utils:/home/gerardo/Projects/ROS/ws_moveit/install/launch_param_builder:/opt/ros/humble LD_LIBRARY_PATH=/home/gerardo/Projects/Robotics/RescueRobot2025/RescueRobotTMR25/jaguar_odom/install/astra_camera_msgs/lib:${LD_LIBRARY_PATH} PYTHONPATH=/home/gerardo/Projects/Robotics/RescueRobot2025/RescueRobotTMR25/jaguar_odom/install/astra_camera_msgs/local/lib/python3.10/dist-packages:${PYTHONPATH} /usr/bin/cmake --build /home/gerardo/Projects/Robotics/RescueRobot2025/RescueRobotTMR25/jaguar_odom/build/astra_camera -- -j16 -l16
[39.846s] DEBUG:colcon.colcon_core.event_handler.log_command:Invoked command in '/home/gerardo/Projects/Robotics/RescueRobot2025/RescueRobotTMR25/jaguar_odom/build/astra_camera' returned '0': AMENT_PREFIX_PATH=/home/gerardo/Projects/Robotics/RescueRobot2025/RescueRobotTMR25/jaguar_odom/install/astra_camera_msgs:${AMENT_PREFIX_PATH} CMAKE_PREFIX_PATH=/home/gerardo/Projects/Robotics/RescueRobot2025/RescueRobotTMR25/jaguar_odom/install/astra_camera_msgs:/home/gerardo/Projects/Robotics/RescueRobot2025/RescueRobotTMR25/jaguar_odom/install/sllidar_ros2:/home/gerardo/Projects/Robotics/RescueRobot2025/RescueRobotTMR25/jaguar_odom/install/orbbec_description:/home/gerardo/Projects/Robotics/RescueRobot2025/RescueRobotTMR25/jaguar_odom/install/orbbec_camera:/home/gerardo/Projects/Robotics/RescueRobot2025/RescueRobotTMR25/jaguar_odom/install/orbbec_camera_msgs:/home/gerardo/Projects/ROS/ws_moveit/install/pilz_industrial_motion_planner_testutils:/home/gerardo/Projects/ROS/ws_moveit/install/moveit_runtime:/home/gerardo/Projects/ROS/ws_moveit/install/moveit2_tutorials:/home/gerardo/Projects/ROS/ws_moveit/install/moveit:/home/gerardo/Projects/ROS/ws_moveit/install/moveit_planners:/home/gerardo/Projects/ROS/ws_moveit/install/pilz_industrial_motion_planner:/home/gerardo/Projects/ROS/ws_moveit/install/moveit_visual_tools:/home/gerardo/Projects/ROS/ws_moveit/install/moveit_task_constructor_visualization:/home/gerardo/Projects/ROS/ws_moveit/install/moveit_task_constructor_demo:/home/gerardo/Projects/ROS/ws_moveit/install/moveit_task_constructor_capabilities:/home/gerardo/Projects/ROS/ws_moveit/install/moveit_task_constructor_core:/home/gerardo/Projects/ROS/ws_moveit/install/moveit_ros_control_interface:/home/gerardo/Projects/ROS/ws_moveit/install/moveit_plugins:/home/gerardo/Projects/ROS/ws_moveit/install/moveit_simple_controller_manager:/home/gerardo/Projects/ROS/ws_moveit/install/moveit_setup_assistant:/home/gerardo/Projects/ROS/ws_moveit/install/moveit_setup_srdf_plugins:/home/gerardo/Projects/ROS/ws_moveit/install/moveit_setup_core_plugins:/home/gerardo/Projects/ROS/ws_moveit/install/moveit_setup_controllers:/home/gerardo/Projects/ROS/ws_moveit/install/moveit_setup_app_plugins:/home/gerardo/Projects/ROS/ws_moveit/install/moveit_setup_framework:/home/gerardo/Projects/ROS/ws_moveit/install/moveit_servo:/home/gerardo/Projects/ROS/ws_moveit/install/moveit_ros:/home/gerardo/Projects/ROS/ws_moveit/install/moveit_ros_visualization:/home/gerardo/Projects/ROS/ws_moveit/install/moveit_hybrid_planning:/home/gerardo/Projects/ROS/ws_moveit/install/moveit_ros_planning_interface:/home/gerardo/Projects/ROS/ws_moveit/install/moveit_ros_benchmarks:/home/gerardo/Projects/ROS/ws_moveit/install/moveit_ros_warehouse:/home/gerardo/Projects/ROS/ws_moveit/install/moveit_ros_robot_interaction:/home/gerardo/Projects/ROS/ws_moveit/install/moveit_ros_perception:/home/gerardo/Projects/ROS/ws_moveit/install/moveit_resources_prbt_pg70_support:/home/gerardo/Projects/ROS/ws_moveit/install/moveit_resources_prbt_moveit_config:/home/gerardo/Projects/ROS/ws_moveit/install/moveit_ros_move_group:/home/gerardo/Projects/ROS/ws_moveit/install/moveit_planners_ompl:/home/gerardo/Projects/ROS/ws_moveit/install/moveit_ros_planning:/home/gerardo/Projects/ROS/ws_moveit/install/moveit_ros_occupancy_map_monitor:/home/gerardo/Projects/ROS/ws_moveit/install/moveit_resources_prbt_ikfast_manipulator_plugin:/home/gerardo/Projects/ROS/ws_moveit/install/moveit_planners_chomp:/home/gerardo/Projects/ROS/ws_moveit/install/moveit_kinematics:/home/gerardo/Projects/ROS/ws_moveit/install/moveit_chomp_optimizer_adapter:/home/gerardo/Projects/ROS/ws_moveit/install/chomp_motion_planner:/home/gerardo/Projects/ROS/ws_moveit/install/moveit_core:/home/gerardo/Projects/ROS/ws_moveit/install/srdfdom:/home/gerardo/Projects/ROS/ws_moveit/install/rviz_marker_tools:/home/gerardo/Projects/ROS/ws_moveit/install/rosparam_shortcuts:/home/gerardo/Projects/ROS/ws_moveit/install/moveit_task_constructor_msgs:/home/gerardo/Projects/ROS/ws_moveit/install/moveit_resources_prbt_support:/home/gerardo/Projects/ROS/ws_moveit/install/moveit_resources:/home/gerardo/Projects/ROS/ws_moveit/install/moveit_resources_pr2_description:/home/gerardo/Projects/ROS/ws_moveit/install/moveit_resources_panda_moveit_config:/home/gerardo/Projects/ROS/ws_moveit/install/moveit_resources_panda_description:/home/gerardo/Projects/ROS/ws_moveit/install/moveit_resources_fanuc_moveit_config:/home/gerardo/Projects/ROS/ws_moveit/install/moveit_resources_fanuc_description:/home/gerardo/Projects/ROS/ws_moveit/install/moveit_common:/home/gerardo/Projects/Robotics/RescueRobot2025/RescueRobotTMR25/jaguar_odom/install/jaguar_odom:/home/gerardo/Projects/ROS/ws_moveit/install/moveit_configs_utils:/home/gerardo/Projects/ROS/ws_moveit/install/launch_param_builder:/opt/ros/humble LD_LIBRARY_PATH=/home/gerardo/Projects/Robotics/RescueRobot2025/RescueRobotTMR25/jaguar_odom/install/astra_camera_msgs/lib:${LD_LIBRARY_PATH} PYTHONPATH=/home/gerardo/Projects/Robotics/RescueRobot2025/RescueRobotTMR25/jaguar_odom/install/astra_camera_msgs/local/lib/python3.10/dist-packages:${PYTHONPATH} /usr/bin/cmake --build /home/gerardo/Projects/Robotics/RescueRobot2025/RescueRobotTMR25/jaguar_odom/build/astra_camera -- -j16 -l16
[39.847s] DEBUG:colcon.colcon_core.event_handler.log_command:Invoking command in '/home/gerardo/Projects/Robotics/RescueRobot2025/RescueRobotTMR25/jaguar_odom/build/astra_camera': AMENT_PREFIX_PATH=/home/gerardo/Projects/Robotics/RescueRobot2025/RescueRobotTMR25/jaguar_odom/install/astra_camera_msgs:${AMENT_PREFIX_PATH} CMAKE_PREFIX_PATH=/home/gerardo/Projects/Robotics/RescueRobot2025/RescueRobotTMR25/jaguar_odom/install/astra_camera_msgs:/home/gerardo/Projects/Robotics/RescueRobot2025/RescueRobotTMR25/jaguar_odom/install/sllidar_ros2:/home/gerardo/Projects/Robotics/RescueRobot2025/RescueRobotTMR25/jaguar_odom/install/orbbec_description:/home/gerardo/Projects/Robotics/RescueRobot2025/RescueRobotTMR25/jaguar_odom/install/orbbec_camera:/home/gerardo/Projects/Robotics/RescueRobot2025/RescueRobotTMR25/jaguar_odom/install/orbbec_camera_msgs:/home/gerardo/Projects/ROS/ws_moveit/install/pilz_industrial_motion_planner_testutils:/home/gerardo/Projects/ROS/ws_moveit/install/moveit_runtime:/home/gerardo/Projects/ROS/ws_moveit/install/moveit2_tutorials:/home/gerardo/Projects/ROS/ws_moveit/install/moveit:/home/gerardo/Projects/ROS/ws_moveit/install/moveit_planners:/home/gerardo/Projects/ROS/ws_moveit/install/pilz_industrial_motion_planner:/home/gerardo/Projects/ROS/ws_moveit/install/moveit_visual_tools:/home/gerardo/Projects/ROS/ws_moveit/install/moveit_task_constructor_visualization:/home/gerardo/Projects/ROS/ws_moveit/install/moveit_task_constructor_demo:/home/gerardo/Projects/ROS/ws_moveit/install/moveit_task_constructor_capabilities:/home/gerardo/Projects/ROS/ws_moveit/install/moveit_task_constructor_core:/home/gerardo/Projects/ROS/ws_moveit/install/moveit_ros_control_interface:/home/gerardo/Projects/ROS/ws_moveit/install/moveit_plugins:/home/gerardo/Projects/ROS/ws_moveit/install/moveit_simple_controller_manager:/home/gerardo/Projects/ROS/ws_moveit/install/moveit_setup_assistant:/home/gerardo/Projects/ROS/ws_moveit/install/moveit_setup_srdf_plugins:/home/gerardo/Projects/ROS/ws_moveit/install/moveit_setup_core_plugins:/home/gerardo/Projects/ROS/ws_moveit/install/moveit_setup_controllers:/home/gerardo/Projects/ROS/ws_moveit/install/moveit_setup_app_plugins:/home/gerardo/Projects/ROS/ws_moveit/install/moveit_setup_framework:/home/gerardo/Projects/ROS/ws_moveit/install/moveit_servo:/home/gerardo/Projects/ROS/ws_moveit/install/moveit_ros:/home/gerardo/Projects/ROS/ws_moveit/install/moveit_ros_visualization:/home/gerardo/Projects/ROS/ws_moveit/install/moveit_hybrid_planning:/home/gerardo/Projects/ROS/ws_moveit/install/moveit_ros_planning_interface:/home/gerardo/Projects/ROS/ws_moveit/install/moveit_ros_benchmarks:/home/gerardo/Projects/ROS/ws_moveit/install/moveit_ros_warehouse:/home/gerardo/Projects/ROS/ws_moveit/install/moveit_ros_robot_interaction:/home/gerardo/Projects/ROS/ws_moveit/install/moveit_ros_perception:/home/gerardo/Projects/ROS/ws_moveit/install/moveit_resources_prbt_pg70_support:/home/gerardo/Projects/ROS/ws_moveit/install/moveit_resources_prbt_moveit_config:/home/gerardo/Projects/ROS/ws_moveit/install/moveit_ros_move_group:/home/gerardo/Projects/ROS/ws_moveit/install/moveit_planners_ompl:/home/gerardo/Projects/ROS/ws_moveit/install/moveit_ros_planning:/home/gerardo/Projects/ROS/ws_moveit/install/moveit_ros_occupancy_map_monitor:/home/gerardo/Projects/ROS/ws_moveit/install/moveit_resources_prbt_ikfast_manipulator_plugin:/home/gerardo/Projects/ROS/ws_moveit/install/moveit_planners_chomp:/home/gerardo/Projects/ROS/ws_moveit/install/moveit_kinematics:/home/gerardo/Projects/ROS/ws_moveit/install/moveit_chomp_optimizer_adapter:/home/gerardo/Projects/ROS/ws_moveit/install/chomp_motion_planner:/home/gerardo/Projects/ROS/ws_moveit/install/moveit_core:/home/gerardo/Projects/ROS/ws_moveit/install/srdfdom:/home/gerardo/Projects/ROS/ws_moveit/install/rviz_marker_tools:/home/gerardo/Projects/ROS/ws_moveit/install/rosparam_shortcuts:/home/gerardo/Projects/ROS/ws_moveit/install/moveit_task_constructor_msgs:/home/gerardo/Projects/ROS/ws_moveit/install/moveit_resources_prbt_support:/home/gerardo/Projects/ROS/ws_moveit/install/moveit_resources:/home/gerardo/Projects/ROS/ws_moveit/install/moveit_resources_pr2_description:/home/gerardo/Projects/ROS/ws_moveit/install/moveit_resources_panda_moveit_config:/home/gerardo/Projects/ROS/ws_moveit/install/moveit_resources_panda_description:/home/gerardo/Projects/ROS/ws_moveit/install/moveit_resources_fanuc_moveit_config:/home/gerardo/Projects/ROS/ws_moveit/install/moveit_resources_fanuc_description:/home/gerardo/Projects/ROS/ws_moveit/install/moveit_common:/home/gerardo/Projects/Robotics/RescueRobot2025/RescueRobotTMR25/jaguar_odom/install/jaguar_odom:/home/gerardo/Projects/ROS/ws_moveit/install/moveit_configs_utils:/home/gerardo/Projects/ROS/ws_moveit/install/launch_param_builder:/opt/ros/humble LD_LIBRARY_PATH=/home/gerardo/Projects/Robotics/RescueRobot2025/RescueRobotTMR25/jaguar_odom/install/astra_camera_msgs/lib:${LD_LIBRARY_PATH} PYTHONPATH=/home/gerardo/Projects/Robotics/RescueRobot2025/RescueRobotTMR25/jaguar_odom/install/astra_camera_msgs/local/lib/python3.10/dist-packages:${PYTHONPATH} /usr/bin/cmake --install /home/gerardo/Projects/Robotics/RescueRobot2025/RescueRobotTMR25/jaguar_odom/build/astra_camera
[39.894s] Level 1:colcon.colcon_core.environment:create_environment_scripts_only(astra_camera)
[39.894s] Level 1:colcon.colcon_core.environment:checking '/home/gerardo/Projects/Robotics/RescueRobot2025/RescueRobotTMR25/jaguar_odom/install/astra_camera' for CMake module files
[39.894s] DEBUG:colcon.colcon_core.event_handler.log_command:Invoked command in '/home/gerardo/Projects/Robotics/RescueRobot2025/RescueRobotTMR25/jaguar_odom/build/astra_camera' returned '0': AMENT_PREFIX_PATH=/home/gerardo/Projects/Robotics/RescueRobot2025/RescueRobotTMR25/jaguar_odom/install/astra_camera_msgs:${AMENT_PREFIX_PATH} CMAKE_PREFIX_PATH=/home/gerardo/Projects/Robotics/RescueRobot2025/RescueRobotTMR25/jaguar_odom/install/astra_camera_msgs:/home/gerardo/Projects/Robotics/RescueRobot2025/RescueRobotTMR25/jaguar_odom/install/sllidar_ros2:/home/gerardo/Projects/Robotics/RescueRobot2025/RescueRobotTMR25/jaguar_odom/install/orbbec_description:/home/gerardo/Projects/Robotics/RescueRobot2025/RescueRobotTMR25/jaguar_odom/install/orbbec_camera:/home/gerardo/Projects/Robotics/RescueRobot2025/RescueRobotTMR25/jaguar_odom/install/orbbec_camera_msgs:/home/gerardo/Projects/ROS/ws_moveit/install/pilz_industrial_motion_planner_testutils:/home/gerardo/Projects/ROS/ws_moveit/install/moveit_runtime:/home/gerardo/Projects/ROS/ws_moveit/install/moveit2_tutorials:/home/gerardo/Projects/ROS/ws_moveit/install/moveit:/home/gerardo/Projects/ROS/ws_moveit/install/moveit_planners:/home/gerardo/Projects/ROS/ws_moveit/install/pilz_industrial_motion_planner:/home/gerardo/Projects/ROS/ws_moveit/install/moveit_visual_tools:/home/gerardo/Projects/ROS/ws_moveit/install/moveit_task_constructor_visualization:/home/gerardo/Projects/ROS/ws_moveit/install/moveit_task_constructor_demo:/home/gerardo/Projects/ROS/ws_moveit/install/moveit_task_constructor_capabilities:/home/gerardo/Projects/ROS/ws_moveit/install/moveit_task_constructor_core:/home/gerardo/Projects/ROS/ws_moveit/install/moveit_ros_control_interface:/home/gerardo/Projects/ROS/ws_moveit/install/moveit_plugins:/home/gerardo/Projects/ROS/ws_moveit/install/moveit_simple_controller_manager:/home/gerardo/Projects/ROS/ws_moveit/install/moveit_setup_assistant:/home/gerardo/Projects/ROS/ws_moveit/install/moveit_setup_srdf_plugins:/home/gerardo/Projects/ROS/ws_moveit/install/moveit_setup_core_plugins:/home/gerardo/Projects/ROS/ws_moveit/install/moveit_setup_controllers:/home/gerardo/Projects/ROS/ws_moveit/install/moveit_setup_app_plugins:/home/gerardo/Projects/ROS/ws_moveit/install/moveit_setup_framework:/home/gerardo/Projects/ROS/ws_moveit/install/moveit_servo:/home/gerardo/Projects/ROS/ws_moveit/install/moveit_ros:/home/gerardo/Projects/ROS/ws_moveit/install/moveit_ros_visualization:/home/gerardo/Projects/ROS/ws_moveit/install/moveit_hybrid_planning:/home/gerardo/Projects/ROS/ws_moveit/install/moveit_ros_planning_interface:/home/gerardo/Projects/ROS/ws_moveit/install/moveit_ros_benchmarks:/home/gerardo/Projects/ROS/ws_moveit/install/moveit_ros_warehouse:/home/gerardo/Projects/ROS/ws_moveit/install/moveit_ros_robot_interaction:/home/gerardo/Projects/ROS/ws_moveit/install/moveit_ros_perception:/home/gerardo/Projects/ROS/ws_moveit/install/moveit_resources_prbt_pg70_support:/home/gerardo/Projects/ROS/ws_moveit/install/moveit_resources_prbt_moveit_config:/home/gerardo/Projects/ROS/ws_moveit/install/moveit_ros_move_group:/home/gerardo/Projects/ROS/ws_moveit/install/moveit_planners_ompl:/home/gerardo/Projects/ROS/ws_moveit/install/moveit_ros_planning:/home/gerardo/Projects/ROS/ws_moveit/install/moveit_ros_occupancy_map_monitor:/home/gerardo/Projects/ROS/ws_moveit/install/moveit_resources_prbt_ikfast_manipulator_plugin:/home/gerardo/Projects/ROS/ws_moveit/install/moveit_planners_chomp:/home/gerardo/Projects/ROS/ws_moveit/install/moveit_kinematics:/home/gerardo/Projects/ROS/ws_moveit/install/moveit_chomp_optimizer_adapter:/home/gerardo/Projects/ROS/ws_moveit/install/chomp_motion_planner:/home/gerardo/Projects/ROS/ws_moveit/install/moveit_core:/home/gerardo/Projects/ROS/ws_moveit/install/srdfdom:/home/gerardo/Projects/ROS/ws_moveit/install/rviz_marker_tools:/home/gerardo/Projects/ROS/ws_moveit/install/rosparam_shortcuts:/home/gerardo/Projects/ROS/ws_moveit/install/moveit_task_constructor_msgs:/home/gerardo/Projects/ROS/ws_moveit/install/moveit_resources_prbt_support:/home/gerardo/Projects/ROS/ws_moveit/install/moveit_resources:/home/gerardo/Projects/ROS/ws_moveit/install/moveit_resources_pr2_description:/home/gerardo/Projects/ROS/ws_moveit/install/moveit_resources_panda_moveit_config:/home/gerardo/Projects/ROS/ws_moveit/install/moveit_resources_panda_description:/home/gerardo/Projects/ROS/ws_moveit/install/moveit_resources_fanuc_moveit_config:/home/gerardo/Projects/ROS/ws_moveit/install/moveit_resources_fanuc_description:/home/gerardo/Projects/ROS/ws_moveit/install/moveit_common:/home/gerardo/Projects/Robotics/RescueRobot2025/RescueRobotTMR25/jaguar_odom/install/jaguar_odom:/home/gerardo/Projects/ROS/ws_moveit/install/moveit_configs_utils:/home/gerardo/Projects/ROS/ws_moveit/install/launch_param_builder:/opt/ros/humble LD_LIBRARY_PATH=/home/gerardo/Projects/Robotics/RescueRobot2025/RescueRobotTMR25/jaguar_odom/install/astra_camera_msgs/lib:${LD_LIBRARY_PATH} PYTHONPATH=/home/gerardo/Projects/Robotics/RescueRobot2025/RescueRobotTMR25/jaguar_odom/install/astra_camera_msgs/local/lib/python3.10/dist-packages:${PYTHONPATH} /usr/bin/cmake --install /home/gerardo/Projects/Robotics/RescueRobot2025/RescueRobotTMR25/jaguar_odom/build/astra_camera
[39.895s] Level 1:colcon.colcon_core.environment:checking '/home/gerardo/Projects/Robotics/RescueRobot2025/RescueRobotTMR25/jaguar_odom/install/astra_camera' for CMake config files
[39.895s] Level 1:colcon.colcon_core.shell:create_environment_hook('astra_camera', 'cmake_prefix_path')
[39.895s] INFO:colcon.colcon_core.shell:Creating environment hook '/home/gerardo/Projects/Robotics/RescueRobot2025/RescueRobotTMR25/jaguar_odom/install/astra_camera/share/astra_camera/hook/cmake_prefix_path.ps1'
[39.895s] INFO:colcon.colcon_core.shell:Creating environment descriptor '/home/gerardo/Projects/Robotics/RescueRobot2025/RescueRobotTMR25/jaguar_odom/install/astra_camera/share/astra_camera/hook/cmake_prefix_path.dsv'
[39.896s] INFO:colcon.colcon_core.shell:Creating environment hook '/home/gerardo/Projects/Robotics/RescueRobot2025/RescueRobotTMR25/jaguar_odom/install/astra_camera/share/astra_camera/hook/cmake_prefix_path.sh'
[39.896s] Level 1:colcon.colcon_core.environment:checking '/home/gerardo/Projects/Robotics/RescueRobot2025/RescueRobotTMR25/jaguar_odom/install/astra_camera/lib'
[39.896s] Level 1:colcon.colcon_core.shell:create_environment_hook('astra_camera', 'ld_library_path_lib')
[39.896s] INFO:colcon.colcon_core.shell:Creating environment hook '/home/gerardo/Projects/Robotics/RescueRobot2025/RescueRobotTMR25/jaguar_odom/install/astra_camera/share/astra_camera/hook/ld_library_path_lib.ps1'
[39.896s] INFO:colcon.colcon_core.shell:Creating environment descriptor '/home/gerardo/Projects/Robotics/RescueRobot2025/RescueRobotTMR25/jaguar_odom/install/astra_camera/share/astra_camera/hook/ld_library_path_lib.dsv'
[39.897s] INFO:colcon.colcon_core.shell:Creating environment hook '/home/gerardo/Projects/Robotics/RescueRobot2025/RescueRobotTMR25/jaguar_odom/install/astra_camera/share/astra_camera/hook/ld_library_path_lib.sh'
[39.897s] Level 1:colcon.colcon_core.environment:checking '/home/gerardo/Projects/Robotics/RescueRobot2025/RescueRobotTMR25/jaguar_odom/install/astra_camera/bin'
[39.897s] Level 1:colcon.colcon_core.environment:checking '/home/gerardo/Projects/Robotics/RescueRobot2025/RescueRobotTMR25/jaguar_odom/install/astra_camera/lib/pkgconfig/astra_camera.pc'
[39.897s] Level 1:colcon.colcon_core.environment:checking '/home/gerardo/Projects/Robotics/RescueRobot2025/RescueRobotTMR25/jaguar_odom/install/astra_camera/lib/python3.10/site-packages'
[39.897s] Level 1:colcon.colcon_core.environment:checking '/home/gerardo/Projects/Robotics/RescueRobot2025/RescueRobotTMR25/jaguar_odom/install/astra_camera/bin'
[39.897s] INFO:colcon.colcon_core.shell:Creating package script '/home/gerardo/Projects/Robotics/RescueRobot2025/RescueRobotTMR25/jaguar_odom/install/astra_camera/share/astra_camera/package.ps1'
[39.898s] INFO:colcon.colcon_core.shell:Creating package descriptor '/home/gerardo/Projects/Robotics/RescueRobot2025/RescueRobotTMR25/jaguar_odom/install/astra_camera/share/astra_camera/package.dsv'
[39.898s] INFO:colcon.colcon_core.shell:Creating package script '/home/gerardo/Projects/Robotics/RescueRobot2025/RescueRobotTMR25/jaguar_odom/install/astra_camera/share/astra_camera/package.sh'
[39.898s] INFO:colcon.colcon_core.shell:Creating package script '/home/gerardo/Projects/Robotics/RescueRobot2025/RescueRobotTMR25/jaguar_odom/install/astra_camera/share/astra_camera/package.bash'
[39.898s] INFO:colcon.colcon_core.shell:Creating package script '/home/gerardo/Projects/Robotics/RescueRobot2025/RescueRobotTMR25/jaguar_odom/install/astra_camera/share/astra_camera/package.zsh'
[39.899s] Level 1:colcon.colcon_core.environment:create_file_with_runtime_dependencies(/home/gerardo/Projects/Robotics/RescueRobot2025/RescueRobotTMR25/jaguar_odom/install/astra_camera/share/colcon-core/packages/astra_camera)
[39.899s] Level 1:colcon.colcon_core.environment:create_environment_scripts_only(astra_camera)
[39.899s] Level 1:colcon.colcon_core.environment:checking '/home/gerardo/Projects/Robotics/RescueRobot2025/RescueRobotTMR25/jaguar_odom/install/astra_camera' for CMake module files
[39.900s] Level 1:colcon.colcon_core.environment:checking '/home/gerardo/Projects/Robotics/RescueRobot2025/RescueRobotTMR25/jaguar_odom/install/astra_camera' for CMake config files
[39.900s] Level 1:colcon.colcon_core.shell:create_environment_hook('astra_camera', 'cmake_prefix_path')
[39.900s] INFO:colcon.colcon_core.shell:Creating environment hook '/home/gerardo/Projects/Robotics/RescueRobot2025/RescueRobotTMR25/jaguar_odom/install/astra_camera/share/astra_camera/hook/cmake_prefix_path.ps1'
[39.900s] INFO:colcon.colcon_core.shell:Creating environment descriptor '/home/gerardo/Projects/Robotics/RescueRobot2025/RescueRobotTMR25/jaguar_odom/install/astra_camera/share/astra_camera/hook/cmake_prefix_path.dsv'
[39.900s] INFO:colcon.colcon_core.shell:Creating environment hook '/home/gerardo/Projects/Robotics/RescueRobot2025/RescueRobotTMR25/jaguar_odom/install/astra_camera/share/astra_camera/hook/cmake_prefix_path.sh'
[39.900s] Level 1:colcon.colcon_core.environment:checking '/home/gerardo/Projects/Robotics/RescueRobot2025/RescueRobotTMR25/jaguar_odom/install/astra_camera/lib'
[39.900s] Level 1:colcon.colcon_core.shell:create_environment_hook('astra_camera', 'ld_library_path_lib')
[39.901s] INFO:colcon.colcon_core.shell:Creating environment hook '/home/gerardo/Projects/Robotics/RescueRobot2025/RescueRobotTMR25/jaguar_odom/install/astra_camera/share/astra_camera/hook/ld_library_path_lib.ps1'
[39.901s] INFO:colcon.colcon_core.shell:Creating environment descriptor '/home/gerardo/Projects/Robotics/RescueRobot2025/RescueRobotTMR25/jaguar_odom/install/astra_camera/share/astra_camera/hook/ld_library_path_lib.dsv'
[39.901s] INFO:colcon.colcon_core.shell:Creating environment hook '/home/gerardo/Projects/Robotics/RescueRobot2025/RescueRobotTMR25/jaguar_odom/install/astra_camera/share/astra_camera/hook/ld_library_path_lib.sh'
[39.901s] Level 1:colcon.colcon_core.environment:checking '/home/gerardo/Projects/Robotics/RescueRobot2025/RescueRobotTMR25/jaguar_odom/install/astra_camera/bin'
[39.901s] Level 1:colcon.colcon_core.environment:checking '/home/gerardo/Projects/Robotics/RescueRobot2025/RescueRobotTMR25/jaguar_odom/install/astra_camera/lib/pkgconfig/astra_camera.pc'
[39.901s] Level 1:colcon.colcon_core.environment:checking '/home/gerardo/Projects/Robotics/RescueRobot2025/RescueRobotTMR25/jaguar_odom/install/astra_camera/lib/python3.10/site-packages'
[39.901s] Level 1:colcon.colcon_core.environment:checking '/home/gerardo/Projects/Robotics/RescueRobot2025/RescueRobotTMR25/jaguar_odom/install/astra_camera/bin'
[39.902s] INFO:colcon.colcon_core.shell:Creating package script '/home/gerardo/Projects/Robotics/RescueRobot2025/RescueRobotTMR25/jaguar_odom/install/astra_camera/share/astra_camera/package.ps1'
[39.902s] INFO:colcon.colcon_core.shell:Creating package descriptor '/home/gerardo/Projects/Robotics/RescueRobot2025/RescueRobotTMR25/jaguar_odom/install/astra_camera/share/astra_camera/package.dsv'
[39.902s] INFO:colcon.colcon_core.shell:Creating package script '/home/gerardo/Projects/Robotics/RescueRobot2025/RescueRobotTMR25/jaguar_odom/install/astra_camera/share/astra_camera/package.sh'
[39.902s] INFO:colcon.colcon_core.shell:Creating package script '/home/gerardo/Projects/Robotics/RescueRobot2025/RescueRobotTMR25/jaguar_odom/install/astra_camera/share/astra_camera/package.bash'
[39.903s] INFO:colcon.colcon_core.shell:Creating package script '/home/gerardo/Projects/Robotics/RescueRobot2025/RescueRobotTMR25/jaguar_odom/install/astra_camera/share/astra_camera/package.zsh'
[39.903s] Level 1:colcon.colcon_core.environment:create_file_with_runtime_dependencies(/home/gerardo/Projects/Robotics/RescueRobot2025/RescueRobotTMR25/jaguar_odom/install/astra_camera/share/colcon-core/packages/astra_camera)
[39.903s] DEBUG:colcon.colcon_parallel_executor.executor.parallel:closing loop
[39.903s] DEBUG:colcon.colcon_parallel_executor.executor.parallel:loop closed
[39.903s] DEBUG:colcon.colcon_parallel_executor.executor.parallel:run_until_complete finished with '0'
[39.903s] DEBUG:colcon.colcon_core.event_reactor:joining thread
[39.907s] INFO:colcon.colcon_core.plugin_system:Skipping extension 'colcon_notification.desktop_notification.terminal_notifier': Not used on non-Darwin systems
[39.907s] INFO:colcon.colcon_core.plugin_system:Skipping extension 'colcon_notification.desktop_notification.win32': Not used on non-Windows systems
[39.907s] INFO:colcon.colcon_notification.desktop_notification:Sending desktop notification using 'notify2'
[39.918s] DEBUG:colcon.colcon_core.event_reactor:joined thread
[39.918s] INFO:colcon.colcon_core.shell:Creating prefix script '/home/gerardo/Projects/Robotics/RescueRobot2025/RescueRobotTMR25/jaguar_odom/install/local_setup.ps1'
[39.919s] INFO:colcon.colcon_core.shell:Creating prefix util module '/home/gerardo/Projects/Robotics/RescueRobot2025/RescueRobotTMR25/jaguar_odom/install/_local_setup_util_ps1.py'
[39.920s] INFO:colcon.colcon_core.shell:Creating prefix chain script '/home/gerardo/Projects/Robotics/RescueRobot2025/RescueRobotTMR25/jaguar_odom/install/setup.ps1'
[39.921s] INFO:colcon.colcon_core.shell:Creating prefix script '/home/gerardo/Projects/Robotics/RescueRobot2025/RescueRobotTMR25/jaguar_odom/install/local_setup.sh'
[39.922s] INFO:colcon.colcon_core.shell:Creating prefix util module '/home/gerardo/Projects/Robotics/RescueRobot2025/RescueRobotTMR25/jaguar_odom/install/_local_setup_util_sh.py'
[39.922s] INFO:colcon.colcon_core.shell:Creating prefix chain script '/home/gerardo/Projects/Robotics/RescueRobot2025/RescueRobotTMR25/jaguar_odom/install/setup.sh'
[39.923s] INFO:colcon.colcon_core.shell:Creating prefix script '/home/gerardo/Projects/Robotics/RescueRobot2025/RescueRobotTMR25/jaguar_odom/install/local_setup.bash'
[39.924s] INFO:colcon.colcon_core.shell:Creating prefix chain script '/home/gerardo/Projects/Robotics/RescueRobot2025/RescueRobotTMR25/jaguar_odom/install/setup.bash'
[39.925s] INFO:colcon.colcon_core.shell:Creating prefix script '/home/gerardo/Projects/Robotics/RescueRobot2025/RescueRobotTMR25/jaguar_odom/install/local_setup.zsh'
[39.926s] INFO:colcon.colcon_core.shell:Creating prefix chain script '/home/gerardo/Projects/Robotics/RescueRobot2025/RescueRobotTMR25/jaguar_odom/install/setup.zsh'
