[0.207s] Invoking command in '/home/gerardo/Projects/Robotics/RescueRobot2025/jaguar_odom/build/libuvc': /usr/bin/cmake --build /home/gerardo/Projects/Robotics/RescueRobot2025/jaguar_odom/build/libuvc -- -j16 -l16
[0.253s] [35m[1mConsolidate compiler generated dependencies of target uvc[0m
[0.254s] [35m[1mConsolidate compiler generated dependencies of target uvc_static[0m
[0.269s] [ 45%] Built target uvc
[0.273s] [ 90%] Built target uvc_static
[0.284s] [35m[1mConsolidate compiler generated dependencies of target example[0m
[0.298s] [100%] Built target example
[0.312s] Invoked command in '/home/gerardo/Projects/Robotics/RescueRobot2025/jaguar_odom/build/libuvc' returned '0': /usr/bin/cmake --build /home/gerardo/Projects/Robotics/RescueRobot2025/jaguar_odom/build/libuvc -- -j16 -l16
[0.322s] Invoking command in '/home/gerardo/Projects/Robotics/RescueRobot2025/jaguar_odom/build/libuvc': /usr/bin/cmake --install /home/gerardo/Projects/Robotics/RescueRobot2025/jaguar_odom/build/libuvc
[0.330s] -- Install configuration: "Release"
[0.330s] -- Up-to-date: /home/gerardo/Projects/Robotics/RescueRobot2025/jaguar_odom/install/libuvc/lib/libuvc.so.0.0.7
[0.330s] -- Up-to-date: /home/gerardo/Projects/Robotics/RescueRobot2025/jaguar_odom/install/libuvc/lib/libuvc.so.0
[0.331s] -- Up-to-date: /home/gerardo/Projects/Robotics/RescueRobot2025/jaguar_odom/install/libuvc/lib/libuvc.so
[0.331s] -- Up-to-date: /home/gerardo/Projects/Robotics/RescueRobot2025/jaguar_odom/install/libuvc/include/libuvc/libuvc.h
[0.331s] -- Up-to-date: /home/gerardo/Projects/Robotics/RescueRobot2025/jaguar_odom/install/libuvc/include/libuvc/libuvc_config.h
[0.331s] -- Up-to-date: /home/gerardo/Projects/Robotics/RescueRobot2025/jaguar_odom/install/libuvc/lib/libuvc.a
[0.331s] -- Up-to-date: /home/gerardo/Projects/Robotics/RescueRobot2025/jaguar_odom/install/libuvc/include/libuvc/libuvc.h
[0.331s] -- Up-to-date: /home/gerardo/Projects/Robotics/RescueRobot2025/jaguar_odom/install/libuvc/include/libuvc/libuvc_config.h
[0.331s] -- Up-to-date: /home/gerardo/Projects/Robotics/RescueRobot2025/jaguar_odom/install/libuvc/lib/cmake/libuvc/libuvcTargets.cmake
[0.331s] -- Up-to-date: /home/gerardo/Projects/Robotics/RescueRobot2025/jaguar_odom/install/libuvc/lib/cmake/libuvc/libuvcTargets-release.cmake
[0.331s] -- Up-to-date: /home/gerardo/Projects/Robotics/RescueRobot2025/jaguar_odom/install/libuvc/lib/cmake/libuvc/FindLibUSB.cmake
[0.331s] -- Up-to-date: /home/gerardo/Projects/Robotics/RescueRobot2025/jaguar_odom/install/libuvc/lib/cmake/libuvc/FindJpegPkg.cmake
[0.332s] -- Up-to-date: /home/gerardo/Projects/Robotics/RescueRobot2025/jaguar_odom/install/libuvc/lib/cmake/libuvc/libuvcConfigVersion.cmake
[0.332s] -- Up-to-date: /home/gerardo/Projects/Robotics/RescueRobot2025/jaguar_odom/install/libuvc/lib/pkgconfig/libuvc.pc
[0.332s] -- Up-to-date: /home/gerardo/Projects/Robotics/RescueRobot2025/jaguar_odom/install/libuvc/lib/cmake/libuvc/libuvcConfig.cmake
[0.333s] Invoked command in '/home/gerardo/Projects/Robotics/RescueRobot2025/jaguar_odom/build/libuvc' returned '0': /usr/bin/cmake --install /home/gerardo/Projects/Robotics/RescueRobot2025/jaguar_odom/build/libuvc
