[0.543s] Invoking command in '/home/gerardo/Projects/Robotics/RescueRobot2025/jaguar_odom/build/jaguar_odom': PYTHONPATH=/home/gerardo/Projects/Robotics/RescueRobot2025/jaguar_odom/build/jaguar_odom/prefix_override:/usr/lib/python3/dist-packages/colcon_core/task/python/colcon_distutils_commands:/home/gerardo/Projects/Robotics/RescueRobot2025/jaguar_odom/install/jaguar_odom/lib/python3.10/site-packages:${PYTHONPATH} /usr/bin/python3 -W ignore:setup.py install is deprecated -W ignore:easy_install command is deprecated setup.py develop --uninstall --editable --build-directory /home/gerardo/Projects/Robotics/RescueRobot2025/jaguar_odom/build/jaguar_odom/build
[0.734s] running develop
[0.873s] Removing /home/gerardo/Projects/Robotics/RescueRobot2025/jaguar_odom/install/jaguar_odom/lib/python3.10/site-packages/jaguar-odom.egg-link (link to .)
[0.891s] Invoked command in '/home/gerardo/Projects/Robotics/RescueRobot2025/jaguar_odom/build/jaguar_odom' returned '0': PYTHONPATH=/home/gerardo/Projects/Robotics/RescueRobot2025/jaguar_odom/build/jaguar_odom/prefix_override:/usr/lib/python3/dist-packages/colcon_core/task/python/colcon_distutils_commands:/home/gerardo/Projects/Robotics/RescueRobot2025/jaguar_odom/install/jaguar_odom/lib/python3.10/site-packages:${PYTHONPATH} /usr/bin/python3 -W ignore:setup.py install is deprecated -W ignore:easy_install command is deprecated setup.py develop --uninstall --editable --build-directory /home/gerardo/Projects/Robotics/RescueRobot2025/jaguar_odom/build/jaguar_odom/build
[0.893s] Invoking command in '/home/gerardo/Projects/Robotics/RescueRobot2025/jaguar_odom/src/jaguar_odom': PYTHONPATH=/home/gerardo/Projects/Robotics/RescueRobot2025/jaguar_odom/build/jaguar_odom/prefix_override:/usr/lib/python3/dist-packages/colcon_core/task/python/colcon_distutils_commands:/home/gerardo/Projects/Robotics/RescueRobot2025/jaguar_odom/install/jaguar_odom/lib/python3.10/site-packages:${PYTHONPATH} /usr/bin/python3 -W ignore:setup.py install is deprecated -W ignore:easy_install command is deprecated setup.py egg_info --egg-base ../../build/jaguar_odom build --build-base /home/gerardo/Projects/Robotics/RescueRobot2025/jaguar_odom/build/jaguar_odom/build install --record /home/gerardo/Projects/Robotics/RescueRobot2025/jaguar_odom/build/jaguar_odom/install.log --single-version-externally-managed install_data --force
[1.063s] running egg_info
[1.064s] writing ../../build/jaguar_odom/jaguar_odom.egg-info/PKG-INFO
[1.064s] writing dependency_links to ../../build/jaguar_odom/jaguar_odom.egg-info/dependency_links.txt
[1.064s] writing entry points to ../../build/jaguar_odom/jaguar_odom.egg-info/entry_points.txt
[1.064s] writing requirements to ../../build/jaguar_odom/jaguar_odom.egg-info/requires.txt
[1.064s] writing top-level names to ../../build/jaguar_odom/jaguar_odom.egg-info/top_level.txt
[1.065s] reading manifest file '../../build/jaguar_odom/jaguar_odom.egg-info/SOURCES.txt'
[1.066s] writing manifest file '../../build/jaguar_odom/jaguar_odom.egg-info/SOURCES.txt'
[1.066s] running build
[1.066s] running build_py
[1.066s] creating /home/gerardo/Projects/Robotics/RescueRobot2025/jaguar_odom/build/jaguar_odom/build
[1.066s] creating /home/gerardo/Projects/Robotics/RescueRobot2025/jaguar_odom/build/jaguar_odom/build/lib
[1.066s] creating /home/gerardo/Projects/Robotics/RescueRobot2025/jaguar_odom/build/jaguar_odom/build/lib/jaguar_odom
[1.066s] copying jaguar_odom/__init__.py -> /home/gerardo/Projects/Robotics/RescueRobot2025/jaguar_odom/build/jaguar_odom/build/lib/jaguar_odom
[1.066s] copying jaguar_odom/encoder_odom_node.py -> /home/gerardo/Projects/Robotics/RescueRobot2025/jaguar_odom/build/jaguar_odom/build/lib/jaguar_odom
[1.066s] running install
[1.068s] running install_lib
[1.068s] creating /home/gerardo/Projects/Robotics/RescueRobot2025/jaguar_odom/install/jaguar_odom/lib/python3.10/site-packages/jaguar_odom
[1.068s] copying /home/gerardo/Projects/Robotics/RescueRobot2025/jaguar_odom/build/jaguar_odom/build/lib/jaguar_odom/__init__.py -> /home/gerardo/Projects/Robotics/RescueRobot2025/jaguar_odom/install/jaguar_odom/lib/python3.10/site-packages/jaguar_odom
[1.069s] copying /home/gerardo/Projects/Robotics/RescueRobot2025/jaguar_odom/build/jaguar_odom/build/lib/jaguar_odom/encoder_odom_node.py -> /home/gerardo/Projects/Robotics/RescueRobot2025/jaguar_odom/install/jaguar_odom/lib/python3.10/site-packages/jaguar_odom
[1.069s] byte-compiling /home/gerardo/Projects/Robotics/RescueRobot2025/jaguar_odom/install/jaguar_odom/lib/python3.10/site-packages/jaguar_odom/__init__.py to __init__.cpython-310.pyc
[1.069s] byte-compiling /home/gerardo/Projects/Robotics/RescueRobot2025/jaguar_odom/install/jaguar_odom/lib/python3.10/site-packages/jaguar_odom/encoder_odom_node.py to encoder_odom_node.cpython-310.pyc
[1.070s] running install_data
[1.070s] copying resource/jaguar_odom -> /home/gerardo/Projects/Robotics/RescueRobot2025/jaguar_odom/install/jaguar_odom/share/ament_index/resource_index/packages
[1.070s] copying package.xml -> /home/gerardo/Projects/Robotics/RescueRobot2025/jaguar_odom/install/jaguar_odom/share/jaguar_odom
[1.070s] copying launch/slam.launch.py -> /home/gerardo/Projects/Robotics/RescueRobot2025/jaguar_odom/install/jaguar_odom/share/jaguar_odom/launch
[1.070s] running install_egg_info
[1.072s] Copying ../../build/jaguar_odom/jaguar_odom.egg-info to /home/gerardo/Projects/Robotics/RescueRobot2025/jaguar_odom/install/jaguar_odom/lib/python3.10/site-packages/jaguar_odom-0.0.0-py3.10.egg-info
[1.072s] running install_scripts
[1.087s] Installing encoder_odom_node script to /home/gerardo/Projects/Robotics/RescueRobot2025/jaguar_odom/install/jaguar_odom/lib/jaguar_odom
[1.087s] writing list of installed files to '/home/gerardo/Projects/Robotics/RescueRobot2025/jaguar_odom/build/jaguar_odom/install.log'
[1.101s] Invoked command in '/home/gerardo/Projects/Robotics/RescueRobot2025/jaguar_odom/src/jaguar_odom' returned '0': PYTHONPATH=/home/gerardo/Projects/Robotics/RescueRobot2025/jaguar_odom/build/jaguar_odom/prefix_override:/usr/lib/python3/dist-packages/colcon_core/task/python/colcon_distutils_commands:/home/gerardo/Projects/Robotics/RescueRobot2025/jaguar_odom/install/jaguar_odom/lib/python3.10/site-packages:${PYTHONPATH} /usr/bin/python3 -W ignore:setup.py install is deprecated -W ignore:easy_install command is deprecated setup.py egg_info --egg-base ../../build/jaguar_odom build --build-base /home/gerardo/Projects/Robotics/RescueRobot2025/jaguar_odom/build/jaguar_odom/build install --record /home/gerardo/Projects/Robotics/RescueRobot2025/jaguar_odom/build/jaguar_odom/install.log --single-version-externally-managed install_data --force
