[0.198s] Invoking command in '/home/gerardo/Projects/Robotics/RescueRobot2025/jaguar_odom/build/libuvc': /usr/bin/cmake --build /home/gerardo/Projects/Robotics/RescueRobot2025/jaguar_odom/build/libuvc -- -j16 -l16
[0.256s] [ 45%] Built target uvc
[0.261s] [ 90%] Built target uvc_static
[0.283s] [100%] Built target example
[0.299s] Invoked command in '/home/gerardo/Projects/Robotics/RescueRobot2025/jaguar_odom/build/libuvc' returned '0': /usr/bin/cmake --build /home/gerardo/Projects/Robotics/RescueRobot2025/jaguar_odom/build/libuvc -- -j16 -l16
[0.300s] Invoking command in '/home/gerardo/Projects/Robotics/RescueRobot2025/jaguar_odom/build/libuvc': /usr/bin/cmake --install /home/gerardo/Projects/Robotics/RescueRobot2025/jaguar_odom/build/libuvc
[0.307s] -- Install configuration: "Release"
[0.307s] -- Up-to-date: /home/gerardo/Projects/Robotics/RescueRobot2025/jaguar_odom/install/libuvc/lib/libuvc.so.0.0.7
[0.307s] -- Up-to-date: /home/gerardo/Projects/Robotics/RescueRobot2025/jaguar_odom/install/libuvc/lib/libuvc.so.0
[0.307s] -- Up-to-date: /home/gerardo/Projects/Robotics/RescueRobot2025/jaguar_odom/install/libuvc/lib/libuvc.so
[0.307s] -- Up-to-date: /home/gerardo/Projects/Robotics/RescueRobot2025/jaguar_odom/install/libuvc/include/libuvc/libuvc.h
[0.307s] -- Up-to-date: /home/gerardo/Projects/Robotics/RescueRobot2025/jaguar_odom/install/libuvc/include/libuvc/libuvc_config.h
[0.307s] -- Up-to-date: /home/gerardo/Projects/Robotics/RescueRobot2025/jaguar_odom/install/libuvc/lib/libuvc.a
[0.308s] -- Up-to-date: /home/gerardo/Projects/Robotics/RescueRobot2025/jaguar_odom/install/libuvc/include/libuvc/libuvc.h
[0.308s] -- Up-to-date: /home/gerardo/Projects/Robotics/RescueRobot2025/jaguar_odom/install/libuvc/include/libuvc/libuvc_config.h
[0.308s] -- Up-to-date: /home/gerardo/Projects/Robotics/RescueRobot2025/jaguar_odom/install/libuvc/lib/cmake/libuvc/libuvcTargets.cmake
[0.308s] -- Up-to-date: /home/gerardo/Projects/Robotics/RescueRobot2025/jaguar_odom/install/libuvc/lib/cmake/libuvc/libuvcTargets-release.cmake
[0.308s] -- Up-to-date: /home/gerardo/Projects/Robotics/RescueRobot2025/jaguar_odom/install/libuvc/lib/cmake/libuvc/FindLibUSB.cmake
[0.308s] -- Up-to-date: /home/gerardo/Projects/Robotics/RescueRobot2025/jaguar_odom/install/libuvc/lib/cmake/libuvc/FindJpegPkg.cmake
[0.308s] -- Up-to-date: /home/gerardo/Projects/Robotics/RescueRobot2025/jaguar_odom/install/libuvc/lib/cmake/libuvc/libuvcConfigVersion.cmake
[0.308s] -- Up-to-date: /home/gerardo/Projects/Robotics/RescueRobot2025/jaguar_odom/install/libuvc/lib/pkgconfig/libuvc.pc
[0.308s] -- Up-to-date: /home/gerardo/Projects/Robotics/RescueRobot2025/jaguar_odom/install/libuvc/lib/cmake/libuvc/libuvcConfig.cmake
[0.309s] Invoked command in '/home/gerardo/Projects/Robotics/RescueRobot2025/jaguar_odom/build/libuvc' returned '0': /usr/bin/cmake --install /home/gerardo/Projects/Robotics/RescueRobot2025/jaguar_odom/build/libuvc
