[0.021s] Invoking command in '/home/gerardo/Projects/Robotics/RescueRobot2025/RescueRobotTMR25/jaguar_odom/build/astra_camera_msgs': CMAKE_PREFIX_PATH=${CMAKE_PREFIX_PATH}:/home/gerardo/Projects/Robotics/RescueRobot2025/RescueRobotTMR25/jaguar_odom/install/jaguar_odom:/home/gerardo/Projects/ROS/ws_moveit/install/moveit_configs_utils:/home/gerardo/Projects/ROS/ws_moveit/install/launch_param_builder:/opt/ros/humble /usr/bin/cmake --build /home/gerardo/Projects/Robotics/RescueRobot2025/RescueRobotTMR25/jaguar_odom/build/astra_camera_msgs -- -j16 -l16
[0.233s] [ 11%] Built target astra_camera_msgs__rosidl_generator_c
[0.234s] [ 12%] Built target astra_camera_msgs__cpp
[0.234s] [ 12%] Built target ament_cmake_python_copy_astra_camera_msgs
[0.234s] [ 24%] Built target astra_camera_msgs__rosidl_typesupport_c
[0.234s] [ 35%] Built target astra_camera_msgs__rosidl_typesupport_introspection_c
[0.234s] [ 47%] Built target astra_camera_msgs__rosidl_typesupport_cpp
[0.234s] [ 58%] Built target astra_camera_msgs__rosidl_typesupport_fastrtps_c
[0.235s] [ 70%] Built target astra_camera_msgs__rosidl_typesupport_introspection_cpp
[0.235s] [ 82%] Built target astra_camera_msgs__rosidl_typesupport_fastrtps_cpp
[0.235s] [ 82%] Built target astra_camera_msgs
[0.235s] [ 83%] Built target astra_camera_msgs__py
[0.236s] [ 93%] Built target astra_camera_msgs__rosidl_generator_py
[0.239s] [ 95%] Built target astra_camera_msgs__rosidl_typesupport_c__pyext
[0.242s] [ 97%] Built target astra_camera_msgs__rosidl_typesupport_introspection_c__pyext
[0.243s] [100%] Built target astra_camera_msgs__rosidl_typesupport_fastrtps_c__pyext
[0.299s] running egg_info
[0.299s] writing astra_camera_msgs.egg-info/PKG-INFO
[0.299s] writing dependency_links to astra_camera_msgs.egg-info/dependency_links.txt
[0.300s] writing top-level names to astra_camera_msgs.egg-info/top_level.txt
[0.301s] reading manifest file 'astra_camera_msgs.egg-info/SOURCES.txt'
[0.302s] writing manifest file 'astra_camera_msgs.egg-info/SOURCES.txt'
[0.325s] [100%] Built target ament_cmake_python_build_astra_camera_msgs_egg
[0.336s] Invoked command in '/home/gerardo/Projects/Robotics/RescueRobot2025/RescueRobotTMR25/jaguar_odom/build/astra_camera_msgs' returned '0': CMAKE_PREFIX_PATH=${CMAKE_PREFIX_PATH}:/home/gerardo/Projects/Robotics/RescueRobot2025/RescueRobotTMR25/jaguar_odom/install/jaguar_odom:/home/gerardo/Projects/ROS/ws_moveit/install/moveit_configs_utils:/home/gerardo/Projects/ROS/ws_moveit/install/launch_param_builder:/opt/ros/humble /usr/bin/cmake --build /home/gerardo/Projects/Robotics/RescueRobot2025/RescueRobotTMR25/jaguar_odom/build/astra_camera_msgs -- -j16 -l16
[0.338s] Invoking command in '/home/gerardo/Projects/Robotics/RescueRobot2025/RescueRobotTMR25/jaguar_odom/build/astra_camera_msgs': CMAKE_PREFIX_PATH=${CMAKE_PREFIX_PATH}:/home/gerardo/Projects/Robotics/RescueRobot2025/RescueRobotTMR25/jaguar_odom/install/jaguar_odom:/home/gerardo/Projects/ROS/ws_moveit/install/moveit_configs_utils:/home/gerardo/Projects/ROS/ws_moveit/install/launch_param_builder:/opt/ros/humble /usr/bin/cmake --install /home/gerardo/Projects/Robotics/RescueRobot2025/RescueRobotTMR25/jaguar_odom/build/astra_camera_msgs
[0.346s] -- Install configuration: "Release"
[0.346s] -- Up-to-date: /home/gerardo/Projects/Robotics/RescueRobot2025/RescueRobotTMR25/jaguar_odom/install/astra_camera_msgs/share/ament_index/resource_index/rosidl_interfaces/astra_camera_msgs
[0.346s] -- Up-to-date: /home/gerardo/Projects/Robotics/RescueRobot2025/RescueRobotTMR25/jaguar_odom/install/astra_camera_msgs/include/astra_camera_msgs/astra_camera_msgs
[0.346s] -- Up-to-date: /home/gerardo/Projects/Robotics/RescueRobot2025/RescueRobotTMR25/jaguar_odom/install/astra_camera_msgs/include/astra_camera_msgs/astra_camera_msgs/msg
[0.347s] -- Up-to-date: /home/gerardo/Projects/Robotics/RescueRobot2025/RescueRobotTMR25/jaguar_odom/install/astra_camera_msgs/include/astra_camera_msgs/astra_camera_msgs/msg/rosidl_generator_c__visibility_control.h
[0.347s] -- Up-to-date: /home/gerardo/Projects/Robotics/RescueRobot2025/RescueRobotTMR25/jaguar_odom/install/astra_camera_msgs/include/astra_camera_msgs/astra_camera_msgs/msg/extrinsics.h
[0.347s] -- Up-to-date: /home/gerardo/Projects/Robotics/RescueRobot2025/RescueRobotTMR25/jaguar_odom/install/astra_camera_msgs/include/astra_camera_msgs/astra_camera_msgs/msg/detail
[0.347s] -- Up-to-date: /home/gerardo/Projects/Robotics/RescueRobot2025/RescueRobotTMR25/jaguar_odom/install/astra_camera_msgs/include/astra_camera_msgs/astra_camera_msgs/msg/detail/metadata__functions.c
[0.347s] -- Up-to-date: /home/gerardo/Projects/Robotics/RescueRobot2025/RescueRobotTMR25/jaguar_odom/install/astra_camera_msgs/include/astra_camera_msgs/astra_camera_msgs/msg/detail/extrinsics__type_support.h
[0.347s] -- Up-to-date: /home/gerardo/Projects/Robotics/RescueRobot2025/RescueRobotTMR25/jaguar_odom/install/astra_camera_msgs/include/astra_camera_msgs/astra_camera_msgs/msg/detail/extrinsics__struct.h
[0.347s] -- Up-to-date: /home/gerardo/Projects/Robotics/RescueRobot2025/RescueRobotTMR25/jaguar_odom/install/astra_camera_msgs/include/astra_camera_msgs/astra_camera_msgs/msg/detail/extrinsics__functions.h
[0.347s] -- Up-to-date: /home/gerardo/Projects/Robotics/RescueRobot2025/RescueRobotTMR25/jaguar_odom/install/astra_camera_msgs/include/astra_camera_msgs/astra_camera_msgs/msg/detail/device_info__functions.h
[0.347s] -- Up-to-date: /home/gerardo/Projects/Robotics/RescueRobot2025/RescueRobotTMR25/jaguar_odom/install/astra_camera_msgs/include/astra_camera_msgs/astra_camera_msgs/msg/detail/device_info__type_support.h
[0.347s] -- Up-to-date: /home/gerardo/Projects/Robotics/RescueRobot2025/RescueRobotTMR25/jaguar_odom/install/astra_camera_msgs/include/astra_camera_msgs/astra_camera_msgs/msg/detail/extrinsics__functions.c
[0.347s] -- Up-to-date: /home/gerardo/Projects/Robotics/RescueRobot2025/RescueRobotTMR25/jaguar_odom/install/astra_camera_msgs/include/astra_camera_msgs/astra_camera_msgs/msg/detail/device_info__functions.c
[0.347s] -- Up-to-date: /home/gerardo/Projects/Robotics/RescueRobot2025/RescueRobotTMR25/jaguar_odom/install/astra_camera_msgs/include/astra_camera_msgs/astra_camera_msgs/msg/detail/metadata__type_support.h
[0.347s] -- Up-to-date: /home/gerardo/Projects/Robotics/RescueRobot2025/RescueRobotTMR25/jaguar_odom/install/astra_camera_msgs/include/astra_camera_msgs/astra_camera_msgs/msg/detail/metadata__functions.h
[0.347s] -- Up-to-date: /home/gerardo/Projects/Robotics/RescueRobot2025/RescueRobotTMR25/jaguar_odom/install/astra_camera_msgs/include/astra_camera_msgs/astra_camera_msgs/msg/detail/metadata__struct.h
[0.347s] -- Up-to-date: /home/gerardo/Projects/Robotics/RescueRobot2025/RescueRobotTMR25/jaguar_odom/install/astra_camera_msgs/include/astra_camera_msgs/astra_camera_msgs/msg/detail/device_info__struct.h
[0.347s] -- Up-to-date: /home/gerardo/Projects/Robotics/RescueRobot2025/RescueRobotTMR25/jaguar_odom/install/astra_camera_msgs/include/astra_camera_msgs/astra_camera_msgs/msg/device_info.h
[0.347s] -- Up-to-date: /home/gerardo/Projects/Robotics/RescueRobot2025/RescueRobotTMR25/jaguar_odom/install/astra_camera_msgs/include/astra_camera_msgs/astra_camera_msgs/msg/metadata.h
[0.348s] -- Up-to-date: /home/gerardo/Projects/Robotics/RescueRobot2025/RescueRobotTMR25/jaguar_odom/install/astra_camera_msgs/include/astra_camera_msgs/astra_camera_msgs/srv
[0.348s] -- Up-to-date: /home/gerardo/Projects/Robotics/RescueRobot2025/RescueRobotTMR25/jaguar_odom/install/astra_camera_msgs/include/astra_camera_msgs/astra_camera_msgs/srv/get_camera_params.h
[0.348s] -- Up-to-date: /home/gerardo/Projects/Robotics/RescueRobot2025/RescueRobotTMR25/jaguar_odom/install/astra_camera_msgs/include/astra_camera_msgs/astra_camera_msgs/srv/get_int32.h
[0.348s] -- Up-to-date: /home/gerardo/Projects/Robotics/RescueRobot2025/RescueRobotTMR25/jaguar_odom/install/astra_camera_msgs/include/astra_camera_msgs/astra_camera_msgs/srv/detail
[0.348s] -- Up-to-date: /home/gerardo/Projects/Robotics/RescueRobot2025/RescueRobotTMR25/jaguar_odom/install/astra_camera_msgs/include/astra_camera_msgs/astra_camera_msgs/srv/detail/get_device_info__struct.h
[0.348s] -- Up-to-date: /home/gerardo/Projects/Robotics/RescueRobot2025/RescueRobotTMR25/jaguar_odom/install/astra_camera_msgs/include/astra_camera_msgs/astra_camera_msgs/srv/detail/get_camera_info__functions.c
[0.348s] -- Up-to-date: /home/gerardo/Projects/Robotics/RescueRobot2025/RescueRobotTMR25/jaguar_odom/install/astra_camera_msgs/include/astra_camera_msgs/astra_camera_msgs/srv/detail/get_int32__functions.c
[0.348s] -- Up-to-date: /home/gerardo/Projects/Robotics/RescueRobot2025/RescueRobotTMR25/jaguar_odom/install/astra_camera_msgs/include/astra_camera_msgs/astra_camera_msgs/srv/detail/set_int32__functions.c
[0.348s] -- Up-to-date: /home/gerardo/Projects/Robotics/RescueRobot2025/RescueRobotTMR25/jaguar_odom/install/astra_camera_msgs/include/astra_camera_msgs/astra_camera_msgs/srv/detail/get_device_info__type_support.h
[0.348s] -- Up-to-date: /home/gerardo/Projects/Robotics/RescueRobot2025/RescueRobotTMR25/jaguar_odom/install/astra_camera_msgs/include/astra_camera_msgs/astra_camera_msgs/srv/detail/get_int32__functions.h
[0.348s] -- Up-to-date: /home/gerardo/Projects/Robotics/RescueRobot2025/RescueRobotTMR25/jaguar_odom/install/astra_camera_msgs/include/astra_camera_msgs/astra_camera_msgs/srv/detail/get_camera_params__struct.h
[0.348s] -- Up-to-date: /home/gerardo/Projects/Robotics/RescueRobot2025/RescueRobotTMR25/jaguar_odom/install/astra_camera_msgs/include/astra_camera_msgs/astra_camera_msgs/srv/detail/set_int32__struct.h
[0.348s] -- Up-to-date: /home/gerardo/Projects/Robotics/RescueRobot2025/RescueRobotTMR25/jaguar_odom/install/astra_camera_msgs/include/astra_camera_msgs/astra_camera_msgs/srv/detail/get_camera_params__functions.h
[0.348s] -- Up-to-date: /home/gerardo/Projects/Robotics/RescueRobot2025/RescueRobotTMR25/jaguar_odom/install/astra_camera_msgs/include/astra_camera_msgs/astra_camera_msgs/srv/detail/get_camera_info__functions.h
[0.348s] -- Up-to-date: /home/gerardo/Projects/Robotics/RescueRobot2025/RescueRobotTMR25/jaguar_odom/install/astra_camera_msgs/include/astra_camera_msgs/astra_camera_msgs/srv/detail/get_int32__struct.h
[0.348s] -- Up-to-date: /home/gerardo/Projects/Robotics/RescueRobot2025/RescueRobotTMR25/jaguar_odom/install/astra_camera_msgs/include/astra_camera_msgs/astra_camera_msgs/srv/detail/set_int32__type_support.h
[0.349s] -- Up-to-date: /home/gerardo/Projects/Robotics/RescueRobot2025/RescueRobotTMR25/jaguar_odom/install/astra_camera_msgs/include/astra_camera_msgs/astra_camera_msgs/srv/detail/get_string__functions.c
[0.349s] -- Up-to-date: /home/gerardo/Projects/Robotics/RescueRobot2025/RescueRobotTMR25/jaguar_odom/install/astra_camera_msgs/include/astra_camera_msgs/astra_camera_msgs/srv/detail/get_int32__type_support.h
[0.349s] -- Up-to-date: /home/gerardo/Projects/Robotics/RescueRobot2025/RescueRobotTMR25/jaguar_odom/install/astra_camera_msgs/include/astra_camera_msgs/astra_camera_msgs/srv/detail/get_string__functions.h
[0.349s] -- Up-to-date: /home/gerardo/Projects/Robotics/RescueRobot2025/RescueRobotTMR25/jaguar_odom/install/astra_camera_msgs/include/astra_camera_msgs/astra_camera_msgs/srv/detail/set_int32__functions.h
[0.349s] -- Up-to-date: /home/gerardo/Projects/Robotics/RescueRobot2025/RescueRobotTMR25/jaguar_odom/install/astra_camera_msgs/include/astra_camera_msgs/astra_camera_msgs/srv/detail/get_camera_info__struct.h
[0.349s] -- Up-to-date: /home/gerardo/Projects/Robotics/RescueRobot2025/RescueRobotTMR25/jaguar_odom/install/astra_camera_msgs/include/astra_camera_msgs/astra_camera_msgs/srv/detail/get_string__type_support.h
[0.349s] -- Up-to-date: /home/gerardo/Projects/Robotics/RescueRobot2025/RescueRobotTMR25/jaguar_odom/install/astra_camera_msgs/include/astra_camera_msgs/astra_camera_msgs/srv/detail/get_device_info__functions.c
[0.349s] -- Up-to-date: /home/gerardo/Projects/Robotics/RescueRobot2025/RescueRobotTMR25/jaguar_odom/install/astra_camera_msgs/include/astra_camera_msgs/astra_camera_msgs/srv/detail/get_device_info__functions.h
[0.349s] -- Up-to-date: /home/gerardo/Projects/Robotics/RescueRobot2025/RescueRobotTMR25/jaguar_odom/install/astra_camera_msgs/include/astra_camera_msgs/astra_camera_msgs/srv/detail/get_string__struct.h
[0.349s] -- Up-to-date: /home/gerardo/Projects/Robotics/RescueRobot2025/RescueRobotTMR25/jaguar_odom/install/astra_camera_msgs/include/astra_camera_msgs/astra_camera_msgs/srv/detail/get_camera_params__functions.c
[0.349s] -- Up-to-date: /home/gerardo/Projects/Robotics/RescueRobot2025/RescueRobotTMR25/jaguar_odom/install/astra_camera_msgs/include/astra_camera_msgs/astra_camera_msgs/srv/detail/get_camera_info__type_support.h
[0.349s] -- Up-to-date: /home/gerardo/Projects/Robotics/RescueRobot2025/RescueRobotTMR25/jaguar_odom/install/astra_camera_msgs/include/astra_camera_msgs/astra_camera_msgs/srv/detail/get_camera_params__type_support.h
[0.349s] -- Up-to-date: /home/gerardo/Projects/Robotics/RescueRobot2025/RescueRobotTMR25/jaguar_odom/install/astra_camera_msgs/include/astra_camera_msgs/astra_camera_msgs/srv/set_int32.h
[0.349s] -- Up-to-date: /home/gerardo/Projects/Robotics/RescueRobot2025/RescueRobotTMR25/jaguar_odom/install/astra_camera_msgs/include/astra_camera_msgs/astra_camera_msgs/srv/get_device_info.h
[0.349s] -- Up-to-date: /home/gerardo/Projects/Robotics/RescueRobot2025/RescueRobotTMR25/jaguar_odom/install/astra_camera_msgs/include/astra_camera_msgs/astra_camera_msgs/srv/get_string.h
[0.349s] -- Up-to-date: /home/gerardo/Projects/Robotics/RescueRobot2025/RescueRobotTMR25/jaguar_odom/install/astra_camera_msgs/include/astra_camera_msgs/astra_camera_msgs/srv/get_camera_info.h
[0.349s] -- Up-to-date: /home/gerardo/Projects/Robotics/RescueRobot2025/RescueRobotTMR25/jaguar_odom/install/astra_camera_msgs/share/astra_camera_msgs/environment/library_path.sh
[0.350s] -- Up-to-date: /home/gerardo/Projects/Robotics/RescueRobot2025/RescueRobotTMR25/jaguar_odom/install/astra_camera_msgs/share/astra_camera_msgs/environment/library_path.dsv
[0.350s] -- Up-to-date: /home/gerardo/Projects/Robotics/RescueRobot2025/RescueRobotTMR25/jaguar_odom/install/astra_camera_msgs/lib/libastra_camera_msgs__rosidl_generator_c.so
[0.350s] -- Up-to-date: /home/gerardo/Projects/Robotics/RescueRobot2025/RescueRobotTMR25/jaguar_odom/install/astra_camera_msgs/include/astra_camera_msgs/astra_camera_msgs
[0.350s] -- Up-to-date: /home/gerardo/Projects/Robotics/RescueRobot2025/RescueRobotTMR25/jaguar_odom/install/astra_camera_msgs/include/astra_camera_msgs/astra_camera_msgs/msg
[0.350s] -- Up-to-date: /home/gerardo/Projects/Robotics/RescueRobot2025/RescueRobotTMR25/jaguar_odom/install/astra_camera_msgs/include/astra_camera_msgs/astra_camera_msgs/msg/detail
[0.350s] -- Up-to-date: /home/gerardo/Projects/Robotics/RescueRobot2025/RescueRobotTMR25/jaguar_odom/install/astra_camera_msgs/include/astra_camera_msgs/astra_camera_msgs/msg/detail/device_info__rosidl_typesupport_fastrtps_c.h
[0.350s] -- Up-to-date: /home/gerardo/Projects/Robotics/RescueRobot2025/RescueRobotTMR25/jaguar_odom/install/astra_camera_msgs/include/astra_camera_msgs/astra_camera_msgs/msg/detail/metadata__rosidl_typesupport_fastrtps_c.h
[0.350s] -- Up-to-date: /home/gerardo/Projects/Robotics/RescueRobot2025/RescueRobotTMR25/jaguar_odom/install/astra_camera_msgs/include/astra_camera_msgs/astra_camera_msgs/msg/detail/extrinsics__rosidl_typesupport_fastrtps_c.h
[0.350s] -- Up-to-date: /home/gerardo/Projects/Robotics/RescueRobot2025/RescueRobotTMR25/jaguar_odom/install/astra_camera_msgs/include/astra_camera_msgs/astra_camera_msgs/msg/rosidl_typesupport_fastrtps_c__visibility_control.h
[0.350s] -- Up-to-date: /home/gerardo/Projects/Robotics/RescueRobot2025/RescueRobotTMR25/jaguar_odom/install/astra_camera_msgs/include/astra_camera_msgs/astra_camera_msgs/srv
[0.350s] -- Up-to-date: /home/gerardo/Projects/Robotics/RescueRobot2025/RescueRobotTMR25/jaguar_odom/install/astra_camera_msgs/include/astra_camera_msgs/astra_camera_msgs/srv/detail
[0.350s] -- Up-to-date: /home/gerardo/Projects/Robotics/RescueRobot2025/RescueRobotTMR25/jaguar_odom/install/astra_camera_msgs/include/astra_camera_msgs/astra_camera_msgs/srv/detail/get_camera_info__rosidl_typesupport_fastrtps_c.h
[0.350s] -- Up-to-date: /home/gerardo/Projects/Robotics/RescueRobot2025/RescueRobotTMR25/jaguar_odom/install/astra_camera_msgs/include/astra_camera_msgs/astra_camera_msgs/srv/detail/get_camera_params__rosidl_typesupport_fastrtps_c.h
[0.350s] -- Up-to-date: /home/gerardo/Projects/Robotics/RescueRobot2025/RescueRobotTMR25/jaguar_odom/install/astra_camera_msgs/include/astra_camera_msgs/astra_camera_msgs/srv/detail/get_device_info__rosidl_typesupport_fastrtps_c.h
[0.350s] -- Up-to-date: /home/gerardo/Projects/Robotics/RescueRobot2025/RescueRobotTMR25/jaguar_odom/install/astra_camera_msgs/include/astra_camera_msgs/astra_camera_msgs/srv/detail/set_int32__rosidl_typesupport_fastrtps_c.h
[0.350s] -- Up-to-date: /home/gerardo/Projects/Robotics/RescueRobot2025/RescueRobotTMR25/jaguar_odom/install/astra_camera_msgs/include/astra_camera_msgs/astra_camera_msgs/srv/detail/get_string__rosidl_typesupport_fastrtps_c.h
[0.351s] -- Up-to-date: /home/gerardo/Projects/Robotics/RescueRobot2025/RescueRobotTMR25/jaguar_odom/install/astra_camera_msgs/include/astra_camera_msgs/astra_camera_msgs/srv/detail/get_int32__rosidl_typesupport_fastrtps_c.h
[0.351s] -- Up-to-date: /home/gerardo/Projects/Robotics/RescueRobot2025/RescueRobotTMR25/jaguar_odom/install/astra_camera_msgs/lib/libastra_camera_msgs__rosidl_typesupport_fastrtps_c.so
[0.351s] -- Up-to-date: /home/gerardo/Projects/Robotics/RescueRobot2025/RescueRobotTMR25/jaguar_odom/install/astra_camera_msgs/include/astra_camera_msgs/astra_camera_msgs
[0.351s] -- Up-to-date: /home/gerardo/Projects/Robotics/RescueRobot2025/RescueRobotTMR25/jaguar_odom/install/astra_camera_msgs/include/astra_camera_msgs/astra_camera_msgs/msg
[0.351s] -- Up-to-date: /home/gerardo/Projects/Robotics/RescueRobot2025/RescueRobotTMR25/jaguar_odom/install/astra_camera_msgs/include/astra_camera_msgs/astra_camera_msgs/msg/detail
[0.351s] -- Up-to-date: /home/gerardo/Projects/Robotics/RescueRobot2025/RescueRobotTMR25/jaguar_odom/install/astra_camera_msgs/include/astra_camera_msgs/astra_camera_msgs/msg/detail/metadata__type_support.c
[0.351s] -- Up-to-date: /home/gerardo/Projects/Robotics/RescueRobot2025/RescueRobotTMR25/jaguar_odom/install/astra_camera_msgs/include/astra_camera_msgs/astra_camera_msgs/msg/detail/metadata__rosidl_typesupport_introspection_c.h
[0.351s] -- Up-to-date: /home/gerardo/Projects/Robotics/RescueRobot2025/RescueRobotTMR25/jaguar_odom/install/astra_camera_msgs/include/astra_camera_msgs/astra_camera_msgs/msg/detail/extrinsics__rosidl_typesupport_introspection_c.h
[0.351s] -- Up-to-date: /home/gerardo/Projects/Robotics/RescueRobot2025/RescueRobotTMR25/jaguar_odom/install/astra_camera_msgs/include/astra_camera_msgs/astra_camera_msgs/msg/detail/extrinsics__type_support.c
[0.351s] -- Up-to-date: /home/gerardo/Projects/Robotics/RescueRobot2025/RescueRobotTMR25/jaguar_odom/install/astra_camera_msgs/include/astra_camera_msgs/astra_camera_msgs/msg/detail/device_info__type_support.c
[0.351s] -- Up-to-date: /home/gerardo/Projects/Robotics/RescueRobot2025/RescueRobotTMR25/jaguar_odom/install/astra_camera_msgs/include/astra_camera_msgs/astra_camera_msgs/msg/detail/device_info__rosidl_typesupport_introspection_c.h
[0.351s] -- Up-to-date: /home/gerardo/Projects/Robotics/RescueRobot2025/RescueRobotTMR25/jaguar_odom/install/astra_camera_msgs/include/astra_camera_msgs/astra_camera_msgs/msg/rosidl_typesupport_introspection_c__visibility_control.h
[0.351s] -- Up-to-date: /home/gerardo/Projects/Robotics/RescueRobot2025/RescueRobotTMR25/jaguar_odom/install/astra_camera_msgs/include/astra_camera_msgs/astra_camera_msgs/srv
[0.351s] -- Up-to-date: /home/gerardo/Projects/Robotics/RescueRobot2025/RescueRobotTMR25/jaguar_odom/install/astra_camera_msgs/include/astra_camera_msgs/astra_camera_msgs/srv/detail
[0.351s] -- Up-to-date: /home/gerardo/Projects/Robotics/RescueRobot2025/RescueRobotTMR25/jaguar_odom/install/astra_camera_msgs/include/astra_camera_msgs/astra_camera_msgs/srv/detail/get_camera_info__type_support.c
[0.351s] -- Up-to-date: /home/gerardo/Projects/Robotics/RescueRobot2025/RescueRobotTMR25/jaguar_odom/install/astra_camera_msgs/include/astra_camera_msgs/astra_camera_msgs/srv/detail/get_camera_info__rosidl_typesupport_introspection_c.h
[0.351s] -- Up-to-date: /home/gerardo/Projects/Robotics/RescueRobot2025/RescueRobotTMR25/jaguar_odom/install/astra_camera_msgs/include/astra_camera_msgs/astra_camera_msgs/srv/detail/get_camera_params__type_support.c
[0.351s] -- Up-to-date: /home/gerardo/Projects/Robotics/RescueRobot2025/RescueRobotTMR25/jaguar_odom/install/astra_camera_msgs/include/astra_camera_msgs/astra_camera_msgs/srv/detail/get_string__rosidl_typesupport_introspection_c.h
[0.351s] -- Up-to-date: /home/gerardo/Projects/Robotics/RescueRobot2025/RescueRobotTMR25/jaguar_odom/install/astra_camera_msgs/include/astra_camera_msgs/astra_camera_msgs/srv/detail/set_int32__rosidl_typesupport_introspection_c.h
[0.351s] -- Up-to-date: /home/gerardo/Projects/Robotics/RescueRobot2025/RescueRobotTMR25/jaguar_odom/install/astra_camera_msgs/include/astra_camera_msgs/astra_camera_msgs/srv/detail/get_int32__rosidl_typesupport_introspection_c.h
[0.352s] -- Up-to-date: /home/gerardo/Projects/Robotics/RescueRobot2025/RescueRobotTMR25/jaguar_odom/install/astra_camera_msgs/include/astra_camera_msgs/astra_camera_msgs/srv/detail/get_device_info__type_support.c
[0.352s] -- Up-to-date: /home/gerardo/Projects/Robotics/RescueRobot2025/RescueRobotTMR25/jaguar_odom/install/astra_camera_msgs/include/astra_camera_msgs/astra_camera_msgs/srv/detail/get_int32__type_support.c
[0.352s] -- Up-to-date: /home/gerardo/Projects/Robotics/RescueRobot2025/RescueRobotTMR25/jaguar_odom/install/astra_camera_msgs/include/astra_camera_msgs/astra_camera_msgs/srv/detail/set_int32__type_support.c
[0.352s] -- Up-to-date: /home/gerardo/Projects/Robotics/RescueRobot2025/RescueRobotTMR25/jaguar_odom/install/astra_camera_msgs/include/astra_camera_msgs/astra_camera_msgs/srv/detail/get_camera_params__rosidl_typesupport_introspection_c.h
[0.352s] -- Up-to-date: /home/gerardo/Projects/Robotics/RescueRobot2025/RescueRobotTMR25/jaguar_odom/install/astra_camera_msgs/include/astra_camera_msgs/astra_camera_msgs/srv/detail/get_string__type_support.c
[0.352s] -- Up-to-date: /home/gerardo/Projects/Robotics/RescueRobot2025/RescueRobotTMR25/jaguar_odom/install/astra_camera_msgs/include/astra_camera_msgs/astra_camera_msgs/srv/detail/get_device_info__rosidl_typesupport_introspection_c.h
[0.352s] -- Up-to-date: /home/gerardo/Projects/Robotics/RescueRobot2025/RescueRobotTMR25/jaguar_odom/install/astra_camera_msgs/lib/libastra_camera_msgs__rosidl_typesupport_introspection_c.so
[0.352s] -- Up-to-date: /home/gerardo/Projects/Robotics/RescueRobot2025/RescueRobotTMR25/jaguar_odom/install/astra_camera_msgs/lib/libastra_camera_msgs__rosidl_typesupport_c.so
[0.352s] -- Up-to-date: /home/gerardo/Projects/Robotics/RescueRobot2025/RescueRobotTMR25/jaguar_odom/install/astra_camera_msgs/include/astra_camera_msgs/astra_camera_msgs
[0.352s] -- Up-to-date: /home/gerardo/Projects/Robotics/RescueRobot2025/RescueRobotTMR25/jaguar_odom/install/astra_camera_msgs/include/astra_camera_msgs/astra_camera_msgs/msg
[0.352s] -- Up-to-date: /home/gerardo/Projects/Robotics/RescueRobot2025/RescueRobotTMR25/jaguar_odom/install/astra_camera_msgs/include/astra_camera_msgs/astra_camera_msgs/msg/device_info.hpp
[0.352s] -- Up-to-date: /home/gerardo/Projects/Robotics/RescueRobot2025/RescueRobotTMR25/jaguar_odom/install/astra_camera_msgs/include/astra_camera_msgs/astra_camera_msgs/msg/rosidl_generator_cpp__visibility_control.hpp
[0.352s] -- Up-to-date: /home/gerardo/Projects/Robotics/RescueRobot2025/RescueRobotTMR25/jaguar_odom/install/astra_camera_msgs/include/astra_camera_msgs/astra_camera_msgs/msg/detail
[0.352s] -- Up-to-date: /home/gerardo/Projects/Robotics/RescueRobot2025/RescueRobotTMR25/jaguar_odom/install/astra_camera_msgs/include/astra_camera_msgs/astra_camera_msgs/msg/detail/metadata__builder.hpp
[0.352s] -- Up-to-date: /home/gerardo/Projects/Robotics/RescueRobot2025/RescueRobotTMR25/jaguar_odom/install/astra_camera_msgs/include/astra_camera_msgs/astra_camera_msgs/msg/detail/metadata__type_support.hpp
[0.352s] -- Up-to-date: /home/gerardo/Projects/Robotics/RescueRobot2025/RescueRobotTMR25/jaguar_odom/install/astra_camera_msgs/include/astra_camera_msgs/astra_camera_msgs/msg/detail/device_info__struct.hpp
[0.352s] -- Up-to-date: /home/gerardo/Projects/Robotics/RescueRobot2025/RescueRobotTMR25/jaguar_odom/install/astra_camera_msgs/include/astra_camera_msgs/astra_camera_msgs/msg/detail/extrinsics__type_support.hpp
[0.352s] -- Up-to-date: /home/gerardo/Projects/Robotics/RescueRobot2025/RescueRobotTMR25/jaguar_odom/install/astra_camera_msgs/include/astra_camera_msgs/astra_camera_msgs/msg/detail/device_info__builder.hpp
[0.352s] -- Up-to-date: /home/gerardo/Projects/Robotics/RescueRobot2025/RescueRobotTMR25/jaguar_odom/install/astra_camera_msgs/include/astra_camera_msgs/astra_camera_msgs/msg/detail/device_info__traits.hpp
[0.352s] -- Up-to-date: /home/gerardo/Projects/Robotics/RescueRobot2025/RescueRobotTMR25/jaguar_odom/install/astra_camera_msgs/include/astra_camera_msgs/astra_camera_msgs/msg/detail/extrinsics__builder.hpp
[0.352s] -- Up-to-date: /home/gerardo/Projects/Robotics/RescueRobot2025/RescueRobotTMR25/jaguar_odom/install/astra_camera_msgs/include/astra_camera_msgs/astra_camera_msgs/msg/detail/metadata__traits.hpp
[0.352s] -- Up-to-date: /home/gerardo/Projects/Robotics/RescueRobot2025/RescueRobotTMR25/jaguar_odom/install/astra_camera_msgs/include/astra_camera_msgs/astra_camera_msgs/msg/detail/device_info__type_support.hpp
[0.352s] -- Up-to-date: /home/gerardo/Projects/Robotics/RescueRobot2025/RescueRobotTMR25/jaguar_odom/install/astra_camera_msgs/include/astra_camera_msgs/astra_camera_msgs/msg/detail/extrinsics__struct.hpp
[0.353s] -- Up-to-date: /home/gerardo/Projects/Robotics/RescueRobot2025/RescueRobotTMR25/jaguar_odom/install/astra_camera_msgs/include/astra_camera_msgs/astra_camera_msgs/msg/detail/metadata__struct.hpp
[0.353s] -- Up-to-date: /home/gerardo/Projects/Robotics/RescueRobot2025/RescueRobotTMR25/jaguar_odom/install/astra_camera_msgs/include/astra_camera_msgs/astra_camera_msgs/msg/detail/extrinsics__traits.hpp
[0.353s] -- Up-to-date: /home/gerardo/Projects/Robotics/RescueRobot2025/RescueRobotTMR25/jaguar_odom/install/astra_camera_msgs/include/astra_camera_msgs/astra_camera_msgs/msg/metadata.hpp
[0.353s] -- Up-to-date: /home/gerardo/Projects/Robotics/RescueRobot2025/RescueRobotTMR25/jaguar_odom/install/astra_camera_msgs/include/astra_camera_msgs/astra_camera_msgs/msg/extrinsics.hpp
[0.353s] -- Up-to-date: /home/gerardo/Projects/Robotics/RescueRobot2025/RescueRobotTMR25/jaguar_odom/install/astra_camera_msgs/include/astra_camera_msgs/astra_camera_msgs/srv
[0.353s] -- Up-to-date: /home/gerardo/Projects/Robotics/RescueRobot2025/RescueRobotTMR25/jaguar_odom/install/astra_camera_msgs/include/astra_camera_msgs/astra_camera_msgs/srv/get_string.hpp
[0.353s] -- Up-to-date: /home/gerardo/Projects/Robotics/RescueRobot2025/RescueRobotTMR25/jaguar_odom/install/astra_camera_msgs/include/astra_camera_msgs/astra_camera_msgs/srv/set_int32.hpp
[0.353s] -- Up-to-date: /home/gerardo/Projects/Robotics/RescueRobot2025/RescueRobotTMR25/jaguar_odom/install/astra_camera_msgs/include/astra_camera_msgs/astra_camera_msgs/srv/get_camera_params.hpp
[0.353s] -- Up-to-date: /home/gerardo/Projects/Robotics/RescueRobot2025/RescueRobotTMR25/jaguar_odom/install/astra_camera_msgs/include/astra_camera_msgs/astra_camera_msgs/srv/detail
[0.353s] -- Up-to-date: /home/gerardo/Projects/Robotics/RescueRobot2025/RescueRobotTMR25/jaguar_odom/install/astra_camera_msgs/include/astra_camera_msgs/astra_camera_msgs/srv/detail/get_string__traits.hpp
[0.353s] -- Up-to-date: /home/gerardo/Projects/Robotics/RescueRobot2025/RescueRobotTMR25/jaguar_odom/install/astra_camera_msgs/include/astra_camera_msgs/astra_camera_msgs/srv/detail/get_camera_info__traits.hpp
[0.353s] -- Up-to-date: /home/gerardo/Projects/Robotics/RescueRobot2025/RescueRobotTMR25/jaguar_odom/install/astra_camera_msgs/include/astra_camera_msgs/astra_camera_msgs/srv/detail/get_camera_info__type_support.hpp
[0.353s] -- Up-to-date: /home/gerardo/Projects/Robotics/RescueRobot2025/RescueRobotTMR25/jaguar_odom/install/astra_camera_msgs/include/astra_camera_msgs/astra_camera_msgs/srv/detail/get_string__type_support.hpp
[0.353s] -- Up-to-date: /home/gerardo/Projects/Robotics/RescueRobot2025/RescueRobotTMR25/jaguar_odom/install/astra_camera_msgs/include/astra_camera_msgs/astra_camera_msgs/srv/detail/get_string__builder.hpp
[0.353s] -- Up-to-date: /home/gerardo/Projects/Robotics/RescueRobot2025/RescueRobotTMR25/jaguar_odom/install/astra_camera_msgs/include/astra_camera_msgs/astra_camera_msgs/srv/detail/set_int32__type_support.hpp
[0.353s] -- Up-to-date: /home/gerardo/Projects/Robotics/RescueRobot2025/RescueRobotTMR25/jaguar_odom/install/astra_camera_msgs/include/astra_camera_msgs/astra_camera_msgs/srv/detail/get_device_info__struct.hpp
[0.353s] -- Up-to-date: /home/gerardo/Projects/Robotics/RescueRobot2025/RescueRobotTMR25/jaguar_odom/install/astra_camera_msgs/include/astra_camera_msgs/astra_camera_msgs/srv/detail/get_camera_params__builder.hpp
[0.353s] -- Up-to-date: /home/gerardo/Projects/Robotics/RescueRobot2025/RescueRobotTMR25/jaguar_odom/install/astra_camera_msgs/include/astra_camera_msgs/astra_camera_msgs/srv/detail/set_int32__traits.hpp
[0.353s] -- Up-to-date: /home/gerardo/Projects/Robotics/RescueRobot2025/RescueRobotTMR25/jaguar_odom/install/astra_camera_msgs/include/astra_camera_msgs/astra_camera_msgs/srv/detail/get_camera_info__builder.hpp
[0.353s] -- Up-to-date: /home/gerardo/Projects/Robotics/RescueRobot2025/RescueRobotTMR25/jaguar_odom/install/astra_camera_msgs/include/astra_camera_msgs/astra_camera_msgs/srv/detail/get_device_info__traits.hpp
[0.353s] -- Up-to-date: /home/gerardo/Projects/Robotics/RescueRobot2025/RescueRobotTMR25/jaguar_odom/install/astra_camera_msgs/include/astra_camera_msgs/astra_camera_msgs/srv/detail/set_int32__struct.hpp
[0.354s] -- Up-to-date: /home/gerardo/Projects/Robotics/RescueRobot2025/RescueRobotTMR25/jaguar_odom/install/astra_camera_msgs/include/astra_camera_msgs/astra_camera_msgs/srv/detail/get_camera_params__type_support.hpp
[0.354s] -- Up-to-date: /home/gerardo/Projects/Robotics/RescueRobot2025/RescueRobotTMR25/jaguar_odom/install/astra_camera_msgs/include/astra_camera_msgs/astra_camera_msgs/srv/detail/get_int32__struct.hpp
[0.354s] -- Up-to-date: /home/gerardo/Projects/Robotics/RescueRobot2025/RescueRobotTMR25/jaguar_odom/install/astra_camera_msgs/include/astra_camera_msgs/astra_camera_msgs/srv/detail/get_camera_params__struct.hpp
[0.354s] -- Up-to-date: /home/gerardo/Projects/Robotics/RescueRobot2025/RescueRobotTMR25/jaguar_odom/install/astra_camera_msgs/include/astra_camera_msgs/astra_camera_msgs/srv/detail/get_camera_info__struct.hpp
[0.354s] -- Up-to-date: /home/gerardo/Projects/Robotics/RescueRobot2025/RescueRobotTMR25/jaguar_odom/install/astra_camera_msgs/include/astra_camera_msgs/astra_camera_msgs/srv/detail/get_device_info__builder.hpp
[0.354s] -- Up-to-date: /home/gerardo/Projects/Robotics/RescueRobot2025/RescueRobotTMR25/jaguar_odom/install/astra_camera_msgs/include/astra_camera_msgs/astra_camera_msgs/srv/detail/get_int32__traits.hpp
[0.354s] -- Up-to-date: /home/gerardo/Projects/Robotics/RescueRobot2025/RescueRobotTMR25/jaguar_odom/install/astra_camera_msgs/include/astra_camera_msgs/astra_camera_msgs/srv/detail/get_device_info__type_support.hpp
[0.354s] -- Up-to-date: /home/gerardo/Projects/Robotics/RescueRobot2025/RescueRobotTMR25/jaguar_odom/install/astra_camera_msgs/include/astra_camera_msgs/astra_camera_msgs/srv/detail/get_string__struct.hpp
[0.354s] -- Up-to-date: /home/gerardo/Projects/Robotics/RescueRobot2025/RescueRobotTMR25/jaguar_odom/install/astra_camera_msgs/include/astra_camera_msgs/astra_camera_msgs/srv/detail/get_int32__type_support.hpp
[0.354s] -- Up-to-date: /home/gerardo/Projects/Robotics/RescueRobot2025/RescueRobotTMR25/jaguar_odom/install/astra_camera_msgs/include/astra_camera_msgs/astra_camera_msgs/srv/detail/get_camera_params__traits.hpp
[0.354s] -- Up-to-date: /home/gerardo/Projects/Robotics/RescueRobot2025/RescueRobotTMR25/jaguar_odom/install/astra_camera_msgs/include/astra_camera_msgs/astra_camera_msgs/srv/detail/set_int32__builder.hpp
[0.354s] -- Up-to-date: /home/gerardo/Projects/Robotics/RescueRobot2025/RescueRobotTMR25/jaguar_odom/install/astra_camera_msgs/include/astra_camera_msgs/astra_camera_msgs/srv/detail/get_int32__builder.hpp
[0.354s] -- Up-to-date: /home/gerardo/Projects/Robotics/RescueRobot2025/RescueRobotTMR25/jaguar_odom/install/astra_camera_msgs/include/astra_camera_msgs/astra_camera_msgs/srv/get_device_info.hpp
[0.354s] -- Up-to-date: /home/gerardo/Projects/Robotics/RescueRobot2025/RescueRobotTMR25/jaguar_odom/install/astra_camera_msgs/include/astra_camera_msgs/astra_camera_msgs/srv/get_camera_info.hpp
[0.354s] -- Up-to-date: /home/gerardo/Projects/Robotics/RescueRobot2025/RescueRobotTMR25/jaguar_odom/install/astra_camera_msgs/include/astra_camera_msgs/astra_camera_msgs/srv/get_int32.hpp
[0.354s] -- Up-to-date: /home/gerardo/Projects/Robotics/RescueRobot2025/RescueRobotTMR25/jaguar_odom/install/astra_camera_msgs/include/astra_camera_msgs/astra_camera_msgs
[0.354s] -- Up-to-date: /home/gerardo/Projects/Robotics/RescueRobot2025/RescueRobotTMR25/jaguar_odom/install/astra_camera_msgs/include/astra_camera_msgs/astra_camera_msgs/msg
[0.354s] -- Up-to-date: /home/gerardo/Projects/Robotics/RescueRobot2025/RescueRobotTMR25/jaguar_odom/install/astra_camera_msgs/include/astra_camera_msgs/astra_camera_msgs/msg/rosidl_typesupport_fastrtps_cpp__visibility_control.h
[0.354s] -- Up-to-date: /home/gerardo/Projects/Robotics/RescueRobot2025/RescueRobotTMR25/jaguar_odom/install/astra_camera_msgs/include/astra_camera_msgs/astra_camera_msgs/msg/detail
[0.354s] -- Up-to-date: /home/gerardo/Projects/Robotics/RescueRobot2025/RescueRobotTMR25/jaguar_odom/install/astra_camera_msgs/include/astra_camera_msgs/astra_camera_msgs/msg/detail/metadata__rosidl_typesupport_fastrtps_cpp.hpp
[0.354s] -- Up-to-date: /home/gerardo/Projects/Robotics/RescueRobot2025/RescueRobotTMR25/jaguar_odom/install/astra_camera_msgs/include/astra_camera_msgs/astra_camera_msgs/msg/detail/extrinsics__rosidl_typesupport_fastrtps_cpp.hpp
[0.354s] -- Up-to-date: /home/gerardo/Projects/Robotics/RescueRobot2025/RescueRobotTMR25/jaguar_odom/install/astra_camera_msgs/include/astra_camera_msgs/astra_camera_msgs/msg/detail/dds_fastrtps
[0.355s] -- Up-to-date: /home/gerardo/Projects/Robotics/RescueRobot2025/RescueRobotTMR25/jaguar_odom/install/astra_camera_msgs/include/astra_camera_msgs/astra_camera_msgs/msg/detail/device_info__rosidl_typesupport_fastrtps_cpp.hpp
[0.355s] -- Up-to-date: /home/gerardo/Projects/Robotics/RescueRobot2025/RescueRobotTMR25/jaguar_odom/install/astra_camera_msgs/include/astra_camera_msgs/astra_camera_msgs/srv
[0.355s] -- Up-to-date: /home/gerardo/Projects/Robotics/RescueRobot2025/RescueRobotTMR25/jaguar_odom/install/astra_camera_msgs/include/astra_camera_msgs/astra_camera_msgs/srv/detail
[0.355s] -- Up-to-date: /home/gerardo/Projects/Robotics/RescueRobot2025/RescueRobotTMR25/jaguar_odom/install/astra_camera_msgs/include/astra_camera_msgs/astra_camera_msgs/srv/detail/get_camera_info__rosidl_typesupport_fastrtps_cpp.hpp
[0.355s] -- Up-to-date: /home/gerardo/Projects/Robotics/RescueRobot2025/RescueRobotTMR25/jaguar_odom/install/astra_camera_msgs/include/astra_camera_msgs/astra_camera_msgs/srv/detail/get_camera_params__rosidl_typesupport_fastrtps_cpp.hpp
[0.355s] -- Up-to-date: /home/gerardo/Projects/Robotics/RescueRobot2025/RescueRobotTMR25/jaguar_odom/install/astra_camera_msgs/include/astra_camera_msgs/astra_camera_msgs/srv/detail/dds_fastrtps
[0.355s] -- Up-to-date: /home/gerardo/Projects/Robotics/RescueRobot2025/RescueRobotTMR25/jaguar_odom/install/astra_camera_msgs/include/astra_camera_msgs/astra_camera_msgs/srv/detail/get_int32__rosidl_typesupport_fastrtps_cpp.hpp
[0.355s] -- Up-to-date: /home/gerardo/Projects/Robotics/RescueRobot2025/RescueRobotTMR25/jaguar_odom/install/astra_camera_msgs/include/astra_camera_msgs/astra_camera_msgs/srv/detail/set_int32__rosidl_typesupport_fastrtps_cpp.hpp
[0.355s] -- Up-to-date: /home/gerardo/Projects/Robotics/RescueRobot2025/RescueRobotTMR25/jaguar_odom/install/astra_camera_msgs/include/astra_camera_msgs/astra_camera_msgs/srv/detail/get_string__rosidl_typesupport_fastrtps_cpp.hpp
[0.355s] -- Up-to-date: /home/gerardo/Projects/Robotics/RescueRobot2025/RescueRobotTMR25/jaguar_odom/install/astra_camera_msgs/include/astra_camera_msgs/astra_camera_msgs/srv/detail/get_device_info__rosidl_typesupport_fastrtps_cpp.hpp
[0.355s] -- Up-to-date: /home/gerardo/Projects/Robotics/RescueRobot2025/RescueRobotTMR25/jaguar_odom/install/astra_camera_msgs/lib/libastra_camera_msgs__rosidl_typesupport_fastrtps_cpp.so
[0.355s] -- Up-to-date: /home/gerardo/Projects/Robotics/RescueRobot2025/RescueRobotTMR25/jaguar_odom/install/astra_camera_msgs/include/astra_camera_msgs/astra_camera_msgs
[0.355s] -- Up-to-date: /home/gerardo/Projects/Robotics/RescueRobot2025/RescueRobotTMR25/jaguar_odom/install/astra_camera_msgs/include/astra_camera_msgs/astra_camera_msgs/msg
[0.355s] -- Up-to-date: /home/gerardo/Projects/Robotics/RescueRobot2025/RescueRobotTMR25/jaguar_odom/install/astra_camera_msgs/include/astra_camera_msgs/astra_camera_msgs/msg/detail
[0.355s] -- Up-to-date: /home/gerardo/Projects/Robotics/RescueRobot2025/RescueRobotTMR25/jaguar_odom/install/astra_camera_msgs/include/astra_camera_msgs/astra_camera_msgs/msg/detail/extrinsics__type_support.cpp
[0.355s] -- Up-to-date: /home/gerardo/Projects/Robotics/RescueRobot2025/RescueRobotTMR25/jaguar_odom/install/astra_camera_msgs/include/astra_camera_msgs/astra_camera_msgs/msg/detail/device_info__rosidl_typesupport_introspection_cpp.hpp
[0.355s] -- Up-to-date: /home/gerardo/Projects/Robotics/RescueRobot2025/RescueRobotTMR25/jaguar_odom/install/astra_camera_msgs/include/astra_camera_msgs/astra_camera_msgs/msg/detail/metadata__type_support.cpp
[0.355s] -- Up-to-date: /home/gerardo/Projects/Robotics/RescueRobot2025/RescueRobotTMR25/jaguar_odom/install/astra_camera_msgs/include/astra_camera_msgs/astra_camera_msgs/msg/detail/device_info__type_support.cpp
[0.355s] -- Up-to-date: /home/gerardo/Projects/Robotics/RescueRobot2025/RescueRobotTMR25/jaguar_odom/install/astra_camera_msgs/include/astra_camera_msgs/astra_camera_msgs/msg/detail/metadata__rosidl_typesupport_introspection_cpp.hpp
[0.355s] -- Up-to-date: /home/gerardo/Projects/Robotics/RescueRobot2025/RescueRobotTMR25/jaguar_odom/install/astra_camera_msgs/include/astra_camera_msgs/astra_camera_msgs/msg/detail/extrinsics__rosidl_typesupport_introspection_cpp.hpp
[0.355s] -- Up-to-date: /home/gerardo/Projects/Robotics/RescueRobot2025/RescueRobotTMR25/jaguar_odom/install/astra_camera_msgs/include/astra_camera_msgs/astra_camera_msgs/srv
[0.355s] -- Up-to-date: /home/gerardo/Projects/Robotics/RescueRobot2025/RescueRobotTMR25/jaguar_odom/install/astra_camera_msgs/include/astra_camera_msgs/astra_camera_msgs/srv/detail
[0.356s] -- Up-to-date: /home/gerardo/Projects/Robotics/RescueRobot2025/RescueRobotTMR25/jaguar_odom/install/astra_camera_msgs/include/astra_camera_msgs/astra_camera_msgs/srv/detail/get_camera_info__rosidl_typesupport_introspection_cpp.hpp
[0.356s] -- Up-to-date: /home/gerardo/Projects/Robotics/RescueRobot2025/RescueRobotTMR25/jaguar_odom/install/astra_camera_msgs/include/astra_camera_msgs/astra_camera_msgs/srv/detail/get_device_info__rosidl_typesupport_introspection_cpp.hpp
[0.356s] -- Up-to-date: /home/gerardo/Projects/Robotics/RescueRobot2025/RescueRobotTMR25/jaguar_odom/install/astra_camera_msgs/include/astra_camera_msgs/astra_camera_msgs/srv/detail/get_string__rosidl_typesupport_introspection_cpp.hpp
[0.356s] -- Up-to-date: /home/gerardo/Projects/Robotics/RescueRobot2025/RescueRobotTMR25/jaguar_odom/install/astra_camera_msgs/include/astra_camera_msgs/astra_camera_msgs/srv/detail/get_int32__type_support.cpp
[0.356s] -- Up-to-date: /home/gerardo/Projects/Robotics/RescueRobot2025/RescueRobotTMR25/jaguar_odom/install/astra_camera_msgs/include/astra_camera_msgs/astra_camera_msgs/srv/detail/get_camera_params__type_support.cpp
[0.356s] -- Up-to-date: /home/gerardo/Projects/Robotics/RescueRobot2025/RescueRobotTMR25/jaguar_odom/install/astra_camera_msgs/include/astra_camera_msgs/astra_camera_msgs/srv/detail/get_camera_params__rosidl_typesupport_introspection_cpp.hpp
[0.356s] -- Up-to-date: /home/gerardo/Projects/Robotics/RescueRobot2025/RescueRobotTMR25/jaguar_odom/install/astra_camera_msgs/include/astra_camera_msgs/astra_camera_msgs/srv/detail/get_device_info__type_support.cpp
[0.356s] -- Up-to-date: /home/gerardo/Projects/Robotics/RescueRobot2025/RescueRobotTMR25/jaguar_odom/install/astra_camera_msgs/include/astra_camera_msgs/astra_camera_msgs/srv/detail/set_int32__rosidl_typesupport_introspection_cpp.hpp
[0.356s] -- Up-to-date: /home/gerardo/Projects/Robotics/RescueRobot2025/RescueRobotTMR25/jaguar_odom/install/astra_camera_msgs/include/astra_camera_msgs/astra_camera_msgs/srv/detail/get_string__type_support.cpp
[0.356s] -- Up-to-date: /home/gerardo/Projects/Robotics/RescueRobot2025/RescueRobotTMR25/jaguar_odom/install/astra_camera_msgs/include/astra_camera_msgs/astra_camera_msgs/srv/detail/get_camera_info__type_support.cpp
[0.356s] -- Up-to-date: /home/gerardo/Projects/Robotics/RescueRobot2025/RescueRobotTMR25/jaguar_odom/install/astra_camera_msgs/include/astra_camera_msgs/astra_camera_msgs/srv/detail/get_int32__rosidl_typesupport_introspection_cpp.hpp
[0.356s] -- Up-to-date: /home/gerardo/Projects/Robotics/RescueRobot2025/RescueRobotTMR25/jaguar_odom/install/astra_camera_msgs/include/astra_camera_msgs/astra_camera_msgs/srv/detail/set_int32__type_support.cpp
[0.356s] -- Up-to-date: /home/gerardo/Projects/Robotics/RescueRobot2025/RescueRobotTMR25/jaguar_odom/install/astra_camera_msgs/lib/libastra_camera_msgs__rosidl_typesupport_introspection_cpp.so
[0.356s] -- Up-to-date: /home/gerardo/Projects/Robotics/RescueRobot2025/RescueRobotTMR25/jaguar_odom/install/astra_camera_msgs/lib/libastra_camera_msgs__rosidl_typesupport_cpp.so
[0.356s] -- Up-to-date: /home/gerardo/Projects/Robotics/RescueRobot2025/RescueRobotTMR25/jaguar_odom/install/astra_camera_msgs/share/astra_camera_msgs/environment/pythonpath.sh
[0.356s] -- Up-to-date: /home/gerardo/Projects/Robotics/RescueRobot2025/RescueRobotTMR25/jaguar_odom/install/astra_camera_msgs/share/astra_camera_msgs/environment/pythonpath.dsv
[0.356s] -- Up-to-date: /home/gerardo/Projects/Robotics/RescueRobot2025/RescueRobotTMR25/jaguar_odom/install/astra_camera_msgs/local/lib/python3.10/dist-packages/astra_camera_msgs-1.0.1-py3.10.egg-info
[0.356s] -- Installing: /home/gerardo/Projects/Robotics/RescueRobot2025/RescueRobotTMR25/jaguar_odom/install/astra_camera_msgs/local/lib/python3.10/dist-packages/astra_camera_msgs-1.0.1-py3.10.egg-info/PKG-INFO
[0.356s] -- Installing: /home/gerardo/Projects/Robotics/RescueRobot2025/RescueRobotTMR25/jaguar_odom/install/astra_camera_msgs/local/lib/python3.10/dist-packages/astra_camera_msgs-1.0.1-py3.10.egg-info/top_level.txt
[0.356s] -- Installing: /home/gerardo/Projects/Robotics/RescueRobot2025/RescueRobotTMR25/jaguar_odom/install/astra_camera_msgs/local/lib/python3.10/dist-packages/astra_camera_msgs-1.0.1-py3.10.egg-info/SOURCES.txt
[0.356s] -- Installing: /home/gerardo/Projects/Robotics/RescueRobot2025/RescueRobotTMR25/jaguar_odom/install/astra_camera_msgs/local/lib/python3.10/dist-packages/astra_camera_msgs-1.0.1-py3.10.egg-info/dependency_links.txt
[0.356s] -- Up-to-date: /home/gerardo/Projects/Robotics/RescueRobot2025/RescueRobotTMR25/jaguar_odom/install/astra_camera_msgs/local/lib/python3.10/dist-packages/astra_camera_msgs
[0.356s] -- Up-to-date: /home/gerardo/Projects/Robotics/RescueRobot2025/RescueRobotTMR25/jaguar_odom/install/astra_camera_msgs/local/lib/python3.10/dist-packages/astra_camera_msgs/astra_camera_msgs_s__rosidl_typesupport_fastrtps_c.cpython-310-x86_64-linux-gnu.so
[0.356s] -- Up-to-date: /home/gerardo/Projects/Robotics/RescueRobot2025/RescueRobotTMR25/jaguar_odom/install/astra_camera_msgs/local/lib/python3.10/dist-packages/astra_camera_msgs/msg
[0.356s] -- Up-to-date: /home/gerardo/Projects/Robotics/RescueRobot2025/RescueRobotTMR25/jaguar_odom/install/astra_camera_msgs/local/lib/python3.10/dist-packages/astra_camera_msgs/msg/_metadata_s.c
[0.357s] -- Up-to-date: /home/gerardo/Projects/Robotics/RescueRobot2025/RescueRobotTMR25/jaguar_odom/install/astra_camera_msgs/local/lib/python3.10/dist-packages/astra_camera_msgs/msg/_device_info_s.c
[0.357s] -- Up-to-date: /home/gerardo/Projects/Robotics/RescueRobot2025/RescueRobotTMR25/jaguar_odom/install/astra_camera_msgs/local/lib/python3.10/dist-packages/astra_camera_msgs/msg/__init__.py
[0.357s] -- Up-to-date: /home/gerardo/Projects/Robotics/RescueRobot2025/RescueRobotTMR25/jaguar_odom/install/astra_camera_msgs/local/lib/python3.10/dist-packages/astra_camera_msgs/msg/_metadata.py
[0.357s] -- Up-to-date: /home/gerardo/Projects/Robotics/RescueRobot2025/RescueRobotTMR25/jaguar_odom/install/astra_camera_msgs/local/lib/python3.10/dist-packages/astra_camera_msgs/msg/_device_info.py
[0.357s] -- Up-to-date: /home/gerardo/Projects/Robotics/RescueRobot2025/RescueRobotTMR25/jaguar_odom/install/astra_camera_msgs/local/lib/python3.10/dist-packages/astra_camera_msgs/msg/_extrinsics.py
[0.357s] -- Up-to-date: /home/gerardo/Projects/Robotics/RescueRobot2025/RescueRobotTMR25/jaguar_odom/install/astra_camera_msgs/local/lib/python3.10/dist-packages/astra_camera_msgs/msg/_extrinsics_s.c
[0.357s] -- Up-to-date: /home/gerardo/Projects/Robotics/RescueRobot2025/RescueRobotTMR25/jaguar_odom/install/astra_camera_msgs/local/lib/python3.10/dist-packages/astra_camera_msgs/astra_camera_msgs_s__rosidl_typesupport_c.cpython-310-x86_64-linux-gnu.so
[0.357s] -- Up-to-date: /home/gerardo/Projects/Robotics/RescueRobot2025/RescueRobotTMR25/jaguar_odom/install/astra_camera_msgs/local/lib/python3.10/dist-packages/astra_camera_msgs/__init__.py
[0.357s] -- Up-to-date: /home/gerardo/Projects/Robotics/RescueRobot2025/RescueRobotTMR25/jaguar_odom/install/astra_camera_msgs/local/lib/python3.10/dist-packages/astra_camera_msgs/srv
[0.357s] -- Up-to-date: /home/gerardo/Projects/Robotics/RescueRobot2025/RescueRobotTMR25/jaguar_odom/install/astra_camera_msgs/local/lib/python3.10/dist-packages/astra_camera_msgs/srv/_get_int32.py
[0.357s] -- Up-to-date: /home/gerardo/Projects/Robotics/RescueRobot2025/RescueRobotTMR25/jaguar_odom/install/astra_camera_msgs/local/lib/python3.10/dist-packages/astra_camera_msgs/srv/_get_int32_s.c
[0.357s] -- Up-to-date: /home/gerardo/Projects/Robotics/RescueRobot2025/RescueRobotTMR25/jaguar_odom/install/astra_camera_msgs/local/lib/python3.10/dist-packages/astra_camera_msgs/srv/_get_string.py
[0.357s] -- Up-to-date: /home/gerardo/Projects/Robotics/RescueRobot2025/RescueRobotTMR25/jaguar_odom/install/astra_camera_msgs/local/lib/python3.10/dist-packages/astra_camera_msgs/srv/__init__.py
[0.357s] -- Up-to-date: /home/gerardo/Projects/Robotics/RescueRobot2025/RescueRobotTMR25/jaguar_odom/install/astra_camera_msgs/local/lib/python3.10/dist-packages/astra_camera_msgs/srv/_get_device_info.py
[0.357s] -- Up-to-date: /home/gerardo/Projects/Robotics/RescueRobot2025/RescueRobotTMR25/jaguar_odom/install/astra_camera_msgs/local/lib/python3.10/dist-packages/astra_camera_msgs/srv/_get_string_s.c
[0.357s] -- Up-to-date: /home/gerardo/Projects/Robotics/RescueRobot2025/RescueRobotTMR25/jaguar_odom/install/astra_camera_msgs/local/lib/python3.10/dist-packages/astra_camera_msgs/srv/_get_device_info_s.c
[0.358s] -- Up-to-date: /home/gerardo/Projects/Robotics/RescueRobot2025/RescueRobotTMR25/jaguar_odom/install/astra_camera_msgs/local/lib/python3.10/dist-packages/astra_camera_msgs/srv/_get_camera_info_s.c
[0.358s] -- Up-to-date: /home/gerardo/Projects/Robotics/RescueRobot2025/RescueRobotTMR25/jaguar_odom/install/astra_camera_msgs/local/lib/python3.10/dist-packages/astra_camera_msgs/srv/_get_camera_info.py
[0.358s] -- Up-to-date: /home/gerardo/Projects/Robotics/RescueRobot2025/RescueRobotTMR25/jaguar_odom/install/astra_camera_msgs/local/lib/python3.10/dist-packages/astra_camera_msgs/srv/_get_camera_params.py
[0.358s] -- Up-to-date: /home/gerardo/Projects/Robotics/RescueRobot2025/RescueRobotTMR25/jaguar_odom/install/astra_camera_msgs/local/lib/python3.10/dist-packages/astra_camera_msgs/srv/_get_camera_params_s.c
[0.358s] -- Up-to-date: /home/gerardo/Projects/Robotics/RescueRobot2025/RescueRobotTMR25/jaguar_odom/install/astra_camera_msgs/local/lib/python3.10/dist-packages/astra_camera_msgs/srv/_set_int32_s.c
[0.358s] -- Up-to-date: /home/gerardo/Projects/Robotics/RescueRobot2025/RescueRobotTMR25/jaguar_odom/install/astra_camera_msgs/local/lib/python3.10/dist-packages/astra_camera_msgs/srv/_set_int32.py
[0.358s] -- Up-to-date: /home/gerardo/Projects/Robotics/RescueRobot2025/RescueRobotTMR25/jaguar_odom/install/astra_camera_msgs/local/lib/python3.10/dist-packages/astra_camera_msgs/_astra_camera_msgs_s.ep.rosidl_typesupport_fastrtps_c.c
[0.358s] -- Up-to-date: /home/gerardo/Projects/Robotics/RescueRobot2025/RescueRobotTMR25/jaguar_odom/install/astra_camera_msgs/local/lib/python3.10/dist-packages/astra_camera_msgs/_astra_camera_msgs_s.ep.rosidl_typesupport_introspection_c.c
[0.358s] -- Up-to-date: /home/gerardo/Projects/Robotics/RescueRobot2025/RescueRobotTMR25/jaguar_odom/install/astra_camera_msgs/local/lib/python3.10/dist-packages/astra_camera_msgs/astra_camera_msgs_s__rosidl_typesupport_introspection_c.cpython-310-x86_64-linux-gnu.so
[0.358s] -- Up-to-date: /home/gerardo/Projects/Robotics/RescueRobot2025/RescueRobotTMR25/jaguar_odom/install/astra_camera_msgs/local/lib/python3.10/dist-packages/astra_camera_msgs/libastra_camera_msgs__rosidl_generator_py.so
[0.358s] -- Up-to-date: /home/gerardo/Projects/Robotics/RescueRobot2025/RescueRobotTMR25/jaguar_odom/install/astra_camera_msgs/local/lib/python3.10/dist-packages/astra_camera_msgs/_astra_camera_msgs_s.ep.rosidl_typesupport_c.c
[0.380s] Listing '/home/gerardo/Projects/Robotics/RescueRobot2025/RescueRobotTMR25/jaguar_odom/install/astra_camera_msgs/local/lib/python3.10/dist-packages/astra_camera_msgs'...
[0.380s] Listing '/home/gerardo/Projects/Robotics/RescueRobot2025/RescueRobotTMR25/jaguar_odom/install/astra_camera_msgs/local/lib/python3.10/dist-packages/astra_camera_msgs/msg'...
[0.380s] Listing '/home/gerardo/Projects/Robotics/RescueRobot2025/RescueRobotTMR25/jaguar_odom/install/astra_camera_msgs/local/lib/python3.10/dist-packages/astra_camera_msgs/srv'...
[0.383s] -- Up-to-date: /home/gerardo/Projects/Robotics/RescueRobot2025/RescueRobotTMR25/jaguar_odom/install/astra_camera_msgs/local/lib/python3.10/dist-packages/astra_camera_msgs/astra_camera_msgs_s__rosidl_typesupport_fastrtps_c.cpython-310-x86_64-linux-gnu.so
[0.383s] -- Up-to-date: /home/gerardo/Projects/Robotics/RescueRobot2025/RescueRobotTMR25/jaguar_odom/install/astra_camera_msgs/local/lib/python3.10/dist-packages/astra_camera_msgs/astra_camera_msgs_s__rosidl_typesupport_introspection_c.cpython-310-x86_64-linux-gnu.so
[0.384s] -- Up-to-date: /home/gerardo/Projects/Robotics/RescueRobot2025/RescueRobotTMR25/jaguar_odom/install/astra_camera_msgs/local/lib/python3.10/dist-packages/astra_camera_msgs/astra_camera_msgs_s__rosidl_typesupport_c.cpython-310-x86_64-linux-gnu.so
[0.384s] -- Up-to-date: /home/gerardo/Projects/Robotics/RescueRobot2025/RescueRobotTMR25/jaguar_odom/install/astra_camera_msgs/lib/libastra_camera_msgs__rosidl_generator_py.so
[0.384s] -- Up-to-date: /home/gerardo/Projects/Robotics/RescueRobot2025/RescueRobotTMR25/jaguar_odom/install/astra_camera_msgs/share/astra_camera_msgs/msg/DeviceInfo.idl
[0.384s] -- Up-to-date: /home/gerardo/Projects/Robotics/RescueRobot2025/RescueRobotTMR25/jaguar_odom/install/astra_camera_msgs/share/astra_camera_msgs/msg/Extrinsics.idl
[0.384s] -- Up-to-date: /home/gerardo/Projects/Robotics/RescueRobot2025/RescueRobotTMR25/jaguar_odom/install/astra_camera_msgs/share/astra_camera_msgs/msg/Metadata.idl
[0.384s] -- Up-to-date: /home/gerardo/Projects/Robotics/RescueRobot2025/RescueRobotTMR25/jaguar_odom/install/astra_camera_msgs/share/astra_camera_msgs/srv/GetDeviceInfo.idl
[0.384s] -- Up-to-date: /home/gerardo/Projects/Robotics/RescueRobot2025/RescueRobotTMR25/jaguar_odom/install/astra_camera_msgs/share/astra_camera_msgs/srv/GetCameraInfo.idl
[0.384s] -- Up-to-date: /home/gerardo/Projects/Robotics/RescueRobot2025/RescueRobotTMR25/jaguar_odom/install/astra_camera_msgs/share/astra_camera_msgs/srv/GetCameraParams.idl
[0.384s] -- Up-to-date: /home/gerardo/Projects/Robotics/RescueRobot2025/RescueRobotTMR25/jaguar_odom/install/astra_camera_msgs/share/astra_camera_msgs/srv/GetInt32.idl
[0.384s] -- Up-to-date: /home/gerardo/Projects/Robotics/RescueRobot2025/RescueRobotTMR25/jaguar_odom/install/astra_camera_msgs/share/astra_camera_msgs/srv/GetString.idl
[0.384s] -- Up-to-date: /home/gerardo/Projects/Robotics/RescueRobot2025/RescueRobotTMR25/jaguar_odom/install/astra_camera_msgs/share/astra_camera_msgs/srv/SetInt32.idl
[0.385s] -- Up-to-date: /home/gerardo/Projects/Robotics/RescueRobot2025/RescueRobotTMR25/jaguar_odom/install/astra_camera_msgs/share/astra_camera_msgs/msg/DeviceInfo.msg
[0.385s] -- Up-to-date: /home/gerardo/Projects/Robotics/RescueRobot2025/RescueRobotTMR25/jaguar_odom/install/astra_camera_msgs/share/astra_camera_msgs/msg/Extrinsics.msg
[0.385s] -- Up-to-date: /home/gerardo/Projects/Robotics/RescueRobot2025/RescueRobotTMR25/jaguar_odom/install/astra_camera_msgs/share/astra_camera_msgs/msg/Metadata.msg
[0.385s] -- Up-to-date: /home/gerardo/Projects/Robotics/RescueRobot2025/RescueRobotTMR25/jaguar_odom/install/astra_camera_msgs/share/astra_camera_msgs/srv/GetDeviceInfo.srv
[0.385s] -- Up-to-date: /home/gerardo/Projects/Robotics/RescueRobot2025/RescueRobotTMR25/jaguar_odom/install/astra_camera_msgs/share/astra_camera_msgs/srv/GetDeviceInfo_Request.msg
[0.385s] -- Up-to-date: /home/gerardo/Projects/Robotics/RescueRobot2025/RescueRobotTMR25/jaguar_odom/install/astra_camera_msgs/share/astra_camera_msgs/srv/GetDeviceInfo_Response.msg
[0.385s] -- Up-to-date: /home/gerardo/Projects/Robotics/RescueRobot2025/RescueRobotTMR25/jaguar_odom/install/astra_camera_msgs/share/astra_camera_msgs/srv/GetCameraInfo.srv
[0.385s] -- Up-to-date: /home/gerardo/Projects/Robotics/RescueRobot2025/RescueRobotTMR25/jaguar_odom/install/astra_camera_msgs/share/astra_camera_msgs/srv/GetCameraInfo_Request.msg
[0.385s] -- Up-to-date: /home/gerardo/Projects/Robotics/RescueRobot2025/RescueRobotTMR25/jaguar_odom/install/astra_camera_msgs/share/astra_camera_msgs/srv/GetCameraInfo_Response.msg
[0.385s] -- Up-to-date: /home/gerardo/Projects/Robotics/RescueRobot2025/RescueRobotTMR25/jaguar_odom/install/astra_camera_msgs/share/astra_camera_msgs/srv/GetCameraParams.srv
[0.385s] -- Up-to-date: /home/gerardo/Projects/Robotics/RescueRobot2025/RescueRobotTMR25/jaguar_odom/install/astra_camera_msgs/share/astra_camera_msgs/srv/GetCameraParams_Request.msg
[0.385s] -- Up-to-date: /home/gerardo/Projects/Robotics/RescueRobot2025/RescueRobotTMR25/jaguar_odom/install/astra_camera_msgs/share/astra_camera_msgs/srv/GetCameraParams_Response.msg
[0.385s] -- Up-to-date: /home/gerardo/Projects/Robotics/RescueRobot2025/RescueRobotTMR25/jaguar_odom/install/astra_camera_msgs/share/astra_camera_msgs/srv/GetInt32.srv
[0.385s] -- Up-to-date: /home/gerardo/Projects/Robotics/RescueRobot2025/RescueRobotTMR25/jaguar_odom/install/astra_camera_msgs/share/astra_camera_msgs/srv/GetInt32_Request.msg
[0.385s] -- Up-to-date: /home/gerardo/Projects/Robotics/RescueRobot2025/RescueRobotTMR25/jaguar_odom/install/astra_camera_msgs/share/astra_camera_msgs/srv/GetInt32_Response.msg
[0.385s] -- Up-to-date: /home/gerardo/Projects/Robotics/RescueRobot2025/RescueRobotTMR25/jaguar_odom/install/astra_camera_msgs/share/astra_camera_msgs/srv/GetString.srv
[0.385s] -- Up-to-date: /home/gerardo/Projects/Robotics/RescueRobot2025/RescueRobotTMR25/jaguar_odom/install/astra_camera_msgs/share/astra_camera_msgs/srv/GetString_Request.msg
[0.385s] -- Up-to-date: /home/gerardo/Projects/Robotics/RescueRobot2025/RescueRobotTMR25/jaguar_odom/install/astra_camera_msgs/share/astra_camera_msgs/srv/GetString_Response.msg
[0.385s] -- Up-to-date: /home/gerardo/Projects/Robotics/RescueRobot2025/RescueRobotTMR25/jaguar_odom/install/astra_camera_msgs/share/astra_camera_msgs/srv/SetInt32.srv
[0.385s] -- Up-to-date: /home/gerardo/Projects/Robotics/RescueRobot2025/RescueRobotTMR25/jaguar_odom/install/astra_camera_msgs/share/astra_camera_msgs/srv/SetInt32_Request.msg
[0.385s] -- Up-to-date: /home/gerardo/Projects/Robotics/RescueRobot2025/RescueRobotTMR25/jaguar_odom/install/astra_camera_msgs/share/astra_camera_msgs/srv/SetInt32_Response.msg
[0.385s] -- Up-to-date: /home/gerardo/Projects/Robotics/RescueRobot2025/RescueRobotTMR25/jaguar_odom/install/astra_camera_msgs/share/ament_index/resource_index/package_run_dependencies/astra_camera_msgs
[0.385s] -- Up-to-date: /home/gerardo/Projects/Robotics/RescueRobot2025/RescueRobotTMR25/jaguar_odom/install/astra_camera_msgs/share/ament_index/resource_index/parent_prefix_path/astra_camera_msgs
[0.386s] -- Up-to-date: /home/gerardo/Projects/Robotics/RescueRobot2025/RescueRobotTMR25/jaguar_odom/install/astra_camera_msgs/share/astra_camera_msgs/environment/ament_prefix_path.sh
[0.386s] -- Up-to-date: /home/gerardo/Projects/Robotics/RescueRobot2025/RescueRobotTMR25/jaguar_odom/install/astra_camera_msgs/share/astra_camera_msgs/environment/ament_prefix_path.dsv
[0.386s] -- Up-to-date: /home/gerardo/Projects/Robotics/RescueRobot2025/RescueRobotTMR25/jaguar_odom/install/astra_camera_msgs/share/astra_camera_msgs/environment/path.sh
[0.386s] -- Up-to-date: /home/gerardo/Projects/Robotics/RescueRobot2025/RescueRobotTMR25/jaguar_odom/install/astra_camera_msgs/share/astra_camera_msgs/environment/path.dsv
[0.386s] -- Up-to-date: /home/gerardo/Projects/Robotics/RescueRobot2025/RescueRobotTMR25/jaguar_odom/install/astra_camera_msgs/share/astra_camera_msgs/local_setup.bash
[0.386s] -- Up-to-date: /home/gerardo/Projects/Robotics/RescueRobot2025/RescueRobotTMR25/jaguar_odom/install/astra_camera_msgs/share/astra_camera_msgs/local_setup.sh
[0.386s] -- Up-to-date: /home/gerardo/Projects/Robotics/RescueRobot2025/RescueRobotTMR25/jaguar_odom/install/astra_camera_msgs/share/astra_camera_msgs/local_setup.zsh
[0.386s] -- Up-to-date: /home/gerardo/Projects/Robotics/RescueRobot2025/RescueRobotTMR25/jaguar_odom/install/astra_camera_msgs/share/astra_camera_msgs/local_setup.dsv
[0.386s] -- Up-to-date: /home/gerardo/Projects/Robotics/RescueRobot2025/RescueRobotTMR25/jaguar_odom/install/astra_camera_msgs/share/astra_camera_msgs/package.dsv
[0.386s] -- Up-to-date: /home/gerardo/Projects/Robotics/RescueRobot2025/RescueRobotTMR25/jaguar_odom/install/astra_camera_msgs/share/ament_index/resource_index/packages/astra_camera_msgs
[0.386s] -- Up-to-date: /home/gerardo/Projects/Robotics/RescueRobot2025/RescueRobotTMR25/jaguar_odom/install/astra_camera_msgs/share/astra_camera_msgs/cmake/export_astra_camera_msgs__rosidl_generator_cExport.cmake
[0.386s] -- Up-to-date: /home/gerardo/Projects/Robotics/RescueRobot2025/RescueRobotTMR25/jaguar_odom/install/astra_camera_msgs/share/astra_camera_msgs/cmake/export_astra_camera_msgs__rosidl_generator_cExport-release.cmake
[0.386s] -- Up-to-date: /home/gerardo/Projects/Robotics/RescueRobot2025/RescueRobotTMR25/jaguar_odom/install/astra_camera_msgs/share/astra_camera_msgs/cmake/export_astra_camera_msgs__rosidl_typesupport_fastrtps_cExport.cmake
[0.386s] -- Up-to-date: /home/gerardo/Projects/Robotics/RescueRobot2025/RescueRobotTMR25/jaguar_odom/install/astra_camera_msgs/share/astra_camera_msgs/cmake/export_astra_camera_msgs__rosidl_typesupport_fastrtps_cExport-release.cmake
[0.386s] -- Up-to-date: /home/gerardo/Projects/Robotics/RescueRobot2025/RescueRobotTMR25/jaguar_odom/install/astra_camera_msgs/share/astra_camera_msgs/cmake/astra_camera_msgs__rosidl_typesupport_introspection_cExport.cmake
[0.386s] -- Up-to-date: /home/gerardo/Projects/Robotics/RescueRobot2025/RescueRobotTMR25/jaguar_odom/install/astra_camera_msgs/share/astra_camera_msgs/cmake/astra_camera_msgs__rosidl_typesupport_introspection_cExport-release.cmake
[0.386s] -- Up-to-date: /home/gerardo/Projects/Robotics/RescueRobot2025/RescueRobotTMR25/jaguar_odom/install/astra_camera_msgs/share/astra_camera_msgs/cmake/astra_camera_msgs__rosidl_typesupport_cExport.cmake
[0.386s] -- Up-to-date: /home/gerardo/Projects/Robotics/RescueRobot2025/RescueRobotTMR25/jaguar_odom/install/astra_camera_msgs/share/astra_camera_msgs/cmake/astra_camera_msgs__rosidl_typesupport_cExport-release.cmake
[0.386s] -- Up-to-date: /home/gerardo/Projects/Robotics/RescueRobot2025/RescueRobotTMR25/jaguar_odom/install/astra_camera_msgs/share/astra_camera_msgs/cmake/export_astra_camera_msgs__rosidl_generator_cppExport.cmake
[0.386s] -- Up-to-date: /home/gerardo/Projects/Robotics/RescueRobot2025/RescueRobotTMR25/jaguar_odom/install/astra_camera_msgs/share/astra_camera_msgs/cmake/export_astra_camera_msgs__rosidl_typesupport_fastrtps_cppExport.cmake
[0.386s] -- Up-to-date: /home/gerardo/Projects/Robotics/RescueRobot2025/RescueRobotTMR25/jaguar_odom/install/astra_camera_msgs/share/astra_camera_msgs/cmake/export_astra_camera_msgs__rosidl_typesupport_fastrtps_cppExport-release.cmake
[0.386s] -- Up-to-date: /home/gerardo/Projects/Robotics/RescueRobot2025/RescueRobotTMR25/jaguar_odom/install/astra_camera_msgs/share/astra_camera_msgs/cmake/astra_camera_msgs__rosidl_typesupport_introspection_cppExport.cmake
[0.386s] -- Up-to-date: /home/gerardo/Projects/Robotics/RescueRobot2025/RescueRobotTMR25/jaguar_odom/install/astra_camera_msgs/share/astra_camera_msgs/cmake/astra_camera_msgs__rosidl_typesupport_introspection_cppExport-release.cmake
[0.387s] -- Up-to-date: /home/gerardo/Projects/Robotics/RescueRobot2025/RescueRobotTMR25/jaguar_odom/install/astra_camera_msgs/share/astra_camera_msgs/cmake/astra_camera_msgs__rosidl_typesupport_cppExport.cmake
[0.387s] -- Up-to-date: /home/gerardo/Projects/Robotics/RescueRobot2025/RescueRobotTMR25/jaguar_odom/install/astra_camera_msgs/share/astra_camera_msgs/cmake/astra_camera_msgs__rosidl_typesupport_cppExport-release.cmake
[0.387s] -- Up-to-date: /home/gerardo/Projects/Robotics/RescueRobot2025/RescueRobotTMR25/jaguar_odom/install/astra_camera_msgs/share/astra_camera_msgs/cmake/export_astra_camera_msgs__rosidl_generator_pyExport.cmake
[0.387s] -- Up-to-date: /home/gerardo/Projects/Robotics/RescueRobot2025/RescueRobotTMR25/jaguar_odom/install/astra_camera_msgs/share/astra_camera_msgs/cmake/export_astra_camera_msgs__rosidl_generator_pyExport-release.cmake
[0.387s] -- Up-to-date: /home/gerardo/Projects/Robotics/RescueRobot2025/RescueRobotTMR25/jaguar_odom/install/astra_camera_msgs/share/astra_camera_msgs/cmake/rosidl_cmake-extras.cmake
[0.387s] -- Up-to-date: /home/gerardo/Projects/Robotics/RescueRobot2025/RescueRobotTMR25/jaguar_odom/install/astra_camera_msgs/share/astra_camera_msgs/cmake/ament_cmake_export_dependencies-extras.cmake
[0.387s] -- Up-to-date: /home/gerardo/Projects/Robotics/RescueRobot2025/RescueRobotTMR25/jaguar_odom/install/astra_camera_msgs/share/astra_camera_msgs/cmake/ament_cmake_export_include_directories-extras.cmake
[0.387s] -- Up-to-date: /home/gerardo/Projects/Robotics/RescueRobot2025/RescueRobotTMR25/jaguar_odom/install/astra_camera_msgs/share/astra_camera_msgs/cmake/ament_cmake_export_libraries-extras.cmake
[0.387s] -- Up-to-date: /home/gerardo/Projects/Robotics/RescueRobot2025/RescueRobotTMR25/jaguar_odom/install/astra_camera_msgs/share/astra_camera_msgs/cmake/ament_cmake_export_targets-extras.cmake
[0.387s] -- Up-to-date: /home/gerardo/Projects/Robotics/RescueRobot2025/RescueRobotTMR25/jaguar_odom/install/astra_camera_msgs/share/astra_camera_msgs/cmake/rosidl_cmake_export_typesupport_targets-extras.cmake
[0.387s] -- Up-to-date: /home/gerardo/Projects/Robotics/RescueRobot2025/RescueRobotTMR25/jaguar_odom/install/astra_camera_msgs/share/astra_camera_msgs/cmake/rosidl_cmake_export_typesupport_libraries-extras.cmake
[0.387s] -- Up-to-date: /home/gerardo/Projects/Robotics/RescueRobot2025/RescueRobotTMR25/jaguar_odom/install/astra_camera_msgs/share/astra_camera_msgs/cmake/astra_camera_msgsConfig.cmake
[0.387s] -- Up-to-date: /home/gerardo/Projects/Robotics/RescueRobot2025/RescueRobotTMR25/jaguar_odom/install/astra_camera_msgs/share/astra_camera_msgs/cmake/astra_camera_msgsConfig-version.cmake
[0.387s] -- Up-to-date: /home/gerardo/Projects/Robotics/RescueRobot2025/RescueRobotTMR25/jaguar_odom/install/astra_camera_msgs/share/astra_camera_msgs/package.xml
[0.389s] Invoked command in '/home/gerardo/Projects/Robotics/RescueRobot2025/RescueRobotTMR25/jaguar_odom/build/astra_camera_msgs' returned '0': CMAKE_PREFIX_PATH=${CMAKE_PREFIX_PATH}:/home/gerardo/Projects/Robotics/RescueRobot2025/RescueRobotTMR25/jaguar_odom/install/jaguar_odom:/home/gerardo/Projects/ROS/ws_moveit/install/moveit_configs_utils:/home/gerardo/Projects/ROS/ws_moveit/install/launch_param_builder:/opt/ros/humble /usr/bin/cmake --install /home/gerardo/Projects/Robotics/RescueRobot2025/RescueRobotTMR25/jaguar_odom/build/astra_camera_msgs
