running egg_info
creating ../../build/jaguar_odom/jaguar_odom.egg-info
writing ../../build/jaguar_odom/jaguar_odom.egg-info/PKG-INFO
writing dependency_links to ../../build/jaguar_odom/jaguar_odom.egg-info/dependency_links.txt
writing entry points to ../../build/jaguar_odom/jaguar_odom.egg-info/entry_points.txt
writing requirements to ../../build/jaguar_odom/jaguar_odom.egg-info/requires.txt
writing top-level names to ../../build/jaguar_odom/jaguar_odom.egg-info/top_level.txt
writing manifest file '../../build/jaguar_odom/jaguar_odom.egg-info/SOURCES.txt'
reading manifest file '../../build/jaguar_odom/jaguar_odom.egg-info/SOURCES.txt'
writing manifest file '../../build/jaguar_odom/jaguar_odom.egg-info/SOURCES.txt'
running build
running build_py
creating /home/gerardo/Projects/Robotics/RescueRobot2025/RescueRobotTMR25/jaguar_odom/build/jaguar_odom/build
creating /home/gerardo/Projects/Robotics/RescueRobot2025/RescueRobotTMR25/jaguar_odom/build/jaguar_odom/build/lib
creating /home/gerardo/Projects/Robotics/RescueRobot2025/RescueRobotTMR25/jaguar_odom/build/jaguar_odom/build/lib/jaguar_odom
copying jaguar_odom/__init__.py -> /home/gerardo/Projects/Robotics/RescueRobot2025/RescueRobotTMR25/jaguar_odom/build/jaguar_odom/build/lib/jaguar_odom
copying jaguar_odom/encoder_odom_node.py -> /home/gerardo/Projects/Robotics/RescueRobot2025/RescueRobotTMR25/jaguar_odom/build/jaguar_odom/build/lib/jaguar_odom
running install
running install_lib
creating /home/gerardo/Projects/Robotics/RescueRobot2025/RescueRobotTMR25/jaguar_odom/install/jaguar_odom/lib/python3.10/site-packages/jaguar_odom
copying /home/gerardo/Projects/Robotics/RescueRobot2025/RescueRobotTMR25/jaguar_odom/build/jaguar_odom/build/lib/jaguar_odom/__init__.py -> /home/gerardo/Projects/Robotics/RescueRobot2025/RescueRobotTMR25/jaguar_odom/install/jaguar_odom/lib/python3.10/site-packages/jaguar_odom
copying /home/gerardo/Projects/Robotics/RescueRobot2025/RescueRobotTMR25/jaguar_odom/build/jaguar_odom/build/lib/jaguar_odom/encoder_odom_node.py -> /home/gerardo/Projects/Robotics/RescueRobot2025/RescueRobotTMR25/jaguar_odom/install/jaguar_odom/lib/python3.10/site-packages/jaguar_odom
byte-compiling /home/gerardo/Projects/Robotics/RescueRobot2025/RescueRobotTMR25/jaguar_odom/install/jaguar_odom/lib/python3.10/site-packages/jaguar_odom/__init__.py to __init__.cpython-310.pyc
byte-compiling /home/gerardo/Projects/Robotics/RescueRobot2025/RescueRobotTMR25/jaguar_odom/install/jaguar_odom/lib/python3.10/site-packages/jaguar_odom/encoder_odom_node.py to encoder_odom_node.cpython-310.pyc
running install_data
creating /home/gerardo/Projects/Robotics/RescueRobot2025/RescueRobotTMR25/jaguar_odom/install/jaguar_odom/share/ament_index
creating /home/gerardo/Projects/Robotics/RescueRobot2025/RescueRobotTMR25/jaguar_odom/install/jaguar_odom/share/ament_index/resource_index
creating /home/gerardo/Projects/Robotics/RescueRobot2025/RescueRobotTMR25/jaguar_odom/install/jaguar_odom/share/ament_index/resource_index/packages
copying resource/jaguar_odom -> /home/gerardo/Projects/Robotics/RescueRobot2025/RescueRobotTMR25/jaguar_odom/install/jaguar_odom/share/ament_index/resource_index/packages
copying package.xml -> /home/gerardo/Projects/Robotics/RescueRobot2025/RescueRobotTMR25/jaguar_odom/install/jaguar_odom/share/jaguar_odom
creating /home/gerardo/Projects/Robotics/RescueRobot2025/RescueRobotTMR25/jaguar_odom/install/jaguar_odom/share/jaguar_odom/launch
copying launch/slam.launch.py -> /home/gerardo/Projects/Robotics/RescueRobot2025/RescueRobotTMR25/jaguar_odom/install/jaguar_odom/share/jaguar_odom/launch
running install_egg_info
Copying ../../build/jaguar_odom/jaguar_odom.egg-info to /home/gerardo/Projects/Robotics/RescueRobot2025/RescueRobotTMR25/jaguar_odom/install/jaguar_odom/lib/python3.10/site-packages/jaguar_odom-0.0.0-py3.10.egg-info
running install_scripts
Installing encoder_odom_node script to /home/gerardo/Projects/Robotics/RescueRobot2025/RescueRobotTMR25/jaguar_odom/install/jaguar_odom/lib/jaguar_odom
writing list of installed files to '/home/gerardo/Projects/Robotics/RescueRobot2025/RescueRobotTMR25/jaguar_odom/build/jaguar_odom/install.log'
