running egg_info
writing ../../build/jaguar_odom/jaguar_odom.egg-info/PKG-INFO
writing dependency_links to ../../build/jaguar_odom/jaguar_odom.egg-info/dependency_links.txt
writing entry points to ../../build/jaguar_odom/jaguar_odom.egg-info/entry_points.txt
writing requirements to ../../build/jaguar_odom/jaguar_odom.egg-info/requires.txt
writing top-level names to ../../build/jaguar_odom/jaguar_odom.egg-info/top_level.txt
reading manifest file '../../build/jaguar_odom/jaguar_odom.egg-info/SOURCES.txt'
writing manifest file '../../build/jaguar_odom/jaguar_odom.egg-info/SOURCES.txt'
running build
running build_py
running install
running install_lib
running install_data
copying launch/slam.launch.py -> /home/gerardo/Projects/Robotics/RescueRobot2025/jaguar_odom/install/jaguar_odom/share/jaguar_odom/launch
running install_egg_info
removing '/home/gerardo/Projects/Robotics/RescueRobot2025/jaguar_odom/install/jaguar_odom/lib/python3.10/site-packages/jaguar_odom-0.0.0-py3.10.egg-info' (and everything under it)
Copying ../../build/jaguar_odom/jaguar_odom.egg-info to /home/gerardo/Projects/Robotics/RescueRobot2025/jaguar_odom/install/jaguar_odom/lib/python3.10/site-packages/jaguar_odom-0.0.0-py3.10.egg-info
running install_scripts
Installing encoder_odom_node script to /home/gerardo/Projects/Robotics/RescueRobot2025/jaguar_odom/install/jaguar_odom/lib/jaguar_odom
writing list of installed files to '/home/gerardo/Projects/Robotics/RescueRobot2025/jaguar_odom/build/jaguar_odom/install.log'
